================================================================
== Design Size Report
================================================================

* Total Instructions per Compilation Phase
+---------------+-----------------------------+--------------+----------------------------------------------------------------------------------------+
| Phase         | Step                        | Instructions | Description                                                                            |
+---------------+-----------------------------+--------------+----------------------------------------------------------------------------------------+
| Compile/Link  |                             |    655       | After all functions are compiled and linked into a single design                       |
|               |                             |              |                                                                                        |
| Unroll/Inline |                             |              | After user unroll and inline pragmas are applied                                       |
|               | (1) unroll                  | 51,469       | user unroll pragmas are applied                                                        |
|               | (2) simplification          | 10,921       | simplification of applied user unroll pragmas                                          |
|               | (3) inline                  | 10,000       | user inline pragmas are applied                                                        |
|               | (4) simplification          |  9,872       | simplification of applied user inline pragmas                                          |
|               |                             |              |                                                                                        |
| Array/Struct  |                             |              | After user array partition and struct aggregate/disaggregate pragmas are applied       |
|               | (1) array partition         | 25,406       | user array partition pragmas are applied                                               |
|               | (2) simplification          |  9,749       | simplification of applied user array partition & struct aggregate/disaggregate pragmas |
|               | (3) aggregate/disaggregate  |  9,749       | user struct aggregate/disaggregate pragmas are applied                                 |
|               | (4) array reshape           |  9,749       | apply array reshape pragmas                                                            |
|               | (5) access patterns         | 10,600       | array access pattern optmizations                                                      |
|               |                             |              |                                                                                        |
| Performance   |                             |              | After transformations are applied to meet performance pragma targets                   |
|               | (1) loop simplification     | 10,598       | loop and instruction simplification                                                    |
|               | (2) parallelization         |  9,753       | loops are unrolled or pipelined to meet performance targets                            |
|               | (3) array partition         |  9,753       | arrays are partitioned to meet performance targets                                     |
|               | (4) simplification          |  9,753       | simplification of design after performance transformations                             |
|               |                             |              |                                                                                        |
| HW Transforms |                             |              | After hardware transfomations                                                          |
|               | (1) lowering                |  9,803       | initial conversion to HW specific instructions                                         |
|               | (2) optimizations           |  9,792       | high level synthesis optimizations                                                     |
+---------------+-----------------------------+--------------+----------------------------------------------------------------------------------------+

* Instructions per Function for each Compilation Phase
+----------+--------------+--------------+---------------+--------------+-------------+---------------+
| Function | Location     | Compile/Link | Unroll/Inline | Array/Struct | Performance | HW Transforms |
+----------+--------------+--------------+---------------+--------------+-------------+---------------+
|   conv4  | conv4.cpp:30 | 655          | 9,872         | 10,600       | 9,753       | 9,792         |
+----------+--------------+--------------+---------------+--------------+-------------+---------------+

* Design Size Message Settings
+---------------------------------------------+--------+------------------------------------------------------------------+
| Message Setting                             | Value  | Description                                                      |
+---------------------------------------------+--------+------------------------------------------------------------------+
| config_compile -design_size_maximum_warning | 100000 | Show a warning when total design instructions exceeds this value |
+---------------------------------------------+--------+------------------------------------------------------------------+


