/primary/HLS/NN/Alex_Net/NN/.autopilot/db/conv3.pp.0.cpp:47535:5: warning: Added loop label VITIS_LOOP_676_1:   [xilinx-label-all-loops]
    for (unsigned i = low; i != high+1; ++i) {
    ^~~
    VITIS_LOOP_676_1: 
/primary/HLS/NN/Alex_Net/NN/.autopilot/db/conv3.pp.0.cpp:47535:5: note: FIX-IT applied suggested code changes
/primary/HLS/NN/Alex_Net/NN/.autopilot/db/conv3.pp.0.cpp:47549:5: warning: Added loop label VITIS_LOOP_690_1:   [xilinx-label-all-loops]
    for (unsigned i = low; i != high+1; ++i) {
    ^~~
    VITIS_LOOP_690_1: 
/primary/HLS/NN/Alex_Net/NN/.autopilot/db/conv3.pp.0.cpp:47549:5: note: FIX-IT applied suggested code changes
/primary/HLS/NN/Alex_Net/NN/.autopilot/db/conv3.pp.0.cpp:47563:5: warning: Added loop label VITIS_LOOP_704_1:   [xilinx-label-all-loops]
    for (unsigned i = low; i != high+1; ++i) {
    ^~~
    VITIS_LOOP_704_1: 
/primary/HLS/NN/Alex_Net/NN/.autopilot/db/conv3.pp.0.cpp:47563:5: note: FIX-IT applied suggested code changes
/primary/HLS/NN/Alex_Net/NN/.autopilot/db/conv3.pp.0.cpp:49185:7: warning: Added loop label VITIS_LOOP_1248_1:   [xilinx-label-all-loops]
      for (i = 0; i < __N - 1; ++i) {
      ^~~
      VITIS_LOOP_1248_1: 
/primary/HLS/NN/Alex_Net/NN/.autopilot/db/conv3.pp.0.cpp:49185:7: note: FIX-IT applied suggested code changes
/primary/HLS/NN/Alex_Net/NN/.autopilot/db/conv3.pp.0.cpp:51033:3: warning: Added loop label VITIS_LOOP_91_1:   [xilinx-label-all-loops]
  for(int i=0; i<13*13; i++)
  ^~~
  VITIS_LOOP_91_1: 
/primary/HLS/NN/Alex_Net/NN/.autopilot/db/conv3.pp.0.cpp:51033:3: note: FIX-IT applied suggested code changes
/primary/HLS/NN/Alex_Net/NN/.autopilot/db/conv3.pp.0.cpp:51066:6: warning: Added loop label VITIS_LOOP_124_2:   [xilinx-label-all-loops]
     for (int ii = 0; ii < 3; ii++){
     ^~~
     VITIS_LOOP_124_2: 
/primary/HLS/NN/Alex_Net/NN/.autopilot/db/conv3.pp.0.cpp:51066:6: note: FIX-IT applied suggested code changes
/primary/HLS/NN/Alex_Net/NN/.autopilot/db/conv3.pp.0.cpp:51067:7: warning: Added loop label VITIS_LOOP_125_3:   [xilinx-label-all-loops]
      for (int jj = 0; jj < 3; jj++){
      ^~~
      VITIS_LOOP_125_3: 
/primary/HLS/NN/Alex_Net/NN/.autopilot/db/conv3.pp.0.cpp:51067:7: note: FIX-IT applied suggested code changes
/primary/HLS/NN/Alex_Net/NN/.autopilot/db/conv3.pp.0.cpp:51074:6: warning: Added loop label VITIS_LOOP_132_4:   [xilinx-label-all-loops]
     for (int i=0; i<3; i++){
     ^~~
     VITIS_LOOP_132_4: 
/primary/HLS/NN/Alex_Net/NN/.autopilot/db/conv3.pp.0.cpp:51074:6: note: FIX-IT applied suggested code changes
/primary/HLS/NN/Alex_Net/NN/.autopilot/db/conv3.pp.0.cpp:51075:7: warning: Added loop label VITIS_LOOP_133_5:   [xilinx-label-all-loops]
      for (int j=0; j<3; j++){
      ^~~
      VITIS_LOOP_133_5: 
/primary/HLS/NN/Alex_Net/NN/.autopilot/db/conv3.pp.0.cpp:51075:7: note: FIX-IT applied suggested code changes
/primary/HLS/NN/Alex_Net/NN/.autopilot/db/conv3.pp.0.cpp:51088:2: warning: Added loop label VITIS_LOOP_146_6:   [xilinx-label-all-loops]
 for (int j=0; j<13; j++){
 ^~~
 VITIS_LOOP_146_6: 
/primary/HLS/NN/Alex_Net/NN/.autopilot/db/conv3.pp.0.cpp:51088:2: note: FIX-IT applied suggested code changes
