/primary/HLS/NN/Alex_Net/NN/.autopilot/db/conv2.pp.0.cpp:47536:5: warning: Added loop label VITIS_LOOP_676_1:   [xilinx-label-all-loops]
    for (unsigned i = low; i != high+1; ++i) {
    ^~~
    VITIS_LOOP_676_1: 
/primary/HLS/NN/Alex_Net/NN/.autopilot/db/conv2.pp.0.cpp:47536:5: note: FIX-IT applied suggested code changes
/primary/HLS/NN/Alex_Net/NN/.autopilot/db/conv2.pp.0.cpp:47550:5: warning: Added loop label VITIS_LOOP_690_1:   [xilinx-label-all-loops]
    for (unsigned i = low; i != high+1; ++i) {
    ^~~
    VITIS_LOOP_690_1: 
/primary/HLS/NN/Alex_Net/NN/.autopilot/db/conv2.pp.0.cpp:47550:5: note: FIX-IT applied suggested code changes
/primary/HLS/NN/Alex_Net/NN/.autopilot/db/conv2.pp.0.cpp:47564:5: warning: Added loop label VITIS_LOOP_704_1:   [xilinx-label-all-loops]
    for (unsigned i = low; i != high+1; ++i) {
    ^~~
    VITIS_LOOP_704_1: 
/primary/HLS/NN/Alex_Net/NN/.autopilot/db/conv2.pp.0.cpp:47564:5: note: FIX-IT applied suggested code changes
/primary/HLS/NN/Alex_Net/NN/.autopilot/db/conv2.pp.0.cpp:49186:7: warning: Added loop label VITIS_LOOP_1248_1:   [xilinx-label-all-loops]
      for (i = 0; i < __N - 1; ++i) {
      ^~~
      VITIS_LOOP_1248_1: 
/primary/HLS/NN/Alex_Net/NN/.autopilot/db/conv2.pp.0.cpp:49186:7: note: FIX-IT applied suggested code changes
/primary/HLS/NN/Alex_Net/NN/.autopilot/db/conv2.pp.0.cpp:51028:3: warning: Added loop label VITIS_LOOP_85_1:   [xilinx-label-all-loops]
  for(int i=0; i<27*27; i++)
  ^~~
  VITIS_LOOP_85_1: 
/primary/HLS/NN/Alex_Net/NN/.autopilot/db/conv2.pp.0.cpp:51028:3: note: FIX-IT applied suggested code changes
/primary/HLS/NN/Alex_Net/NN/.autopilot/db/conv2.pp.0.cpp:51061:6: warning: Added loop label VITIS_LOOP_118_2:   [xilinx-label-all-loops]
     for (int ii = 0; ii < 5; ii++){
     ^~~
     VITIS_LOOP_118_2: 
/primary/HLS/NN/Alex_Net/NN/.autopilot/db/conv2.pp.0.cpp:51061:6: note: FIX-IT applied suggested code changes
/primary/HLS/NN/Alex_Net/NN/.autopilot/db/conv2.pp.0.cpp:51062:7: warning: Added loop label VITIS_LOOP_119_3:   [xilinx-label-all-loops]
      for (int jj = 0; jj < 5; jj++){
      ^~~
      VITIS_LOOP_119_3: 
/primary/HLS/NN/Alex_Net/NN/.autopilot/db/conv2.pp.0.cpp:51062:7: note: FIX-IT applied suggested code changes
/primary/HLS/NN/Alex_Net/NN/.autopilot/db/conv2.pp.0.cpp:51067:6: warning: Added loop label VITIS_LOOP_124_4:   [xilinx-label-all-loops]
     for (int i=0; i<5; i++){
     ^~~
     VITIS_LOOP_124_4: 
/primary/HLS/NN/Alex_Net/NN/.autopilot/db/conv2.pp.0.cpp:51067:6: note: FIX-IT applied suggested code changes
/primary/HLS/NN/Alex_Net/NN/.autopilot/db/conv2.pp.0.cpp:51068:7: warning: Added loop label VITIS_LOOP_125_5:   [xilinx-label-all-loops]
      for (int j=0; j<5; j++){
      ^~~
      VITIS_LOOP_125_5: 
/primary/HLS/NN/Alex_Net/NN/.autopilot/db/conv2.pp.0.cpp:51068:7: note: FIX-IT applied suggested code changes
/primary/HLS/NN/Alex_Net/NN/.autopilot/db/conv2.pp.0.cpp:51081:2: warning: Added loop label VITIS_LOOP_138_6:   [xilinx-label-all-loops]
 for (int j=0; j<27; j++){
 ^~~
 VITIS_LOOP_138_6: 
/primary/HLS/NN/Alex_Net/NN/.autopilot/db/conv2.pp.0.cpp:51081:2: note: FIX-IT applied suggested code changes
/primary/HLS/NN/Alex_Net/NN/.autopilot/db/conv2.pp.0.cpp:51116:3: warning: Added loop label VITIS_LOOP_173_7:   [xilinx-label-all-loops]
  for(int i=0; i<27*27; i++)
  ^~~
  VITIS_LOOP_173_7: 
/primary/HLS/NN/Alex_Net/NN/.autopilot/db/conv2.pp.0.cpp:51116:3: note: FIX-IT applied suggested code changes
/primary/HLS/NN/Alex_Net/NN/.autopilot/db/conv2.pp.0.cpp:51148:6: warning: Added loop label VITIS_LOOP_205_8:   [xilinx-label-all-loops]
     for (int ii = 0; ii < 5; ii++){
     ^~~
     VITIS_LOOP_205_8: 
/primary/HLS/NN/Alex_Net/NN/.autopilot/db/conv2.pp.0.cpp:51148:6: note: FIX-IT applied suggested code changes
/primary/HLS/NN/Alex_Net/NN/.autopilot/db/conv2.pp.0.cpp:51149:7: warning: Added loop label VITIS_LOOP_206_9:   [xilinx-label-all-loops]
      for (int jj = 0; jj < 5; jj++){
      ^~~
      VITIS_LOOP_206_9: 
/primary/HLS/NN/Alex_Net/NN/.autopilot/db/conv2.pp.0.cpp:51149:7: note: FIX-IT applied suggested code changes
/primary/HLS/NN/Alex_Net/NN/.autopilot/db/conv2.pp.0.cpp:51154:9: warning: Added loop label VITIS_LOOP_211_10:   [xilinx-label-all-loops]
        for (int i=0; i<5; i++){
        ^~~
        VITIS_LOOP_211_10: 
/primary/HLS/NN/Alex_Net/NN/.autopilot/db/conv2.pp.0.cpp:51154:9: note: FIX-IT applied suggested code changes
/primary/HLS/NN/Alex_Net/NN/.autopilot/db/conv2.pp.0.cpp:51155:10: warning: Added loop label VITIS_LOOP_212_11:   [xilinx-label-all-loops]
         for (int j=0; j<5; j++){
         ^~~
         VITIS_LOOP_212_11: 
/primary/HLS/NN/Alex_Net/NN/.autopilot/db/conv2.pp.0.cpp:51155:10: note: FIX-IT applied suggested code changes
/primary/HLS/NN/Alex_Net/NN/.autopilot/db/conv2.pp.0.cpp:51166:2: warning: Added loop label VITIS_LOOP_223_12:   [xilinx-label-all-loops]
 for (int j=0; j<27; j++){
 ^~~
 VITIS_LOOP_223_12: 
/primary/HLS/NN/Alex_Net/NN/.autopilot/db/conv2.pp.0.cpp:51166:2: note: FIX-IT applied suggested code changes
