/primary/HLS/NN/Alex_Net/NN/.autopilot/db/conv4.pp.0.cpp:47537:5: warning: Added loop label VITIS_LOOP_676_1:   [xilinx-label-all-loops]
    for (unsigned i = low; i != high+1; ++i) {
    ^~~
    VITIS_LOOP_676_1: 
/primary/HLS/NN/Alex_Net/NN/.autopilot/db/conv4.pp.0.cpp:47537:5: note: FIX-IT applied suggested code changes
/primary/HLS/NN/Alex_Net/NN/.autopilot/db/conv4.pp.0.cpp:47551:5: warning: Added loop label VITIS_LOOP_690_1:   [xilinx-label-all-loops]
    for (unsigned i = low; i != high+1; ++i) {
    ^~~
    VITIS_LOOP_690_1: 
/primary/HLS/NN/Alex_Net/NN/.autopilot/db/conv4.pp.0.cpp:47551:5: note: FIX-IT applied suggested code changes
/primary/HLS/NN/Alex_Net/NN/.autopilot/db/conv4.pp.0.cpp:47565:5: warning: Added loop label VITIS_LOOP_704_1:   [xilinx-label-all-loops]
    for (unsigned i = low; i != high+1; ++i) {
    ^~~
    VITIS_LOOP_704_1: 
/primary/HLS/NN/Alex_Net/NN/.autopilot/db/conv4.pp.0.cpp:47565:5: note: FIX-IT applied suggested code changes
/primary/HLS/NN/Alex_Net/NN/.autopilot/db/conv4.pp.0.cpp:49187:7: warning: Added loop label VITIS_LOOP_1248_1:   [xilinx-label-all-loops]
      for (i = 0; i < __N - 1; ++i) {
      ^~~
      VITIS_LOOP_1248_1: 
/primary/HLS/NN/Alex_Net/NN/.autopilot/db/conv4.pp.0.cpp:49187:7: note: FIX-IT applied suggested code changes
/primary/HLS/NN/Alex_Net/NN/.autopilot/db/conv4.pp.0.cpp:51031:3: warning: Added loop label VITIS_LOOP_87_1:   [xilinx-label-all-loops]
  for(int i=0; i<13*13; i++)
  ^~~
  VITIS_LOOP_87_1: 
/primary/HLS/NN/Alex_Net/NN/.autopilot/db/conv4.pp.0.cpp:51031:3: note: FIX-IT applied suggested code changes
/primary/HLS/NN/Alex_Net/NN/.autopilot/db/conv4.pp.0.cpp:51062:6: warning: Added loop label VITIS_LOOP_118_2:   [xilinx-label-all-loops]
     for (int ii = 0; ii < 3; ii++){
     ^~~
     VITIS_LOOP_118_2: 
/primary/HLS/NN/Alex_Net/NN/.autopilot/db/conv4.pp.0.cpp:51062:6: note: FIX-IT applied suggested code changes
/primary/HLS/NN/Alex_Net/NN/.autopilot/db/conv4.pp.0.cpp:51063:7: warning: Added loop label VITIS_LOOP_119_3:   [xilinx-label-all-loops]
      for (int jj = 0; jj < 3; jj++){
      ^~~
      VITIS_LOOP_119_3: 
/primary/HLS/NN/Alex_Net/NN/.autopilot/db/conv4.pp.0.cpp:51063:7: note: FIX-IT applied suggested code changes
/primary/HLS/NN/Alex_Net/NN/.autopilot/db/conv4.pp.0.cpp:51069:6: warning: Added loop label VITIS_LOOP_125_4:   [xilinx-label-all-loops]
     for (int i=0; i<3; i++){
     ^~~
     VITIS_LOOP_125_4: 
/primary/HLS/NN/Alex_Net/NN/.autopilot/db/conv4.pp.0.cpp:51069:6: note: FIX-IT applied suggested code changes
/primary/HLS/NN/Alex_Net/NN/.autopilot/db/conv4.pp.0.cpp:51070:7: warning: Added loop label VITIS_LOOP_126_5:   [xilinx-label-all-loops]
      for (int j=0; j<3; j++){
      ^~~
      VITIS_LOOP_126_5: 
/primary/HLS/NN/Alex_Net/NN/.autopilot/db/conv4.pp.0.cpp:51070:7: note: FIX-IT applied suggested code changes
/primary/HLS/NN/Alex_Net/NN/.autopilot/db/conv4.pp.0.cpp:51082:2: warning: Added loop label VITIS_LOOP_138_6:   [xilinx-label-all-loops]
 for (int j=0; j<13; j++){
 ^~~
 VITIS_LOOP_138_6: 
/primary/HLS/NN/Alex_Net/NN/.autopilot/db/conv4.pp.0.cpp:51082:2: note: FIX-IT applied suggested code changes
/primary/HLS/NN/Alex_Net/NN/.autopilot/db/conv4.pp.0.cpp:51118:3: warning: Added loop label VITIS_LOOP_174_7:   [xilinx-label-all-loops]
  for(int i=0; i<13*13; i++)
  ^~~
  VITIS_LOOP_174_7: 
/primary/HLS/NN/Alex_Net/NN/.autopilot/db/conv4.pp.0.cpp:51118:3: note: FIX-IT applied suggested code changes
/primary/HLS/NN/Alex_Net/NN/.autopilot/db/conv4.pp.0.cpp:51155:6: warning: Added loop label VITIS_LOOP_211_8:   [xilinx-label-all-loops]
     for (int ii = 0; ii < 3; ii++){
     ^~~
     VITIS_LOOP_211_8: 
/primary/HLS/NN/Alex_Net/NN/.autopilot/db/conv4.pp.0.cpp:51155:6: note: FIX-IT applied suggested code changes
/primary/HLS/NN/Alex_Net/NN/.autopilot/db/conv4.pp.0.cpp:51156:7: warning: Added loop label VITIS_LOOP_212_9:   [xilinx-label-all-loops]
      for (int jj = 0; jj < 3; jj++){
      ^~~
      VITIS_LOOP_212_9: 
/primary/HLS/NN/Alex_Net/NN/.autopilot/db/conv4.pp.0.cpp:51156:7: note: FIX-IT applied suggested code changes
/primary/HLS/NN/Alex_Net/NN/.autopilot/db/conv4.pp.0.cpp:51163:9: warning: Added loop label VITIS_LOOP_219_10:   [xilinx-label-all-loops]
        for (int i=0; i<3; i++){
        ^~~
        VITIS_LOOP_219_10: 
/primary/HLS/NN/Alex_Net/NN/.autopilot/db/conv4.pp.0.cpp:51163:9: note: FIX-IT applied suggested code changes
/primary/HLS/NN/Alex_Net/NN/.autopilot/db/conv4.pp.0.cpp:51164:10: warning: Added loop label VITIS_LOOP_220_11:   [xilinx-label-all-loops]
         for (int j=0; j<3; j++){
         ^~~
         VITIS_LOOP_220_11: 
/primary/HLS/NN/Alex_Net/NN/.autopilot/db/conv4.pp.0.cpp:51164:10: note: FIX-IT applied suggested code changes
/primary/HLS/NN/Alex_Net/NN/.autopilot/db/conv4.pp.0.cpp:51175:2: warning: Added loop label VITIS_LOOP_231_12:   [xilinx-label-all-loops]
 for (int j=0; j<13; j++){
 ^~~
 VITIS_LOOP_231_12: 
/primary/HLS/NN/Alex_Net/NN/.autopilot/db/conv4.pp.0.cpp:51175:2: note: FIX-IT applied suggested code changes
