/primary/HLS/NN/Alex_Net/NN/.autopilot/db/norm2.pp.0.cpp:47535:5: warning: Added loop label VITIS_LOOP_676_1:   [xilinx-label-all-loops]
    for (unsigned i = low; i != high+1; ++i) {
    ^~~
    VITIS_LOOP_676_1: 
/primary/HLS/NN/Alex_Net/NN/.autopilot/db/norm2.pp.0.cpp:47535:5: note: FIX-IT applied suggested code changes
/primary/HLS/NN/Alex_Net/NN/.autopilot/db/norm2.pp.0.cpp:47549:5: warning: Added loop label VITIS_LOOP_690_1:   [xilinx-label-all-loops]
    for (unsigned i = low; i != high+1; ++i) {
    ^~~
    VITIS_LOOP_690_1: 
/primary/HLS/NN/Alex_Net/NN/.autopilot/db/norm2.pp.0.cpp:47549:5: note: FIX-IT applied suggested code changes
/primary/HLS/NN/Alex_Net/NN/.autopilot/db/norm2.pp.0.cpp:47563:5: warning: Added loop label VITIS_LOOP_704_1:   [xilinx-label-all-loops]
    for (unsigned i = low; i != high+1; ++i) {
    ^~~
    VITIS_LOOP_704_1: 
/primary/HLS/NN/Alex_Net/NN/.autopilot/db/norm2.pp.0.cpp:47563:5: note: FIX-IT applied suggested code changes
/primary/HLS/NN/Alex_Net/NN/.autopilot/db/norm2.pp.0.cpp:49185:7: warning: Added loop label VITIS_LOOP_1248_1:   [xilinx-label-all-loops]
      for (i = 0; i < __N - 1; ++i) {
      ^~~
      VITIS_LOOP_1248_1: 
/primary/HLS/NN/Alex_Net/NN/.autopilot/db/norm2.pp.0.cpp:49185:7: note: FIX-IT applied suggested code changes
/primary/HLS/NN/Alex_Net/NN/.autopilot/db/norm2.pp.0.cpp:50991:3: warning: Added loop label VITIS_LOOP_50_1:   [xilinx-label-all-loops]
  for(int j=0; j<13; j++){
  ^~~
  VITIS_LOOP_50_1: 
/primary/HLS/NN/Alex_Net/NN/.autopilot/db/norm2.pp.0.cpp:50991:3: note: FIX-IT applied suggested code changes
/primary/HLS/NN/Alex_Net/NN/.autopilot/db/norm2.pp.0.cpp:50992:4: warning: Added loop label VITIS_LOOP_51_2:   [xilinx-label-all-loops]
   for(int m=0; m<13; m++){
   ^~~
   VITIS_LOOP_51_2: 
/primary/HLS/NN/Alex_Net/NN/.autopilot/db/norm2.pp.0.cpp:50992:4: note: FIX-IT applied suggested code changes
