/primary/HLS/NN/Alex_Net/NN/.autopilot/db/pad2.pp.0.cpp:47527:5: warning: Added loop label VITIS_LOOP_676_1:   [xilinx-label-all-loops]
    for (unsigned i = low; i != high+1; ++i) {
    ^~~
    VITIS_LOOP_676_1: 
/primary/HLS/NN/Alex_Net/NN/.autopilot/db/pad2.pp.0.cpp:47527:5: note: FIX-IT applied suggested code changes
/primary/HLS/NN/Alex_Net/NN/.autopilot/db/pad2.pp.0.cpp:47541:5: warning: Added loop label VITIS_LOOP_690_1:   [xilinx-label-all-loops]
    for (unsigned i = low; i != high+1; ++i) {
    ^~~
    VITIS_LOOP_690_1: 
/primary/HLS/NN/Alex_Net/NN/.autopilot/db/pad2.pp.0.cpp:47541:5: note: FIX-IT applied suggested code changes
/primary/HLS/NN/Alex_Net/NN/.autopilot/db/pad2.pp.0.cpp:47555:5: warning: Added loop label VITIS_LOOP_704_1:   [xilinx-label-all-loops]
    for (unsigned i = low; i != high+1; ++i) {
    ^~~
    VITIS_LOOP_704_1: 
/primary/HLS/NN/Alex_Net/NN/.autopilot/db/pad2.pp.0.cpp:47555:5: note: FIX-IT applied suggested code changes
/primary/HLS/NN/Alex_Net/NN/.autopilot/db/pad2.pp.0.cpp:49177:7: warning: Added loop label VITIS_LOOP_1248_1:   [xilinx-label-all-loops]
      for (i = 0; i < __N - 1; ++i) {
      ^~~
      VITIS_LOOP_1248_1: 
/primary/HLS/NN/Alex_Net/NN/.autopilot/db/pad2.pp.0.cpp:49177:7: note: FIX-IT applied suggested code changes
/primary/HLS/NN/Alex_Net/NN/.autopilot/db/pad2.pp.0.cpp:50965:5: warning: Added loop label VITIS_LOOP_23_1:   [xilinx-label-all-loops]
    for (int c = 0; c < 256; c++) {
    ^~~
    VITIS_LOOP_23_1: 
/primary/HLS/NN/Alex_Net/NN/.autopilot/db/pad2.pp.0.cpp:50965:5: note: FIX-IT applied suggested code changes
/primary/HLS/NN/Alex_Net/NN/.autopilot/db/pad2.pp.0.cpp:50966:7: warning: Added loop label VITIS_LOOP_24_2:   [xilinx-label-all-loops]
      for (int i = 0; i < 15; i++) {
      ^~~
      VITIS_LOOP_24_2: 
/primary/HLS/NN/Alex_Net/NN/.autopilot/db/pad2.pp.0.cpp:50966:7: note: FIX-IT applied suggested code changes
/primary/HLS/NN/Alex_Net/NN/.autopilot/db/pad2.pp.0.cpp:50967:9: warning: Added loop label VITIS_LOOP_25_3:   [xilinx-label-all-loops]
        for (int j = 0; j < 15; j++) {
        ^~~
        VITIS_LOOP_25_3: 
/primary/HLS/NN/Alex_Net/NN/.autopilot/db/pad2.pp.0.cpp:50967:9: note: FIX-IT applied suggested code changes
