

================================================================
== Vitis HLS Report for 'pool2_Pipeline_L4'
================================================================
* Date:           Sun Jan 26 21:39:35 2025

* Version:        2024.2 (Build 5238294 on Nov  8 2024)
* Project:        Alex_Net
* Solution:       NN (Vivado IP Flow Target)
* Product family: zynquplus
* Target device:  xczu7ev-ffvc1156-2-i


================================================================
== Performance Estimates
================================================================
+ Timing: 
    * Summary: 
    +--------+----------+----------+------------+
    |  Clock |  Target  | Estimated| Uncertainty|
    +--------+----------+----------+------------+
    |ap_clk  |  10.00 ns|  1.787 ns|     2.70 ns|
    +--------+----------+----------+------------+

+ Latency: 
    * Summary: 
    +---------+---------+----------+----------+-----+-----+------------------------------------------------+
    |  Latency (cycles) |  Latency (absolute) |  Interval |                    Pipeline                    |
    |   min   |   max   |    min   |    max   | min | max |                      Type                      |
    +---------+---------+----------+----------+-----+-----+------------------------------------------------+
    |       29|       29|  0.290 us|  0.290 us|   28|   28|  loop auto-rewind stp (delay=0 clock cycles(s))|
    +---------+---------+----------+----------+-----+-----+------------------------------------------------+

    + Detail: 
        * Instance: 
        N/A

        * Loop: 
        +----------+---------+---------+----------+-----------+-----------+------+----------+
        |          |  Latency (cycles) | Iteration|  Initiation Interval  | Trip |          |
        | Loop Name|   min   |   max   |  Latency |  achieved |   target  | Count| Pipelined|
        +----------+---------+---------+----------+-----------+-----------+------+----------+
        |- L4      |       27|       27|         1|          1|          1|    27|       yes|
        +----------+---------+---------+----------+-----------+-----------+------+----------+

============================================================
+ Verbose Summary: Synthesis Manager
============================================================
InlineROM: 1
ExposeGlobal: 0
============================================================
+ Verbose Summary: CDFG Model
============================================================
IsTopModel: 0
ResetActiveHigh: 1
IsCombinational: 0
IsDatapathOnly: 0
HasWiredReturn: 1
HasMFsm: 2
HasVarLatency: 1
IsPipeline: 0
IsRtlPipelined: 0
IsInstanceOverlapped: 0
IsDontTouch: 0
HasImplIP: 0
IsGatedGlobalClock: 0

+ Individual pipeline summary: 
  * Pipeline-0: initiation interval (II) = 1, depth = 1


============================================================
+ Verbose Summary: Schedule
============================================================
* Number of FSM states : 1
* Pipeline : 1
  Pipeline-0 : II = 1, D = 1, States = { 1 }
* Dataflow Pipeline: 0

* FSM state transitions: 
1 --> 

* FSM state operations: 

State 1 <SV = 0> <Delay = 1.78>
ST_1 : Operation 4 [1/1] (0.00ns)   --->   "%j = alloca i32 1" [../AlexNet-FPGA-implementation/Pool2/src/pool2.cpp:57]   --->   Operation 4 'alloca' 'j' <Predicate = true> <Delay = 0.00>
ST_1 : Operation 5 [1/1] (0.00ns)   --->   "%mux_case_114 = alloca i32 1"   --->   Operation 5 'alloca' 'mux_case_114' <Predicate = true> <Delay = 0.00>
ST_1 : Operation 6 [1/1] (0.00ns)   --->   "%mux_case_321 = alloca i32 1"   --->   Operation 6 'alloca' 'mux_case_321' <Predicate = true> <Delay = 0.00>
ST_1 : Operation 7 [1/1] (0.00ns)   --->   "%mux_case_528 = alloca i32 1"   --->   Operation 7 'alloca' 'mux_case_528' <Predicate = true> <Delay = 0.00>
ST_1 : Operation 8 [1/1] (0.00ns)   --->   "%mux_case_735 = alloca i32 1"   --->   Operation 8 'alloca' 'mux_case_735' <Predicate = true> <Delay = 0.00>
ST_1 : Operation 9 [1/1] (0.00ns)   --->   "%mux_case_942 = alloca i32 1"   --->   Operation 9 'alloca' 'mux_case_942' <Predicate = true> <Delay = 0.00>
ST_1 : Operation 10 [1/1] (0.00ns)   --->   "%mux_case_1149 = alloca i32 1"   --->   Operation 10 'alloca' 'mux_case_1149' <Predicate = true> <Delay = 0.00>
ST_1 : Operation 11 [1/1] (0.00ns)   --->   "%mux_case_1356 = alloca i32 1"   --->   Operation 11 'alloca' 'mux_case_1356' <Predicate = true> <Delay = 0.00>
ST_1 : Operation 12 [1/1] (0.00ns)   --->   "%mux_case_1563 = alloca i32 1"   --->   Operation 12 'alloca' 'mux_case_1563' <Predicate = true> <Delay = 0.00>
ST_1 : Operation 13 [1/1] (0.00ns)   --->   "%mux_case_1770 = alloca i32 1"   --->   Operation 13 'alloca' 'mux_case_1770' <Predicate = true> <Delay = 0.00>
ST_1 : Operation 14 [1/1] (0.00ns)   --->   "%mux_case_1977 = alloca i32 1"   --->   Operation 14 'alloca' 'mux_case_1977' <Predicate = true> <Delay = 0.00>
ST_1 : Operation 15 [1/1] (0.00ns)   --->   "%mux_case_2184 = alloca i32 1"   --->   Operation 15 'alloca' 'mux_case_2184' <Predicate = true> <Delay = 0.00>
ST_1 : Operation 16 [1/1] (0.00ns)   --->   "%mux_case_2391 = alloca i32 1"   --->   Operation 16 'alloca' 'mux_case_2391' <Predicate = true> <Delay = 0.00>
ST_1 : Operation 17 [1/1] (0.00ns)   --->   "%mux_case_2598 = alloca i32 1"   --->   Operation 17 'alloca' 'mux_case_2598' <Predicate = true> <Delay = 0.00>
ST_1 : Operation 18 [1/1] (0.00ns)   --->   "%mux_case_2105 = alloca i32 1"   --->   Operation 18 'alloca' 'mux_case_2105' <Predicate = true> <Delay = 0.00>
ST_1 : Operation 19 [1/1] (0.00ns)   --->   "%mux_case_4112 = alloca i32 1"   --->   Operation 19 'alloca' 'mux_case_4112' <Predicate = true> <Delay = 0.00>
ST_1 : Operation 20 [1/1] (0.00ns)   --->   "%mux_case_6119 = alloca i32 1"   --->   Operation 20 'alloca' 'mux_case_6119' <Predicate = true> <Delay = 0.00>
ST_1 : Operation 21 [1/1] (0.00ns)   --->   "%mux_case_8126 = alloca i32 1"   --->   Operation 21 'alloca' 'mux_case_8126' <Predicate = true> <Delay = 0.00>
ST_1 : Operation 22 [1/1] (0.00ns)   --->   "%mux_case_10133 = alloca i32 1"   --->   Operation 22 'alloca' 'mux_case_10133' <Predicate = true> <Delay = 0.00>
ST_1 : Operation 23 [1/1] (0.00ns)   --->   "%mux_case_12140 = alloca i32 1"   --->   Operation 23 'alloca' 'mux_case_12140' <Predicate = true> <Delay = 0.00>
ST_1 : Operation 24 [1/1] (0.00ns)   --->   "%mux_case_14147 = alloca i32 1"   --->   Operation 24 'alloca' 'mux_case_14147' <Predicate = true> <Delay = 0.00>
ST_1 : Operation 25 [1/1] (0.00ns)   --->   "%mux_case_16154 = alloca i32 1"   --->   Operation 25 'alloca' 'mux_case_16154' <Predicate = true> <Delay = 0.00>
ST_1 : Operation 26 [1/1] (0.00ns)   --->   "%mux_case_18161 = alloca i32 1"   --->   Operation 26 'alloca' 'mux_case_18161' <Predicate = true> <Delay = 0.00>
ST_1 : Operation 27 [1/1] (0.00ns)   --->   "%mux_case_20168 = alloca i32 1"   --->   Operation 27 'alloca' 'mux_case_20168' <Predicate = true> <Delay = 0.00>
ST_1 : Operation 28 [1/1] (0.00ns)   --->   "%mux_case_22175 = alloca i32 1"   --->   Operation 28 'alloca' 'mux_case_22175' <Predicate = true> <Delay = 0.00>
ST_1 : Operation 29 [1/1] (0.00ns)   --->   "%mux_case_24182 = alloca i32 1"   --->   Operation 29 'alloca' 'mux_case_24182' <Predicate = true> <Delay = 0.00>
ST_1 : Operation 30 [1/1] (0.00ns)   --->   "%mux_case_26189 = alloca i32 1"   --->   Operation 30 'alloca' 'mux_case_26189' <Predicate = true> <Delay = 0.00>
ST_1 : Operation 31 [1/1] (0.00ns)   --->   "%empty_95 = alloca i32 1"   --->   Operation 31 'alloca' 'empty_95' <Predicate = true> <Delay = 0.00>
ST_1 : Operation 32 [1/1] (0.00ns)   --->   "%inp_img_26_load_read = read i32 @_ssdm_op_Read.ap_auto.float, i32 %inp_img_26_load"   --->   Operation 32 'read' 'inp_img_26_load_read' <Predicate = true> <Delay = 0.00>
ST_1 : Operation 33 [1/1] (0.00ns)   --->   "%inp_img_25_load_read = read i32 @_ssdm_op_Read.ap_auto.float, i32 %inp_img_25_load"   --->   Operation 33 'read' 'inp_img_25_load_read' <Predicate = true> <Delay = 0.00>
ST_1 : Operation 34 [1/1] (0.00ns)   --->   "%inp_img_24_load_read = read i32 @_ssdm_op_Read.ap_auto.float, i32 %inp_img_24_load"   --->   Operation 34 'read' 'inp_img_24_load_read' <Predicate = true> <Delay = 0.00>
ST_1 : Operation 35 [1/1] (0.00ns)   --->   "%inp_img_23_load_read = read i32 @_ssdm_op_Read.ap_auto.float, i32 %inp_img_23_load"   --->   Operation 35 'read' 'inp_img_23_load_read' <Predicate = true> <Delay = 0.00>
ST_1 : Operation 36 [1/1] (0.00ns)   --->   "%inp_img_22_load_read = read i32 @_ssdm_op_Read.ap_auto.float, i32 %inp_img_22_load"   --->   Operation 36 'read' 'inp_img_22_load_read' <Predicate = true> <Delay = 0.00>
ST_1 : Operation 37 [1/1] (0.00ns)   --->   "%inp_img_21_load_read = read i32 @_ssdm_op_Read.ap_auto.float, i32 %inp_img_21_load"   --->   Operation 37 'read' 'inp_img_21_load_read' <Predicate = true> <Delay = 0.00>
ST_1 : Operation 38 [1/1] (0.00ns)   --->   "%inp_img_20_load_read = read i32 @_ssdm_op_Read.ap_auto.float, i32 %inp_img_20_load"   --->   Operation 38 'read' 'inp_img_20_load_read' <Predicate = true> <Delay = 0.00>
ST_1 : Operation 39 [1/1] (0.00ns)   --->   "%inp_img_19_load_read = read i32 @_ssdm_op_Read.ap_auto.float, i32 %inp_img_19_load"   --->   Operation 39 'read' 'inp_img_19_load_read' <Predicate = true> <Delay = 0.00>
ST_1 : Operation 40 [1/1] (0.00ns)   --->   "%inp_img_18_load_read = read i32 @_ssdm_op_Read.ap_auto.float, i32 %inp_img_18_load"   --->   Operation 40 'read' 'inp_img_18_load_read' <Predicate = true> <Delay = 0.00>
ST_1 : Operation 41 [1/1] (0.00ns)   --->   "%inp_img_17_load_read = read i32 @_ssdm_op_Read.ap_auto.float, i32 %inp_img_17_load"   --->   Operation 41 'read' 'inp_img_17_load_read' <Predicate = true> <Delay = 0.00>
ST_1 : Operation 42 [1/1] (0.00ns)   --->   "%inp_img_16_load_read = read i32 @_ssdm_op_Read.ap_auto.float, i32 %inp_img_16_load"   --->   Operation 42 'read' 'inp_img_16_load_read' <Predicate = true> <Delay = 0.00>
ST_1 : Operation 43 [1/1] (0.00ns)   --->   "%inp_img_15_load_read = read i32 @_ssdm_op_Read.ap_auto.float, i32 %inp_img_15_load"   --->   Operation 43 'read' 'inp_img_15_load_read' <Predicate = true> <Delay = 0.00>
ST_1 : Operation 44 [1/1] (0.00ns)   --->   "%inp_img_14_load_read = read i32 @_ssdm_op_Read.ap_auto.float, i32 %inp_img_14_load"   --->   Operation 44 'read' 'inp_img_14_load_read' <Predicate = true> <Delay = 0.00>
ST_1 : Operation 45 [1/1] (0.00ns)   --->   "%inp_img_13_load_read = read i32 @_ssdm_op_Read.ap_auto.float, i32 %inp_img_13_load"   --->   Operation 45 'read' 'inp_img_13_load_read' <Predicate = true> <Delay = 0.00>
ST_1 : Operation 46 [1/1] (0.00ns)   --->   "%inp_img_12_load_read = read i32 @_ssdm_op_Read.ap_auto.float, i32 %inp_img_12_load"   --->   Operation 46 'read' 'inp_img_12_load_read' <Predicate = true> <Delay = 0.00>
ST_1 : Operation 47 [1/1] (0.00ns)   --->   "%inp_img_11_load_read = read i32 @_ssdm_op_Read.ap_auto.float, i32 %inp_img_11_load"   --->   Operation 47 'read' 'inp_img_11_load_read' <Predicate = true> <Delay = 0.00>
ST_1 : Operation 48 [1/1] (0.00ns)   --->   "%inp_img_10_load_read = read i32 @_ssdm_op_Read.ap_auto.float, i32 %inp_img_10_load"   --->   Operation 48 'read' 'inp_img_10_load_read' <Predicate = true> <Delay = 0.00>
ST_1 : Operation 49 [1/1] (0.00ns)   --->   "%inp_img_9_load_read = read i32 @_ssdm_op_Read.ap_auto.float, i32 %inp_img_9_load"   --->   Operation 49 'read' 'inp_img_9_load_read' <Predicate = true> <Delay = 0.00>
ST_1 : Operation 50 [1/1] (0.00ns)   --->   "%inp_img_8_load_read = read i32 @_ssdm_op_Read.ap_auto.float, i32 %inp_img_8_load"   --->   Operation 50 'read' 'inp_img_8_load_read' <Predicate = true> <Delay = 0.00>
ST_1 : Operation 51 [1/1] (0.00ns)   --->   "%inp_img_7_load_read = read i32 @_ssdm_op_Read.ap_auto.float, i32 %inp_img_7_load"   --->   Operation 51 'read' 'inp_img_7_load_read' <Predicate = true> <Delay = 0.00>
ST_1 : Operation 52 [1/1] (0.00ns)   --->   "%inp_img_6_load_read = read i32 @_ssdm_op_Read.ap_auto.float, i32 %inp_img_6_load"   --->   Operation 52 'read' 'inp_img_6_load_read' <Predicate = true> <Delay = 0.00>
ST_1 : Operation 53 [1/1] (0.00ns)   --->   "%inp_img_5_load_read = read i32 @_ssdm_op_Read.ap_auto.float, i32 %inp_img_5_load"   --->   Operation 53 'read' 'inp_img_5_load_read' <Predicate = true> <Delay = 0.00>
ST_1 : Operation 54 [1/1] (0.00ns)   --->   "%inp_img_4_load_read = read i32 @_ssdm_op_Read.ap_auto.float, i32 %inp_img_4_load"   --->   Operation 54 'read' 'inp_img_4_load_read' <Predicate = true> <Delay = 0.00>
ST_1 : Operation 55 [1/1] (0.00ns)   --->   "%inp_img_3_load_read = read i32 @_ssdm_op_Read.ap_auto.float, i32 %inp_img_3_load"   --->   Operation 55 'read' 'inp_img_3_load_read' <Predicate = true> <Delay = 0.00>
ST_1 : Operation 56 [1/1] (0.00ns)   --->   "%inp_img_2_load_read = read i32 @_ssdm_op_Read.ap_auto.float, i32 %inp_img_2_load"   --->   Operation 56 'read' 'inp_img_2_load_read' <Predicate = true> <Delay = 0.00>
ST_1 : Operation 57 [1/1] (0.00ns)   --->   "%inp_img_1_load_read = read i32 @_ssdm_op_Read.ap_auto.float, i32 %inp_img_1_load"   --->   Operation 57 'read' 'inp_img_1_load_read' <Predicate = true> <Delay = 0.00>
ST_1 : Operation 58 [1/1] (0.00ns)   --->   "%inp_img_0_load_read = read i32 @_ssdm_op_Read.ap_auto.float, i32 %inp_img_0_load"   --->   Operation 58 'read' 'inp_img_0_load_read' <Predicate = true> <Delay = 0.00>
ST_1 : Operation 59 [1/1] (0.00ns)   --->   "%mux_case_115_read = read i32 @_ssdm_op_Read.ap_auto.float, i32 %mux_case_115"   --->   Operation 59 'read' 'mux_case_115_read' <Predicate = true> <Delay = 0.00>
ST_1 : Operation 60 [1/1] (0.00ns)   --->   "%mux_case_322_read = read i32 @_ssdm_op_Read.ap_auto.float, i32 %mux_case_322"   --->   Operation 60 'read' 'mux_case_322_read' <Predicate = true> <Delay = 0.00>
ST_1 : Operation 61 [1/1] (0.00ns)   --->   "%mux_case_529_read = read i32 @_ssdm_op_Read.ap_auto.float, i32 %mux_case_529"   --->   Operation 61 'read' 'mux_case_529_read' <Predicate = true> <Delay = 0.00>
ST_1 : Operation 62 [1/1] (0.00ns)   --->   "%mux_case_736_read = read i32 @_ssdm_op_Read.ap_auto.float, i32 %mux_case_736"   --->   Operation 62 'read' 'mux_case_736_read' <Predicate = true> <Delay = 0.00>
ST_1 : Operation 63 [1/1] (0.00ns)   --->   "%mux_case_943_read = read i32 @_ssdm_op_Read.ap_auto.float, i32 %mux_case_943"   --->   Operation 63 'read' 'mux_case_943_read' <Predicate = true> <Delay = 0.00>
ST_1 : Operation 64 [1/1] (0.00ns)   --->   "%mux_case_1150_read = read i32 @_ssdm_op_Read.ap_auto.float, i32 %mux_case_1150"   --->   Operation 64 'read' 'mux_case_1150_read' <Predicate = true> <Delay = 0.00>
ST_1 : Operation 65 [1/1] (0.00ns)   --->   "%mux_case_1357_read = read i32 @_ssdm_op_Read.ap_auto.float, i32 %mux_case_1357"   --->   Operation 65 'read' 'mux_case_1357_read' <Predicate = true> <Delay = 0.00>
ST_1 : Operation 66 [1/1] (0.00ns)   --->   "%mux_case_1564_read = read i32 @_ssdm_op_Read.ap_auto.float, i32 %mux_case_1564"   --->   Operation 66 'read' 'mux_case_1564_read' <Predicate = true> <Delay = 0.00>
ST_1 : Operation 67 [1/1] (0.00ns)   --->   "%mux_case_1771_read = read i32 @_ssdm_op_Read.ap_auto.float, i32 %mux_case_1771"   --->   Operation 67 'read' 'mux_case_1771_read' <Predicate = true> <Delay = 0.00>
ST_1 : Operation 68 [1/1] (0.00ns)   --->   "%mux_case_1978_read = read i32 @_ssdm_op_Read.ap_auto.float, i32 %mux_case_1978"   --->   Operation 68 'read' 'mux_case_1978_read' <Predicate = true> <Delay = 0.00>
ST_1 : Operation 69 [1/1] (0.00ns)   --->   "%mux_case_2185_read = read i32 @_ssdm_op_Read.ap_auto.float, i32 %mux_case_2185"   --->   Operation 69 'read' 'mux_case_2185_read' <Predicate = true> <Delay = 0.00>
ST_1 : Operation 70 [1/1] (0.00ns)   --->   "%mux_case_2392_read = read i32 @_ssdm_op_Read.ap_auto.float, i32 %mux_case_2392"   --->   Operation 70 'read' 'mux_case_2392_read' <Predicate = true> <Delay = 0.00>
ST_1 : Operation 71 [1/1] (0.00ns)   --->   "%mux_case_2599_read = read i32 @_ssdm_op_Read.ap_auto.float, i32 %mux_case_2599"   --->   Operation 71 'read' 'mux_case_2599_read' <Predicate = true> <Delay = 0.00>
ST_1 : Operation 72 [1/1] (0.00ns)   --->   "%mux_case_2106_read = read i32 @_ssdm_op_Read.ap_auto.float, i32 %mux_case_2106"   --->   Operation 72 'read' 'mux_case_2106_read' <Predicate = true> <Delay = 0.00>
ST_1 : Operation 73 [1/1] (0.00ns)   --->   "%mux_case_4113_read = read i32 @_ssdm_op_Read.ap_auto.float, i32 %mux_case_4113"   --->   Operation 73 'read' 'mux_case_4113_read' <Predicate = true> <Delay = 0.00>
ST_1 : Operation 74 [1/1] (0.00ns)   --->   "%mux_case_6120_read = read i32 @_ssdm_op_Read.ap_auto.float, i32 %mux_case_6120"   --->   Operation 74 'read' 'mux_case_6120_read' <Predicate = true> <Delay = 0.00>
ST_1 : Operation 75 [1/1] (0.00ns)   --->   "%mux_case_8127_read = read i32 @_ssdm_op_Read.ap_auto.float, i32 %mux_case_8127"   --->   Operation 75 'read' 'mux_case_8127_read' <Predicate = true> <Delay = 0.00>
ST_1 : Operation 76 [1/1] (0.00ns)   --->   "%mux_case_10134_read = read i32 @_ssdm_op_Read.ap_auto.float, i32 %mux_case_10134"   --->   Operation 76 'read' 'mux_case_10134_read' <Predicate = true> <Delay = 0.00>
ST_1 : Operation 77 [1/1] (0.00ns)   --->   "%mux_case_12141_read = read i32 @_ssdm_op_Read.ap_auto.float, i32 %mux_case_12141"   --->   Operation 77 'read' 'mux_case_12141_read' <Predicate = true> <Delay = 0.00>
ST_1 : Operation 78 [1/1] (0.00ns)   --->   "%mux_case_14148_read = read i32 @_ssdm_op_Read.ap_auto.float, i32 %mux_case_14148"   --->   Operation 78 'read' 'mux_case_14148_read' <Predicate = true> <Delay = 0.00>
ST_1 : Operation 79 [1/1] (0.00ns)   --->   "%mux_case_16155_read = read i32 @_ssdm_op_Read.ap_auto.float, i32 %mux_case_16155"   --->   Operation 79 'read' 'mux_case_16155_read' <Predicate = true> <Delay = 0.00>
ST_1 : Operation 80 [1/1] (0.00ns)   --->   "%mux_case_18162_read = read i32 @_ssdm_op_Read.ap_auto.float, i32 %mux_case_18162"   --->   Operation 80 'read' 'mux_case_18162_read' <Predicate = true> <Delay = 0.00>
ST_1 : Operation 81 [1/1] (0.00ns)   --->   "%mux_case_20169_read = read i32 @_ssdm_op_Read.ap_auto.float, i32 %mux_case_20169"   --->   Operation 81 'read' 'mux_case_20169_read' <Predicate = true> <Delay = 0.00>
ST_1 : Operation 82 [1/1] (0.00ns)   --->   "%mux_case_22176_read = read i32 @_ssdm_op_Read.ap_auto.float, i32 %mux_case_22176"   --->   Operation 82 'read' 'mux_case_22176_read' <Predicate = true> <Delay = 0.00>
ST_1 : Operation 83 [1/1] (0.00ns)   --->   "%mux_case_24183_read = read i32 @_ssdm_op_Read.ap_auto.float, i32 %mux_case_24183"   --->   Operation 83 'read' 'mux_case_24183_read' <Predicate = true> <Delay = 0.00>
ST_1 : Operation 84 [1/1] (0.00ns)   --->   "%mux_case_26190_read = read i32 @_ssdm_op_Read.ap_auto.float, i32 %mux_case_26190"   --->   Operation 84 'read' 'mux_case_26190_read' <Predicate = true> <Delay = 0.00>
ST_1 : Operation 85 [1/1] (0.00ns)   --->   "%tmp = read i32 @_ssdm_op_Read.ap_auto.float, i32 %empty"   --->   Operation 85 'read' 'tmp' <Predicate = true> <Delay = 0.00>
ST_1 : Operation 86 [1/1] (0.42ns)   --->   "%store_ln0 = store i32 %tmp, i32 %empty_95"   --->   Operation 86 'store' 'store_ln0' <Predicate = true> <Delay = 0.42>
ST_1 : Operation 87 [1/1] (0.42ns)   --->   "%store_ln0 = store i32 %mux_case_26190_read, i32 %mux_case_26189"   --->   Operation 87 'store' 'store_ln0' <Predicate = true> <Delay = 0.42>
ST_1 : Operation 88 [1/1] (0.42ns)   --->   "%store_ln0 = store i32 %mux_case_24183_read, i32 %mux_case_24182"   --->   Operation 88 'store' 'store_ln0' <Predicate = true> <Delay = 0.42>
ST_1 : Operation 89 [1/1] (0.42ns)   --->   "%store_ln0 = store i32 %mux_case_22176_read, i32 %mux_case_22175"   --->   Operation 89 'store' 'store_ln0' <Predicate = true> <Delay = 0.42>
ST_1 : Operation 90 [1/1] (0.42ns)   --->   "%store_ln0 = store i32 %mux_case_20169_read, i32 %mux_case_20168"   --->   Operation 90 'store' 'store_ln0' <Predicate = true> <Delay = 0.42>
ST_1 : Operation 91 [1/1] (0.42ns)   --->   "%store_ln0 = store i32 %mux_case_18162_read, i32 %mux_case_18161"   --->   Operation 91 'store' 'store_ln0' <Predicate = true> <Delay = 0.42>
ST_1 : Operation 92 [1/1] (0.42ns)   --->   "%store_ln0 = store i32 %mux_case_16155_read, i32 %mux_case_16154"   --->   Operation 92 'store' 'store_ln0' <Predicate = true> <Delay = 0.42>
ST_1 : Operation 93 [1/1] (0.42ns)   --->   "%store_ln0 = store i32 %mux_case_14148_read, i32 %mux_case_14147"   --->   Operation 93 'store' 'store_ln0' <Predicate = true> <Delay = 0.42>
ST_1 : Operation 94 [1/1] (0.42ns)   --->   "%store_ln0 = store i32 %mux_case_12141_read, i32 %mux_case_12140"   --->   Operation 94 'store' 'store_ln0' <Predicate = true> <Delay = 0.42>
ST_1 : Operation 95 [1/1] (0.42ns)   --->   "%store_ln0 = store i32 %mux_case_10134_read, i32 %mux_case_10133"   --->   Operation 95 'store' 'store_ln0' <Predicate = true> <Delay = 0.42>
ST_1 : Operation 96 [1/1] (0.42ns)   --->   "%store_ln0 = store i32 %mux_case_8127_read, i32 %mux_case_8126"   --->   Operation 96 'store' 'store_ln0' <Predicate = true> <Delay = 0.42>
ST_1 : Operation 97 [1/1] (0.42ns)   --->   "%store_ln0 = store i32 %mux_case_6120_read, i32 %mux_case_6119"   --->   Operation 97 'store' 'store_ln0' <Predicate = true> <Delay = 0.42>
ST_1 : Operation 98 [1/1] (0.42ns)   --->   "%store_ln0 = store i32 %mux_case_4113_read, i32 %mux_case_4112"   --->   Operation 98 'store' 'store_ln0' <Predicate = true> <Delay = 0.42>
ST_1 : Operation 99 [1/1] (0.42ns)   --->   "%store_ln0 = store i32 %mux_case_2106_read, i32 %mux_case_2105"   --->   Operation 99 'store' 'store_ln0' <Predicate = true> <Delay = 0.42>
ST_1 : Operation 100 [1/1] (0.42ns)   --->   "%store_ln0 = store i32 %mux_case_2599_read, i32 %mux_case_2598"   --->   Operation 100 'store' 'store_ln0' <Predicate = true> <Delay = 0.42>
ST_1 : Operation 101 [1/1] (0.42ns)   --->   "%store_ln0 = store i32 %mux_case_2392_read, i32 %mux_case_2391"   --->   Operation 101 'store' 'store_ln0' <Predicate = true> <Delay = 0.42>
ST_1 : Operation 102 [1/1] (0.42ns)   --->   "%store_ln0 = store i32 %mux_case_2185_read, i32 %mux_case_2184"   --->   Operation 102 'store' 'store_ln0' <Predicate = true> <Delay = 0.42>
ST_1 : Operation 103 [1/1] (0.42ns)   --->   "%store_ln0 = store i32 %mux_case_1978_read, i32 %mux_case_1977"   --->   Operation 103 'store' 'store_ln0' <Predicate = true> <Delay = 0.42>
ST_1 : Operation 104 [1/1] (0.42ns)   --->   "%store_ln0 = store i32 %mux_case_1771_read, i32 %mux_case_1770"   --->   Operation 104 'store' 'store_ln0' <Predicate = true> <Delay = 0.42>
ST_1 : Operation 105 [1/1] (0.42ns)   --->   "%store_ln0 = store i32 %mux_case_1564_read, i32 %mux_case_1563"   --->   Operation 105 'store' 'store_ln0' <Predicate = true> <Delay = 0.42>
ST_1 : Operation 106 [1/1] (0.42ns)   --->   "%store_ln0 = store i32 %mux_case_1357_read, i32 %mux_case_1356"   --->   Operation 106 'store' 'store_ln0' <Predicate = true> <Delay = 0.42>
ST_1 : Operation 107 [1/1] (0.42ns)   --->   "%store_ln0 = store i32 %mux_case_1150_read, i32 %mux_case_1149"   --->   Operation 107 'store' 'store_ln0' <Predicate = true> <Delay = 0.42>
ST_1 : Operation 108 [1/1] (0.42ns)   --->   "%store_ln0 = store i32 %mux_case_943_read, i32 %mux_case_942"   --->   Operation 108 'store' 'store_ln0' <Predicate = true> <Delay = 0.42>
ST_1 : Operation 109 [1/1] (0.42ns)   --->   "%store_ln0 = store i32 %mux_case_736_read, i32 %mux_case_735"   --->   Operation 109 'store' 'store_ln0' <Predicate = true> <Delay = 0.42>
ST_1 : Operation 110 [1/1] (0.42ns)   --->   "%store_ln0 = store i32 %mux_case_529_read, i32 %mux_case_528"   --->   Operation 110 'store' 'store_ln0' <Predicate = true> <Delay = 0.42>
ST_1 : Operation 111 [1/1] (0.42ns)   --->   "%store_ln0 = store i32 %mux_case_322_read, i32 %mux_case_321"   --->   Operation 111 'store' 'store_ln0' <Predicate = true> <Delay = 0.42>
ST_1 : Operation 112 [1/1] (0.42ns)   --->   "%store_ln0 = store i32 %mux_case_115_read, i32 %mux_case_114"   --->   Operation 112 'store' 'store_ln0' <Predicate = true> <Delay = 0.42>
ST_1 : Operation 113 [1/1] (0.42ns)   --->   "%store_ln57 = store i5 0, i5 %j" [../AlexNet-FPGA-implementation/Pool2/src/pool2.cpp:57]   --->   Operation 113 'store' 'store_ln57' <Predicate = true> <Delay = 0.42>
ST_1 : Operation 114 [1/1] (0.00ns)   --->   "%br_ln0 = br void %for.inc"   --->   Operation 114 'br' 'br_ln0' <Predicate = true> <Delay = 0.00>
ST_1 : Operation 115 [1/1] (0.00ns)   --->   "%j_2 = load i5 %j" [../AlexNet-FPGA-implementation/Pool2/src/pool2.cpp:57]   --->   Operation 115 'load' 'j_2' <Predicate = true> <Delay = 0.00>
ST_1 : Operation 116 [1/1] (0.78ns)   --->   "%icmp_ln57 = icmp_eq  i5 %j_2, i5 27" [../AlexNet-FPGA-implementation/Pool2/src/pool2.cpp:57]   --->   Operation 116 'icmp' 'icmp_ln57' <Predicate = true> <Delay = 0.78> <CoreInst = "Cmp">   --->   Core 9 'Cmp' <Latency = 0> <II = 1> <Delay = 0.78> <FuncUnit> <Opcode : 'seteq' 'setne' 'setle' 'setge' 'setlt' 'setgt'> <InPorts = 2> <OutPorts = 1>
ST_1 : Operation 117 [1/1] (0.78ns)   --->   "%add_ln57 = add i5 %j_2, i5 1" [../AlexNet-FPGA-implementation/Pool2/src/pool2.cpp:57]   --->   Operation 117 'add' 'add_ln57' <Predicate = true> <Delay = 0.78> <CoreInst = "Adder">   --->   Core 1 'Adder' <Latency = 0> <II = 1> <Delay = 0.78> <FuncUnit> <Opcode : 'add' 'sub'> <InPorts = 2> <OutPorts = 1>
ST_1 : Operation 118 [1/1] (0.00ns)   --->   "%br_ln57 = br i1 %icmp_ln57, void %for.inc.split, void %L5.exitStub" [../AlexNet-FPGA-implementation/Pool2/src/pool2.cpp:57]   --->   Operation 118 'br' 'br_ln57' <Predicate = true> <Delay = 0.00>
ST_1 : Operation 119 [1/1] (0.00ns)   --->   "%specpipeline_ln59 = specpipeline void @_ssdm_op_SpecPipeline, i32 4294967295, i32 0, i32 0, i32 0, void @empty_2" [../AlexNet-FPGA-implementation/Pool2/src/pool2.cpp:59]   --->   Operation 119 'specpipeline' 'specpipeline_ln59' <Predicate = (!icmp_ln57)> <Delay = 0.00>
ST_1 : Operation 120 [1/1] (0.00ns)   --->   "%speclooptripcount_ln57 = speclooptripcount void @_ssdm_op_SpecLoopTripCount, i64 27, i64 27, i64 27" [../AlexNet-FPGA-implementation/Pool2/src/pool2.cpp:57]   --->   Operation 120 'speclooptripcount' 'speclooptripcount_ln57' <Predicate = (!icmp_ln57)> <Delay = 0.00>
ST_1 : Operation 121 [1/1] (0.00ns)   --->   "%specloopname_ln57 = specloopname void @_ssdm_op_SpecLoopName, void @empty_8" [../AlexNet-FPGA-implementation/Pool2/src/pool2.cpp:57]   --->   Operation 121 'specloopname' 'specloopname_ln57' <Predicate = (!icmp_ln57)> <Delay = 0.00>
ST_1 : Operation 122 [1/1] (0.93ns)   --->   "%line_buffer_2D = sparsemux i32 @_ssdm_op_SparseMux.ap_auto.27float.float.i5, i5 0, i32 %inp_img_0_load_read, i5 1, i32 %inp_img_1_load_read, i5 2, i32 %inp_img_2_load_read, i5 3, i32 %inp_img_3_load_read, i5 4, i32 %inp_img_4_load_read, i5 5, i32 %inp_img_5_load_read, i5 6, i32 %inp_img_6_load_read, i5 7, i32 %inp_img_7_load_read, i5 8, i32 %inp_img_8_load_read, i5 9, i32 %inp_img_9_load_read, i5 10, i32 %inp_img_10_load_read, i5 11, i32 %inp_img_11_load_read, i5 12, i32 %inp_img_12_load_read, i5 13, i32 %inp_img_13_load_read, i5 14, i32 %inp_img_14_load_read, i5 15, i32 %inp_img_15_load_read, i5 16, i32 %inp_img_16_load_read, i5 17, i32 %inp_img_17_load_read, i5 18, i32 %inp_img_18_load_read, i5 19, i32 %inp_img_19_load_read, i5 20, i32 %inp_img_20_load_read, i5 21, i32 %inp_img_21_load_read, i5 22, i32 %inp_img_22_load_read, i5 23, i32 %inp_img_23_load_read, i5 24, i32 %inp_img_24_load_read, i5 25, i32 %inp_img_25_load_read, i5 26, i32 %inp_img_26_load_read, i32 <undef>, i5 %j_2" [../AlexNet-FPGA-implementation/Pool2/src/pool2.cpp:63]   --->   Operation 122 'sparsemux' 'line_buffer_2D' <Predicate = (!icmp_ln57)> <Delay = 0.93> <CoreInst = "BinarySparseMux_DontCare">   --->   Core 149 'BinarySparseMux_DontCare' <Latency = 0> <II = 1> <Delay = 0.93> <FuncUnit> <Opcode : 'sparsemux'> <InPorts = 2> <OutPorts = 1>
ST_1 : Operation 123 [1/1] (0.78ns)   --->   "%switch_ln63 = switch i5 %j_2, void %arrayidx1523.case.26, i5 0, void %for.inc.split.arrayidx1523.exit_crit_edge, i5 1, void %arrayidx1523.case.1, i5 2, void %arrayidx1523.case.2, i5 3, void %arrayidx1523.case.3, i5 4, void %arrayidx1523.case.4, i5 5, void %arrayidx1523.case.5, i5 6, void %arrayidx1523.case.6, i5 7, void %arrayidx1523.case.7, i5 8, void %arrayidx1523.case.8, i5 9, void %arrayidx1523.case.9, i5 10, void %arrayidx1523.case.10, i5 11, void %arrayidx1523.case.11, i5 12, void %arrayidx1523.case.12, i5 13, void %arrayidx1523.case.13, i5 14, void %arrayidx1523.case.14, i5 15, void %arrayidx1523.case.15, i5 16, void %arrayidx1523.case.16, i5 17, void %arrayidx1523.case.17, i5 18, void %arrayidx1523.case.18, i5 19, void %arrayidx1523.case.19, i5 20, void %arrayidx1523.case.20, i5 21, void %arrayidx1523.case.21, i5 22, void %arrayidx1523.case.22, i5 23, void %arrayidx1523.case.23, i5 24, void %arrayidx1523.case.24, i5 25, void %arrayidx1523.case.25" [../AlexNet-FPGA-implementation/Pool2/src/pool2.cpp:63]   --->   Operation 123 'switch' 'switch_ln63' <Predicate = (!icmp_ln57)> <Delay = 0.78>
ST_1 : Operation 124 [1/1] (0.42ns)   --->   "%store_ln63 = store i32 %line_buffer_2D, i32 %mux_case_2598" [../AlexNet-FPGA-implementation/Pool2/src/pool2.cpp:63]   --->   Operation 124 'store' 'store_ln63' <Predicate = (!icmp_ln57 & j_2 == 25)> <Delay = 0.42>
ST_1 : Operation 125 [1/1] (0.00ns)   --->   "%br_ln63 = br void %arrayidx1523.exit" [../AlexNet-FPGA-implementation/Pool2/src/pool2.cpp:63]   --->   Operation 125 'br' 'br_ln63' <Predicate = (!icmp_ln57 & j_2 == 25)> <Delay = 0.00>
ST_1 : Operation 126 [1/1] (0.42ns)   --->   "%store_ln63 = store i32 %line_buffer_2D, i32 %mux_case_24182" [../AlexNet-FPGA-implementation/Pool2/src/pool2.cpp:63]   --->   Operation 126 'store' 'store_ln63' <Predicate = (!icmp_ln57 & j_2 == 24)> <Delay = 0.42>
ST_1 : Operation 127 [1/1] (0.00ns)   --->   "%br_ln63 = br void %arrayidx1523.exit" [../AlexNet-FPGA-implementation/Pool2/src/pool2.cpp:63]   --->   Operation 127 'br' 'br_ln63' <Predicate = (!icmp_ln57 & j_2 == 24)> <Delay = 0.00>
ST_1 : Operation 128 [1/1] (0.42ns)   --->   "%store_ln63 = store i32 %line_buffer_2D, i32 %mux_case_2391" [../AlexNet-FPGA-implementation/Pool2/src/pool2.cpp:63]   --->   Operation 128 'store' 'store_ln63' <Predicate = (!icmp_ln57 & j_2 == 23)> <Delay = 0.42>
ST_1 : Operation 129 [1/1] (0.00ns)   --->   "%br_ln63 = br void %arrayidx1523.exit" [../AlexNet-FPGA-implementation/Pool2/src/pool2.cpp:63]   --->   Operation 129 'br' 'br_ln63' <Predicate = (!icmp_ln57 & j_2 == 23)> <Delay = 0.00>
ST_1 : Operation 130 [1/1] (0.42ns)   --->   "%store_ln63 = store i32 %line_buffer_2D, i32 %mux_case_22175" [../AlexNet-FPGA-implementation/Pool2/src/pool2.cpp:63]   --->   Operation 130 'store' 'store_ln63' <Predicate = (!icmp_ln57 & j_2 == 22)> <Delay = 0.42>
ST_1 : Operation 131 [1/1] (0.00ns)   --->   "%br_ln63 = br void %arrayidx1523.exit" [../AlexNet-FPGA-implementation/Pool2/src/pool2.cpp:63]   --->   Operation 131 'br' 'br_ln63' <Predicate = (!icmp_ln57 & j_2 == 22)> <Delay = 0.00>
ST_1 : Operation 132 [1/1] (0.42ns)   --->   "%store_ln63 = store i32 %line_buffer_2D, i32 %mux_case_2184" [../AlexNet-FPGA-implementation/Pool2/src/pool2.cpp:63]   --->   Operation 132 'store' 'store_ln63' <Predicate = (!icmp_ln57 & j_2 == 21)> <Delay = 0.42>
ST_1 : Operation 133 [1/1] (0.00ns)   --->   "%br_ln63 = br void %arrayidx1523.exit" [../AlexNet-FPGA-implementation/Pool2/src/pool2.cpp:63]   --->   Operation 133 'br' 'br_ln63' <Predicate = (!icmp_ln57 & j_2 == 21)> <Delay = 0.00>
ST_1 : Operation 134 [1/1] (0.42ns)   --->   "%store_ln63 = store i32 %line_buffer_2D, i32 %mux_case_20168" [../AlexNet-FPGA-implementation/Pool2/src/pool2.cpp:63]   --->   Operation 134 'store' 'store_ln63' <Predicate = (!icmp_ln57 & j_2 == 20)> <Delay = 0.42>
ST_1 : Operation 135 [1/1] (0.00ns)   --->   "%br_ln63 = br void %arrayidx1523.exit" [../AlexNet-FPGA-implementation/Pool2/src/pool2.cpp:63]   --->   Operation 135 'br' 'br_ln63' <Predicate = (!icmp_ln57 & j_2 == 20)> <Delay = 0.00>
ST_1 : Operation 136 [1/1] (0.42ns)   --->   "%store_ln63 = store i32 %line_buffer_2D, i32 %mux_case_1977" [../AlexNet-FPGA-implementation/Pool2/src/pool2.cpp:63]   --->   Operation 136 'store' 'store_ln63' <Predicate = (!icmp_ln57 & j_2 == 19)> <Delay = 0.42>
ST_1 : Operation 137 [1/1] (0.00ns)   --->   "%br_ln63 = br void %arrayidx1523.exit" [../AlexNet-FPGA-implementation/Pool2/src/pool2.cpp:63]   --->   Operation 137 'br' 'br_ln63' <Predicate = (!icmp_ln57 & j_2 == 19)> <Delay = 0.00>
ST_1 : Operation 138 [1/1] (0.42ns)   --->   "%store_ln63 = store i32 %line_buffer_2D, i32 %mux_case_18161" [../AlexNet-FPGA-implementation/Pool2/src/pool2.cpp:63]   --->   Operation 138 'store' 'store_ln63' <Predicate = (!icmp_ln57 & j_2 == 18)> <Delay = 0.42>
ST_1 : Operation 139 [1/1] (0.00ns)   --->   "%br_ln63 = br void %arrayidx1523.exit" [../AlexNet-FPGA-implementation/Pool2/src/pool2.cpp:63]   --->   Operation 139 'br' 'br_ln63' <Predicate = (!icmp_ln57 & j_2 == 18)> <Delay = 0.00>
ST_1 : Operation 140 [1/1] (0.42ns)   --->   "%store_ln63 = store i32 %line_buffer_2D, i32 %mux_case_1770" [../AlexNet-FPGA-implementation/Pool2/src/pool2.cpp:63]   --->   Operation 140 'store' 'store_ln63' <Predicate = (!icmp_ln57 & j_2 == 17)> <Delay = 0.42>
ST_1 : Operation 141 [1/1] (0.00ns)   --->   "%br_ln63 = br void %arrayidx1523.exit" [../AlexNet-FPGA-implementation/Pool2/src/pool2.cpp:63]   --->   Operation 141 'br' 'br_ln63' <Predicate = (!icmp_ln57 & j_2 == 17)> <Delay = 0.00>
ST_1 : Operation 142 [1/1] (0.42ns)   --->   "%store_ln63 = store i32 %line_buffer_2D, i32 %mux_case_16154" [../AlexNet-FPGA-implementation/Pool2/src/pool2.cpp:63]   --->   Operation 142 'store' 'store_ln63' <Predicate = (!icmp_ln57 & j_2 == 16)> <Delay = 0.42>
ST_1 : Operation 143 [1/1] (0.00ns)   --->   "%br_ln63 = br void %arrayidx1523.exit" [../AlexNet-FPGA-implementation/Pool2/src/pool2.cpp:63]   --->   Operation 143 'br' 'br_ln63' <Predicate = (!icmp_ln57 & j_2 == 16)> <Delay = 0.00>
ST_1 : Operation 144 [1/1] (0.42ns)   --->   "%store_ln63 = store i32 %line_buffer_2D, i32 %mux_case_1563" [../AlexNet-FPGA-implementation/Pool2/src/pool2.cpp:63]   --->   Operation 144 'store' 'store_ln63' <Predicate = (!icmp_ln57 & j_2 == 15)> <Delay = 0.42>
ST_1 : Operation 145 [1/1] (0.00ns)   --->   "%br_ln63 = br void %arrayidx1523.exit" [../AlexNet-FPGA-implementation/Pool2/src/pool2.cpp:63]   --->   Operation 145 'br' 'br_ln63' <Predicate = (!icmp_ln57 & j_2 == 15)> <Delay = 0.00>
ST_1 : Operation 146 [1/1] (0.42ns)   --->   "%store_ln63 = store i32 %line_buffer_2D, i32 %mux_case_14147" [../AlexNet-FPGA-implementation/Pool2/src/pool2.cpp:63]   --->   Operation 146 'store' 'store_ln63' <Predicate = (!icmp_ln57 & j_2 == 14)> <Delay = 0.42>
ST_1 : Operation 147 [1/1] (0.00ns)   --->   "%br_ln63 = br void %arrayidx1523.exit" [../AlexNet-FPGA-implementation/Pool2/src/pool2.cpp:63]   --->   Operation 147 'br' 'br_ln63' <Predicate = (!icmp_ln57 & j_2 == 14)> <Delay = 0.00>
ST_1 : Operation 148 [1/1] (0.42ns)   --->   "%store_ln63 = store i32 %line_buffer_2D, i32 %mux_case_1356" [../AlexNet-FPGA-implementation/Pool2/src/pool2.cpp:63]   --->   Operation 148 'store' 'store_ln63' <Predicate = (!icmp_ln57 & j_2 == 13)> <Delay = 0.42>
ST_1 : Operation 149 [1/1] (0.00ns)   --->   "%br_ln63 = br void %arrayidx1523.exit" [../AlexNet-FPGA-implementation/Pool2/src/pool2.cpp:63]   --->   Operation 149 'br' 'br_ln63' <Predicate = (!icmp_ln57 & j_2 == 13)> <Delay = 0.00>
ST_1 : Operation 150 [1/1] (0.42ns)   --->   "%store_ln63 = store i32 %line_buffer_2D, i32 %mux_case_12140" [../AlexNet-FPGA-implementation/Pool2/src/pool2.cpp:63]   --->   Operation 150 'store' 'store_ln63' <Predicate = (!icmp_ln57 & j_2 == 12)> <Delay = 0.42>
ST_1 : Operation 151 [1/1] (0.00ns)   --->   "%br_ln63 = br void %arrayidx1523.exit" [../AlexNet-FPGA-implementation/Pool2/src/pool2.cpp:63]   --->   Operation 151 'br' 'br_ln63' <Predicate = (!icmp_ln57 & j_2 == 12)> <Delay = 0.00>
ST_1 : Operation 152 [1/1] (0.42ns)   --->   "%store_ln63 = store i32 %line_buffer_2D, i32 %mux_case_1149" [../AlexNet-FPGA-implementation/Pool2/src/pool2.cpp:63]   --->   Operation 152 'store' 'store_ln63' <Predicate = (!icmp_ln57 & j_2 == 11)> <Delay = 0.42>
ST_1 : Operation 153 [1/1] (0.00ns)   --->   "%br_ln63 = br void %arrayidx1523.exit" [../AlexNet-FPGA-implementation/Pool2/src/pool2.cpp:63]   --->   Operation 153 'br' 'br_ln63' <Predicate = (!icmp_ln57 & j_2 == 11)> <Delay = 0.00>
ST_1 : Operation 154 [1/1] (0.42ns)   --->   "%store_ln63 = store i32 %line_buffer_2D, i32 %mux_case_10133" [../AlexNet-FPGA-implementation/Pool2/src/pool2.cpp:63]   --->   Operation 154 'store' 'store_ln63' <Predicate = (!icmp_ln57 & j_2 == 10)> <Delay = 0.42>
ST_1 : Operation 155 [1/1] (0.00ns)   --->   "%br_ln63 = br void %arrayidx1523.exit" [../AlexNet-FPGA-implementation/Pool2/src/pool2.cpp:63]   --->   Operation 155 'br' 'br_ln63' <Predicate = (!icmp_ln57 & j_2 == 10)> <Delay = 0.00>
ST_1 : Operation 156 [1/1] (0.42ns)   --->   "%store_ln63 = store i32 %line_buffer_2D, i32 %mux_case_942" [../AlexNet-FPGA-implementation/Pool2/src/pool2.cpp:63]   --->   Operation 156 'store' 'store_ln63' <Predicate = (!icmp_ln57 & j_2 == 9)> <Delay = 0.42>
ST_1 : Operation 157 [1/1] (0.00ns)   --->   "%br_ln63 = br void %arrayidx1523.exit" [../AlexNet-FPGA-implementation/Pool2/src/pool2.cpp:63]   --->   Operation 157 'br' 'br_ln63' <Predicate = (!icmp_ln57 & j_2 == 9)> <Delay = 0.00>
ST_1 : Operation 158 [1/1] (0.42ns)   --->   "%store_ln63 = store i32 %line_buffer_2D, i32 %mux_case_8126" [../AlexNet-FPGA-implementation/Pool2/src/pool2.cpp:63]   --->   Operation 158 'store' 'store_ln63' <Predicate = (!icmp_ln57 & j_2 == 8)> <Delay = 0.42>
ST_1 : Operation 159 [1/1] (0.00ns)   --->   "%br_ln63 = br void %arrayidx1523.exit" [../AlexNet-FPGA-implementation/Pool2/src/pool2.cpp:63]   --->   Operation 159 'br' 'br_ln63' <Predicate = (!icmp_ln57 & j_2 == 8)> <Delay = 0.00>
ST_1 : Operation 160 [1/1] (0.42ns)   --->   "%store_ln63 = store i32 %line_buffer_2D, i32 %mux_case_735" [../AlexNet-FPGA-implementation/Pool2/src/pool2.cpp:63]   --->   Operation 160 'store' 'store_ln63' <Predicate = (!icmp_ln57 & j_2 == 7)> <Delay = 0.42>
ST_1 : Operation 161 [1/1] (0.00ns)   --->   "%br_ln63 = br void %arrayidx1523.exit" [../AlexNet-FPGA-implementation/Pool2/src/pool2.cpp:63]   --->   Operation 161 'br' 'br_ln63' <Predicate = (!icmp_ln57 & j_2 == 7)> <Delay = 0.00>
ST_1 : Operation 162 [1/1] (0.42ns)   --->   "%store_ln63 = store i32 %line_buffer_2D, i32 %mux_case_6119" [../AlexNet-FPGA-implementation/Pool2/src/pool2.cpp:63]   --->   Operation 162 'store' 'store_ln63' <Predicate = (!icmp_ln57 & j_2 == 6)> <Delay = 0.42>
ST_1 : Operation 163 [1/1] (0.00ns)   --->   "%br_ln63 = br void %arrayidx1523.exit" [../AlexNet-FPGA-implementation/Pool2/src/pool2.cpp:63]   --->   Operation 163 'br' 'br_ln63' <Predicate = (!icmp_ln57 & j_2 == 6)> <Delay = 0.00>
ST_1 : Operation 164 [1/1] (0.42ns)   --->   "%store_ln63 = store i32 %line_buffer_2D, i32 %mux_case_528" [../AlexNet-FPGA-implementation/Pool2/src/pool2.cpp:63]   --->   Operation 164 'store' 'store_ln63' <Predicate = (!icmp_ln57 & j_2 == 5)> <Delay = 0.42>
ST_1 : Operation 165 [1/1] (0.00ns)   --->   "%br_ln63 = br void %arrayidx1523.exit" [../AlexNet-FPGA-implementation/Pool2/src/pool2.cpp:63]   --->   Operation 165 'br' 'br_ln63' <Predicate = (!icmp_ln57 & j_2 == 5)> <Delay = 0.00>
ST_1 : Operation 166 [1/1] (0.42ns)   --->   "%store_ln63 = store i32 %line_buffer_2D, i32 %mux_case_4112" [../AlexNet-FPGA-implementation/Pool2/src/pool2.cpp:63]   --->   Operation 166 'store' 'store_ln63' <Predicate = (!icmp_ln57 & j_2 == 4)> <Delay = 0.42>
ST_1 : Operation 167 [1/1] (0.00ns)   --->   "%br_ln63 = br void %arrayidx1523.exit" [../AlexNet-FPGA-implementation/Pool2/src/pool2.cpp:63]   --->   Operation 167 'br' 'br_ln63' <Predicate = (!icmp_ln57 & j_2 == 4)> <Delay = 0.00>
ST_1 : Operation 168 [1/1] (0.42ns)   --->   "%store_ln63 = store i32 %line_buffer_2D, i32 %mux_case_321" [../AlexNet-FPGA-implementation/Pool2/src/pool2.cpp:63]   --->   Operation 168 'store' 'store_ln63' <Predicate = (!icmp_ln57 & j_2 == 3)> <Delay = 0.42>
ST_1 : Operation 169 [1/1] (0.00ns)   --->   "%br_ln63 = br void %arrayidx1523.exit" [../AlexNet-FPGA-implementation/Pool2/src/pool2.cpp:63]   --->   Operation 169 'br' 'br_ln63' <Predicate = (!icmp_ln57 & j_2 == 3)> <Delay = 0.00>
ST_1 : Operation 170 [1/1] (0.42ns)   --->   "%store_ln63 = store i32 %line_buffer_2D, i32 %mux_case_2105" [../AlexNet-FPGA-implementation/Pool2/src/pool2.cpp:63]   --->   Operation 170 'store' 'store_ln63' <Predicate = (!icmp_ln57 & j_2 == 2)> <Delay = 0.42>
ST_1 : Operation 171 [1/1] (0.00ns)   --->   "%br_ln63 = br void %arrayidx1523.exit" [../AlexNet-FPGA-implementation/Pool2/src/pool2.cpp:63]   --->   Operation 171 'br' 'br_ln63' <Predicate = (!icmp_ln57 & j_2 == 2)> <Delay = 0.00>
ST_1 : Operation 172 [1/1] (0.42ns)   --->   "%store_ln63 = store i32 %line_buffer_2D, i32 %mux_case_114" [../AlexNet-FPGA-implementation/Pool2/src/pool2.cpp:63]   --->   Operation 172 'store' 'store_ln63' <Predicate = (!icmp_ln57 & j_2 == 1)> <Delay = 0.42>
ST_1 : Operation 173 [1/1] (0.00ns)   --->   "%br_ln63 = br void %arrayidx1523.exit" [../AlexNet-FPGA-implementation/Pool2/src/pool2.cpp:63]   --->   Operation 173 'br' 'br_ln63' <Predicate = (!icmp_ln57 & j_2 == 1)> <Delay = 0.00>
ST_1 : Operation 174 [1/1] (0.42ns)   --->   "%store_ln63 = store i32 %line_buffer_2D, i32 %empty_95" [../AlexNet-FPGA-implementation/Pool2/src/pool2.cpp:63]   --->   Operation 174 'store' 'store_ln63' <Predicate = (!icmp_ln57 & j_2 == 0)> <Delay = 0.42>
ST_1 : Operation 175 [1/1] (0.00ns)   --->   "%br_ln63 = br void %arrayidx1523.exit" [../AlexNet-FPGA-implementation/Pool2/src/pool2.cpp:63]   --->   Operation 175 'br' 'br_ln63' <Predicate = (!icmp_ln57 & j_2 == 0)> <Delay = 0.00>
ST_1 : Operation 176 [1/1] (0.42ns)   --->   "%store_ln63 = store i32 %line_buffer_2D, i32 %mux_case_26189" [../AlexNet-FPGA-implementation/Pool2/src/pool2.cpp:63]   --->   Operation 176 'store' 'store_ln63' <Predicate = (!icmp_ln57 & j_2 == 31) | (!icmp_ln57 & j_2 == 30) | (!icmp_ln57 & j_2 == 29) | (!icmp_ln57 & j_2 == 28) | (!icmp_ln57 & j_2 == 26)> <Delay = 0.42>
ST_1 : Operation 177 [1/1] (0.00ns)   --->   "%br_ln63 = br void %arrayidx1523.exit" [../AlexNet-FPGA-implementation/Pool2/src/pool2.cpp:63]   --->   Operation 177 'br' 'br_ln63' <Predicate = (!icmp_ln57 & j_2 == 31) | (!icmp_ln57 & j_2 == 30) | (!icmp_ln57 & j_2 == 29) | (!icmp_ln57 & j_2 == 28) | (!icmp_ln57 & j_2 == 26)> <Delay = 0.00>
ST_1 : Operation 178 [1/1] (0.42ns)   --->   "%store_ln57 = store i5 %add_ln57, i5 %j" [../AlexNet-FPGA-implementation/Pool2/src/pool2.cpp:57]   --->   Operation 178 'store' 'store_ln57' <Predicate = (!icmp_ln57)> <Delay = 0.42>
ST_1 : Operation 179 [1/1] (0.00ns)   --->   "%br_ln57 = br void %for.inc" [../AlexNet-FPGA-implementation/Pool2/src/pool2.cpp:57]   --->   Operation 179 'br' 'br_ln57' <Predicate = (!icmp_ln57)> <Delay = 0.00>
ST_1 : Operation 180 [1/1] (0.00ns)   --->   "%mux_case_114_load = load i32 %mux_case_114"   --->   Operation 180 'load' 'mux_case_114_load' <Predicate = (icmp_ln57)> <Delay = 0.00>
ST_1 : Operation 181 [1/1] (0.00ns)   --->   "%mux_case_321_load = load i32 %mux_case_321"   --->   Operation 181 'load' 'mux_case_321_load' <Predicate = (icmp_ln57)> <Delay = 0.00>
ST_1 : Operation 182 [1/1] (0.00ns)   --->   "%mux_case_528_load = load i32 %mux_case_528"   --->   Operation 182 'load' 'mux_case_528_load' <Predicate = (icmp_ln57)> <Delay = 0.00>
ST_1 : Operation 183 [1/1] (0.00ns)   --->   "%mux_case_735_load = load i32 %mux_case_735"   --->   Operation 183 'load' 'mux_case_735_load' <Predicate = (icmp_ln57)> <Delay = 0.00>
ST_1 : Operation 184 [1/1] (0.00ns)   --->   "%mux_case_942_load = load i32 %mux_case_942"   --->   Operation 184 'load' 'mux_case_942_load' <Predicate = (icmp_ln57)> <Delay = 0.00>
ST_1 : Operation 185 [1/1] (0.00ns)   --->   "%mux_case_1149_load = load i32 %mux_case_1149"   --->   Operation 185 'load' 'mux_case_1149_load' <Predicate = (icmp_ln57)> <Delay = 0.00>
ST_1 : Operation 186 [1/1] (0.00ns)   --->   "%mux_case_1356_load = load i32 %mux_case_1356"   --->   Operation 186 'load' 'mux_case_1356_load' <Predicate = (icmp_ln57)> <Delay = 0.00>
ST_1 : Operation 187 [1/1] (0.00ns)   --->   "%mux_case_1563_load = load i32 %mux_case_1563"   --->   Operation 187 'load' 'mux_case_1563_load' <Predicate = (icmp_ln57)> <Delay = 0.00>
ST_1 : Operation 188 [1/1] (0.00ns)   --->   "%mux_case_1770_load = load i32 %mux_case_1770"   --->   Operation 188 'load' 'mux_case_1770_load' <Predicate = (icmp_ln57)> <Delay = 0.00>
ST_1 : Operation 189 [1/1] (0.00ns)   --->   "%mux_case_1977_load = load i32 %mux_case_1977"   --->   Operation 189 'load' 'mux_case_1977_load' <Predicate = (icmp_ln57)> <Delay = 0.00>
ST_1 : Operation 190 [1/1] (0.00ns)   --->   "%mux_case_2184_load = load i32 %mux_case_2184"   --->   Operation 190 'load' 'mux_case_2184_load' <Predicate = (icmp_ln57)> <Delay = 0.00>
ST_1 : Operation 191 [1/1] (0.00ns)   --->   "%mux_case_2391_load = load i32 %mux_case_2391"   --->   Operation 191 'load' 'mux_case_2391_load' <Predicate = (icmp_ln57)> <Delay = 0.00>
ST_1 : Operation 192 [1/1] (0.00ns)   --->   "%mux_case_2598_load = load i32 %mux_case_2598"   --->   Operation 192 'load' 'mux_case_2598_load' <Predicate = (icmp_ln57)> <Delay = 0.00>
ST_1 : Operation 193 [1/1] (0.00ns)   --->   "%mux_case_2105_load = load i32 %mux_case_2105"   --->   Operation 193 'load' 'mux_case_2105_load' <Predicate = (icmp_ln57)> <Delay = 0.00>
ST_1 : Operation 194 [1/1] (0.00ns)   --->   "%mux_case_4112_load = load i32 %mux_case_4112"   --->   Operation 194 'load' 'mux_case_4112_load' <Predicate = (icmp_ln57)> <Delay = 0.00>
ST_1 : Operation 195 [1/1] (0.00ns)   --->   "%mux_case_6119_load = load i32 %mux_case_6119"   --->   Operation 195 'load' 'mux_case_6119_load' <Predicate = (icmp_ln57)> <Delay = 0.00>
ST_1 : Operation 196 [1/1] (0.00ns)   --->   "%mux_case_8126_load = load i32 %mux_case_8126"   --->   Operation 196 'load' 'mux_case_8126_load' <Predicate = (icmp_ln57)> <Delay = 0.00>
ST_1 : Operation 197 [1/1] (0.00ns)   --->   "%mux_case_10133_load = load i32 %mux_case_10133"   --->   Operation 197 'load' 'mux_case_10133_load' <Predicate = (icmp_ln57)> <Delay = 0.00>
ST_1 : Operation 198 [1/1] (0.00ns)   --->   "%mux_case_12140_load = load i32 %mux_case_12140"   --->   Operation 198 'load' 'mux_case_12140_load' <Predicate = (icmp_ln57)> <Delay = 0.00>
ST_1 : Operation 199 [1/1] (0.00ns)   --->   "%mux_case_14147_load = load i32 %mux_case_14147"   --->   Operation 199 'load' 'mux_case_14147_load' <Predicate = (icmp_ln57)> <Delay = 0.00>
ST_1 : Operation 200 [1/1] (0.00ns)   --->   "%mux_case_16154_load = load i32 %mux_case_16154"   --->   Operation 200 'load' 'mux_case_16154_load' <Predicate = (icmp_ln57)> <Delay = 0.00>
ST_1 : Operation 201 [1/1] (0.00ns)   --->   "%mux_case_18161_load = load i32 %mux_case_18161"   --->   Operation 201 'load' 'mux_case_18161_load' <Predicate = (icmp_ln57)> <Delay = 0.00>
ST_1 : Operation 202 [1/1] (0.00ns)   --->   "%mux_case_20168_load = load i32 %mux_case_20168"   --->   Operation 202 'load' 'mux_case_20168_load' <Predicate = (icmp_ln57)> <Delay = 0.00>
ST_1 : Operation 203 [1/1] (0.00ns)   --->   "%mux_case_22175_load = load i32 %mux_case_22175"   --->   Operation 203 'load' 'mux_case_22175_load' <Predicate = (icmp_ln57)> <Delay = 0.00>
ST_1 : Operation 204 [1/1] (0.00ns)   --->   "%mux_case_24182_load = load i32 %mux_case_24182"   --->   Operation 204 'load' 'mux_case_24182_load' <Predicate = (icmp_ln57)> <Delay = 0.00>
ST_1 : Operation 205 [1/1] (0.00ns)   --->   "%mux_case_26189_load = load i32 %mux_case_26189"   --->   Operation 205 'load' 'mux_case_26189_load' <Predicate = (icmp_ln57)> <Delay = 0.00>
ST_1 : Operation 206 [1/1] (0.00ns)   --->   "%p_load = load i32 %empty_95"   --->   Operation 206 'load' 'p_load' <Predicate = (icmp_ln57)> <Delay = 0.00>
ST_1 : Operation 207 [1/1] (0.00ns)   --->   "%write_ln0 = write void @_ssdm_op_Write.ap_auto.floatP0A, i32 %p_out, i32 %p_load"   --->   Operation 207 'write' 'write_ln0' <Predicate = (icmp_ln57)> <Delay = 0.00>
ST_1 : Operation 208 [1/1] (0.00ns)   --->   "%write_ln0 = write void @_ssdm_op_Write.ap_auto.floatP0A, i32 %mux_case_26189_out, i32 %mux_case_26189_load"   --->   Operation 208 'write' 'write_ln0' <Predicate = (icmp_ln57)> <Delay = 0.00>
ST_1 : Operation 209 [1/1] (0.00ns)   --->   "%write_ln0 = write void @_ssdm_op_Write.ap_auto.floatP0A, i32 %mux_case_24182_out, i32 %mux_case_24182_load"   --->   Operation 209 'write' 'write_ln0' <Predicate = (icmp_ln57)> <Delay = 0.00>
ST_1 : Operation 210 [1/1] (0.00ns)   --->   "%write_ln0 = write void @_ssdm_op_Write.ap_auto.floatP0A, i32 %mux_case_22175_out, i32 %mux_case_22175_load"   --->   Operation 210 'write' 'write_ln0' <Predicate = (icmp_ln57)> <Delay = 0.00>
ST_1 : Operation 211 [1/1] (0.00ns)   --->   "%write_ln0 = write void @_ssdm_op_Write.ap_auto.floatP0A, i32 %mux_case_20168_out, i32 %mux_case_20168_load"   --->   Operation 211 'write' 'write_ln0' <Predicate = (icmp_ln57)> <Delay = 0.00>
ST_1 : Operation 212 [1/1] (0.00ns)   --->   "%write_ln0 = write void @_ssdm_op_Write.ap_auto.floatP0A, i32 %mux_case_18161_out, i32 %mux_case_18161_load"   --->   Operation 212 'write' 'write_ln0' <Predicate = (icmp_ln57)> <Delay = 0.00>
ST_1 : Operation 213 [1/1] (0.00ns)   --->   "%write_ln0 = write void @_ssdm_op_Write.ap_auto.floatP0A, i32 %mux_case_16154_out, i32 %mux_case_16154_load"   --->   Operation 213 'write' 'write_ln0' <Predicate = (icmp_ln57)> <Delay = 0.00>
ST_1 : Operation 214 [1/1] (0.00ns)   --->   "%write_ln0 = write void @_ssdm_op_Write.ap_auto.floatP0A, i32 %mux_case_14147_out, i32 %mux_case_14147_load"   --->   Operation 214 'write' 'write_ln0' <Predicate = (icmp_ln57)> <Delay = 0.00>
ST_1 : Operation 215 [1/1] (0.00ns)   --->   "%write_ln0 = write void @_ssdm_op_Write.ap_auto.floatP0A, i32 %mux_case_12140_out, i32 %mux_case_12140_load"   --->   Operation 215 'write' 'write_ln0' <Predicate = (icmp_ln57)> <Delay = 0.00>
ST_1 : Operation 216 [1/1] (0.00ns)   --->   "%write_ln0 = write void @_ssdm_op_Write.ap_auto.floatP0A, i32 %mux_case_10133_out, i32 %mux_case_10133_load"   --->   Operation 216 'write' 'write_ln0' <Predicate = (icmp_ln57)> <Delay = 0.00>
ST_1 : Operation 217 [1/1] (0.00ns)   --->   "%write_ln0 = write void @_ssdm_op_Write.ap_auto.floatP0A, i32 %mux_case_8126_out, i32 %mux_case_8126_load"   --->   Operation 217 'write' 'write_ln0' <Predicate = (icmp_ln57)> <Delay = 0.00>
ST_1 : Operation 218 [1/1] (0.00ns)   --->   "%write_ln0 = write void @_ssdm_op_Write.ap_auto.floatP0A, i32 %mux_case_6119_out, i32 %mux_case_6119_load"   --->   Operation 218 'write' 'write_ln0' <Predicate = (icmp_ln57)> <Delay = 0.00>
ST_1 : Operation 219 [1/1] (0.00ns)   --->   "%write_ln0 = write void @_ssdm_op_Write.ap_auto.floatP0A, i32 %mux_case_4112_out, i32 %mux_case_4112_load"   --->   Operation 219 'write' 'write_ln0' <Predicate = (icmp_ln57)> <Delay = 0.00>
ST_1 : Operation 220 [1/1] (0.00ns)   --->   "%write_ln0 = write void @_ssdm_op_Write.ap_auto.floatP0A, i32 %mux_case_2105_out, i32 %mux_case_2105_load"   --->   Operation 220 'write' 'write_ln0' <Predicate = (icmp_ln57)> <Delay = 0.00>
ST_1 : Operation 221 [1/1] (0.00ns)   --->   "%write_ln0 = write void @_ssdm_op_Write.ap_auto.floatP0A, i32 %mux_case_2598_out, i32 %mux_case_2598_load"   --->   Operation 221 'write' 'write_ln0' <Predicate = (icmp_ln57)> <Delay = 0.00>
ST_1 : Operation 222 [1/1] (0.00ns)   --->   "%write_ln0 = write void @_ssdm_op_Write.ap_auto.floatP0A, i32 %mux_case_2391_out, i32 %mux_case_2391_load"   --->   Operation 222 'write' 'write_ln0' <Predicate = (icmp_ln57)> <Delay = 0.00>
ST_1 : Operation 223 [1/1] (0.00ns)   --->   "%write_ln0 = write void @_ssdm_op_Write.ap_auto.floatP0A, i32 %mux_case_2184_out, i32 %mux_case_2184_load"   --->   Operation 223 'write' 'write_ln0' <Predicate = (icmp_ln57)> <Delay = 0.00>
ST_1 : Operation 224 [1/1] (0.00ns)   --->   "%write_ln0 = write void @_ssdm_op_Write.ap_auto.floatP0A, i32 %mux_case_1977_out, i32 %mux_case_1977_load"   --->   Operation 224 'write' 'write_ln0' <Predicate = (icmp_ln57)> <Delay = 0.00>
ST_1 : Operation 225 [1/1] (0.00ns)   --->   "%write_ln0 = write void @_ssdm_op_Write.ap_auto.floatP0A, i32 %mux_case_1770_out, i32 %mux_case_1770_load"   --->   Operation 225 'write' 'write_ln0' <Predicate = (icmp_ln57)> <Delay = 0.00>
ST_1 : Operation 226 [1/1] (0.00ns)   --->   "%write_ln0 = write void @_ssdm_op_Write.ap_auto.floatP0A, i32 %mux_case_1563_out, i32 %mux_case_1563_load"   --->   Operation 226 'write' 'write_ln0' <Predicate = (icmp_ln57)> <Delay = 0.00>
ST_1 : Operation 227 [1/1] (0.00ns)   --->   "%write_ln0 = write void @_ssdm_op_Write.ap_auto.floatP0A, i32 %mux_case_1356_out, i32 %mux_case_1356_load"   --->   Operation 227 'write' 'write_ln0' <Predicate = (icmp_ln57)> <Delay = 0.00>
ST_1 : Operation 228 [1/1] (0.00ns)   --->   "%write_ln0 = write void @_ssdm_op_Write.ap_auto.floatP0A, i32 %mux_case_1149_out, i32 %mux_case_1149_load"   --->   Operation 228 'write' 'write_ln0' <Predicate = (icmp_ln57)> <Delay = 0.00>
ST_1 : Operation 229 [1/1] (0.00ns)   --->   "%write_ln0 = write void @_ssdm_op_Write.ap_auto.floatP0A, i32 %mux_case_942_out, i32 %mux_case_942_load"   --->   Operation 229 'write' 'write_ln0' <Predicate = (icmp_ln57)> <Delay = 0.00>
ST_1 : Operation 230 [1/1] (0.00ns)   --->   "%write_ln0 = write void @_ssdm_op_Write.ap_auto.floatP0A, i32 %mux_case_735_out, i32 %mux_case_735_load"   --->   Operation 230 'write' 'write_ln0' <Predicate = (icmp_ln57)> <Delay = 0.00>
ST_1 : Operation 231 [1/1] (0.00ns)   --->   "%write_ln0 = write void @_ssdm_op_Write.ap_auto.floatP0A, i32 %mux_case_528_out, i32 %mux_case_528_load"   --->   Operation 231 'write' 'write_ln0' <Predicate = (icmp_ln57)> <Delay = 0.00>
ST_1 : Operation 232 [1/1] (0.00ns)   --->   "%write_ln0 = write void @_ssdm_op_Write.ap_auto.floatP0A, i32 %mux_case_321_out, i32 %mux_case_321_load"   --->   Operation 232 'write' 'write_ln0' <Predicate = (icmp_ln57)> <Delay = 0.00>
ST_1 : Operation 233 [1/1] (0.00ns)   --->   "%write_ln0 = write void @_ssdm_op_Write.ap_auto.floatP0A, i32 %mux_case_114_out, i32 %mux_case_114_load"   --->   Operation 233 'write' 'write_ln0' <Predicate = (icmp_ln57)> <Delay = 0.00>
ST_1 : Operation 234 [1/1] (0.42ns)   --->   "%ret_ln0 = ret"   --->   Operation 234 'ret' 'ret_ln0' <Predicate = (icmp_ln57)> <Delay = 0.42>


============================================================
+ Verbose Summary: Timing violations
============================================================
Target clock period: 10.000ns, clock uncertainty: 2.700ns.

 <State 1>: 1.787ns
The critical path consists of the following:
	'store' operation 0 bit ('store_ln57', ../AlexNet-FPGA-implementation/Pool2/src/pool2.cpp:57) of constant 0 on local variable 'j', ../AlexNet-FPGA-implementation/Pool2/src/pool2.cpp:57 [191]  (0.427 ns)
	'load' operation 5 bit ('j', ../AlexNet-FPGA-implementation/Pool2/src/pool2.cpp:57) on local variable 'j', ../AlexNet-FPGA-implementation/Pool2/src/pool2.cpp:57 [194]  (0.000 ns)
	'sparsemux' operation 32 bit ('line_buffer_2D', ../AlexNet-FPGA-implementation/Pool2/src/pool2.cpp:63) [202]  (0.933 ns)
	'store' operation 0 bit ('store_ln63', ../AlexNet-FPGA-implementation/Pool2/src/pool2.cpp:63) of variable 'line_buffer_2D', ../AlexNet-FPGA-implementation/Pool2/src/pool2.cpp:63 on local variable 'mux_case_2598' [205]  (0.427 ns)


============================================================
+ Verbose Summary: Binding
============================================================
N/A
* FSMD analyzer results:
  - Output states:
 - Input state : 
  - Chain level:
	State 1


============================================================
+ Verbose Summary: Datapath Resource usage 
============================================================
N/A
