Fri Jan 24 19:56:51 2025: Running xcd server. This server was built by gradle.
Fri Jan 24 19:56:51 2025: Server was asked to start on port: '40561'
Fri Jan 24 19:56:51 2025: Server is using token UUID: '3f9b1ddc-da5f-11ef-bf69-d8c0a69b5d79'
Fri Jan 24 19:56:51 2025: SESSION_MGR: creating session with session uuid: '6d04a3e9-ade5-4ab9-8d63-1f78fcd2ec76' and name 'default'
Fri Jan 24 19:56:51 2025: Attempting to start server on port '40561'
Fri Jan 24 19:56:51 2025: XCD main fifo: created main fifo '/tmp/xcdmain3f9b1ddc-da5f-11ef-bf69-d8c0a69b5d79', fd read = 11
Fri Jan 24 19:56:51 2025: Running Dispatch Server
Fri Jan 24 19:56:51 2025: Version 2.2.0
Fri Jan 24 19:56:52 2025: Dispatch Server: Accepted socket connection from client
Fri Jan 24 19:56:52 2025: Starting Socket connection
Fri Jan 24 19:56:52 2025: EXCHANGE_TOKEN received, server token: 3f9b1ddc-da5f-11ef-bf69-d8c0a69b5d79, passed token: 3f9b1ddc-da5f-11ef-bf69-d8c0a69b5d79
Fri Jan 24 19:56:52 2025: SESSION_MGR: creating session with session uuid: 'a2bcbe51-ea1e-4f74-9f85-8fe99677f33b' and name 'Code Analyzer'
Fri Jan 24 19:56:52 2025: KERNEL_SVC: creating session with uuid: 'a2bcbe51-ea1e-4f74-9f85-8fe99677f33b' and name 'Code Analyzer'
Fri Jan 24 19:56:52 2025: GUIDANCE_SMGR: creating guidance session with uuid: 'a2bcbe51-ea1e-4f74-9f85-8fe99677f33b' and name 'Code Analyzer'
Fri Jan 24 19:56:52 2025: SESSION_MGR: closing session for UUID 'a2bcbe51-ea1e-4f74-9f85-8fe99677f33b' with name ''
Fri Jan 24 19:56:52 2025: KERNEL_SVC: closing session for UUID 'a2bcbe51-ea1e-4f74-9f85-8fe99677f33b' with name ''
Fri Jan 24 19:56:52 2025: GUIDANCE_SMGR: closing session for UUID 'a2bcbe51-ea1e-4f74-9f85-8fe99677f33b' with name ''
Fri Jan 24 19:56:52 2025: STOP_SERVER received, server token: 3f9b1ddc-da5f-11ef-bf69-d8c0a69b5d79, passed token: 3f9b1ddc-da5f-11ef-bf69-d8c0a69b5d79
Fri Jan 24 19:56:52 2025: Socket received request to stop server.
Fri Jan 24 19:56:52 2025: Dispatch Server: do_await_stop
Fri Jan 24 19:56:52 2025: Dispatch Server: stopping mainFifo_
Fri Jan 24 19:56:52 2025: XCD main fifo: Stopping
Fri Jan 24 19:56:52 2025: XCD main fifo: do_read error code: Operation canceled
Fri Jan 24 19:56:52 2025: XCD main fifo: bytes_transferred: 0
Fri Jan 24 19:56:52 2025: SERVER: destructor for server bound to port 40561
Fri Jan 24 19:56:52 2025: XCD main fifo: Good unlink of /tmp/xcdmain3f9b1ddc-da5f-11ef-bf69-d8c0a69b5d79
Fri Jan 24 19:56:52 2025: Server exiting with status 0.
Fri Jan 24 19:56:52 2025: Closing log file.
Fri Jan 24 19:57:30 2025: Running xcd server. This server was built by gradle.
Fri Jan 24 19:57:30 2025: Server was asked to start on port: '53093'
Fri Jan 24 19:57:30 2025: Server is using token UUID: '56af5e2a-da5f-11ef-bf69-d8c0a69b5d79'
Fri Jan 24 19:57:30 2025: SESSION_MGR: creating session with session uuid: '6d04a3e9-ade5-4ab9-8d63-1f78fcd2ec76' and name 'default'
Fri Jan 24 19:57:30 2025: Attempting to start server on port '53093'
Fri Jan 24 19:57:30 2025: XCD main fifo: created main fifo '/tmp/xcdmain56af5e2a-da5f-11ef-bf69-d8c0a69b5d79', fd read = 11
Fri Jan 24 19:57:30 2025: Running Dispatch Server
Fri Jan 24 19:57:30 2025: Version 2.2.0
Fri Jan 24 19:57:31 2025: Dispatch Server: Accepted socket connection from client
Fri Jan 24 19:57:31 2025: Starting Socket connection
Fri Jan 24 19:57:31 2025: EXCHANGE_TOKEN received, server token: 56af5e2a-da5f-11ef-bf69-d8c0a69b5d79, passed token: 56af5e2a-da5f-11ef-bf69-d8c0a69b5d79
Fri Jan 24 19:57:31 2025: SESSION_MGR: creating session with session uuid: '72e1e3a8-c251-4193-a4a4-8e5bcd47e87c' and name 'Code Analyzer'
Fri Jan 24 19:57:31 2025: KERNEL_SVC: creating session with uuid: '72e1e3a8-c251-4193-a4a4-8e5bcd47e87c' and name 'Code Analyzer'
Fri Jan 24 19:57:31 2025: GUIDANCE_SMGR: creating guidance session with uuid: '72e1e3a8-c251-4193-a4a4-8e5bcd47e87c' and name 'Code Analyzer'
Fri Jan 24 19:58:21 2025: SESSION_MGR: closing session for UUID '72e1e3a8-c251-4193-a4a4-8e5bcd47e87c' with name ''
Fri Jan 24 19:58:21 2025: KERNEL_SVC: closing session for UUID '72e1e3a8-c251-4193-a4a4-8e5bcd47e87c' with name ''
Fri Jan 24 19:58:21 2025: GUIDANCE_SMGR: closing session for UUID '72e1e3a8-c251-4193-a4a4-8e5bcd47e87c' with name ''
Fri Jan 24 19:58:21 2025: STOP_SERVER received, server token: 56af5e2a-da5f-11ef-bf69-d8c0a69b5d79, passed token: 56af5e2a-da5f-11ef-bf69-d8c0a69b5d79
Fri Jan 24 19:58:21 2025: Socket received request to stop server.
Fri Jan 24 19:58:21 2025: Dispatch Server: do_await_stop
Fri Jan 24 19:58:21 2025: Dispatch Server: stopping mainFifo_
Fri Jan 24 19:58:21 2025: XCD main fifo: Stopping
Fri Jan 24 19:58:21 2025: XCD main fifo: do_read error code: Operation canceled
Fri Jan 24 19:58:21 2025: XCD main fifo: bytes_transferred: 0
Fri Jan 24 19:58:21 2025: SERVER: destructor for server bound to port 53093
Fri Jan 24 19:58:21 2025: XCD main fifo: Good unlink of /tmp/xcdmain56af5e2a-da5f-11ef-bf69-d8c0a69b5d79
Fri Jan 24 19:58:21 2025: Server exiting with status 0.
Fri Jan 24 19:58:21 2025: Closing log file.
Fri Jan 24 20:05:35 2025: Running xcd server. This server was built by gradle.
Fri Jan 24 20:05:35 2025: Server was asked to start on port: '39913'
Fri Jan 24 20:05:35 2025: Server is using token UUID: '780e983c-da60-11ef-bf69-d8c0a69b5d79'
Fri Jan 24 20:05:35 2025: SESSION_MGR: creating session with session uuid: '6d04a3e9-ade5-4ab9-8d63-1f78fcd2ec76' and name 'default'
Fri Jan 24 20:05:35 2025: Attempting to start server on port '39913'
Fri Jan 24 20:05:35 2025: XCD main fifo: created main fifo '/tmp/xcdmain780e983c-da60-11ef-bf69-d8c0a69b5d79', fd read = 11
Fri Jan 24 20:05:35 2025: Running Dispatch Server
Fri Jan 24 20:05:35 2025: Version 2.2.0
Fri Jan 24 20:05:36 2025: Dispatch Server: Accepted socket connection from client
Fri Jan 24 20:05:36 2025: Starting Socket connection
Fri Jan 24 20:05:36 2025: EXCHANGE_TOKEN received, server token: 780e983c-da60-11ef-bf69-d8c0a69b5d79, passed token: 780e983c-da60-11ef-bf69-d8c0a69b5d79
Fri Jan 24 20:05:36 2025: SESSION_MGR: creating session with session uuid: 'e652a689-87a3-4ff9-9cce-7b74ae8dbd67' and name 'Code Analyzer'
Fri Jan 24 20:05:36 2025: KERNEL_SVC: creating session with uuid: 'e652a689-87a3-4ff9-9cce-7b74ae8dbd67' and name 'Code Analyzer'
Fri Jan 24 20:05:36 2025: GUIDANCE_SMGR: creating guidance session with uuid: 'e652a689-87a3-4ff9-9cce-7b74ae8dbd67' and name 'Code Analyzer'
Fri Jan 24 20:05:38 2025: SESSION_MGR: closing session for UUID 'e652a689-87a3-4ff9-9cce-7b74ae8dbd67' with name ''
Fri Jan 24 20:05:38 2025: KERNEL_SVC: closing session for UUID 'e652a689-87a3-4ff9-9cce-7b74ae8dbd67' with name ''
Fri Jan 24 20:05:38 2025: GUIDANCE_SMGR: closing session for UUID 'e652a689-87a3-4ff9-9cce-7b74ae8dbd67' with name ''
Fri Jan 24 20:05:38 2025: STOP_SERVER received, server token: 780e983c-da60-11ef-bf69-d8c0a69b5d79, passed token: 780e983c-da60-11ef-bf69-d8c0a69b5d79
Fri Jan 24 20:05:38 2025: Socket received request to stop server.
Fri Jan 24 20:05:38 2025: Dispatch Server: do_await_stop
Fri Jan 24 20:05:38 2025: Dispatch Server: stopping mainFifo_
Fri Jan 24 20:05:38 2025: XCD main fifo: Stopping
Fri Jan 24 20:05:38 2025: XCD main fifo: do_read error code: Operation canceled
Fri Jan 24 20:05:38 2025: XCD main fifo: bytes_transferred: 0
Fri Jan 24 20:05:38 2025: SERVER: destructor for server bound to port 39913
Fri Jan 24 20:05:38 2025: XCD main fifo: Good unlink of /tmp/xcdmain780e983c-da60-11ef-bf69-d8c0a69b5d79
Fri Jan 24 20:05:38 2025: Server exiting with status 0.
Fri Jan 24 20:05:38 2025: Closing log file.
Fri Jan 24 20:06:08 2025: Running xcd server. This server was built by gradle.
Fri Jan 24 20:06:08 2025: Server was asked to start on port: '46857'
Fri Jan 24 20:06:08 2025: Server is using token UUID: '8bb5bfa0-da60-11ef-bf69-d8c0a69b5d79'
Fri Jan 24 20:06:08 2025: SESSION_MGR: creating session with session uuid: '6d04a3e9-ade5-4ab9-8d63-1f78fcd2ec76' and name 'default'
Fri Jan 24 20:06:08 2025: Attempting to start server on port '46857'
Fri Jan 24 20:06:08 2025: XCD main fifo: created main fifo '/tmp/xcdmain8bb5bfa0-da60-11ef-bf69-d8c0a69b5d79', fd read = 11
Fri Jan 24 20:06:08 2025: Running Dispatch Server
Fri Jan 24 20:06:08 2025: Version 2.2.0
Fri Jan 24 20:06:09 2025: Dispatch Server: Accepted socket connection from client
Fri Jan 24 20:06:09 2025: Starting Socket connection
Fri Jan 24 20:06:09 2025: EXCHANGE_TOKEN received, server token: 8bb5bfa0-da60-11ef-bf69-d8c0a69b5d79, passed token: 8bb5bfa0-da60-11ef-bf69-d8c0a69b5d79
Fri Jan 24 20:06:09 2025: SESSION_MGR: creating session with session uuid: '2556ca1c-a629-444a-b596-40ffa6740d69' and name 'Code Analyzer'
Fri Jan 24 20:06:09 2025: KERNEL_SVC: creating session with uuid: '2556ca1c-a629-444a-b596-40ffa6740d69' and name 'Code Analyzer'
Fri Jan 24 20:06:09 2025: GUIDANCE_SMGR: creating guidance session with uuid: '2556ca1c-a629-444a-b596-40ffa6740d69' and name 'Code Analyzer'
Fri Jan 24 20:06:56 2025: SESSION_MGR: closing session for UUID '2556ca1c-a629-444a-b596-40ffa6740d69' with name ''
Fri Jan 24 20:06:56 2025: KERNEL_SVC: closing session for UUID '2556ca1c-a629-444a-b596-40ffa6740d69' with name ''
Fri Jan 24 20:06:56 2025: GUIDANCE_SMGR: closing session for UUID '2556ca1c-a629-444a-b596-40ffa6740d69' with name ''
Fri Jan 24 20:06:56 2025: STOP_SERVER received, server token: 8bb5bfa0-da60-11ef-bf69-d8c0a69b5d79, passed token: 8bb5bfa0-da60-11ef-bf69-d8c0a69b5d79
Fri Jan 24 20:06:56 2025: Socket received request to stop server.
Fri Jan 24 20:06:56 2025: Dispatch Server: do_await_stop
Fri Jan 24 20:06:56 2025: Dispatch Server: stopping mainFifo_
Fri Jan 24 20:06:56 2025: XCD main fifo: Stopping
Fri Jan 24 20:06:56 2025: XCD main fifo: do_read error code: Operation canceled
Fri Jan 24 20:06:56 2025: XCD main fifo: bytes_transferred: 0
Fri Jan 24 20:06:56 2025: SERVER: destructor for server bound to port 46857
Fri Jan 24 20:06:56 2025: XCD main fifo: Good unlink of /tmp/xcdmain8bb5bfa0-da60-11ef-bf69-d8c0a69b5d79
Fri Jan 24 20:06:56 2025: Server exiting with status 0.
Fri Jan 24 20:06:56 2025: Closing log file.
Fri Jan 24 20:19:09 2025: Running xcd server. This server was built by gradle.
Fri Jan 24 20:19:09 2025: Server was asked to start on port: '60585'
Fri Jan 24 20:19:09 2025: Server is using token UUID: '5cf60cf4-da62-11ef-bf69-d8c0a69b5d79'
Fri Jan 24 20:19:09 2025: SESSION_MGR: creating session with session uuid: '6d04a3e9-ade5-4ab9-8d63-1f78fcd2ec76' and name 'default'
Fri Jan 24 20:19:09 2025: Attempting to start server on port '60585'
Fri Jan 24 20:19:09 2025: XCD main fifo: created main fifo '/tmp/xcdmain5cf60cf4-da62-11ef-bf69-d8c0a69b5d79', fd read = 11
Fri Jan 24 20:19:09 2025: Running Dispatch Server
Fri Jan 24 20:19:09 2025: Version 2.2.0
Fri Jan 24 20:19:10 2025: Dispatch Server: Accepted socket connection from client
Fri Jan 24 20:19:10 2025: Starting Socket connection
Fri Jan 24 20:19:10 2025: EXCHANGE_TOKEN received, server token: 5cf60cf4-da62-11ef-bf69-d8c0a69b5d79, passed token: 5cf60cf4-da62-11ef-bf69-d8c0a69b5d79
Fri Jan 24 20:19:10 2025: SESSION_MGR: creating session with session uuid: 'd5ecf84f-c3e3-4f3c-86ec-49827d86e46e' and name 'Code Analyzer'
Fri Jan 24 20:19:10 2025: KERNEL_SVC: creating session with uuid: 'd5ecf84f-c3e3-4f3c-86ec-49827d86e46e' and name 'Code Analyzer'
Fri Jan 24 20:19:10 2025: GUIDANCE_SMGR: creating guidance session with uuid: 'd5ecf84f-c3e3-4f3c-86ec-49827d86e46e' and name 'Code Analyzer'
Fri Jan 24 20:19:58 2025: SESSION_MGR: closing session for UUID 'd5ecf84f-c3e3-4f3c-86ec-49827d86e46e' with name ''
Fri Jan 24 20:19:58 2025: KERNEL_SVC: closing session for UUID 'd5ecf84f-c3e3-4f3c-86ec-49827d86e46e' with name ''
Fri Jan 24 20:19:58 2025: GUIDANCE_SMGR: closing session for UUID 'd5ecf84f-c3e3-4f3c-86ec-49827d86e46e' with name ''
Fri Jan 24 20:19:58 2025: STOP_SERVER received, server token: 5cf60cf4-da62-11ef-bf69-d8c0a69b5d79, passed token: 5cf60cf4-da62-11ef-bf69-d8c0a69b5d79
Fri Jan 24 20:19:58 2025: Socket received request to stop server.
Fri Jan 24 20:19:58 2025: Dispatch Server: do_await_stop
Fri Jan 24 20:19:58 2025: Dispatch Server: stopping mainFifo_
Fri Jan 24 20:19:58 2025: XCD main fifo: Stopping
Fri Jan 24 20:19:58 2025: XCD main fifo: do_read error code: Operation canceled
Fri Jan 24 20:19:58 2025: XCD main fifo: bytes_transferred: 0
Fri Jan 24 20:19:58 2025: SERVER: destructor for server bound to port 60585
Fri Jan 24 20:19:58 2025: XCD main fifo: Good unlink of /tmp/xcdmain5cf60cf4-da62-11ef-bf69-d8c0a69b5d79
Fri Jan 24 20:19:58 2025: Server exiting with status 0.
Fri Jan 24 20:19:58 2025: Closing log file.
Fri Jan 24 20:22:29 2025: Running xcd server. This server was built by gradle.
Fri Jan 24 20:22:29 2025: Server was asked to start on port: '51435'
Fri Jan 24 20:22:29 2025: Server is using token UUID: 'd49f01a2-da62-11ef-bf69-d8c0a69b5d79'
Fri Jan 24 20:22:29 2025: SESSION_MGR: creating session with session uuid: '6d04a3e9-ade5-4ab9-8d63-1f78fcd2ec76' and name 'default'
Fri Jan 24 20:22:29 2025: Attempting to start server on port '51435'
Fri Jan 24 20:22:29 2025: XCD main fifo: created main fifo '/tmp/xcdmaind49f01a2-da62-11ef-bf69-d8c0a69b5d79', fd read = 11
Fri Jan 24 20:22:29 2025: Running Dispatch Server
Fri Jan 24 20:22:29 2025: Version 2.2.0
Fri Jan 24 20:22:31 2025: Dispatch Server: Accepted socket connection from client
Fri Jan 24 20:22:31 2025: Starting Socket connection
Fri Jan 24 20:22:31 2025: EXCHANGE_TOKEN received, server token: d49f01a2-da62-11ef-bf69-d8c0a69b5d79, passed token: d49f01a2-da62-11ef-bf69-d8c0a69b5d79
Fri Jan 24 20:22:31 2025: SESSION_MGR: creating session with session uuid: '72e0b2ad-c044-4f49-95bd-820e49e84f0d' and name 'Code Analyzer'
Fri Jan 24 20:22:31 2025: KERNEL_SVC: creating session with uuid: '72e0b2ad-c044-4f49-95bd-820e49e84f0d' and name 'Code Analyzer'
Fri Jan 24 20:22:31 2025: GUIDANCE_SMGR: creating guidance session with uuid: '72e0b2ad-c044-4f49-95bd-820e49e84f0d' and name 'Code Analyzer'
Fri Jan 24 20:23:22 2025: SESSION_MGR: closing session for UUID '72e0b2ad-c044-4f49-95bd-820e49e84f0d' with name ''
Fri Jan 24 20:23:22 2025: KERNEL_SVC: closing session for UUID '72e0b2ad-c044-4f49-95bd-820e49e84f0d' with name ''
Fri Jan 24 20:23:22 2025: GUIDANCE_SMGR: closing session for UUID '72e0b2ad-c044-4f49-95bd-820e49e84f0d' with name ''
Fri Jan 24 20:23:22 2025: STOP_SERVER received, server token: d49f01a2-da62-11ef-bf69-d8c0a69b5d79, passed token: d49f01a2-da62-11ef-bf69-d8c0a69b5d79
Fri Jan 24 20:23:22 2025: Socket received request to stop server.
Fri Jan 24 20:23:22 2025: Dispatch Server: do_await_stop
Fri Jan 24 20:23:22 2025: Dispatch Server: stopping mainFifo_
Fri Jan 24 20:23:22 2025: XCD main fifo: Stopping
Fri Jan 24 20:23:22 2025: XCD main fifo: do_read error code: Operation canceled
Fri Jan 24 20:23:22 2025: XCD main fifo: bytes_transferred: 0
Fri Jan 24 20:23:22 2025: SERVER: destructor for server bound to port 51435
Fri Jan 24 20:23:22 2025: XCD main fifo: Good unlink of /tmp/xcdmaind49f01a2-da62-11ef-bf69-d8c0a69b5d79
Fri Jan 24 20:23:22 2025: Server exiting with status 0.
Fri Jan 24 20:23:22 2025: Closing log file.
Fri Jan 24 20:24:18 2025: Running xcd server. This server was built by gradle.
Fri Jan 24 20:24:18 2025: Server was asked to start on port: '57609'
Fri Jan 24 20:24:18 2025: Server is using token UUID: '156e921a-da63-11ef-bf69-d8c0a69b5d79'
Fri Jan 24 20:24:18 2025: SESSION_MGR: creating session with session uuid: '6d04a3e9-ade5-4ab9-8d63-1f78fcd2ec76' and name 'default'
Fri Jan 24 20:24:18 2025: Attempting to start server on port '57609'
Fri Jan 24 20:24:18 2025: XCD main fifo: created main fifo '/tmp/xcdmain156e921a-da63-11ef-bf69-d8c0a69b5d79', fd read = 11
Fri Jan 24 20:24:18 2025: Running Dispatch Server
Fri Jan 24 20:24:18 2025: Version 2.2.0
Fri Jan 24 20:24:19 2025: Dispatch Server: Accepted socket connection from client
Fri Jan 24 20:24:19 2025: Starting Socket connection
Fri Jan 24 20:24:19 2025: EXCHANGE_TOKEN received, server token: 156e921a-da63-11ef-bf69-d8c0a69b5d79, passed token: 156e921a-da63-11ef-bf69-d8c0a69b5d79
Fri Jan 24 20:24:19 2025: SESSION_MGR: creating session with session uuid: 'd4b00b9a-2427-40ab-ab81-0b109c02a14b' and name 'Code Analyzer'
Fri Jan 24 20:24:19 2025: KERNEL_SVC: creating session with uuid: 'd4b00b9a-2427-40ab-ab81-0b109c02a14b' and name 'Code Analyzer'
Fri Jan 24 20:24:19 2025: GUIDANCE_SMGR: creating guidance session with uuid: 'd4b00b9a-2427-40ab-ab81-0b109c02a14b' and name 'Code Analyzer'
Fri Jan 24 20:25:26 2025: SESSION_MGR: closing session for UUID 'd4b00b9a-2427-40ab-ab81-0b109c02a14b' with name ''
Fri Jan 24 20:25:26 2025: KERNEL_SVC: closing session for UUID 'd4b00b9a-2427-40ab-ab81-0b109c02a14b' with name ''
Fri Jan 24 20:25:26 2025: GUIDANCE_SMGR: closing session for UUID 'd4b00b9a-2427-40ab-ab81-0b109c02a14b' with name ''
Fri Jan 24 20:25:26 2025: STOP_SERVER received, server token: 156e921a-da63-11ef-bf69-d8c0a69b5d79, passed token: 156e921a-da63-11ef-bf69-d8c0a69b5d79
Fri Jan 24 20:25:26 2025: Socket received request to stop server.
Fri Jan 24 20:25:26 2025: Dispatch Server: do_await_stop
Fri Jan 24 20:25:26 2025: Dispatch Server: stopping mainFifo_
Fri Jan 24 20:25:26 2025: XCD main fifo: Stopping
Fri Jan 24 20:25:26 2025: XCD main fifo: do_read error code: Operation canceled
Fri Jan 24 20:25:26 2025: XCD main fifo: bytes_transferred: 0
Fri Jan 24 20:25:26 2025: SERVER: destructor for server bound to port 57609
Fri Jan 24 20:25:26 2025: XCD main fifo: Good unlink of /tmp/xcdmain156e921a-da63-11ef-bf69-d8c0a69b5d79
Fri Jan 24 20:25:26 2025: Server exiting with status 0.
Fri Jan 24 20:25:26 2025: Closing log file.
Fri Jan 24 20:26:44 2025: Running xcd server. This server was built by gradle.
Fri Jan 24 20:26:44 2025: Server was asked to start on port: '42605'
Fri Jan 24 20:26:44 2025: Server is using token UUID: '6c7832be-da63-11ef-bf69-d8c0a69b5d79'
Fri Jan 24 20:26:44 2025: SESSION_MGR: creating session with session uuid: '6d04a3e9-ade5-4ab9-8d63-1f78fcd2ec76' and name 'default'
Fri Jan 24 20:26:44 2025: Attempting to start server on port '42605'
Fri Jan 24 20:26:44 2025: XCD main fifo: created main fifo '/tmp/xcdmain6c7832be-da63-11ef-bf69-d8c0a69b5d79', fd read = 11
Fri Jan 24 20:26:44 2025: Running Dispatch Server
Fri Jan 24 20:26:44 2025: Version 2.2.0
Fri Jan 24 20:26:45 2025: Dispatch Server: Accepted socket connection from client
Fri Jan 24 20:26:45 2025: Starting Socket connection
Fri Jan 24 20:26:45 2025: EXCHANGE_TOKEN received, server token: 6c7832be-da63-11ef-bf69-d8c0a69b5d79, passed token: 6c7832be-da63-11ef-bf69-d8c0a69b5d79
Fri Jan 24 20:26:45 2025: SESSION_MGR: creating session with session uuid: '6a14d648-82ec-43a8-9964-bdd8478e05e2' and name 'Code Analyzer'
Fri Jan 24 20:26:45 2025: KERNEL_SVC: creating session with uuid: '6a14d648-82ec-43a8-9964-bdd8478e05e2' and name 'Code Analyzer'
Fri Jan 24 20:26:45 2025: GUIDANCE_SMGR: creating guidance session with uuid: '6a14d648-82ec-43a8-9964-bdd8478e05e2' and name 'Code Analyzer'
Fri Jan 24 20:26:50 2025: SESSION_MGR: closing session for UUID '6a14d648-82ec-43a8-9964-bdd8478e05e2' with name ''
Fri Jan 24 20:26:50 2025: KERNEL_SVC: closing session for UUID '6a14d648-82ec-43a8-9964-bdd8478e05e2' with name ''
Fri Jan 24 20:26:50 2025: GUIDANCE_SMGR: closing session for UUID '6a14d648-82ec-43a8-9964-bdd8478e05e2' with name ''
Fri Jan 24 20:26:50 2025: STOP_SERVER received, server token: 6c7832be-da63-11ef-bf69-d8c0a69b5d79, passed token: 6c7832be-da63-11ef-bf69-d8c0a69b5d79
Fri Jan 24 20:26:50 2025: Socket received request to stop server.
Fri Jan 24 20:26:50 2025: Dispatch Server: do_await_stop
Fri Jan 24 20:26:50 2025: Dispatch Server: stopping mainFifo_
Fri Jan 24 20:26:50 2025: XCD main fifo: Stopping
Fri Jan 24 20:26:50 2025: XCD main fifo: do_read error code: Operation canceled
Fri Jan 24 20:26:50 2025: XCD main fifo: bytes_transferred: 0
Fri Jan 24 20:26:50 2025: SERVER: destructor for server bound to port 42605
Fri Jan 24 20:26:50 2025: XCD main fifo: Good unlink of /tmp/xcdmain6c7832be-da63-11ef-bf69-d8c0a69b5d79
Fri Jan 24 20:26:50 2025: Server exiting with status 0.
Fri Jan 24 20:26:50 2025: Closing log file.
Fri Jan 24 20:27:29 2025: Running xcd server. This server was built by gradle.
Fri Jan 24 20:27:29 2025: Server was asked to start on port: '38813'
Fri Jan 24 20:27:29 2025: Server is using token UUID: '875da9e2-da63-11ef-bf69-d8c0a69b5d79'
Fri Jan 24 20:27:29 2025: SESSION_MGR: creating session with session uuid: '6d04a3e9-ade5-4ab9-8d63-1f78fcd2ec76' and name 'default'
Fri Jan 24 20:27:29 2025: Attempting to start server on port '38813'
Fri Jan 24 20:27:29 2025: XCD main fifo: created main fifo '/tmp/xcdmain875da9e2-da63-11ef-bf69-d8c0a69b5d79', fd read = 11
Fri Jan 24 20:27:29 2025: Running Dispatch Server
Fri Jan 24 20:27:29 2025: Version 2.2.0
Fri Jan 24 20:27:31 2025: Dispatch Server: Accepted socket connection from client
Fri Jan 24 20:27:31 2025: Starting Socket connection
Fri Jan 24 20:27:31 2025: EXCHANGE_TOKEN received, server token: 875da9e2-da63-11ef-bf69-d8c0a69b5d79, passed token: 875da9e2-da63-11ef-bf69-d8c0a69b5d79
Fri Jan 24 20:27:31 2025: SESSION_MGR: creating session with session uuid: '5953520e-3ae9-4da8-8e1f-38f9d1e20678' and name 'Code Analyzer'
Fri Jan 24 20:27:31 2025: KERNEL_SVC: creating session with uuid: '5953520e-3ae9-4da8-8e1f-38f9d1e20678' and name 'Code Analyzer'
Fri Jan 24 20:27:31 2025: GUIDANCE_SMGR: creating guidance session with uuid: '5953520e-3ae9-4da8-8e1f-38f9d1e20678' and name 'Code Analyzer'
Fri Jan 24 20:28:47 2025: SESSION_MGR: closing session for UUID '5953520e-3ae9-4da8-8e1f-38f9d1e20678' with name ''
Fri Jan 24 20:28:47 2025: KERNEL_SVC: closing session for UUID '5953520e-3ae9-4da8-8e1f-38f9d1e20678' with name ''
Fri Jan 24 20:28:47 2025: GUIDANCE_SMGR: closing session for UUID '5953520e-3ae9-4da8-8e1f-38f9d1e20678' with name ''
Fri Jan 24 20:28:47 2025: STOP_SERVER received, server token: 875da9e2-da63-11ef-bf69-d8c0a69b5d79, passed token: 875da9e2-da63-11ef-bf69-d8c0a69b5d79
Fri Jan 24 20:28:47 2025: Socket received request to stop server.
Fri Jan 24 20:28:47 2025: Dispatch Server: do_await_stop
Fri Jan 24 20:28:47 2025: Dispatch Server: stopping mainFifo_
Fri Jan 24 20:28:47 2025: XCD main fifo: Stopping
Fri Jan 24 20:28:47 2025: XCD main fifo: do_read error code: Operation canceled
Fri Jan 24 20:28:47 2025: XCD main fifo: bytes_transferred: 0
Fri Jan 24 20:28:47 2025: SERVER: destructor for server bound to port 38813
Fri Jan 24 20:28:47 2025: XCD main fifo: Good unlink of /tmp/xcdmain875da9e2-da63-11ef-bf69-d8c0a69b5d79
Fri Jan 24 20:28:47 2025: Server exiting with status 0.
Fri Jan 24 20:28:47 2025: Closing log file.
Fri Jan 24 20:30:11 2025: Running xcd server. This server was built by gradle.
Fri Jan 24 20:30:11 2025: Server was asked to start on port: '49149'
Fri Jan 24 20:30:11 2025: Server is using token UUID: 'e7e59202-da63-11ef-bf69-d8c0a69b5d79'
Fri Jan 24 20:30:11 2025: SESSION_MGR: creating session with session uuid: '6d04a3e9-ade5-4ab9-8d63-1f78fcd2ec76' and name 'default'
Fri Jan 24 20:30:11 2025: Attempting to start server on port '49149'
Fri Jan 24 20:30:11 2025: XCD main fifo: created main fifo '/tmp/xcdmaine7e59202-da63-11ef-bf69-d8c0a69b5d79', fd read = 11
Fri Jan 24 20:30:11 2025: Running Dispatch Server
Fri Jan 24 20:30:11 2025: Version 2.2.0
Fri Jan 24 20:30:13 2025: Dispatch Server: Accepted socket connection from client
Fri Jan 24 20:30:13 2025: Starting Socket connection
Fri Jan 24 20:30:13 2025: EXCHANGE_TOKEN received, server token: e7e59202-da63-11ef-bf69-d8c0a69b5d79, passed token: e7e59202-da63-11ef-bf69-d8c0a69b5d79
Fri Jan 24 20:30:13 2025: SESSION_MGR: creating session with session uuid: 'a4a89bf6-028b-485b-9dab-f3d39112527d' and name 'Code Analyzer'
Fri Jan 24 20:30:13 2025: KERNEL_SVC: creating session with uuid: 'a4a89bf6-028b-485b-9dab-f3d39112527d' and name 'Code Analyzer'
Fri Jan 24 20:30:13 2025: GUIDANCE_SMGR: creating guidance session with uuid: 'a4a89bf6-028b-485b-9dab-f3d39112527d' and name 'Code Analyzer'
Fri Jan 24 20:31:19 2025: Running xcd server. This server was built by gradle.
Fri Jan 24 20:31:19 2025: Server was asked to start on port: '46183'
Fri Jan 24 20:31:19 2025: Server is using token UUID: '0fdd8c56-da64-11ef-bf69-d8c0a69b5d79'
Fri Jan 24 20:31:19 2025: SESSION_MGR: creating session with session uuid: '6d04a3e9-ade5-4ab9-8d63-1f78fcd2ec76' and name 'default'
Fri Jan 24 20:31:19 2025: Attempting to start server on port '46183'
Fri Jan 24 20:31:19 2025: XCD main fifo: created main fifo '/tmp/xcdmain0fdd8c56-da64-11ef-bf69-d8c0a69b5d79', fd read = 11
Fri Jan 24 20:31:19 2025: Running Dispatch Server
Fri Jan 24 20:31:19 2025: Version 2.2.0
Fri Jan 24 20:31:20 2025: Dispatch Server: Accepted socket connection from client
Fri Jan 24 20:31:20 2025: Starting Socket connection
Fri Jan 24 20:31:20 2025: EXCHANGE_TOKEN received, server token: 0fdd8c56-da64-11ef-bf69-d8c0a69b5d79, passed token: 0fdd8c56-da64-11ef-bf69-d8c0a69b5d79
Fri Jan 24 20:31:20 2025: SESSION_MGR: creating session with session uuid: '4ef0711a-7a77-450c-80c9-9112a5fadfbe' and name 'Code Analyzer'
Fri Jan 24 20:31:20 2025: KERNEL_SVC: creating session with uuid: '4ef0711a-7a77-450c-80c9-9112a5fadfbe' and name 'Code Analyzer'
Fri Jan 24 20:31:20 2025: GUIDANCE_SMGR: creating guidance session with uuid: '4ef0711a-7a77-450c-80c9-9112a5fadfbe' and name 'Code Analyzer'
Fri Jan 24 20:32:20 2025: SESSION_MGR: closing session for UUID '4ef0711a-7a77-450c-80c9-9112a5fadfbe' with name ''
Fri Jan 24 20:32:20 2025: KERNEL_SVC: closing session for UUID '4ef0711a-7a77-450c-80c9-9112a5fadfbe' with name ''
Fri Jan 24 20:32:20 2025: GUIDANCE_SMGR: closing session for UUID '4ef0711a-7a77-450c-80c9-9112a5fadfbe' with name ''
Fri Jan 24 20:32:20 2025: STOP_SERVER received, server token: 0fdd8c56-da64-11ef-bf69-d8c0a69b5d79, passed token: 0fdd8c56-da64-11ef-bf69-d8c0a69b5d79
Fri Jan 24 20:32:20 2025: Socket received request to stop server.
Fri Jan 24 20:32:20 2025: Dispatch Server: do_await_stop
Fri Jan 24 20:32:20 2025: Dispatch Server: stopping mainFifo_
Fri Jan 24 20:32:20 2025: XCD main fifo: Stopping
Fri Jan 24 20:32:20 2025: XCD main fifo: do_read error code: Operation canceled
Fri Jan 24 20:32:20 2025: XCD main fifo: bytes_transferred: 0
Fri Jan 24 20:32:20 2025: SERVER: destructor for server bound to port 46183
Fri Jan 24 20:32:20 2025: XCD main fifo: Good unlink of /tmp/xcdmain0fdd8c56-da64-11ef-bf69-d8c0a69b5d79
Fri Jan 24 20:32:20 2025: Server exiting with status 0.
Fri Jan 24 20:32:20 2025: Closing log file.
Fri Jan 24 21:14:24 2025: Running xcd server. This server was built by gradle.
Fri Jan 24 21:14:24 2025: Server was asked to start on port: '35991'
Fri Jan 24 21:14:24 2025: Server is using token UUID: '153036ee-da6a-11ef-bf69-d8c0a69b5d79'
Fri Jan 24 21:14:24 2025: SESSION_MGR: creating session with session uuid: '6d04a3e9-ade5-4ab9-8d63-1f78fcd2ec76' and name 'default'
Fri Jan 24 21:14:24 2025: Attempting to start server on port '35991'
Fri Jan 24 21:14:24 2025: XCD main fifo: created main fifo '/tmp/xcdmain153036ee-da6a-11ef-bf69-d8c0a69b5d79', fd read = 11
Fri Jan 24 21:14:24 2025: Running Dispatch Server
Fri Jan 24 21:14:24 2025: Version 2.2.0
Fri Jan 24 21:14:25 2025: Dispatch Server: Accepted socket connection from client
Fri Jan 24 21:14:25 2025: Starting Socket connection
Fri Jan 24 21:14:25 2025: EXCHANGE_TOKEN received, server token: 153036ee-da6a-11ef-bf69-d8c0a69b5d79, passed token: 153036ee-da6a-11ef-bf69-d8c0a69b5d79
Fri Jan 24 21:14:25 2025: SESSION_MGR: creating session with session uuid: 'dece8690-4c60-4f27-9813-24c0643bb62d' and name 'Code Analyzer'
Fri Jan 24 21:14:25 2025: KERNEL_SVC: creating session with uuid: 'dece8690-4c60-4f27-9813-24c0643bb62d' and name 'Code Analyzer'
Fri Jan 24 21:14:25 2025: GUIDANCE_SMGR: creating guidance session with uuid: 'dece8690-4c60-4f27-9813-24c0643bb62d' and name 'Code Analyzer'
Fri Jan 24 21:16:40 2025: SESSION_MGR: closing session for UUID 'dece8690-4c60-4f27-9813-24c0643bb62d' with name ''
Fri Jan 24 21:16:40 2025: KERNEL_SVC: closing session for UUID 'dece8690-4c60-4f27-9813-24c0643bb62d' with name ''
Fri Jan 24 21:16:40 2025: GUIDANCE_SMGR: closing session for UUID 'dece8690-4c60-4f27-9813-24c0643bb62d' with name ''
Fri Jan 24 21:16:40 2025: STOP_SERVER received, server token: 153036ee-da6a-11ef-bf69-d8c0a69b5d79, passed token: 153036ee-da6a-11ef-bf69-d8c0a69b5d79
Fri Jan 24 21:16:40 2025: Socket received request to stop server.
Fri Jan 24 21:16:40 2025: Dispatch Server: do_await_stop
Fri Jan 24 21:16:40 2025: Dispatch Server: stopping mainFifo_
Fri Jan 24 21:16:40 2025: XCD main fifo: Stopping
Fri Jan 24 21:16:40 2025: XCD main fifo: do_read error code: Operation canceled
Fri Jan 24 21:16:40 2025: XCD main fifo: bytes_transferred: 0
Fri Jan 24 21:16:40 2025: SERVER: destructor for server bound to port 35991
Fri Jan 24 21:16:40 2025: XCD main fifo: Good unlink of /tmp/xcdmain153036ee-da6a-11ef-bf69-d8c0a69b5d79
Fri Jan 24 21:16:40 2025: Server exiting with status 0.
Fri Jan 24 21:16:40 2025: Closing log file.
Fri Jan 24 21:21:31 2025: Running xcd server. This server was built by gradle.
Fri Jan 24 21:21:31 2025: Server was asked to start on port: '44207'
Fri Jan 24 21:21:31 2025: Server is using token UUID: '136bdac4-da6b-11ef-bf69-d8c0a69b5d79'
Fri Jan 24 21:21:31 2025: SESSION_MGR: creating session with session uuid: '6d04a3e9-ade5-4ab9-8d63-1f78fcd2ec76' and name 'default'
Fri Jan 24 21:21:31 2025: Attempting to start server on port '44207'
Fri Jan 24 21:21:31 2025: XCD main fifo: created main fifo '/tmp/xcdmain136bdac4-da6b-11ef-bf69-d8c0a69b5d79', fd read = 11
Fri Jan 24 21:21:31 2025: Running Dispatch Server
Fri Jan 24 21:21:31 2025: Version 2.2.0
Fri Jan 24 21:21:32 2025: Dispatch Server: Accepted socket connection from client
Fri Jan 24 21:21:32 2025: Starting Socket connection
Fri Jan 24 21:21:32 2025: EXCHANGE_TOKEN received, server token: 136bdac4-da6b-11ef-bf69-d8c0a69b5d79, passed token: 136bdac4-da6b-11ef-bf69-d8c0a69b5d79
Fri Jan 24 21:21:32 2025: SESSION_MGR: creating session with session uuid: '34c2e6af-be14-46a8-a954-b9b46a2455cd' and name 'Code Analyzer'
Fri Jan 24 21:21:32 2025: KERNEL_SVC: creating session with uuid: '34c2e6af-be14-46a8-a954-b9b46a2455cd' and name 'Code Analyzer'
Fri Jan 24 21:21:32 2025: GUIDANCE_SMGR: creating guidance session with uuid: '34c2e6af-be14-46a8-a954-b9b46a2455cd' and name 'Code Analyzer'
Fri Jan 24 21:23:39 2025: SESSION_MGR: closing session for UUID '34c2e6af-be14-46a8-a954-b9b46a2455cd' with name ''
Fri Jan 24 21:23:39 2025: KERNEL_SVC: closing session for UUID '34c2e6af-be14-46a8-a954-b9b46a2455cd' with name ''
Fri Jan 24 21:23:39 2025: GUIDANCE_SMGR: closing session for UUID '34c2e6af-be14-46a8-a954-b9b46a2455cd' with name ''
Fri Jan 24 21:23:39 2025: STOP_SERVER received, server token: 136bdac4-da6b-11ef-bf69-d8c0a69b5d79, passed token: 136bdac4-da6b-11ef-bf69-d8c0a69b5d79
Fri Jan 24 21:23:39 2025: Socket received request to stop server.
Fri Jan 24 21:23:39 2025: Dispatch Server: do_await_stop
Fri Jan 24 21:23:39 2025: Dispatch Server: stopping mainFifo_
Fri Jan 24 21:23:39 2025: XCD main fifo: Stopping
Fri Jan 24 21:23:39 2025: XCD main fifo: do_read error code: Operation canceled
Fri Jan 24 21:23:39 2025: XCD main fifo: bytes_transferred: 0
Fri Jan 24 21:23:39 2025: SERVER: destructor for server bound to port 44207
Fri Jan 24 21:23:39 2025: XCD main fifo: Good unlink of /tmp/xcdmain136bdac4-da6b-11ef-bf69-d8c0a69b5d79
Fri Jan 24 21:23:39 2025: Server exiting with status 0.
Fri Jan 24 21:23:39 2025: Closing log file.
Fri Jan 24 21:45:44 2025: Running xcd server. This server was built by gradle.
Fri Jan 24 21:45:44 2025: Server was asked to start on port: '46735'
Fri Jan 24 21:45:44 2025: Server is using token UUID: '755ab52c-da6e-11ef-bf69-d8c0a69b5d79'
Fri Jan 24 21:45:44 2025: SESSION_MGR: creating session with session uuid: '6d04a3e9-ade5-4ab9-8d63-1f78fcd2ec76' and name 'default'
Fri Jan 24 21:45:44 2025: Attempting to start server on port '46735'
Fri Jan 24 21:45:44 2025: XCD main fifo: created main fifo '/tmp/xcdmain755ab52c-da6e-11ef-bf69-d8c0a69b5d79', fd read = 11
Fri Jan 24 21:45:44 2025: Running Dispatch Server
Fri Jan 24 21:45:44 2025: Version 2.2.0
Fri Jan 24 21:45:45 2025: Dispatch Server: Accepted socket connection from client
Fri Jan 24 21:45:45 2025: Starting Socket connection
Fri Jan 24 21:45:45 2025: EXCHANGE_TOKEN received, server token: 755ab52c-da6e-11ef-bf69-d8c0a69b5d79, passed token: 755ab52c-da6e-11ef-bf69-d8c0a69b5d79
Fri Jan 24 21:45:45 2025: SESSION_MGR: creating session with session uuid: '3dd44153-66df-44f5-9710-38c753ddc034' and name 'Code Analyzer'
Fri Jan 24 21:45:45 2025: KERNEL_SVC: creating session with uuid: '3dd44153-66df-44f5-9710-38c753ddc034' and name 'Code Analyzer'
Fri Jan 24 21:45:45 2025: GUIDANCE_SMGR: creating guidance session with uuid: '3dd44153-66df-44f5-9710-38c753ddc034' and name 'Code Analyzer'
