#-----------------------------------------------------------
# Vivado v2024.2 (64-bit)
# SW Build 5239630 on Fri Nov 08 22:34:34 MST 2024
# IP Build 5239520 on Sun Nov 10 16:12:51 MST 2024
# SharedData Build 5239561 on Fri Nov 08 14:39:27 MST 2024
# Start of session at: Sat Jan 25 23:49:47 2025
# Process ID         : 7496
# Current directory  : /primary/HLS/Alex_Net/Pad4/impl/ip
# Command line       : vivado -notrace -mode batch -source run_ippack.tcl
# Log file           : /primary/HLS/Alex_Net/Pad4/impl/ip/vivado.log
# Journal file       : /primary/HLS/Alex_Net/Pad4/impl/ip/vivado.jou
# Running On         : arix8
# Platform           : Ubuntu
# Operating System   : Ubuntu 24.04.1 LTS
# Processor Detail   : AMD Ryzen 7 3700U with Radeon Vega Mobile Gfx
# CPU Frequency      : 1195.719 MHz
# CPU Physical cores : 4
# CPU Logical cores  : 8
# Host memory        : 6119 MB
# Swap memory        : 2147 MB
# Total Virtual      : 8267 MB
# Available Virtual  : 4606 MB
#-----------------------------------------------------------
source run_ippack.tcl -notrace
INFO: calling package_hls_ip ip_types=vitis sysgen json_file=/primary/HLS/Alex_Net/Pad4/Pad4_data.json outdir=/primary/HLS/Alex_Net/Pad4/impl/ip srcdir=/primary/HLS/Alex_Net/Pad4 sort_interfaces_ports=false
INFO: Copied 1 ipmisc file(s) to /primary/HLS/Alex_Net/Pad4/impl/ip/misc
INFO: Copied 5 verilog file(s) to /primary/HLS/Alex_Net/Pad4/impl/ip/hdl/verilog
INFO: Copied 5 vhdl file(s) to /primary/HLS/Alex_Net/Pad4/impl/ip/hdl/vhdl
INFO: Import ports from HDL: /primary/HLS/Alex_Net/Pad4/impl/ip/hdl/vhdl/pad4.vhd (pad4)
INFO: Add clock interface ap_clk
INFO: Add reset interface ap_rst
INFO: Add ap_ctrl interface ap_ctrl
INFO: Add data interface inp_img_address0
INFO: [IP_Flow 19-234] Refreshing IP repositories
INFO: [IP_Flow 19-1704] No user IP repositories specified
INFO: [IP_Flow 19-2313] Loaded Vivado IP repository '/work/Xilinx/Vivado/2024.2/data/ip'.
INFO: Add data interface inp_img_q0
INFO: Add data interface out_img_address0
INFO: Add data interface out_img_d0
INFO: Calling post_process_vitis to specialize IP
INFO: Calling post_process_sysgen to specialize IP
Generating sysgen info xml from json file
INFO: Created IP /primary/HLS/Alex_Net/Pad4/impl/ip/component.xml
INFO: Created IP archive /primary/HLS/Alex_Net/Pad4/impl/ip/xilinx_com_hls_pad4_1_0.zip
INFO: [Common 17-206] Exiting Vivado at Sat Jan 25 23:49:57 2025...
