

================================================================
== Vitis HLS Report for 'pool2'
================================================================
* Date:           Sat Jan 25 23:53:55 2025

* Version:        2024.2 (Build 5238294 on Nov  8 2024)
* Project:        Alex_Net
* Solution:       Pool2 (Vivado IP Flow Target)
* Product family: zynquplus
* Target device:  xczu7ev-ffvc1156-2-i


================================================================
== Performance Estimates
================================================================
+ Timing: 
    * Summary: 
    +--------+----------+----------+------------+
    |  Clock |  Target  | Estimated| Uncertainty|
    +--------+----------+----------+------------+
    |ap_clk  |  10.00 ns|  7.300 ns|     2.70 ns|
    +--------+----------+----------+------------+

+ Latency: 
    * Summary: 
    +---------+---------+----------+----------+--------+--------+---------+
    |  Latency (cycles) |  Latency (absolute) |     Interval    | Pipeline|
    |   min   |   max   |    min   |    max   |   min  |   max  |   Type  |
    +---------+---------+----------+----------+--------+--------+---------+
    |   275975|   275975|  2.760 ms|  2.760 ms|  275976|  275976|       no|
    +---------+---------+----------+----------+--------+--------+---------+

    + Detail: 
        * Instance: 
        +---------------------------------+----------------------+---------+---------+-----------+-----------+------+------+------------------------------------------------+
        |                                 |                      |  Latency (cycles) |   Latency (absolute)  |   Interval  |                    Pipeline                    |
        |             Instance            |        Module        |   min   |   max   |    min    |    max    |  min |  max |                      Type                      |
        +---------------------------------+----------------------+---------+---------+-----------+-----------+------+------+------------------------------------------------+
        |grp_pool2_Pipeline_L4_fu_359     |pool2_Pipeline_L4     |       30|       30|   0.300 us|   0.300 us|    28|    28|  loop auto-rewind stp (delay=0 clock cycles(s))|
        |grp_pool2_Pipeline_L5_L6_fu_420  |pool2_Pipeline_L5_L6  |     1035|     1035|  10.350 us|  10.350 us|  1020|  1020|  loop auto-rewind stp (delay=0 clock cycles(s))|
        +---------------------------------+----------------------+---------+---------+-----------+-----------+------+------+------------------------------------------------+

        * Loop: 
        +-------------------+---------+---------+----------+-----------+-----------+------+----------+
        |                   |  Latency (cycles) | Iteration|  Initiation Interval  | Trip |          |
        |     Loop Name     |   min   |   max   |  Latency |  achieved |   target  | Count| Pipelined|
        +-------------------+---------+---------+----------+-----------+-----------+------+----------+
        |- VITIS_LOOP_51_1  |   275968|   275968|      1078|          -|          -|   256|        no|
        +-------------------+---------+---------+----------+-----------+-----------+------+----------+



================================================================
== Utilization Estimates
================================================================
* Summary: 
+-----------------+---------+------+--------+--------+-----+
|       Name      | BRAM_18K|  DSP |   FF   |   LUT  | URAM|
+-----------------+---------+------+--------+--------+-----+
|DSP              |        -|     -|       -|       -|    -|
|Expression       |        -|     -|       0|     156|    -|
|FIFO             |        -|     -|       -|       -|    -|
|Instance         |        4|     0|    4395|    4240|    0|
|Memory           |        -|     -|       -|       -|    -|
|Multiplexer      |        -|     -|       0|     299|    -|
|Register         |        -|     -|    1331|       -|    -|
+-----------------+---------+------+--------+--------+-----+
|Total            |        4|     0|    5726|    4695|    0|
+-----------------+---------+------+--------+--------+-----+
|Available        |      624|  1728|  460800|  230400|   96|
+-----------------+---------+------+--------+--------+-----+
|Utilization (%)  |       ~0|     0|       1|       2|    0|
+-----------------+---------+------+--------+--------+-----+

+ Detail: 
    * Instance: 
    +---------------------------------+----------------------+---------+----+------+------+-----+
    |             Instance            |        Module        | BRAM_18K| DSP|  FF  |  LUT | URAM|
    +---------------------------------+----------------------+---------+----+------+------+-----+
    |control_s_axi_U                  |control_s_axi         |        0|   0|   176|   296|    0|
    |gmem_m_axi_U                     |gmem_m_axi            |        4|   0|   824|   682|    0|
    |grp_pool2_Pipeline_L4_fu_359     |pool2_Pipeline_L4     |        0|   0|   940|   318|    0|
    |grp_pool2_Pipeline_L5_L6_fu_420  |pool2_Pipeline_L5_L6  |        0|   0|  2455|  2944|    0|
    +---------------------------------+----------------------+---------+----+------+------+-----+
    |Total                            |                      |        4|   0|  4395|  4240|    0|
    +---------------------------------+----------------------+---------+----+------+------+-----+

    * DSP: 
    N/A

    * Memory: 
    N/A

    * FIFO: 
    N/A

    * Expression: 
    +----------------------+----------+----+---+----+------------+------------+
    |     Variable Name    | Operation| DSP| FF| LUT| Bitwidth P0| Bitwidth P1|
    +----------------------+----------+----+---+----+------------+------------+
    |add_ln51_1_fu_533_p2  |         +|   0|  0|  27|          20|          12|
    |add_ln51_2_fu_539_p2  |         +|   0|  0|  25|          18|          10|
    |add_ln51_fu_551_p2    |         +|   0|  0|  16|           9|           1|
    |empty_41_fu_561_p2    |         +|   0|  0|  71|          64|          64|
    |icmp_ln51_fu_545_p2   |      icmp|   0|  0|  17|           9|          10|
    +----------------------+----------+----+---+----+------------+------------+
    |Total                 |          |   0|  0| 156|         120|          97|
    +----------------------+----------+----+---+----+------------+------------+

    * Multiplexer: 
    +-----------------+-----+-----------+-----+-----------+
    |       Name      | LUT | Input Size| Bits| Total Bits|
    +-----------------+-----+-----------+-----+-----------+
    |ap_NS_fsm        |  106|         21|    1|         21|
    |c_fu_112         |    9|          2|    9|         18|
    |gmem_0_ARADDR    |   20|          4|   64|        256|
    |gmem_0_ARLEN     |   20|          4|   32|        128|
    |gmem_0_ARVALID   |   20|          4|    1|          4|
    |gmem_0_AWADDR    |   14|          3|   64|        192|
    |gmem_0_AWLEN     |   14|          3|   32|         96|
    |gmem_0_AWVALID   |   14|          3|    1|          3|
    |gmem_0_BREADY    |   14|          3|    1|          3|
    |gmem_0_RREADY    |   14|          3|    1|          3|
    |gmem_0_WVALID    |    9|          2|    1|          2|
    |gmem_blk_n_AR    |    9|          2|    1|          2|
    |gmem_blk_n_AW    |    9|          2|    1|          2|
    |gmem_blk_n_B     |    9|          2|    1|          2|
    |phi_mul16_fu_92  |    9|          2|   20|         40|
    |phi_mul_fu_96    |    9|          2|   18|         36|
    +-----------------+-----+-----------+-----+-----------+
    |Total            |  299|         62|  248|        808|
    +-----------------+-----+-----------+-----+-----------+

    * Register: 
    +----------------------------------------------+----+----+-----+-----------+
    |                     Name                     | FF | LUT| Bits| Const Bits|
    +----------------------------------------------+----+----+-----+-----------+
    |ap_CS_fsm                                     |  20|   0|   20|          0|
    |c_fu_112                                      |   9|   0|    9|          0|
    |empty_37_fu_104                               |  32|   0|   32|          0|
    |empty_38_fu_108                               |  32|   0|   32|          0|
    |empty_39_fu_220                               |  32|   0|   32|          0|
    |empty_fu_100                                  |  32|   0|   32|          0|
    |grp_pool2_Pipeline_L4_fu_359_ap_start_reg     |   1|   0|    1|          0|
    |grp_pool2_Pipeline_L5_L6_fu_420_ap_start_reg  |   1|   0|    1|          0|
    |inp_img_read_reg_1027                         |  64|   0|   64|          0|
    |mux_case_10134_fu_184                         |  32|   0|   32|          0|
    |mux_case_1150_fu_136                          |  32|   0|   32|          0|
    |mux_case_115_fu_116                           |  32|   0|   32|          0|
    |mux_case_12141_fu_188                         |  32|   0|   32|          0|
    |mux_case_1357_fu_140                          |  32|   0|   32|          0|
    |mux_case_14148_fu_192                         |  32|   0|   32|          0|
    |mux_case_1564_fu_144                          |  32|   0|   32|          0|
    |mux_case_16155_fu_196                         |  32|   0|   32|          0|
    |mux_case_1771_fu_148                          |  32|   0|   32|          0|
    |mux_case_18162_fu_200                         |  32|   0|   32|          0|
    |mux_case_1978_fu_152                          |  32|   0|   32|          0|
    |mux_case_20169_fu_204                         |  32|   0|   32|          0|
    |mux_case_2106_fu_168                          |  32|   0|   32|          0|
    |mux_case_2185_fu_156                          |  32|   0|   32|          0|
    |mux_case_22176_fu_208                         |  32|   0|   32|          0|
    |mux_case_2392_fu_160                          |  32|   0|   32|          0|
    |mux_case_24183_fu_212                         |  32|   0|   32|          0|
    |mux_case_2599_fu_164                          |  32|   0|   32|          0|
    |mux_case_26190_fu_216                         |  32|   0|   32|          0|
    |mux_case_322_fu_120                           |  32|   0|   32|          0|
    |mux_case_4113_fu_172                          |  32|   0|   32|          0|
    |mux_case_529_fu_124                           |  32|   0|   32|          0|
    |mux_case_6120_fu_176                          |  32|   0|   32|          0|
    |mux_case_736_fu_128                           |  32|   0|   32|          0|
    |mux_case_8127_fu_180                          |  32|   0|   32|          0|
    |mux_case_943_fu_132                           |  32|   0|   32|          0|
    |p_load27_reg_1316                             |  32|   0|   32|          0|
    |p_load28_reg_1311                             |  32|   0|   32|          0|
    |p_load29_reg_1306                             |  32|   0|   32|          0|
    |phi_mul16_fu_92                               |  20|   0|   20|          0|
    |phi_mul_fu_96                                 |  18|   0|   18|          0|
    |phi_mul_load_reg_1206                         |  18|   0|   18|          0|
    |trunc_ln1_reg_1214                            |  62|   0|   62|          0|
    |trunc_ln_reg_1195                             |  62|   0|   62|          0|
    +----------------------------------------------+----+----+-----+-----------+
    |Total                                         |1331|   0| 1331|          0|
    +----------------------------------------------+----+----+-----+-----------+



================================================================
== Interface
================================================================
* Summary: 
+-----------------------+-----+-----+------------+--------------+--------------+
|       RTL Ports       | Dir | Bits|  Protocol  | Source Object|    C Type    |
+-----------------------+-----+-----+------------+--------------+--------------+
|s_axi_control_AWVALID  |   in|    1|       s_axi|       control|        scalar|
|s_axi_control_AWREADY  |  out|    1|       s_axi|       control|        scalar|
|s_axi_control_AWADDR   |   in|    6|       s_axi|       control|        scalar|
|s_axi_control_WVALID   |   in|    1|       s_axi|       control|        scalar|
|s_axi_control_WREADY   |  out|    1|       s_axi|       control|        scalar|
|s_axi_control_WDATA    |   in|   32|       s_axi|       control|        scalar|
|s_axi_control_WSTRB    |   in|    4|       s_axi|       control|        scalar|
|s_axi_control_ARVALID  |   in|    1|       s_axi|       control|        scalar|
|s_axi_control_ARREADY  |  out|    1|       s_axi|       control|        scalar|
|s_axi_control_ARADDR   |   in|    6|       s_axi|       control|        scalar|
|s_axi_control_RVALID   |  out|    1|       s_axi|       control|        scalar|
|s_axi_control_RREADY   |   in|    1|       s_axi|       control|        scalar|
|s_axi_control_RDATA    |  out|   32|       s_axi|       control|        scalar|
|s_axi_control_RRESP    |  out|    2|       s_axi|       control|        scalar|
|s_axi_control_BVALID   |  out|    1|       s_axi|       control|        scalar|
|s_axi_control_BREADY   |   in|    1|       s_axi|       control|        scalar|
|s_axi_control_BRESP    |  out|    2|       s_axi|       control|        scalar|
|ap_clk                 |   in|    1|  ap_ctrl_hs|         pool2|  return value|
|ap_rst_n               |   in|    1|  ap_ctrl_hs|         pool2|  return value|
|interrupt              |  out|    1|  ap_ctrl_hs|         pool2|  return value|
|m_axi_gmem_AWVALID     |  out|    1|       m_axi|          gmem|       pointer|
|m_axi_gmem_AWREADY     |   in|    1|       m_axi|          gmem|       pointer|
|m_axi_gmem_AWADDR      |  out|   64|       m_axi|          gmem|       pointer|
|m_axi_gmem_AWID        |  out|    1|       m_axi|          gmem|       pointer|
|m_axi_gmem_AWLEN       |  out|    8|       m_axi|          gmem|       pointer|
|m_axi_gmem_AWSIZE      |  out|    3|       m_axi|          gmem|       pointer|
|m_axi_gmem_AWBURST     |  out|    2|       m_axi|          gmem|       pointer|
|m_axi_gmem_AWLOCK      |  out|    2|       m_axi|          gmem|       pointer|
|m_axi_gmem_AWCACHE     |  out|    4|       m_axi|          gmem|       pointer|
|m_axi_gmem_AWPROT      |  out|    3|       m_axi|          gmem|       pointer|
|m_axi_gmem_AWQOS       |  out|    4|       m_axi|          gmem|       pointer|
|m_axi_gmem_AWREGION    |  out|    4|       m_axi|          gmem|       pointer|
|m_axi_gmem_AWUSER      |  out|    1|       m_axi|          gmem|       pointer|
|m_axi_gmem_WVALID      |  out|    1|       m_axi|          gmem|       pointer|
|m_axi_gmem_WREADY      |   in|    1|       m_axi|          gmem|       pointer|
|m_axi_gmem_WDATA       |  out|   32|       m_axi|          gmem|       pointer|
|m_axi_gmem_WSTRB       |  out|    4|       m_axi|          gmem|       pointer|
|m_axi_gmem_WLAST       |  out|    1|       m_axi|          gmem|       pointer|
|m_axi_gmem_WID         |  out|    1|       m_axi|          gmem|       pointer|
|m_axi_gmem_WUSER       |  out|    1|       m_axi|          gmem|       pointer|
|m_axi_gmem_ARVALID     |  out|    1|       m_axi|          gmem|       pointer|
|m_axi_gmem_ARREADY     |   in|    1|       m_axi|          gmem|       pointer|
|m_axi_gmem_ARADDR      |  out|   64|       m_axi|          gmem|       pointer|
|m_axi_gmem_ARID        |  out|    1|       m_axi|          gmem|       pointer|
|m_axi_gmem_ARLEN       |  out|    8|       m_axi|          gmem|       pointer|
|m_axi_gmem_ARSIZE      |  out|    3|       m_axi|          gmem|       pointer|
|m_axi_gmem_ARBURST     |  out|    2|       m_axi|          gmem|       pointer|
|m_axi_gmem_ARLOCK      |  out|    2|       m_axi|          gmem|       pointer|
|m_axi_gmem_ARCACHE     |  out|    4|       m_axi|          gmem|       pointer|
|m_axi_gmem_ARPROT      |  out|    3|       m_axi|          gmem|       pointer|
|m_axi_gmem_ARQOS       |  out|    4|       m_axi|          gmem|       pointer|
|m_axi_gmem_ARREGION    |  out|    4|       m_axi|          gmem|       pointer|
|m_axi_gmem_ARUSER      |  out|    1|       m_axi|          gmem|       pointer|
|m_axi_gmem_RVALID      |   in|    1|       m_axi|          gmem|       pointer|
|m_axi_gmem_RREADY      |  out|    1|       m_axi|          gmem|       pointer|
|m_axi_gmem_RDATA       |   in|   32|       m_axi|          gmem|       pointer|
|m_axi_gmem_RLAST       |   in|    1|       m_axi|          gmem|       pointer|
|m_axi_gmem_RID         |   in|    1|       m_axi|          gmem|       pointer|
|m_axi_gmem_RUSER       |   in|    1|       m_axi|          gmem|       pointer|
|m_axi_gmem_RRESP       |   in|    2|       m_axi|          gmem|       pointer|
|m_axi_gmem_BVALID      |   in|    1|       m_axi|          gmem|       pointer|
|m_axi_gmem_BREADY      |  out|    1|       m_axi|          gmem|       pointer|
|m_axi_gmem_BRESP       |   in|    2|       m_axi|          gmem|       pointer|
|m_axi_gmem_BID         |   in|    1|       m_axi|          gmem|       pointer|
|m_axi_gmem_BUSER       |   in|    1|       m_axi|          gmem|       pointer|
+-----------------------+-----+-----+------------+--------------+--------------+

