# 
# Steps log generated by v++
# This log file contains a collection of steps that describe the kernel compilation flow
# Note: Some steps are tagged as internal, these steps are for debugging purposes and 
#       are not expected to be able to run independently.
# 

# The following environment variables are set when running vitis-run
Environment variables :
------------------------------------------
SHELL=/bin/bash
SESSION_MANAGER=local/arix8:@/tmp/.ICE-unix/2277,unix/arix8:/tmp/.ICE-unix/2277
QT_ACCESSIBILITY=1
XDG_CONFIG_DIRS=/home/arix8/.config/kdedefaults:/etc/xdg/xdg-plasma:/etc/xdg
XDG_SESSION_PATH=/org/freedesktop/DisplayManager/Session1
GTK_IM_MODULE=ibus
RDI_APPROOT=/work/Xilinx/Vitis/2024.2
RDI_JAVA_PLATFORM=
TK_LIBRARY=/work/Xilinx/Vitis/2024.2/tps/tk/tk8.5
LANGUAGE=en_US:en
FREETYPE_PROPERTIES=truetype:interpreter-version=35
XIL_SUPPRESS_OVERRIDE_WARNINGS=1
RDI_BINROOT=/work/Xilinx/Vitis/2024.2/bin
XILINX_VIVADO=/work/Xilinx/Vivado/2024.2
JAVA_HOME=/work/Xilinx/Vitis/2024.2/tps/lnx64/jre11.0.16_1/
SSH_AUTH_SOCK=/tmp/ssh-Xf43TtDzHgyu/agent.1969
RDI_OPT_EXT=.o
RDI_INSTALLVER=2024.2
RDI_INSTALLROOT=/work/Xilinx
THEIA_DEFAULT_PLUGINS=local-dir:/work/Xilinx/Vitis/2024.2/ide/electron-app/lnx64/resources/app/plugins
MEMORY_PRESSURE_WRITE=c29tZSAyMDAwMDAgMjAwMDAwMAA=
RDI_PATCHROOT=
XMODIFIERS=@im=ibus
DESKTOP_SESSION=plasma
SSH_AGENT_PID=2042
GTK_RC_FILES=/etc/gtk/gtkrc:/home/arix8/.gtkrc:/home/arix8/.config/gtkrc
XCURSOR_SIZE=24
GTK_MODULES=gail:atk-bridge
XDG_SEAT=seat0
XIL_NO_OVERRIDE=0
RDI_LIBDIR=/work/Xilinx/Vitis/2024.2/lib/lnx64.o/Ubuntu/24:/work/Xilinx/Vitis/2024.2/lib/lnx64.o/Ubuntu:/work/Xilinx/Vitis/2024.2/lib/lnx64.o
PWD=/primary/HLS/Alex_Net
LOGNAME=arix8
XDG_SESSION_DESKTOP=KDE
THEIA_ELECTRON_VERSION=15.5.7
XDG_SESSION_TYPE=x11
_RDI_DONT_SET_XILINX_AS_PATH=True
GPG_AGENT_INFO=/run/user/1000/gnupg/S.gpg-agent:0:1
SYSTEMD_EXEC_PID=2356
XAUTHORITY=/tmp/xauth_eUPsUc
DESKTOP_STARTUP_ID=arix8;1737726355;114796;2356_TIME169950
RDI_PREPEND_PATH=/work/Xilinx/Vitis/2024.2/bin
XILINX_DSP=
THEIA_PLUGINS=local-dir:/home/arix8/.theia/plugins
GTK2_RC_FILES=/etc/gtk-2.0/gtkrc:/home/arix8/.gtkrc-2.0:/home/arix8/.config/gtkrc-2.0
HOME=/home/arix8
IM_CONFIG_PHASE=1
SYNTH_COMMON=/work/Xilinx/Vitis/2024.2/scripts/rt/data
LANG=en_US.UTF-8
XDG_CURRENT_DESKTOP=KDE
MEMORY_PRESSURE_WATCH=/sys/fs/cgroup/user.slice/user-1000.slice/user@1000.service/session.slice/plasma-plasmashell.service/memory.pressure
XILINX_HLS=/work/Xilinx/Vitis/2024.2
XDG_SEAT_PATH=/org/freedesktop/DisplayManager/Seat0
RDI_BUILD=yes
RDI_PROG=/work/Xilinx/Vitis/2024.2/bin/unwrapped/lnx64.o/vitis-run
INVOCATION_ID=52ed978ee5fc4ac3a848754d572e84b4
QTWEBENGINE_DICTIONARIES_PATH=/usr/share/hunspell-bdic/
MANAGERPID=1868
RDI_SESSION_INFO=/home/arix8:arix8_1737726355_4580
CHROME_DESKTOP=Vitis Unified IDE.desktop
RT_TCL_PATH=/work/Xilinx/Vitis/2024.2/scripts/rt/base_tcl/tcl
CLUTTER_IM_MODULE=ibus
KDE_SESSION_UID=1000
XILINX_SDK=/work/Xilinx/Vitis/2024.2
RDI_SHARED_DATA=/work/Xilinx/SharedData/2024.2/data
VSCODE_API_VERSION=1.53.2
XDG_SESSION_CLASS=user
PYTHONPATH=/work/Xilinx/Vitis/2024.2/cli/:/work/Xilinx/Vitis/2024.2/cli/python-packages/site-packages:/work/Xilinx/Vitis/2024.2/cli/proto:/work/Xilinx/Vitis/2024.2/tps/lnx64/python-3.8.3/lib/python3.8/lib-dynload/:/work/Xilinx/Vitis/2024.2/tps/lnx64/python-3.8.3/lib/python3.8/:/work/Xilinx/Vivado/2024.2/tps/lnx64/python-3.8.3/lib/python3.8/lib-dynload/:/work/Xilinx/Vivado/2024.2/tps/lnx64/python-3.8.3/lib/python3.8:/work/Xilinx/Vitis/2024.2/cli/:/work/Xilinx/Vitis/2024.2/cli/python-packages/site-packages:/work/Xilinx/Vitis/2024.2/cli/python-packages/lnx64:/work/Xilinx/Vitis/2024.2/cli/proto:/work/Xilinx/Vitis/2024.2/scripts/python_pkg
PYTHONHOME=/work/Xilinx/Vitis/2024.2/tps/lnx64/python-3.8.3/
USER=arix8
XILINX_PLANAHEAD=/work/Xilinx/Vitis/2024.2
PATCH_INFO=
RDI_BASEROOT=/work/Xilinx/Vitis
KDE_SESSION_VERSION=5
LOPPER_DTC_FLAGS=-b 0 -@
PAM_KWALLET5_LOGIN=/run/user/1000/kwallet5.socket
RDI_TPS_ROOT=/work/Xilinx/Vivado/2024.2/tps/lnx64
RDI_JAVA_VERSION=11.0.16_1
IDE_SKIP_SERVER_LICENSE=1
RDI_DATADIR=/work/Xilinx/Vitis/2024.2/data
THEIA_ELECTRON_TOKEN={"value":"8b57da68-906e-476e-90eb-a68865a4ded7"}
DISPLAY=:0
SHLVL=3
GSM_SKIP_SSH_AGENT_WORKAROUND=true
XILINX_VITIS_HLS_ENCAPSULATED=1
RDI_USE_JDK11=1
QT_IM_MODULE=ibus
XDG_VTNR=2
XILINX_VIVADO_HLS=/work/Xilinx/Vivado/2024.2
XIL_CHECK_TCL_DEBUG=False
XDG_SESSION_ID=3
LD_LIBRARY_PATH=/work/Xilinx/Vitis/2024.2/tps/lnx64/javafx-sdk-11.0.2/lib:/work/Xilinx/Vitis/2024.2/lib/lnx64.o/Ubuntu/24:/work/Xilinx/Vitis/2024.2/lib/lnx64.o/Ubuntu:/work/Xilinx/Vitis/2024.2/lib/lnx64.o:/work/Xilinx/Vitis/2024.2/tps/lnx64/jre11.0.16_1/lib/:/work/Xilinx/Vitis/2024.2/tps/lnx64/jre11.0.16_1/lib//server:/work/Xilinx/Vitis/2024.2/lib/lnx64.o/Ubuntu/24:/work/Xilinx/Vitis/2024.2/lib/lnx64.o/Ubuntu:/work/Xilinx/Vitis/2024.2/lib/lnx64.o:/work/Xilinx/Vitis/2024.2/tps/lnx64/cmake-3.24.2/libs/Ubuntu/24:/work/Xilinx/Vitis/2024.2/tps/lnx64/cmake-3.24.2/libs/Ubuntu:/work/Xilinx/Vitis/2024.2/tps/lnx64/cmake-3.24.2/libs:/work/Xilinx/Vitis/2024.2/lib/lnx64.o/Ubuntu/24:/work/Xilinx/Vitis/2024.2/lib/lnx64.o/Ubuntu:/work/Xilinx/Vitis/2024.2/lib/lnx64.o:/work/Xilinx/Vitis/2024.2/tps/lnx64/python-3.8.3/lib:/work/Xilinx/Vivado/2024.2/tps/lnx64/cmake-3.24.2/libs/Ubuntu/24:/work/Xilinx/Vivado/2024.2/tps/lnx64/cmake-3.24.2/libs/Ubuntu:/work/Xilinx/Vivado/2024.2/tps/lnx64/cmake-3.24.2/libs:/work/Xilinx/Vitis/2024.2/lib/lnx64.o:/work/Xilinx/Vitis/2024.2/lib/lnx64.o/Ubuntu/24:/work/Xilinx/Vitis/2024.2/lib/lnx64.o/Ubuntu:/work/Xilinx/Vitis/2024.2/lib/lnx64.o:/work/Xilinx/Vivado/2024.2/tps/lnx64/python-3.8.3/lib
HDIPRELDPATH=/work/Xilinx/Vitis/2024.2/lib/lnx64.o/Ubuntu/24:/work/Xilinx/Vitis/2024.2/lib/lnx64.o/Ubuntu:/work/Xilinx/Vitis/2024.2/lib/lnx64.o:/work/Xilinx/Vitis/2024.2/tps/lnx64/cmake-3.24.2/libs/Ubuntu/24:/work/Xilinx/Vitis/2024.2/tps/lnx64/cmake-3.24.2/libs/Ubuntu:/work/Xilinx/Vitis/2024.2/tps/lnx64/cmake-3.24.2/libs:/work/Xilinx/Vitis/2024.2/lib/lnx64.o/Ubuntu/24:/work/Xilinx/Vitis/2024.2/lib/lnx64.o/Ubuntu:/work/Xilinx/Vitis/2024.2/lib/lnx64.o:/work/Xilinx/Vitis/2024.2/tps/lnx64/python-3.8.3/lib:/work/Xilinx/Vivado/2024.2/tps/lnx64/cmake-3.24.2/libs/Ubuntu/24:/work/Xilinx/Vivado/2024.2/tps/lnx64/cmake-3.24.2/libs/Ubuntu:/work/Xilinx/Vivado/2024.2/tps/lnx64/cmake-3.24.2/libs:/work/Xilinx/Vitis/2024.2/lib/lnx64.o:/work/Xilinx/Vitis/2024.2/lib/lnx64.o/Ubuntu/24:/work/Xilinx/Vitis/2024.2/lib/lnx64.o/Ubuntu:/work/Xilinx/Vitis/2024.2/lib/lnx64.o:/work/Xilinx/Vivado/2024.2/tps/lnx64/python-3.8.3/lib
XDG_RUNTIME_DIR=/run/user/1000
TCMALLOC_LARGE_ALLOC_REPORT_THRESHOLD=4294967296
DEBUGINFOD_URLS=https://debuginfod.ubuntu.com 
TCL_LIBRARY=/work/Xilinx/Vitis/2024.2/tps/tcl/tcl8.6
LC_ALL=en_US.UTF-8
QT_AUTO_SCREEN_SCALE_FACTOR=0
JOURNAL_STREAM=8:20840
XCURSOR_THEME=breeze_cursors
XILINX_VITIS_GIT=/work/Xilinx/Vivado/2024.2/tps/lnx64/git-2.45.0/bin
XDG_DATA_DIRS=/usr/share/plasma:/usr/share/gnome:/usr/local/share:/usr/share:/var/lib/snapd/desktop
KDE_FULL_SESSION=true
PATH=/work/Xilinx/Vivado/2024.2/tps/lnx64/binutils-2.26/bin:/work/Xilinx/Vitis/2024.2/bin/../gnu/aarch64/lin/aarch64-linux/bin:/work/Xilinx/Vitis/2024.2/bin/../gnu/ppc64le/4.9.3/lnx64/bin:/work/Xilinx/Vitis/2024.2/bin/../gnu/aarch32/lin/gcc-arm-linux-gnueabi/bin:/work/Xilinx/Vivado/2024.2/tps/lnx64/gcc-8.3.0/bin:/work/Xilinx/Vivado/2024.2/gnu/microblaze/lin/bin:/work/Xilinx/Vitis/2024.2/bin:/work/Xilinx/Vitis/2024.2/tps/lnx64/jre11.0.16_1/bin:/work/Xilinx/Vitis/2024.2/gnu/microblaze/lin/bin:/work/Xilinx/Vitis/2024.2/gnu/arm/lin/bin:/work/Xilinx/Vitis/2024.2/gnu/microblaze/linux_toolchain/nt64_be/bin:/work/Xilinx/Vitis/2024.2/gnu/microblaze/linux_toolchain/nt64_le/bin:/work/Xilinx/Vitis/2024.2/gnu/aarch32/lin/gcc-arm-linux-gnueabi/bin:/work/Xilinx/Vitis/2024.2/gnu/aarch32/lin/gcc-arm-none-eabi/bin:/work/Xilinx/Vitis/2024.2/gnu/aarch64/lin/aarch64-linux/bin:/work/Xilinx/Vitis/2024.2/gnu/aarch64/lin/aarch64-none/bin:/work/Xilinx/Vitis/2024.2/gnu/armr5/lin/gcc-arm-none-eabi/bin:/work/Xilinx/Vitis/2024.2/tps/lnx64/cmake-3.24.2/bin:/work/Xilinx/Vitis/2024.2/lnx64/tools/clang/bin:/work/Xilinx/Vitis/2024.2/tps/lnx64/python-3.8.3//bin:/work/Xilinx/Vitis/2024.2/tps/lnx64/jre11.0.16_1//bin:/bin:/work/Xilinx/Vivado/2024.2/bin:/work/Xilinx/Vivado/2024.2/tps/lnx64/git-2.45.0/bin:/work/Xilinx/Vivado/2024.2/tps/lnx64/cmake-3.24.2/bin:/work/Xilinx/Vivado/2024.2/tps/lnx64/python-3.8.3/bin:/work/Xilinx/Vitis/2024.2/gnu/riscv/lin/riscv64-unknown-elf/bin:/home/arix8/.local/bin:/usr/local/sbin:/usr/local/bin:/usr/sbin:/usr/bin:/sbin:/usr/games:/usr/local/games:/snap/bin
RT_LIBPATH=/work/Xilinx/Vitis/2024.2/scripts/rt/data
ORIGINAL_XDG_CURRENT_DESKTOP=KDE
HDI_APPROOT=/work/Xilinx/Vitis/2024.2
DBUS_SESSION_BUS_ADDRESS=unix:path=/run/user/1000/bus
RDI_PLATFORM=lnx64
THEIA_APP_PROJECT_PATH=/work/Xilinx/Vitis/2024.2/ide/electron-app/lnx64/resources/app
MYVIVADO=
KDE_APPLICATIONS_AS_SCOPE=1
BUILDINFO=SW Build 5238363 on 2024-11-08-17:54:51
ISL_IOSTREAMS_RSA=/work/Xilinx/Vitis/2024.2/tps/isl
LC_NUMERIC=C
XILINX_VITIS=/work/Xilinx/Vitis/2024.2
OLDPWD=/work/Xilinx/Vitis/2024.2/bin
XILINX_VCXX=/work/Xilinx/Vitis/2024.2/vcxx
_=/work/Xilinx/Vitis/2024.2/bin/unwrapped/lnx64.o/vitis-run
XILINX_CD_CONNECT_ID=38317
XILINX_CD_SESSION=cc155e73-d092-487c-9513-c3baf3e8e426


VITIS-RUN command line:
------------------------------------------
/work/Xilinx/Vitis/2024.2/bin/unwrapped/lnx64.o/vitis-run --mode hls --csim --config /primary/HLS/Alex_Net/hls_config.cfg --work_dir Alex_Net 

FINAL PROGRAM OPTIONS
--config /primary/HLS/Alex_Net/hls_config.cfg
--csim
--hls.csim.code_analyzer 1
--hls.flow_target vivado
--hls.package.output.format ip_catalog
--hls.package.output.syn false
--hls.syn.file /primary/HLS/AlexNet-FPGA-implementation/Conv1/src/conv1.cpp
--hls.syn.file /primary/HLS/AlexNet-FPGA-implementation/Conv1/src/conv1.h
--hls.tb.file /primary/HLS/AlexNet-FPGA-implementation/Conv1/src/testbench.cpp
--mode hls
--part xczu7ev-fbvb900-3-e
--work_dir Alex_Net

PARSED COMMAND LINE OPTIONS
--mode hls 
--csim 
--config /primary/HLS/Alex_Net/hls_config.cfg 
--work_dir Alex_Net 

PARSED CONFIG FILE (1) OPTIONS
file: /primary/HLS/Alex_Net/hls_config.cfg
part xczu7ev-fbvb900-3-e 
hls.flow_target vivado 
hls.package.output.format ip_catalog 
hls.package.output.syn false 
hls.syn.file /primary/HLS/AlexNet-FPGA-implementation/Conv1/src/conv1.cpp 
hls.syn.file /primary/HLS/AlexNet-FPGA-implementation/Conv1/src/conv1.h 
hls.tb.file /primary/HLS/AlexNet-FPGA-implementation/Conv1/src/testbench.cpp 
hls.csim.code_analyzer 1 


==========================================
new:  steps log generated by v++ for new launch 
timestamp: 24 Jan 2025 19:56:42

------------------------------------------
VITIS-RUN command line :
------------------------------------------
/work/Xilinx/Vitis/2024.2/bin/unwrapped/lnx64.o/vitis-run --mode hls --csim --config /primary/HLS/Alex_Net/hls_config.cfg --work_dir Alex_Net 
  Options from -O    : 
  Options from *.ini : 
  Options from Hw Platform : 

==========================================
new:  steps log generated by v++ for new launch 
timestamp: 24 Jan 2025 19:57:19

------------------------------------------
VITIS-RUN command line :
------------------------------------------
/work/Xilinx/Vitis/2024.2/bin/unwrapped/lnx64.o/vitis-run --mode hls --csim --config /primary/HLS/Alex_Net/hls_config.cfg --work_dir Alex_Net 
  Options from -O    : 
  Options from *.ini : 
  Options from Hw Platform : 

==========================================
new:  steps log generated by v++ for new launch 
timestamp: 24 Jan 2025 20:05:26

------------------------------------------
VITIS-RUN command line :
------------------------------------------
/work/Xilinx/Vitis/2024.2/bin/unwrapped/lnx64.o/vitis-run --mode hls --csim --config /primary/HLS/Alex_Net/hls_config.cfg --work_dir Alex_Net 
  Options from -O    : 
  Options from *.ini : 
  Options from Hw Platform : 

==========================================
new:  steps log generated by v++ for new launch 
timestamp: 24 Jan 2025 20:05:59

------------------------------------------
VITIS-RUN command line :
------------------------------------------
/work/Xilinx/Vitis/2024.2/bin/unwrapped/lnx64.o/vitis-run --mode hls --csim --config /primary/HLS/Alex_Net/hls_config.cfg --work_dir Alex_Net 
  Options from -O    : 
  Options from *.ini : 
  Options from Hw Platform : 

==========================================
new:  steps log generated by v++ for new launch 
timestamp: 24 Jan 2025 20:18:59

------------------------------------------
VITIS-RUN command line :
------------------------------------------
/work/Xilinx/Vitis/2024.2/bin/unwrapped/lnx64.o/vitis-run --mode hls --csim --config /primary/HLS/Alex_Net/hls_config.cfg --work_dir Alex_Net 
  Options from -O    : 
  Options from *.ini : 
  Options from Hw Platform : 

==========================================
new:  steps log generated by v++ for new launch 
timestamp: 24 Jan 2025 20:22:20

------------------------------------------
VITIS-RUN command line :
------------------------------------------
/work/Xilinx/Vitis/2024.2/bin/unwrapped/lnx64.o/vitis-run --mode hls --csim --config /primary/HLS/Alex_Net/hls_config.cfg --work_dir Alex_Net 
  Options from -O    : 
  Options from *.ini : 
  Options from Hw Platform : 

==========================================
new:  steps log generated by v++ for new launch 
timestamp: 24 Jan 2025 20:24:08

------------------------------------------
VITIS-RUN command line :
------------------------------------------
/work/Xilinx/Vitis/2024.2/bin/unwrapped/lnx64.o/vitis-run --mode hls --csim --config /primary/HLS/Alex_Net/hls_config.cfg --work_dir Alex_Net 
  Options from -O    : 
  Options from *.ini : 
  Options from Hw Platform : 

==========================================
new:  steps log generated by v++ for new launch 
timestamp: 24 Jan 2025 20:26:34

------------------------------------------
VITIS-RUN command line :
------------------------------------------
/work/Xilinx/Vitis/2024.2/bin/unwrapped/lnx64.o/vitis-run --mode hls --csim --config /primary/HLS/Alex_Net/hls_config.cfg --work_dir Alex_Net 
  Options from -O    : 
  Options from *.ini : 
  Options from Hw Platform : 

==========================================
new:  steps log generated by v++ for new launch 
timestamp: 24 Jan 2025 20:27:20

------------------------------------------
VITIS-RUN command line :
------------------------------------------
/work/Xilinx/Vitis/2024.2/bin/unwrapped/lnx64.o/vitis-run --mode hls --csim --config /primary/HLS/Alex_Net/hls_config.cfg --work_dir Alex_Net 
  Options from -O    : 
  Options from *.ini : 
  Options from Hw Platform : 

==========================================
new:  steps log generated by v++ for new launch 
timestamp: 24 Jan 2025 20:30:01

------------------------------------------
VITIS-RUN command line :
------------------------------------------
/work/Xilinx/Vitis/2024.2/bin/unwrapped/lnx64.o/vitis-run --mode hls --csim --config /primary/HLS/Alex_Net/hls_config.cfg --work_dir Alex_Net 
  Options from -O    : 
  Options from *.ini : 
  Options from Hw Platform : 

==========================================
new:  steps log generated by v++ for new launch 
timestamp: 24 Jan 2025 20:31:07

------------------------------------------
VITIS-RUN command line :
------------------------------------------
/work/Xilinx/Vitis/2024.2/bin/unwrapped/lnx64.o/vitis-run --mode hls --csim --config /primary/HLS/Alex_Net/hls_config.cfg --work_dir Alex_Net 
  Options from -O    : 
  Options from *.ini : 
  Options from Hw Platform : 

==========================================
new:  steps log generated by v++ for new launch 
timestamp: 24 Jan 2025 21:14:15

------------------------------------------
VITIS-RUN command line :
------------------------------------------
/work/Xilinx/Vitis/2024.2/bin/unwrapped/lnx64.o/vitis-run --mode hls --csim --config /primary/HLS/Alex_Net/hls_config.cfg --work_dir Alex_Net 
  Options from -O    : 
  Options from *.ini : 
  Options from Hw Platform : 

==========================================
new:  steps log generated by v++ for new launch 
timestamp: 24 Jan 2025 21:21:22

------------------------------------------
VITIS-RUN command line :
------------------------------------------
/work/Xilinx/Vitis/2024.2/bin/unwrapped/lnx64.o/vitis-run --mode hls --csim --config /primary/HLS/Alex_Net/hls_config.cfg --work_dir Alex_Net 
  Options from -O    : 
  Options from *.ini : 
  Options from Hw Platform : 

==========================================
new:  steps log generated by v++ for new launch 
timestamp: 24 Jan 2025 21:45:34

------------------------------------------
V++ command line :
------------------------------------------
/work/Xilinx/Vitis/2024.2/bin/unwrapped/lnx64.o/v++ -c --mode hls --config /primary/HLS/Alex_Net/hls_config.cfg --work_dir Alex_Net 
  Options from -O    : 
  Options from *.ini : 
  Options from Hw Platform : 

==========================================
new:  steps log generated by v++ for new launch 
timestamp: 24 Jan 2025 21:45:53
