

================================================================
== Vitis HLS Report for 'norm1_Pipeline_L1_VITIS_LOOP_50_1_VITIS_LOOP_51_2'
================================================================
* Date:           Sat Jan 25 18:22:26 2025

* Version:        2024.2 (Build 5238294 on Nov  8 2024)
* Project:        Alex_Net
* Solution:       norm1 (Vivado IP Flow Target)
* Product family: zynquplus
* Target device:  xczu7ev-ffvc1156-2-i


================================================================
== Performance Estimates
================================================================
+ Timing: 
    * Summary: 
    +--------+----------+----------+------------+
    |  Clock |  Target  | Estimated| Uncertainty|
    +--------+----------+----------+------------+
    |ap_clk  |  10.00 ns|  7.300 ns|     2.70 ns|
    +--------+----------+----------+------------+

+ Latency: 
    * Summary: 
    +---------+---------+----------+----------+-------+-------+------------------------------------------------+
    |  Latency (cycles) |  Latency (absolute) |    Interval   |                    Pipeline                    |
    |   min   |   max   |    min   |    max   |  min  |  max  |                      Type                      |
    +---------+---------+----------+----------+-------+-------+------------------------------------------------+
    |    69988|    69988|  0.700 ms|  0.700 ms|  69985|  69985|  loop auto-rewind stp (delay=0 clock cycles(s))|
    +---------+---------+----------+----------+-------+-------+------------------------------------------------+

    + Detail: 
        * Instance: 
        N/A

        * Loop: 
        +--------------------------------------+---------+---------+----------+-----------+-----------+-------+----------+
        |                                      |  Latency (cycles) | Iteration|  Initiation Interval  |  Trip |          |
        |               Loop Name              |   min   |   max   |  Latency |  achieved |   target  | Count | Pipelined|
        +--------------------------------------+---------+---------+----------+-----------+-----------+-------+----------+
        |- L1_VITIS_LOOP_50_1_VITIS_LOOP_51_2  |    69986|    69986|         4|          1|          1|  69984|       yes|
        +--------------------------------------+---------+---------+----------+-----------+-----------+-------+----------+



================================================================
== Utilization Estimates
================================================================
* Summary: 
+-----------------+---------+------+--------+--------+-----+
|       Name      | BRAM_18K|  DSP |   FF   |   LUT  | URAM|
+-----------------+---------+------+--------+--------+-----+
|DSP              |        -|     1|       -|       -|    -|
|Expression       |        -|     -|       0|     176|    -|
|FIFO             |        -|     -|       -|       -|    -|
|Instance         |        -|     -|       -|       -|    -|
|Memory           |        -|     -|       -|       -|    -|
|Multiplexer      |        -|     -|       0|      81|    -|
|Register         |        -|     -|     261|      32|    -|
+-----------------+---------+------+--------+--------+-----+
|Total            |        0|     1|     261|     289|    0|
+-----------------+---------+------+--------+--------+-----+
|Available        |      624|  1728|  460800|  230400|   96|
+-----------------+---------+------+--------+--------+-----+
|Utilization (%)  |        0|    ~0|      ~0|      ~0|    0|
+-----------------+---------+------+--------+--------+-----+

+ Detail: 
    * Instance: 
    N/A

    * DSP: 
    +----------------------------------+-------------------------------+--------------+
    |             Instance             |             Module            |  Expression  |
    +----------------------------------+-------------------------------+--------------+
    |mac_muladd_5ns_5ns_5ns_10_4_1_U1  |mac_muladd_5ns_5ns_5ns_10_4_1  |  i0 * i1 + i2|
    +----------------------------------+-------------------------------+--------------+

    * Memory: 
    N/A

    * FIFO: 
    N/A

    * Expression: 
    +------------------------------+----------+----+---+----+------------+------------+
    |         Variable Name        | Operation| DSP| FF| LUT| Bitwidth P0| Bitwidth P1|
    +------------------------------+----------+----+---+----+------------+------------+
    |add_ln49_1_fu_1764_p2         |         +|   0|  0|  24|          17|           1|
    |add_ln49_fu_1779_p2           |         +|   0|  0|  14|           7|           1|
    |add_ln50_1_fu_1863_p2         |         +|   0|  0|  17|          10|           1|
    |add_ln50_fu_1825_p2           |         +|   0|  0|  12|           5|           1|
    |add_ln51_fu_1857_p2           |         +|   0|  0|  12|           5|           1|
    |and_ln49_fu_1811_p2           |       and|   0|  0|   2|           1|           1|
    |ap_block_pp0_stage0_11001     |       and|   0|  0|   2|           1|           1|
    |ap_predicate_pred2384_state5  |       and|   0|  0|   2|           1|           1|
    |icmp_ln49_fu_1758_p2          |      icmp|   0|  0|  24|          17|          17|
    |icmp_ln50_fu_1785_p2          |      icmp|   0|  0|  17|          10|          10|
    |icmp_ln51_fu_1805_p2          |      icmp|   0|  0|  12|           5|           4|
    |empty_fu_1831_p2              |        or|   0|  0|   2|           1|           1|
    |m_mid2_fu_1837_p3             |    select|   0|  0|   5|           1|           1|
    |select_ln49_1_fu_1817_p3      |    select|   0|  0|   7|           1|           7|
    |select_ln49_fu_1791_p3        |    select|   0|  0|   5|           1|           1|
    |select_ln50_1_fu_1869_p3      |    select|   0|  0|  10|           1|           1|
    |select_ln50_fu_1845_p3        |    select|   0|  0|   5|           1|           5|
    |ap_enable_pp0                 |       xor|   0|  0|   2|           1|           2|
    |xor_ln49_fu_1799_p2           |       xor|   0|  0|   2|           1|           2|
    +------------------------------+----------+----+---+----+------------+------------+
    |Total                         |          |   0|  0| 176|          87|          59|
    +------------------------------+----------+----+---+----+------------+------------+

    * Multiplexer: 
    +-------------------------+----+-----------+-----+-----------+
    |           Name          | LUT| Input Size| Bits| Total Bits|
    +-------------------------+----+-----------+-----+-----------+
    |ap_done_int              |   9|          2|    1|          2|
    |ap_enable_reg_pp0_iter1  |   9|          2|    1|          2|
    |ap_enable_reg_pp0_iter2  |   9|          2|    1|          2|
    |gmem0_blk_n_R            |   9|          2|    1|          2|
    |i_fu_456                 |   9|          2|    7|         14|
    |indvar_flatten12_fu_460  |   9|          2|   17|         34|
    |indvar_flatten_fu_452    |   9|          2|   10|         20|
    |j_fu_448                 |   9|          2|    5|         10|
    |m_fu_444                 |   9|          2|    5|         10|
    +-------------------------+----+-----------+-----+-----------+
    |Total                    |  81|         18|   48|         96|
    +-------------------------+----+-----------+-----+-----------+

    * Register: 
    +----------------------------------+----+----+-----+-----------+
    |               Name               | FF | LUT| Bits| Const Bits|
    +----------------------------------+----+----+-----+-----------+
    |ap_CS_fsm                         |   1|   0|    1|          0|
    |ap_done_reg                       |   1|   0|    1|          0|
    |ap_enable_reg_pp0_iter1           |   1|   0|    1|          0|
    |ap_enable_reg_pp0_iter2           |   1|   0|    1|          0|
    |ap_enable_reg_pp0_iter3           |   1|   0|    1|          0|
    |ap_enable_reg_pp0_iter4           |   1|   0|    1|          0|
    |ap_loop_exit_ready_pp0_iter2_reg  |   1|   0|    1|          0|
    |ap_loop_exit_ready_pp0_iter3_reg  |   1|   0|    1|          0|
    |ap_predicate_pred1002_state5      |   1|   0|    1|          0|
    |ap_predicate_pred1015_state5      |   1|   0|    1|          0|
    |ap_predicate_pred1028_state5      |   1|   0|    1|          0|
    |ap_predicate_pred1041_state5      |   1|   0|    1|          0|
    |ap_predicate_pred1054_state5      |   1|   0|    1|          0|
    |ap_predicate_pred1067_state5      |   1|   0|    1|          0|
    |ap_predicate_pred1080_state5      |   1|   0|    1|          0|
    |ap_predicate_pred1093_state5      |   1|   0|    1|          0|
    |ap_predicate_pred1106_state5      |   1|   0|    1|          0|
    |ap_predicate_pred1119_state5      |   1|   0|    1|          0|
    |ap_predicate_pred1132_state5      |   1|   0|    1|          0|
    |ap_predicate_pred1145_state5      |   1|   0|    1|          0|
    |ap_predicate_pred1158_state5      |   1|   0|    1|          0|
    |ap_predicate_pred1171_state5      |   1|   0|    1|          0|
    |ap_predicate_pred1184_state5      |   1|   0|    1|          0|
    |ap_predicate_pred1197_state5      |   1|   0|    1|          0|
    |ap_predicate_pred1210_state5      |   1|   0|    1|          0|
    |ap_predicate_pred1223_state5      |   1|   0|    1|          0|
    |ap_predicate_pred1236_state5      |   1|   0|    1|          0|
    |ap_predicate_pred1249_state5      |   1|   0|    1|          0|
    |ap_predicate_pred1262_state5      |   1|   0|    1|          0|
    |ap_predicate_pred1275_state5      |   1|   0|    1|          0|
    |ap_predicate_pred1288_state5      |   1|   0|    1|          0|
    |ap_predicate_pred1301_state5      |   1|   0|    1|          0|
    |ap_predicate_pred1314_state5      |   1|   0|    1|          0|
    |ap_predicate_pred1327_state5      |   1|   0|    1|          0|
    |ap_predicate_pred1340_state5      |   1|   0|    1|          0|
    |ap_predicate_pred1353_state5      |   1|   0|    1|          0|
    |ap_predicate_pred1366_state5      |   1|   0|    1|          0|
    |ap_predicate_pred1379_state5      |   1|   0|    1|          0|
    |ap_predicate_pred1392_state5      |   1|   0|    1|          0|
    |ap_predicate_pred1405_state5      |   1|   0|    1|          0|
    |ap_predicate_pred1418_state5      |   1|   0|    1|          0|
    |ap_predicate_pred1431_state5      |   1|   0|    1|          0|
    |ap_predicate_pred1444_state5      |   1|   0|    1|          0|
    |ap_predicate_pred1457_state5      |   1|   0|    1|          0|
    |ap_predicate_pred1470_state5      |   1|   0|    1|          0|
    |ap_predicate_pred1483_state5      |   1|   0|    1|          0|
    |ap_predicate_pred1496_state5      |   1|   0|    1|          0|
    |ap_predicate_pred1509_state5      |   1|   0|    1|          0|
    |ap_predicate_pred1522_state5      |   1|   0|    1|          0|
    |ap_predicate_pred1535_state5      |   1|   0|    1|          0|
    |ap_predicate_pred1548_state5      |   1|   0|    1|          0|
    |ap_predicate_pred1561_state5      |   1|   0|    1|          0|
    |ap_predicate_pred1574_state5      |   1|   0|    1|          0|
    |ap_predicate_pred1587_state5      |   1|   0|    1|          0|
    |ap_predicate_pred1600_state5      |   1|   0|    1|          0|
    |ap_predicate_pred1613_state5      |   1|   0|    1|          0|
    |ap_predicate_pred1626_state5      |   1|   0|    1|          0|
    |ap_predicate_pred1639_state5      |   1|   0|    1|          0|
    |ap_predicate_pred1652_state5      |   1|   0|    1|          0|
    |ap_predicate_pred1665_state5      |   1|   0|    1|          0|
    |ap_predicate_pred1678_state5      |   1|   0|    1|          0|
    |ap_predicate_pred1691_state5      |   1|   0|    1|          0|
    |ap_predicate_pred1704_state5      |   1|   0|    1|          0|
    |ap_predicate_pred1717_state5      |   1|   0|    1|          0|
    |ap_predicate_pred1730_state5      |   1|   0|    1|          0|
    |ap_predicate_pred1743_state5      |   1|   0|    1|          0|
    |ap_predicate_pred1756_state5      |   1|   0|    1|          0|
    |ap_predicate_pred1769_state5      |   1|   0|    1|          0|
    |ap_predicate_pred1782_state5      |   1|   0|    1|          0|
    |ap_predicate_pred1795_state5      |   1|   0|    1|          0|
    |ap_predicate_pred1808_state5      |   1|   0|    1|          0|
    |ap_predicate_pred1821_state5      |   1|   0|    1|          0|
    |ap_predicate_pred1834_state5      |   1|   0|    1|          0|
    |ap_predicate_pred1847_state5      |   1|   0|    1|          0|
    |ap_predicate_pred1860_state5      |   1|   0|    1|          0|
    |ap_predicate_pred1873_state5      |   1|   0|    1|          0|
    |ap_predicate_pred1886_state5      |   1|   0|    1|          0|
    |ap_predicate_pred1899_state5      |   1|   0|    1|          0|
    |ap_predicate_pred1912_state5      |   1|   0|    1|          0|
    |ap_predicate_pred1925_state5      |   1|   0|    1|          0|
    |ap_predicate_pred1938_state5      |   1|   0|    1|          0|
    |ap_predicate_pred1951_state5      |   1|   0|    1|          0|
    |ap_predicate_pred1964_state5      |   1|   0|    1|          0|
    |ap_predicate_pred1977_state5      |   1|   0|    1|          0|
    |ap_predicate_pred1990_state5      |   1|   0|    1|          0|
    |ap_predicate_pred2003_state5      |   1|   0|    1|          0|
    |ap_predicate_pred2016_state5      |   1|   0|    1|          0|
    |ap_predicate_pred2029_state5      |   1|   0|    1|          0|
    |ap_predicate_pred2042_state5      |   1|   0|    1|          0|
    |ap_predicate_pred2055_state5      |   1|   0|    1|          0|
    |ap_predicate_pred2068_state5      |   1|   0|    1|          0|
    |ap_predicate_pred2081_state5      |   1|   0|    1|          0|
    |ap_predicate_pred2094_state5      |   1|   0|    1|          0|
    |ap_predicate_pred2107_state5      |   1|   0|    1|          0|
    |ap_predicate_pred2120_state5      |   1|   0|    1|          0|
    |ap_predicate_pred2133_state5      |   1|   0|    1|          0|
    |ap_predicate_pred2146_state5      |   1|   0|    1|          0|
    |ap_predicate_pred2159_state5      |   1|   0|    1|          0|
    |ap_predicate_pred2172_state5      |   1|   0|    1|          0|
    |ap_predicate_pred2184_state5      |   1|   0|    1|          0|
    |ap_predicate_pred2384_state5      |   1|   0|    1|          0|
    |ap_predicate_pred963_state5       |   1|   0|    1|          0|
    |ap_predicate_pred976_state5       |   1|   0|    1|          0|
    |ap_predicate_pred989_state5       |   1|   0|    1|          0|
    |bitcast_ln53_reg_2086             |  32|   0|   32|          0|
    |i_fu_456                          |   7|   0|    7|          0|
    |indvar_flatten12_fu_460           |  17|   0|   17|          0|
    |indvar_flatten_fu_452             |  10|   0|   10|          0|
    |j_fu_448                          |   5|   0|    5|          0|
    |m_fu_444                          |   5|   0|    5|          0|
    |m_mid2_reg_2071                   |   5|   0|    5|          0|
    |m_mid2_reg_2071_pp0_iter2_reg     |   5|   0|    5|          0|
    |select_ln49_1_reg_2067            |   7|   0|    7|          0|
    |select_ln49_1_reg_2067            |  64|  32|    7|          0|
    +----------------------------------+----+----+-----+-----------+
    |Total                             | 261|  32|  204|          0|
    +----------------------------------+----+----+-----+-----------+



================================================================
== Interface
================================================================
* Summary: 
+------------------------+-----+-----+------------+---------------------------------------------------+--------------+
|        RTL Ports       | Dir | Bits|  Protocol  |                   Source Object                   |    C Type    |
+------------------------+-----+-----+------------+---------------------------------------------------+--------------+
|ap_clk                  |   in|    1|  ap_ctrl_hs|  norm1_Pipeline_L1_VITIS_LOOP_50_1_VITIS_LOOP_51_2|  return value|
|ap_rst                  |   in|    1|  ap_ctrl_hs|  norm1_Pipeline_L1_VITIS_LOOP_50_1_VITIS_LOOP_51_2|  return value|
|ap_start                |   in|    1|  ap_ctrl_hs|  norm1_Pipeline_L1_VITIS_LOOP_50_1_VITIS_LOOP_51_2|  return value|
|ap_done                 |  out|    1|  ap_ctrl_hs|  norm1_Pipeline_L1_VITIS_LOOP_50_1_VITIS_LOOP_51_2|  return value|
|ap_idle                 |  out|    1|  ap_ctrl_hs|  norm1_Pipeline_L1_VITIS_LOOP_50_1_VITIS_LOOP_51_2|  return value|
|ap_ready                |  out|    1|  ap_ctrl_hs|  norm1_Pipeline_L1_VITIS_LOOP_50_1_VITIS_LOOP_51_2|  return value|
|m_axi_gmem0_0_AWVALID   |  out|    1|       m_axi|                                              gmem0|       pointer|
|m_axi_gmem0_0_AWREADY   |   in|    1|       m_axi|                                              gmem0|       pointer|
|m_axi_gmem0_0_AWADDR    |  out|   64|       m_axi|                                              gmem0|       pointer|
|m_axi_gmem0_0_AWID      |  out|    1|       m_axi|                                              gmem0|       pointer|
|m_axi_gmem0_0_AWLEN     |  out|   32|       m_axi|                                              gmem0|       pointer|
|m_axi_gmem0_0_AWSIZE    |  out|    3|       m_axi|                                              gmem0|       pointer|
|m_axi_gmem0_0_AWBURST   |  out|    2|       m_axi|                                              gmem0|       pointer|
|m_axi_gmem0_0_AWLOCK    |  out|    2|       m_axi|                                              gmem0|       pointer|
|m_axi_gmem0_0_AWCACHE   |  out|    4|       m_axi|                                              gmem0|       pointer|
|m_axi_gmem0_0_AWPROT    |  out|    3|       m_axi|                                              gmem0|       pointer|
|m_axi_gmem0_0_AWQOS     |  out|    4|       m_axi|                                              gmem0|       pointer|
|m_axi_gmem0_0_AWREGION  |  out|    4|       m_axi|                                              gmem0|       pointer|
|m_axi_gmem0_0_AWUSER    |  out|    1|       m_axi|                                              gmem0|       pointer|
|m_axi_gmem0_0_WVALID    |  out|    1|       m_axi|                                              gmem0|       pointer|
|m_axi_gmem0_0_WREADY    |   in|    1|       m_axi|                                              gmem0|       pointer|
|m_axi_gmem0_0_WDATA     |  out|   32|       m_axi|                                              gmem0|       pointer|
|m_axi_gmem0_0_WSTRB     |  out|    4|       m_axi|                                              gmem0|       pointer|
|m_axi_gmem0_0_WLAST     |  out|    1|       m_axi|                                              gmem0|       pointer|
|m_axi_gmem0_0_WID       |  out|    1|       m_axi|                                              gmem0|       pointer|
|m_axi_gmem0_0_WUSER     |  out|    1|       m_axi|                                              gmem0|       pointer|
|m_axi_gmem0_0_ARVALID   |  out|    1|       m_axi|                                              gmem0|       pointer|
|m_axi_gmem0_0_ARREADY   |   in|    1|       m_axi|                                              gmem0|       pointer|
|m_axi_gmem0_0_ARADDR    |  out|   64|       m_axi|                                              gmem0|       pointer|
|m_axi_gmem0_0_ARID      |  out|    1|       m_axi|                                              gmem0|       pointer|
|m_axi_gmem0_0_ARLEN     |  out|   32|       m_axi|                                              gmem0|       pointer|
|m_axi_gmem0_0_ARSIZE    |  out|    3|       m_axi|                                              gmem0|       pointer|
|m_axi_gmem0_0_ARBURST   |  out|    2|       m_axi|                                              gmem0|       pointer|
|m_axi_gmem0_0_ARLOCK    |  out|    2|       m_axi|                                              gmem0|       pointer|
|m_axi_gmem0_0_ARCACHE   |  out|    4|       m_axi|                                              gmem0|       pointer|
|m_axi_gmem0_0_ARPROT    |  out|    3|       m_axi|                                              gmem0|       pointer|
|m_axi_gmem0_0_ARQOS     |  out|    4|       m_axi|                                              gmem0|       pointer|
|m_axi_gmem0_0_ARREGION  |  out|    4|       m_axi|                                              gmem0|       pointer|
|m_axi_gmem0_0_ARUSER    |  out|    1|       m_axi|                                              gmem0|       pointer|
|m_axi_gmem0_0_RVALID    |   in|    1|       m_axi|                                              gmem0|       pointer|
|m_axi_gmem0_0_RREADY    |  out|    1|       m_axi|                                              gmem0|       pointer|
|m_axi_gmem0_0_RDATA     |   in|   32|       m_axi|                                              gmem0|       pointer|
|m_axi_gmem0_0_RLAST     |   in|    1|       m_axi|                                              gmem0|       pointer|
|m_axi_gmem0_0_RID       |   in|    1|       m_axi|                                              gmem0|       pointer|
|m_axi_gmem0_0_RFIFONUM  |   in|    9|       m_axi|                                              gmem0|       pointer|
|m_axi_gmem0_0_RUSER     |   in|    1|       m_axi|                                              gmem0|       pointer|
|m_axi_gmem0_0_RRESP     |   in|    2|       m_axi|                                              gmem0|       pointer|
|m_axi_gmem0_0_BVALID    |   in|    1|       m_axi|                                              gmem0|       pointer|
|m_axi_gmem0_0_BREADY    |  out|    1|       m_axi|                                              gmem0|       pointer|
|m_axi_gmem0_0_BRESP     |   in|    2|       m_axi|                                              gmem0|       pointer|
|m_axi_gmem0_0_BID       |   in|    1|       m_axi|                                              gmem0|       pointer|
|m_axi_gmem0_0_BUSER     |   in|    1|       m_axi|                                              gmem0|       pointer|
|sext_ln49               |   in|   62|     ap_none|                                          sext_ln49|        scalar|
|inp_image_address0      |  out|   10|   ap_memory|                                          inp_image|         array|
|inp_image_ce0           |  out|    1|   ap_memory|                                          inp_image|         array|
|inp_image_we0           |  out|    1|   ap_memory|                                          inp_image|         array|
|inp_image_d0            |  out|   32|   ap_memory|                                          inp_image|         array|
|inp_image_1_address0    |  out|   10|   ap_memory|                                        inp_image_1|         array|
|inp_image_1_ce0         |  out|    1|   ap_memory|                                        inp_image_1|         array|
|inp_image_1_we0         |  out|    1|   ap_memory|                                        inp_image_1|         array|
|inp_image_1_d0          |  out|   32|   ap_memory|                                        inp_image_1|         array|
|inp_image_2_address0    |  out|   10|   ap_memory|                                        inp_image_2|         array|
|inp_image_2_ce0         |  out|    1|   ap_memory|                                        inp_image_2|         array|
|inp_image_2_we0         |  out|    1|   ap_memory|                                        inp_image_2|         array|
|inp_image_2_d0          |  out|   32|   ap_memory|                                        inp_image_2|         array|
|inp_image_3_address0    |  out|   10|   ap_memory|                                        inp_image_3|         array|
|inp_image_3_ce0         |  out|    1|   ap_memory|                                        inp_image_3|         array|
|inp_image_3_we0         |  out|    1|   ap_memory|                                        inp_image_3|         array|
|inp_image_3_d0          |  out|   32|   ap_memory|                                        inp_image_3|         array|
|inp_image_4_address0    |  out|   10|   ap_memory|                                        inp_image_4|         array|
|inp_image_4_ce0         |  out|    1|   ap_memory|                                        inp_image_4|         array|
|inp_image_4_we0         |  out|    1|   ap_memory|                                        inp_image_4|         array|
|inp_image_4_d0          |  out|   32|   ap_memory|                                        inp_image_4|         array|
|inp_image_5_address0    |  out|   10|   ap_memory|                                        inp_image_5|         array|
|inp_image_5_ce0         |  out|    1|   ap_memory|                                        inp_image_5|         array|
|inp_image_5_we0         |  out|    1|   ap_memory|                                        inp_image_5|         array|
|inp_image_5_d0          |  out|   32|   ap_memory|                                        inp_image_5|         array|
|inp_image_6_address0    |  out|   10|   ap_memory|                                        inp_image_6|         array|
|inp_image_6_ce0         |  out|    1|   ap_memory|                                        inp_image_6|         array|
|inp_image_6_we0         |  out|    1|   ap_memory|                                        inp_image_6|         array|
|inp_image_6_d0          |  out|   32|   ap_memory|                                        inp_image_6|         array|
|inp_image_7_address0    |  out|   10|   ap_memory|                                        inp_image_7|         array|
|inp_image_7_ce0         |  out|    1|   ap_memory|                                        inp_image_7|         array|
|inp_image_7_we0         |  out|    1|   ap_memory|                                        inp_image_7|         array|
|inp_image_7_d0          |  out|   32|   ap_memory|                                        inp_image_7|         array|
|inp_image_8_address0    |  out|   10|   ap_memory|                                        inp_image_8|         array|
|inp_image_8_ce0         |  out|    1|   ap_memory|                                        inp_image_8|         array|
|inp_image_8_we0         |  out|    1|   ap_memory|                                        inp_image_8|         array|
|inp_image_8_d0          |  out|   32|   ap_memory|                                        inp_image_8|         array|
|inp_image_9_address0    |  out|   10|   ap_memory|                                        inp_image_9|         array|
|inp_image_9_ce0         |  out|    1|   ap_memory|                                        inp_image_9|         array|
|inp_image_9_we0         |  out|    1|   ap_memory|                                        inp_image_9|         array|
|inp_image_9_d0          |  out|   32|   ap_memory|                                        inp_image_9|         array|
|inp_image_10_address0   |  out|   10|   ap_memory|                                       inp_image_10|         array|
|inp_image_10_ce0        |  out|    1|   ap_memory|                                       inp_image_10|         array|
|inp_image_10_we0        |  out|    1|   ap_memory|                                       inp_image_10|         array|
|inp_image_10_d0         |  out|   32|   ap_memory|                                       inp_image_10|         array|
|inp_image_11_address0   |  out|   10|   ap_memory|                                       inp_image_11|         array|
|inp_image_11_ce0        |  out|    1|   ap_memory|                                       inp_image_11|         array|
|inp_image_11_we0        |  out|    1|   ap_memory|                                       inp_image_11|         array|
|inp_image_11_d0         |  out|   32|   ap_memory|                                       inp_image_11|         array|
|inp_image_12_address0   |  out|   10|   ap_memory|                                       inp_image_12|         array|
|inp_image_12_ce0        |  out|    1|   ap_memory|                                       inp_image_12|         array|
|inp_image_12_we0        |  out|    1|   ap_memory|                                       inp_image_12|         array|
|inp_image_12_d0         |  out|   32|   ap_memory|                                       inp_image_12|         array|
|inp_image_13_address0   |  out|   10|   ap_memory|                                       inp_image_13|         array|
|inp_image_13_ce0        |  out|    1|   ap_memory|                                       inp_image_13|         array|
|inp_image_13_we0        |  out|    1|   ap_memory|                                       inp_image_13|         array|
|inp_image_13_d0         |  out|   32|   ap_memory|                                       inp_image_13|         array|
|inp_image_14_address0   |  out|   10|   ap_memory|                                       inp_image_14|         array|
|inp_image_14_ce0        |  out|    1|   ap_memory|                                       inp_image_14|         array|
|inp_image_14_we0        |  out|    1|   ap_memory|                                       inp_image_14|         array|
|inp_image_14_d0         |  out|   32|   ap_memory|                                       inp_image_14|         array|
|inp_image_15_address0   |  out|   10|   ap_memory|                                       inp_image_15|         array|
|inp_image_15_ce0        |  out|    1|   ap_memory|                                       inp_image_15|         array|
|inp_image_15_we0        |  out|    1|   ap_memory|                                       inp_image_15|         array|
|inp_image_15_d0         |  out|   32|   ap_memory|                                       inp_image_15|         array|
|inp_image_16_address0   |  out|   10|   ap_memory|                                       inp_image_16|         array|
|inp_image_16_ce0        |  out|    1|   ap_memory|                                       inp_image_16|         array|
|inp_image_16_we0        |  out|    1|   ap_memory|                                       inp_image_16|         array|
|inp_image_16_d0         |  out|   32|   ap_memory|                                       inp_image_16|         array|
|inp_image_17_address0   |  out|   10|   ap_memory|                                       inp_image_17|         array|
|inp_image_17_ce0        |  out|    1|   ap_memory|                                       inp_image_17|         array|
|inp_image_17_we0        |  out|    1|   ap_memory|                                       inp_image_17|         array|
|inp_image_17_d0         |  out|   32|   ap_memory|                                       inp_image_17|         array|
|inp_image_18_address0   |  out|   10|   ap_memory|                                       inp_image_18|         array|
|inp_image_18_ce0        |  out|    1|   ap_memory|                                       inp_image_18|         array|
|inp_image_18_we0        |  out|    1|   ap_memory|                                       inp_image_18|         array|
|inp_image_18_d0         |  out|   32|   ap_memory|                                       inp_image_18|         array|
|inp_image_19_address0   |  out|   10|   ap_memory|                                       inp_image_19|         array|
|inp_image_19_ce0        |  out|    1|   ap_memory|                                       inp_image_19|         array|
|inp_image_19_we0        |  out|    1|   ap_memory|                                       inp_image_19|         array|
|inp_image_19_d0         |  out|   32|   ap_memory|                                       inp_image_19|         array|
|inp_image_20_address0   |  out|   10|   ap_memory|                                       inp_image_20|         array|
|inp_image_20_ce0        |  out|    1|   ap_memory|                                       inp_image_20|         array|
|inp_image_20_we0        |  out|    1|   ap_memory|                                       inp_image_20|         array|
|inp_image_20_d0         |  out|   32|   ap_memory|                                       inp_image_20|         array|
|inp_image_21_address0   |  out|   10|   ap_memory|                                       inp_image_21|         array|
|inp_image_21_ce0        |  out|    1|   ap_memory|                                       inp_image_21|         array|
|inp_image_21_we0        |  out|    1|   ap_memory|                                       inp_image_21|         array|
|inp_image_21_d0         |  out|   32|   ap_memory|                                       inp_image_21|         array|
|inp_image_22_address0   |  out|   10|   ap_memory|                                       inp_image_22|         array|
|inp_image_22_ce0        |  out|    1|   ap_memory|                                       inp_image_22|         array|
|inp_image_22_we0        |  out|    1|   ap_memory|                                       inp_image_22|         array|
|inp_image_22_d0         |  out|   32|   ap_memory|                                       inp_image_22|         array|
|inp_image_23_address0   |  out|   10|   ap_memory|                                       inp_image_23|         array|
|inp_image_23_ce0        |  out|    1|   ap_memory|                                       inp_image_23|         array|
|inp_image_23_we0        |  out|    1|   ap_memory|                                       inp_image_23|         array|
|inp_image_23_d0         |  out|   32|   ap_memory|                                       inp_image_23|         array|
|inp_image_24_address0   |  out|   10|   ap_memory|                                       inp_image_24|         array|
|inp_image_24_ce0        |  out|    1|   ap_memory|                                       inp_image_24|         array|
|inp_image_24_we0        |  out|    1|   ap_memory|                                       inp_image_24|         array|
|inp_image_24_d0         |  out|   32|   ap_memory|                                       inp_image_24|         array|
|inp_image_25_address0   |  out|   10|   ap_memory|                                       inp_image_25|         array|
|inp_image_25_ce0        |  out|    1|   ap_memory|                                       inp_image_25|         array|
|inp_image_25_we0        |  out|    1|   ap_memory|                                       inp_image_25|         array|
|inp_image_25_d0         |  out|   32|   ap_memory|                                       inp_image_25|         array|
|inp_image_26_address0   |  out|   10|   ap_memory|                                       inp_image_26|         array|
|inp_image_26_ce0        |  out|    1|   ap_memory|                                       inp_image_26|         array|
|inp_image_26_we0        |  out|    1|   ap_memory|                                       inp_image_26|         array|
|inp_image_26_d0         |  out|   32|   ap_memory|                                       inp_image_26|         array|
|inp_image_27_address0   |  out|   10|   ap_memory|                                       inp_image_27|         array|
|inp_image_27_ce0        |  out|    1|   ap_memory|                                       inp_image_27|         array|
|inp_image_27_we0        |  out|    1|   ap_memory|                                       inp_image_27|         array|
|inp_image_27_d0         |  out|   32|   ap_memory|                                       inp_image_27|         array|
|inp_image_28_address0   |  out|   10|   ap_memory|                                       inp_image_28|         array|
|inp_image_28_ce0        |  out|    1|   ap_memory|                                       inp_image_28|         array|
|inp_image_28_we0        |  out|    1|   ap_memory|                                       inp_image_28|         array|
|inp_image_28_d0         |  out|   32|   ap_memory|                                       inp_image_28|         array|
|inp_image_29_address0   |  out|   10|   ap_memory|                                       inp_image_29|         array|
|inp_image_29_ce0        |  out|    1|   ap_memory|                                       inp_image_29|         array|
|inp_image_29_we0        |  out|    1|   ap_memory|                                       inp_image_29|         array|
|inp_image_29_d0         |  out|   32|   ap_memory|                                       inp_image_29|         array|
|inp_image_30_address0   |  out|   10|   ap_memory|                                       inp_image_30|         array|
|inp_image_30_ce0        |  out|    1|   ap_memory|                                       inp_image_30|         array|
|inp_image_30_we0        |  out|    1|   ap_memory|                                       inp_image_30|         array|
|inp_image_30_d0         |  out|   32|   ap_memory|                                       inp_image_30|         array|
|inp_image_31_address0   |  out|   10|   ap_memory|                                       inp_image_31|         array|
|inp_image_31_ce0        |  out|    1|   ap_memory|                                       inp_image_31|         array|
|inp_image_31_we0        |  out|    1|   ap_memory|                                       inp_image_31|         array|
|inp_image_31_d0         |  out|   32|   ap_memory|                                       inp_image_31|         array|
|inp_image_32_address0   |  out|   10|   ap_memory|                                       inp_image_32|         array|
|inp_image_32_ce0        |  out|    1|   ap_memory|                                       inp_image_32|         array|
|inp_image_32_we0        |  out|    1|   ap_memory|                                       inp_image_32|         array|
|inp_image_32_d0         |  out|   32|   ap_memory|                                       inp_image_32|         array|
|inp_image_33_address0   |  out|   10|   ap_memory|                                       inp_image_33|         array|
|inp_image_33_ce0        |  out|    1|   ap_memory|                                       inp_image_33|         array|
|inp_image_33_we0        |  out|    1|   ap_memory|                                       inp_image_33|         array|
|inp_image_33_d0         |  out|   32|   ap_memory|                                       inp_image_33|         array|
|inp_image_34_address0   |  out|   10|   ap_memory|                                       inp_image_34|         array|
|inp_image_34_ce0        |  out|    1|   ap_memory|                                       inp_image_34|         array|
|inp_image_34_we0        |  out|    1|   ap_memory|                                       inp_image_34|         array|
|inp_image_34_d0         |  out|   32|   ap_memory|                                       inp_image_34|         array|
|inp_image_35_address0   |  out|   10|   ap_memory|                                       inp_image_35|         array|
|inp_image_35_ce0        |  out|    1|   ap_memory|                                       inp_image_35|         array|
|inp_image_35_we0        |  out|    1|   ap_memory|                                       inp_image_35|         array|
|inp_image_35_d0         |  out|   32|   ap_memory|                                       inp_image_35|         array|
|inp_image_36_address0   |  out|   10|   ap_memory|                                       inp_image_36|         array|
|inp_image_36_ce0        |  out|    1|   ap_memory|                                       inp_image_36|         array|
|inp_image_36_we0        |  out|    1|   ap_memory|                                       inp_image_36|         array|
|inp_image_36_d0         |  out|   32|   ap_memory|                                       inp_image_36|         array|
|inp_image_37_address0   |  out|   10|   ap_memory|                                       inp_image_37|         array|
|inp_image_37_ce0        |  out|    1|   ap_memory|                                       inp_image_37|         array|
|inp_image_37_we0        |  out|    1|   ap_memory|                                       inp_image_37|         array|
|inp_image_37_d0         |  out|   32|   ap_memory|                                       inp_image_37|         array|
|inp_image_38_address0   |  out|   10|   ap_memory|                                       inp_image_38|         array|
|inp_image_38_ce0        |  out|    1|   ap_memory|                                       inp_image_38|         array|
|inp_image_38_we0        |  out|    1|   ap_memory|                                       inp_image_38|         array|
|inp_image_38_d0         |  out|   32|   ap_memory|                                       inp_image_38|         array|
|inp_image_39_address0   |  out|   10|   ap_memory|                                       inp_image_39|         array|
|inp_image_39_ce0        |  out|    1|   ap_memory|                                       inp_image_39|         array|
|inp_image_39_we0        |  out|    1|   ap_memory|                                       inp_image_39|         array|
|inp_image_39_d0         |  out|   32|   ap_memory|                                       inp_image_39|         array|
|inp_image_40_address0   |  out|   10|   ap_memory|                                       inp_image_40|         array|
|inp_image_40_ce0        |  out|    1|   ap_memory|                                       inp_image_40|         array|
|inp_image_40_we0        |  out|    1|   ap_memory|                                       inp_image_40|         array|
|inp_image_40_d0         |  out|   32|   ap_memory|                                       inp_image_40|         array|
|inp_image_41_address0   |  out|   10|   ap_memory|                                       inp_image_41|         array|
|inp_image_41_ce0        |  out|    1|   ap_memory|                                       inp_image_41|         array|
|inp_image_41_we0        |  out|    1|   ap_memory|                                       inp_image_41|         array|
|inp_image_41_d0         |  out|   32|   ap_memory|                                       inp_image_41|         array|
|inp_image_42_address0   |  out|   10|   ap_memory|                                       inp_image_42|         array|
|inp_image_42_ce0        |  out|    1|   ap_memory|                                       inp_image_42|         array|
|inp_image_42_we0        |  out|    1|   ap_memory|                                       inp_image_42|         array|
|inp_image_42_d0         |  out|   32|   ap_memory|                                       inp_image_42|         array|
|inp_image_43_address0   |  out|   10|   ap_memory|                                       inp_image_43|         array|
|inp_image_43_ce0        |  out|    1|   ap_memory|                                       inp_image_43|         array|
|inp_image_43_we0        |  out|    1|   ap_memory|                                       inp_image_43|         array|
|inp_image_43_d0         |  out|   32|   ap_memory|                                       inp_image_43|         array|
|inp_image_44_address0   |  out|   10|   ap_memory|                                       inp_image_44|         array|
|inp_image_44_ce0        |  out|    1|   ap_memory|                                       inp_image_44|         array|
|inp_image_44_we0        |  out|    1|   ap_memory|                                       inp_image_44|         array|
|inp_image_44_d0         |  out|   32|   ap_memory|                                       inp_image_44|         array|
|inp_image_45_address0   |  out|   10|   ap_memory|                                       inp_image_45|         array|
|inp_image_45_ce0        |  out|    1|   ap_memory|                                       inp_image_45|         array|
|inp_image_45_we0        |  out|    1|   ap_memory|                                       inp_image_45|         array|
|inp_image_45_d0         |  out|   32|   ap_memory|                                       inp_image_45|         array|
|inp_image_46_address0   |  out|   10|   ap_memory|                                       inp_image_46|         array|
|inp_image_46_ce0        |  out|    1|   ap_memory|                                       inp_image_46|         array|
|inp_image_46_we0        |  out|    1|   ap_memory|                                       inp_image_46|         array|
|inp_image_46_d0         |  out|   32|   ap_memory|                                       inp_image_46|         array|
|inp_image_47_address0   |  out|   10|   ap_memory|                                       inp_image_47|         array|
|inp_image_47_ce0        |  out|    1|   ap_memory|                                       inp_image_47|         array|
|inp_image_47_we0        |  out|    1|   ap_memory|                                       inp_image_47|         array|
|inp_image_47_d0         |  out|   32|   ap_memory|                                       inp_image_47|         array|
|inp_image_48_address0   |  out|   10|   ap_memory|                                       inp_image_48|         array|
|inp_image_48_ce0        |  out|    1|   ap_memory|                                       inp_image_48|         array|
|inp_image_48_we0        |  out|    1|   ap_memory|                                       inp_image_48|         array|
|inp_image_48_d0         |  out|   32|   ap_memory|                                       inp_image_48|         array|
|inp_image_49_address0   |  out|   10|   ap_memory|                                       inp_image_49|         array|
|inp_image_49_ce0        |  out|    1|   ap_memory|                                       inp_image_49|         array|
|inp_image_49_we0        |  out|    1|   ap_memory|                                       inp_image_49|         array|
|inp_image_49_d0         |  out|   32|   ap_memory|                                       inp_image_49|         array|
|inp_image_50_address0   |  out|   10|   ap_memory|                                       inp_image_50|         array|
|inp_image_50_ce0        |  out|    1|   ap_memory|                                       inp_image_50|         array|
|inp_image_50_we0        |  out|    1|   ap_memory|                                       inp_image_50|         array|
|inp_image_50_d0         |  out|   32|   ap_memory|                                       inp_image_50|         array|
|inp_image_51_address0   |  out|   10|   ap_memory|                                       inp_image_51|         array|
|inp_image_51_ce0        |  out|    1|   ap_memory|                                       inp_image_51|         array|
|inp_image_51_we0        |  out|    1|   ap_memory|                                       inp_image_51|         array|
|inp_image_51_d0         |  out|   32|   ap_memory|                                       inp_image_51|         array|
|inp_image_52_address0   |  out|   10|   ap_memory|                                       inp_image_52|         array|
|inp_image_52_ce0        |  out|    1|   ap_memory|                                       inp_image_52|         array|
|inp_image_52_we0        |  out|    1|   ap_memory|                                       inp_image_52|         array|
|inp_image_52_d0         |  out|   32|   ap_memory|                                       inp_image_52|         array|
|inp_image_53_address0   |  out|   10|   ap_memory|                                       inp_image_53|         array|
|inp_image_53_ce0        |  out|    1|   ap_memory|                                       inp_image_53|         array|
|inp_image_53_we0        |  out|    1|   ap_memory|                                       inp_image_53|         array|
|inp_image_53_d0         |  out|   32|   ap_memory|                                       inp_image_53|         array|
|inp_image_54_address0   |  out|   10|   ap_memory|                                       inp_image_54|         array|
|inp_image_54_ce0        |  out|    1|   ap_memory|                                       inp_image_54|         array|
|inp_image_54_we0        |  out|    1|   ap_memory|                                       inp_image_54|         array|
|inp_image_54_d0         |  out|   32|   ap_memory|                                       inp_image_54|         array|
|inp_image_55_address0   |  out|   10|   ap_memory|                                       inp_image_55|         array|
|inp_image_55_ce0        |  out|    1|   ap_memory|                                       inp_image_55|         array|
|inp_image_55_we0        |  out|    1|   ap_memory|                                       inp_image_55|         array|
|inp_image_55_d0         |  out|   32|   ap_memory|                                       inp_image_55|         array|
|inp_image_56_address0   |  out|   10|   ap_memory|                                       inp_image_56|         array|
|inp_image_56_ce0        |  out|    1|   ap_memory|                                       inp_image_56|         array|
|inp_image_56_we0        |  out|    1|   ap_memory|                                       inp_image_56|         array|
|inp_image_56_d0         |  out|   32|   ap_memory|                                       inp_image_56|         array|
|inp_image_57_address0   |  out|   10|   ap_memory|                                       inp_image_57|         array|
|inp_image_57_ce0        |  out|    1|   ap_memory|                                       inp_image_57|         array|
|inp_image_57_we0        |  out|    1|   ap_memory|                                       inp_image_57|         array|
|inp_image_57_d0         |  out|   32|   ap_memory|                                       inp_image_57|         array|
|inp_image_58_address0   |  out|   10|   ap_memory|                                       inp_image_58|         array|
|inp_image_58_ce0        |  out|    1|   ap_memory|                                       inp_image_58|         array|
|inp_image_58_we0        |  out|    1|   ap_memory|                                       inp_image_58|         array|
|inp_image_58_d0         |  out|   32|   ap_memory|                                       inp_image_58|         array|
|inp_image_59_address0   |  out|   10|   ap_memory|                                       inp_image_59|         array|
|inp_image_59_ce0        |  out|    1|   ap_memory|                                       inp_image_59|         array|
|inp_image_59_we0        |  out|    1|   ap_memory|                                       inp_image_59|         array|
|inp_image_59_d0         |  out|   32|   ap_memory|                                       inp_image_59|         array|
|inp_image_60_address0   |  out|   10|   ap_memory|                                       inp_image_60|         array|
|inp_image_60_ce0        |  out|    1|   ap_memory|                                       inp_image_60|         array|
|inp_image_60_we0        |  out|    1|   ap_memory|                                       inp_image_60|         array|
|inp_image_60_d0         |  out|   32|   ap_memory|                                       inp_image_60|         array|
|inp_image_61_address0   |  out|   10|   ap_memory|                                       inp_image_61|         array|
|inp_image_61_ce0        |  out|    1|   ap_memory|                                       inp_image_61|         array|
|inp_image_61_we0        |  out|    1|   ap_memory|                                       inp_image_61|         array|
|inp_image_61_d0         |  out|   32|   ap_memory|                                       inp_image_61|         array|
|inp_image_62_address0   |  out|   10|   ap_memory|                                       inp_image_62|         array|
|inp_image_62_ce0        |  out|    1|   ap_memory|                                       inp_image_62|         array|
|inp_image_62_we0        |  out|    1|   ap_memory|                                       inp_image_62|         array|
|inp_image_62_d0         |  out|   32|   ap_memory|                                       inp_image_62|         array|
|inp_image_63_address0   |  out|   10|   ap_memory|                                       inp_image_63|         array|
|inp_image_63_ce0        |  out|    1|   ap_memory|                                       inp_image_63|         array|
|inp_image_63_we0        |  out|    1|   ap_memory|                                       inp_image_63|         array|
|inp_image_63_d0         |  out|   32|   ap_memory|                                       inp_image_63|         array|
|inp_image_64_address0   |  out|   10|   ap_memory|                                       inp_image_64|         array|
|inp_image_64_ce0        |  out|    1|   ap_memory|                                       inp_image_64|         array|
|inp_image_64_we0        |  out|    1|   ap_memory|                                       inp_image_64|         array|
|inp_image_64_d0         |  out|   32|   ap_memory|                                       inp_image_64|         array|
|inp_image_65_address0   |  out|   10|   ap_memory|                                       inp_image_65|         array|
|inp_image_65_ce0        |  out|    1|   ap_memory|                                       inp_image_65|         array|
|inp_image_65_we0        |  out|    1|   ap_memory|                                       inp_image_65|         array|
|inp_image_65_d0         |  out|   32|   ap_memory|                                       inp_image_65|         array|
|inp_image_66_address0   |  out|   10|   ap_memory|                                       inp_image_66|         array|
|inp_image_66_ce0        |  out|    1|   ap_memory|                                       inp_image_66|         array|
|inp_image_66_we0        |  out|    1|   ap_memory|                                       inp_image_66|         array|
|inp_image_66_d0         |  out|   32|   ap_memory|                                       inp_image_66|         array|
|inp_image_67_address0   |  out|   10|   ap_memory|                                       inp_image_67|         array|
|inp_image_67_ce0        |  out|    1|   ap_memory|                                       inp_image_67|         array|
|inp_image_67_we0        |  out|    1|   ap_memory|                                       inp_image_67|         array|
|inp_image_67_d0         |  out|   32|   ap_memory|                                       inp_image_67|         array|
|inp_image_68_address0   |  out|   10|   ap_memory|                                       inp_image_68|         array|
|inp_image_68_ce0        |  out|    1|   ap_memory|                                       inp_image_68|         array|
|inp_image_68_we0        |  out|    1|   ap_memory|                                       inp_image_68|         array|
|inp_image_68_d0         |  out|   32|   ap_memory|                                       inp_image_68|         array|
|inp_image_69_address0   |  out|   10|   ap_memory|                                       inp_image_69|         array|
|inp_image_69_ce0        |  out|    1|   ap_memory|                                       inp_image_69|         array|
|inp_image_69_we0        |  out|    1|   ap_memory|                                       inp_image_69|         array|
|inp_image_69_d0         |  out|   32|   ap_memory|                                       inp_image_69|         array|
|inp_image_70_address0   |  out|   10|   ap_memory|                                       inp_image_70|         array|
|inp_image_70_ce0        |  out|    1|   ap_memory|                                       inp_image_70|         array|
|inp_image_70_we0        |  out|    1|   ap_memory|                                       inp_image_70|         array|
|inp_image_70_d0         |  out|   32|   ap_memory|                                       inp_image_70|         array|
|inp_image_71_address0   |  out|   10|   ap_memory|                                       inp_image_71|         array|
|inp_image_71_ce0        |  out|    1|   ap_memory|                                       inp_image_71|         array|
|inp_image_71_we0        |  out|    1|   ap_memory|                                       inp_image_71|         array|
|inp_image_71_d0         |  out|   32|   ap_memory|                                       inp_image_71|         array|
|inp_image_72_address0   |  out|   10|   ap_memory|                                       inp_image_72|         array|
|inp_image_72_ce0        |  out|    1|   ap_memory|                                       inp_image_72|         array|
|inp_image_72_we0        |  out|    1|   ap_memory|                                       inp_image_72|         array|
|inp_image_72_d0         |  out|   32|   ap_memory|                                       inp_image_72|         array|
|inp_image_73_address0   |  out|   10|   ap_memory|                                       inp_image_73|         array|
|inp_image_73_ce0        |  out|    1|   ap_memory|                                       inp_image_73|         array|
|inp_image_73_we0        |  out|    1|   ap_memory|                                       inp_image_73|         array|
|inp_image_73_d0         |  out|   32|   ap_memory|                                       inp_image_73|         array|
|inp_image_74_address0   |  out|   10|   ap_memory|                                       inp_image_74|         array|
|inp_image_74_ce0        |  out|    1|   ap_memory|                                       inp_image_74|         array|
|inp_image_74_we0        |  out|    1|   ap_memory|                                       inp_image_74|         array|
|inp_image_74_d0         |  out|   32|   ap_memory|                                       inp_image_74|         array|
|inp_image_75_address0   |  out|   10|   ap_memory|                                       inp_image_75|         array|
|inp_image_75_ce0        |  out|    1|   ap_memory|                                       inp_image_75|         array|
|inp_image_75_we0        |  out|    1|   ap_memory|                                       inp_image_75|         array|
|inp_image_75_d0         |  out|   32|   ap_memory|                                       inp_image_75|         array|
|inp_image_76_address0   |  out|   10|   ap_memory|                                       inp_image_76|         array|
|inp_image_76_ce0        |  out|    1|   ap_memory|                                       inp_image_76|         array|
|inp_image_76_we0        |  out|    1|   ap_memory|                                       inp_image_76|         array|
|inp_image_76_d0         |  out|   32|   ap_memory|                                       inp_image_76|         array|
|inp_image_77_address0   |  out|   10|   ap_memory|                                       inp_image_77|         array|
|inp_image_77_ce0        |  out|    1|   ap_memory|                                       inp_image_77|         array|
|inp_image_77_we0        |  out|    1|   ap_memory|                                       inp_image_77|         array|
|inp_image_77_d0         |  out|   32|   ap_memory|                                       inp_image_77|         array|
|inp_image_78_address0   |  out|   10|   ap_memory|                                       inp_image_78|         array|
|inp_image_78_ce0        |  out|    1|   ap_memory|                                       inp_image_78|         array|
|inp_image_78_we0        |  out|    1|   ap_memory|                                       inp_image_78|         array|
|inp_image_78_d0         |  out|   32|   ap_memory|                                       inp_image_78|         array|
|inp_image_79_address0   |  out|   10|   ap_memory|                                       inp_image_79|         array|
|inp_image_79_ce0        |  out|    1|   ap_memory|                                       inp_image_79|         array|
|inp_image_79_we0        |  out|    1|   ap_memory|                                       inp_image_79|         array|
|inp_image_79_d0         |  out|   32|   ap_memory|                                       inp_image_79|         array|
|inp_image_80_address0   |  out|   10|   ap_memory|                                       inp_image_80|         array|
|inp_image_80_ce0        |  out|    1|   ap_memory|                                       inp_image_80|         array|
|inp_image_80_we0        |  out|    1|   ap_memory|                                       inp_image_80|         array|
|inp_image_80_d0         |  out|   32|   ap_memory|                                       inp_image_80|         array|
|inp_image_81_address0   |  out|   10|   ap_memory|                                       inp_image_81|         array|
|inp_image_81_ce0        |  out|    1|   ap_memory|                                       inp_image_81|         array|
|inp_image_81_we0        |  out|    1|   ap_memory|                                       inp_image_81|         array|
|inp_image_81_d0         |  out|   32|   ap_memory|                                       inp_image_81|         array|
|inp_image_82_address0   |  out|   10|   ap_memory|                                       inp_image_82|         array|
|inp_image_82_ce0        |  out|    1|   ap_memory|                                       inp_image_82|         array|
|inp_image_82_we0        |  out|    1|   ap_memory|                                       inp_image_82|         array|
|inp_image_82_d0         |  out|   32|   ap_memory|                                       inp_image_82|         array|
|inp_image_83_address0   |  out|   10|   ap_memory|                                       inp_image_83|         array|
|inp_image_83_ce0        |  out|    1|   ap_memory|                                       inp_image_83|         array|
|inp_image_83_we0        |  out|    1|   ap_memory|                                       inp_image_83|         array|
|inp_image_83_d0         |  out|   32|   ap_memory|                                       inp_image_83|         array|
|inp_image_84_address0   |  out|   10|   ap_memory|                                       inp_image_84|         array|
|inp_image_84_ce0        |  out|    1|   ap_memory|                                       inp_image_84|         array|
|inp_image_84_we0        |  out|    1|   ap_memory|                                       inp_image_84|         array|
|inp_image_84_d0         |  out|   32|   ap_memory|                                       inp_image_84|         array|
|inp_image_85_address0   |  out|   10|   ap_memory|                                       inp_image_85|         array|
|inp_image_85_ce0        |  out|    1|   ap_memory|                                       inp_image_85|         array|
|inp_image_85_we0        |  out|    1|   ap_memory|                                       inp_image_85|         array|
|inp_image_85_d0         |  out|   32|   ap_memory|                                       inp_image_85|         array|
|inp_image_86_address0   |  out|   10|   ap_memory|                                       inp_image_86|         array|
|inp_image_86_ce0        |  out|    1|   ap_memory|                                       inp_image_86|         array|
|inp_image_86_we0        |  out|    1|   ap_memory|                                       inp_image_86|         array|
|inp_image_86_d0         |  out|   32|   ap_memory|                                       inp_image_86|         array|
|inp_image_87_address0   |  out|   10|   ap_memory|                                       inp_image_87|         array|
|inp_image_87_ce0        |  out|    1|   ap_memory|                                       inp_image_87|         array|
|inp_image_87_we0        |  out|    1|   ap_memory|                                       inp_image_87|         array|
|inp_image_87_d0         |  out|   32|   ap_memory|                                       inp_image_87|         array|
|inp_image_88_address0   |  out|   10|   ap_memory|                                       inp_image_88|         array|
|inp_image_88_ce0        |  out|    1|   ap_memory|                                       inp_image_88|         array|
|inp_image_88_we0        |  out|    1|   ap_memory|                                       inp_image_88|         array|
|inp_image_88_d0         |  out|   32|   ap_memory|                                       inp_image_88|         array|
|inp_image_89_address0   |  out|   10|   ap_memory|                                       inp_image_89|         array|
|inp_image_89_ce0        |  out|    1|   ap_memory|                                       inp_image_89|         array|
|inp_image_89_we0        |  out|    1|   ap_memory|                                       inp_image_89|         array|
|inp_image_89_d0         |  out|   32|   ap_memory|                                       inp_image_89|         array|
|inp_image_90_address0   |  out|   10|   ap_memory|                                       inp_image_90|         array|
|inp_image_90_ce0        |  out|    1|   ap_memory|                                       inp_image_90|         array|
|inp_image_90_we0        |  out|    1|   ap_memory|                                       inp_image_90|         array|
|inp_image_90_d0         |  out|   32|   ap_memory|                                       inp_image_90|         array|
|inp_image_91_address0   |  out|   10|   ap_memory|                                       inp_image_91|         array|
|inp_image_91_ce0        |  out|    1|   ap_memory|                                       inp_image_91|         array|
|inp_image_91_we0        |  out|    1|   ap_memory|                                       inp_image_91|         array|
|inp_image_91_d0         |  out|   32|   ap_memory|                                       inp_image_91|         array|
|inp_image_92_address0   |  out|   10|   ap_memory|                                       inp_image_92|         array|
|inp_image_92_ce0        |  out|    1|   ap_memory|                                       inp_image_92|         array|
|inp_image_92_we0        |  out|    1|   ap_memory|                                       inp_image_92|         array|
|inp_image_92_d0         |  out|   32|   ap_memory|                                       inp_image_92|         array|
|inp_image_93_address0   |  out|   10|   ap_memory|                                       inp_image_93|         array|
|inp_image_93_ce0        |  out|    1|   ap_memory|                                       inp_image_93|         array|
|inp_image_93_we0        |  out|    1|   ap_memory|                                       inp_image_93|         array|
|inp_image_93_d0         |  out|   32|   ap_memory|                                       inp_image_93|         array|
|inp_image_94_address0   |  out|   10|   ap_memory|                                       inp_image_94|         array|
|inp_image_94_ce0        |  out|    1|   ap_memory|                                       inp_image_94|         array|
|inp_image_94_we0        |  out|    1|   ap_memory|                                       inp_image_94|         array|
|inp_image_94_d0         |  out|   32|   ap_memory|                                       inp_image_94|         array|
|inp_image_95_address0   |  out|   10|   ap_memory|                                       inp_image_95|         array|
|inp_image_95_ce0        |  out|    1|   ap_memory|                                       inp_image_95|         array|
|inp_image_95_we0        |  out|    1|   ap_memory|                                       inp_image_95|         array|
|inp_image_95_d0         |  out|   32|   ap_memory|                                       inp_image_95|         array|
+------------------------+-----+-----+------------+---------------------------------------------------+--------------+

