

================================================================
== Vitis HLS Report for 'pool1_Pipeline_L4'
================================================================
* Date:           Sat Jan 25 23:50:45 2025

* Version:        2024.2 (Build 5238294 on Nov  8 2024)
* Project:        Alex_Net
* Solution:       Pool1 (Vivado IP Flow Target)
* Product family: zynquplus
* Target device:  xczu7ev-ffvc1156-2-i


================================================================
== Performance Estimates
================================================================
+ Timing: 
    * Summary: 
    +--------+----------+----------+------------+
    |  Clock |  Target  | Estimated| Uncertainty|
    +--------+----------+----------+------------+
    |ap_clk  |  10.00 ns|  7.300 ns|     2.70 ns|
    +--------+----------+----------+------------+

+ Latency: 
    * Summary: 
    +---------+---------+----------+----------+-----+-----+------------------------------------------------+
    |  Latency (cycles) |  Latency (absolute) |  Interval |                    Pipeline                    |
    |   min   |   max   |    min   |    max   | min | max |                      Type                      |
    +---------+---------+----------+----------+-----+-----+------------------------------------------------+
    |       58|       58|  0.580 us|  0.580 us|   56|   56|  loop auto-rewind stp (delay=0 clock cycles(s))|
    +---------+---------+----------+----------+-----+-----+------------------------------------------------+

    + Detail: 
        * Instance: 
        N/A

        * Loop: 
        +----------+---------+---------+----------+-----------+-----------+------+----------+
        |          |  Latency (cycles) | Iteration|  Initiation Interval  | Trip |          |
        | Loop Name|   min   |   max   |  Latency |  achieved |   target  | Count| Pipelined|
        +----------+---------+---------+----------+-----------+-----------+------+----------+
        |- L4      |       56|       56|         3|          1|          1|    55|       yes|
        +----------+---------+---------+----------+-----------+-----------+------+----------+



================================================================
== Utilization Estimates
================================================================
* Summary: 
+-----------------+---------+------+--------+--------+-----+
|       Name      | BRAM_18K|  DSP |   FF   |   LUT  | URAM|
+-----------------+---------+------+--------+--------+-----+
|DSP              |        -|     -|       -|       -|    -|
|Expression       |        -|     -|       0|      32|    -|
|FIFO             |        -|     -|       -|       -|    -|
|Instance         |        -|     -|       -|       -|    -|
|Memory           |        -|     -|       -|       -|    -|
|Multiplexer      |        -|     -|       0|     540|    -|
|Register         |        -|     -|    1866|       -|    -|
+-----------------+---------+------+--------+--------+-----+
|Total            |        0|     0|    1866|     572|    0|
+-----------------+---------+------+--------+--------+-----+
|Available        |      624|  1728|  460800|  230400|   96|
+-----------------+---------+------+--------+--------+-----+
|Utilization (%)  |        0|     0|      ~0|      ~0|    0|
+-----------------+---------+------+--------+--------+-----+

+ Detail: 
    * Instance: 
    N/A

    * DSP: 
    N/A

    * Memory: 
    N/A

    * FIFO: 
    N/A

    * Expression: 
    +------------------------------+----------+----+---+----+------------+------------+
    |         Variable Name        | Operation| DSP| FF| LUT| Bitwidth P0| Bitwidth P1|
    +------------------------------+----------+----+---+----+------------+------------+
    |add_ln57_fu_1617_p2           |         +|   0|  0|  13|           6|           1|
    |ap_block_pp0_stage0_11001     |       and|   0|  0|   2|           1|           1|
    |icmp_ln57_fu_1611_p2          |      icmp|   0|  0|  13|           6|           5|
    |ap_predicate_pred1118_state3  |        or|   0|  0|   2|           1|           1|
    |ap_enable_pp0                 |       xor|   0|  0|   2|           1|           2|
    +------------------------------+----------+----+---+----+------------+------------+
    |Total                         |          |   0|  0|  32|          15|          10|
    +------------------------------+----------+----+---+----+------------+------------+

    * Multiplexer: 
    +-------------------------+----+-----------+-----+-----------+
    |           Name          | LUT| Input Size| Bits| Total Bits|
    +-------------------------+----+-----------+-----+-----------+
    |ap_done_int              |   9|          2|    1|          2|
    |ap_enable_reg_pp0_iter1  |   9|          2|    1|          2|
    |ap_sig_allocacmp_j_1     |   9|          2|    6|         12|
    |empty_36_fu_594          |   9|          2|   32|         64|
    |gmem_blk_n_R             |   9|          2|    1|          2|
    |j_fu_374                 |   9|          2|    6|         12|
    |mux_case_10231_fu_502    |   9|          2|   32|         64|
    |mux_case_1149_fu_398     |   9|          2|   32|         64|
    |mux_case_114_fu_378      |   9|          2|   32|         64|
    |mux_case_12238_fu_506    |   9|          2|   32|         64|
    |mux_case_1356_fu_402     |   9|          2|   32|         64|
    |mux_case_14245_fu_510    |   9|          2|   32|         64|
    |mux_case_1563_fu_406     |   9|          2|   32|         64|
    |mux_case_16252_fu_514    |   9|          2|   32|         64|
    |mux_case_1770_fu_410     |   9|          2|   32|         64|
    |mux_case_18259_fu_518    |   9|          2|   32|         64|
    |mux_case_1977_fu_414     |   9|          2|   32|         64|
    |mux_case_20266_fu_522    |   9|          2|   32|         64|
    |mux_case_2184_fu_418     |   9|          2|   32|         64|
    |mux_case_2203_fu_486     |   9|          2|   32|         64|
    |mux_case_22273_fu_526    |   9|          2|   32|         64|
    |mux_case_2391_fu_422     |   9|          2|   32|         64|
    |mux_case_24280_fu_530    |   9|          2|   32|         64|
    |mux_case_2598_fu_426     |   9|          2|   32|         64|
    |mux_case_26287_fu_534    |   9|          2|   32|         64|
    |mux_case_27105_fu_430    |   9|          2|   32|         64|
    |mux_case_28294_fu_538    |   9|          2|   32|         64|
    |mux_case_29112_fu_434    |   9|          2|   32|         64|
    |mux_case_30301_fu_542    |   9|          2|   32|         64|
    |mux_case_31119_fu_438    |   9|          2|   32|         64|
    |mux_case_321_fu_382      |   9|          2|   32|         64|
    |mux_case_32308_fu_546    |   9|          2|   32|         64|
    |mux_case_33126_fu_442    |   9|          2|   32|         64|
    |mux_case_34315_fu_550    |   9|          2|   32|         64|
    |mux_case_35133_fu_446    |   9|          2|   32|         64|
    |mux_case_36322_fu_554    |   9|          2|   32|         64|
    |mux_case_37140_fu_450    |   9|          2|   32|         64|
    |mux_case_38329_fu_558    |   9|          2|   32|         64|
    |mux_case_39147_fu_454    |   9|          2|   32|         64|
    |mux_case_40336_fu_562    |   9|          2|   32|         64|
    |mux_case_41154_fu_458    |   9|          2|   32|         64|
    |mux_case_4210_fu_490     |   9|          2|   32|         64|
    |mux_case_42343_fu_566    |   9|          2|   32|         64|
    |mux_case_43161_fu_462    |   9|          2|   32|         64|
    |mux_case_44350_fu_570    |   9|          2|   32|         64|
    |mux_case_45168_fu_466    |   9|          2|   32|         64|
    |mux_case_46357_fu_574    |   9|          2|   32|         64|
    |mux_case_47175_fu_470    |   9|          2|   32|         64|
    |mux_case_48364_fu_578    |   9|          2|   32|         64|
    |mux_case_49182_fu_474    |   9|          2|   32|         64|
    |mux_case_50371_fu_582    |   9|          2|   32|         64|
    |mux_case_51189_fu_478    |   9|          2|   32|         64|
    |mux_case_52378_fu_586    |   9|          2|   32|         64|
    |mux_case_528_fu_386      |   9|          2|   32|         64|
    |mux_case_53196_fu_482    |   9|          2|   32|         64|
    |mux_case_54385_fu_590    |   9|          2|   32|         64|
    |mux_case_6217_fu_494     |   9|          2|   32|         64|
    |mux_case_735_fu_390      |   9|          2|   32|         64|
    |mux_case_8224_fu_498     |   9|          2|   32|         64|
    |mux_case_942_fu_394      |   9|          2|   32|         64|
    +-------------------------+----+-----------+-----+-----------+
    |Total                    | 540|        120| 1775|       3550|
    +-------------------------+----+-----------+-----+-----------+

    * Register: 
    +-------------------------------------------+----+----+-----+-----------+
    |                    Name                   | FF | LUT| Bits| Const Bits|
    +-------------------------------------------+----+----+-----+-----------+
    |ap_CS_fsm                                  |   1|   0|    1|          0|
    |ap_block_pp0_stage0_subdone_grp0_done_reg  |   1|   0|    1|          0|
    |ap_done_reg                                |   1|   0|    1|          0|
    |ap_enable_reg_pp0_iter1                    |   1|   0|    1|          0|
    |ap_enable_reg_pp0_iter2                    |   1|   0|    1|          0|
    |ap_loop_exit_ready_pp0_iter1_reg           |   1|   0|    1|          0|
    |ap_predicate_pred1003_state3               |   1|   0|    1|          0|
    |ap_predicate_pred1014_state3               |   1|   0|    1|          0|
    |ap_predicate_pred1025_state3               |   1|   0|    1|          0|
    |ap_predicate_pred1036_state3               |   1|   0|    1|          0|
    |ap_predicate_pred1047_state3               |   1|   0|    1|          0|
    |ap_predicate_pred1058_state3               |   1|   0|    1|          0|
    |ap_predicate_pred1069_state3               |   1|   0|    1|          0|
    |ap_predicate_pred1080_state3               |   1|   0|    1|          0|
    |ap_predicate_pred1118_state3               |   1|   0|    1|          0|
    |ap_predicate_pred1128_state3               |   1|   0|    1|          0|
    |ap_predicate_pred496_state3                |   1|   0|    1|          0|
    |ap_predicate_pred519_state3                |   1|   0|    1|          0|
    |ap_predicate_pred530_state3                |   1|   0|    1|          0|
    |ap_predicate_pred541_state3                |   1|   0|    1|          0|
    |ap_predicate_pred552_state3                |   1|   0|    1|          0|
    |ap_predicate_pred563_state3                |   1|   0|    1|          0|
    |ap_predicate_pred574_state3                |   1|   0|    1|          0|
    |ap_predicate_pred585_state3                |   1|   0|    1|          0|
    |ap_predicate_pred596_state3                |   1|   0|    1|          0|
    |ap_predicate_pred607_state3                |   1|   0|    1|          0|
    |ap_predicate_pred618_state3                |   1|   0|    1|          0|
    |ap_predicate_pred629_state3                |   1|   0|    1|          0|
    |ap_predicate_pred640_state3                |   1|   0|    1|          0|
    |ap_predicate_pred651_state3                |   1|   0|    1|          0|
    |ap_predicate_pred662_state3                |   1|   0|    1|          0|
    |ap_predicate_pred673_state3                |   1|   0|    1|          0|
    |ap_predicate_pred684_state3                |   1|   0|    1|          0|
    |ap_predicate_pred695_state3                |   1|   0|    1|          0|
    |ap_predicate_pred706_state3                |   1|   0|    1|          0|
    |ap_predicate_pred717_state3                |   1|   0|    1|          0|
    |ap_predicate_pred728_state3                |   1|   0|    1|          0|
    |ap_predicate_pred739_state3                |   1|   0|    1|          0|
    |ap_predicate_pred750_state3                |   1|   0|    1|          0|
    |ap_predicate_pred761_state3                |   1|   0|    1|          0|
    |ap_predicate_pred772_state3                |   1|   0|    1|          0|
    |ap_predicate_pred783_state3                |   1|   0|    1|          0|
    |ap_predicate_pred794_state3                |   1|   0|    1|          0|
    |ap_predicate_pred805_state3                |   1|   0|    1|          0|
    |ap_predicate_pred816_state3                |   1|   0|    1|          0|
    |ap_predicate_pred827_state3                |   1|   0|    1|          0|
    |ap_predicate_pred838_state3                |   1|   0|    1|          0|
    |ap_predicate_pred849_state3                |   1|   0|    1|          0|
    |ap_predicate_pred860_state3                |   1|   0|    1|          0|
    |ap_predicate_pred871_state3                |   1|   0|    1|          0|
    |ap_predicate_pred882_state3                |   1|   0|    1|          0|
    |ap_predicate_pred893_state3                |   1|   0|    1|          0|
    |ap_predicate_pred904_state3                |   1|   0|    1|          0|
    |ap_predicate_pred915_state3                |   1|   0|    1|          0|
    |ap_predicate_pred926_state3                |   1|   0|    1|          0|
    |ap_predicate_pred937_state3                |   1|   0|    1|          0|
    |ap_predicate_pred948_state3                |   1|   0|    1|          0|
    |ap_predicate_pred959_state3                |   1|   0|    1|          0|
    |ap_predicate_pred970_state3                |   1|   0|    1|          0|
    |ap_predicate_pred981_state3                |   1|   0|    1|          0|
    |ap_predicate_pred992_state3                |   1|   0|    1|          0|
    |empty_36_fu_594                            |  32|   0|   32|          0|
    |icmp_ln57_reg_2479                         |   1|   0|    1|          0|
    |j_1_reg_2475                               |   6|   0|    6|          0|
    |j_fu_374                                   |   6|   0|    6|          0|
    |line_buffer_2D_reg_2483                    |  32|   0|   32|          0|
    |mux_case_10231_fu_502                      |  32|   0|   32|          0|
    |mux_case_1149_fu_398                       |  32|   0|   32|          0|
    |mux_case_114_fu_378                        |  32|   0|   32|          0|
    |mux_case_12238_fu_506                      |  32|   0|   32|          0|
    |mux_case_1356_fu_402                       |  32|   0|   32|          0|
    |mux_case_14245_fu_510                      |  32|   0|   32|          0|
    |mux_case_1563_fu_406                       |  32|   0|   32|          0|
    |mux_case_16252_fu_514                      |  32|   0|   32|          0|
    |mux_case_1770_fu_410                       |  32|   0|   32|          0|
    |mux_case_18259_fu_518                      |  32|   0|   32|          0|
    |mux_case_1977_fu_414                       |  32|   0|   32|          0|
    |mux_case_20266_fu_522                      |  32|   0|   32|          0|
    |mux_case_2184_fu_418                       |  32|   0|   32|          0|
    |mux_case_2203_fu_486                       |  32|   0|   32|          0|
    |mux_case_22273_fu_526                      |  32|   0|   32|          0|
    |mux_case_2391_fu_422                       |  32|   0|   32|          0|
    |mux_case_24280_fu_530                      |  32|   0|   32|          0|
    |mux_case_2598_fu_426                       |  32|   0|   32|          0|
    |mux_case_26287_fu_534                      |  32|   0|   32|          0|
    |mux_case_27105_fu_430                      |  32|   0|   32|          0|
    |mux_case_28294_fu_538                      |  32|   0|   32|          0|
    |mux_case_29112_fu_434                      |  32|   0|   32|          0|
    |mux_case_30301_fu_542                      |  32|   0|   32|          0|
    |mux_case_31119_fu_438                      |  32|   0|   32|          0|
    |mux_case_321_fu_382                        |  32|   0|   32|          0|
    |mux_case_32308_fu_546                      |  32|   0|   32|          0|
    |mux_case_33126_fu_442                      |  32|   0|   32|          0|
    |mux_case_34315_fu_550                      |  32|   0|   32|          0|
    |mux_case_35133_fu_446                      |  32|   0|   32|          0|
    |mux_case_36322_fu_554                      |  32|   0|   32|          0|
    |mux_case_37140_fu_450                      |  32|   0|   32|          0|
    |mux_case_38329_fu_558                      |  32|   0|   32|          0|
    |mux_case_39147_fu_454                      |  32|   0|   32|          0|
    |mux_case_40336_fu_562                      |  32|   0|   32|          0|
    |mux_case_41154_fu_458                      |  32|   0|   32|          0|
    |mux_case_4210_fu_490                       |  32|   0|   32|          0|
    |mux_case_42343_fu_566                      |  32|   0|   32|          0|
    |mux_case_43161_fu_462                      |  32|   0|   32|          0|
    |mux_case_44350_fu_570                      |  32|   0|   32|          0|
    |mux_case_45168_fu_466                      |  32|   0|   32|          0|
    |mux_case_46357_fu_574                      |  32|   0|   32|          0|
    |mux_case_47175_fu_470                      |  32|   0|   32|          0|
    |mux_case_48364_fu_578                      |  32|   0|   32|          0|
    |mux_case_49182_fu_474                      |  32|   0|   32|          0|
    |mux_case_50371_fu_582                      |  32|   0|   32|          0|
    |mux_case_51189_fu_478                      |  32|   0|   32|          0|
    |mux_case_52378_fu_586                      |  32|   0|   32|          0|
    |mux_case_528_fu_386                        |  32|   0|   32|          0|
    |mux_case_53196_fu_482                      |  32|   0|   32|          0|
    |mux_case_54385_fu_590                      |  32|   0|   32|          0|
    |mux_case_6217_fu_494                       |  32|   0|   32|          0|
    |mux_case_735_fu_390                        |  32|   0|   32|          0|
    |mux_case_8224_fu_498                       |  32|   0|   32|          0|
    |mux_case_942_fu_394                        |  32|   0|   32|          0|
    +-------------------------------------------+----+----+-----+-----------+
    |Total                                      |1866|   0| 1866|          0|
    +-------------------------------------------+----+----+-----+-----------+



================================================================
== Interface
================================================================
* Summary: 
+---------------------------+-----+-----+------------+--------------------+--------------+
|         RTL Ports         | Dir | Bits|  Protocol  |    Source Object   |    C Type    |
+---------------------------+-----+-----+------------+--------------------+--------------+
|ap_clk                     |   in|    1|  ap_ctrl_hs|   pool1_Pipeline_L4|  return value|
|ap_rst                     |   in|    1|  ap_ctrl_hs|   pool1_Pipeline_L4|  return value|
|ap_start                   |   in|    1|  ap_ctrl_hs|   pool1_Pipeline_L4|  return value|
|ap_done                    |  out|    1|  ap_ctrl_hs|   pool1_Pipeline_L4|  return value|
|ap_idle                    |  out|    1|  ap_ctrl_hs|   pool1_Pipeline_L4|  return value|
|ap_ready                   |  out|    1|  ap_ctrl_hs|   pool1_Pipeline_L4|  return value|
|m_axi_gmem_0_AWVALID       |  out|    1|       m_axi|                gmem|       pointer|
|m_axi_gmem_0_AWREADY       |   in|    1|       m_axi|                gmem|       pointer|
|m_axi_gmem_0_AWADDR        |  out|   64|       m_axi|                gmem|       pointer|
|m_axi_gmem_0_AWID          |  out|    1|       m_axi|                gmem|       pointer|
|m_axi_gmem_0_AWLEN         |  out|   32|       m_axi|                gmem|       pointer|
|m_axi_gmem_0_AWSIZE        |  out|    3|       m_axi|                gmem|       pointer|
|m_axi_gmem_0_AWBURST       |  out|    2|       m_axi|                gmem|       pointer|
|m_axi_gmem_0_AWLOCK        |  out|    2|       m_axi|                gmem|       pointer|
|m_axi_gmem_0_AWCACHE       |  out|    4|       m_axi|                gmem|       pointer|
|m_axi_gmem_0_AWPROT        |  out|    3|       m_axi|                gmem|       pointer|
|m_axi_gmem_0_AWQOS         |  out|    4|       m_axi|                gmem|       pointer|
|m_axi_gmem_0_AWREGION      |  out|    4|       m_axi|                gmem|       pointer|
|m_axi_gmem_0_AWUSER        |  out|    1|       m_axi|                gmem|       pointer|
|m_axi_gmem_0_WVALID        |  out|    1|       m_axi|                gmem|       pointer|
|m_axi_gmem_0_WREADY        |   in|    1|       m_axi|                gmem|       pointer|
|m_axi_gmem_0_WDATA         |  out|   32|       m_axi|                gmem|       pointer|
|m_axi_gmem_0_WSTRB         |  out|    4|       m_axi|                gmem|       pointer|
|m_axi_gmem_0_WLAST         |  out|    1|       m_axi|                gmem|       pointer|
|m_axi_gmem_0_WID           |  out|    1|       m_axi|                gmem|       pointer|
|m_axi_gmem_0_WUSER         |  out|    1|       m_axi|                gmem|       pointer|
|m_axi_gmem_0_ARVALID       |  out|    1|       m_axi|                gmem|       pointer|
|m_axi_gmem_0_ARREADY       |   in|    1|       m_axi|                gmem|       pointer|
|m_axi_gmem_0_ARADDR        |  out|   64|       m_axi|                gmem|       pointer|
|m_axi_gmem_0_ARID          |  out|    1|       m_axi|                gmem|       pointer|
|m_axi_gmem_0_ARLEN         |  out|   32|       m_axi|                gmem|       pointer|
|m_axi_gmem_0_ARSIZE        |  out|    3|       m_axi|                gmem|       pointer|
|m_axi_gmem_0_ARBURST       |  out|    2|       m_axi|                gmem|       pointer|
|m_axi_gmem_0_ARLOCK        |  out|    2|       m_axi|                gmem|       pointer|
|m_axi_gmem_0_ARCACHE       |  out|    4|       m_axi|                gmem|       pointer|
|m_axi_gmem_0_ARPROT        |  out|    3|       m_axi|                gmem|       pointer|
|m_axi_gmem_0_ARQOS         |  out|    4|       m_axi|                gmem|       pointer|
|m_axi_gmem_0_ARREGION      |  out|    4|       m_axi|                gmem|       pointer|
|m_axi_gmem_0_ARUSER        |  out|    1|       m_axi|                gmem|       pointer|
|m_axi_gmem_0_RVALID        |   in|    1|       m_axi|                gmem|       pointer|
|m_axi_gmem_0_RREADY        |  out|    1|       m_axi|                gmem|       pointer|
|m_axi_gmem_0_RDATA         |   in|   32|       m_axi|                gmem|       pointer|
|m_axi_gmem_0_RLAST         |   in|    1|       m_axi|                gmem|       pointer|
|m_axi_gmem_0_RID           |   in|    1|       m_axi|                gmem|       pointer|
|m_axi_gmem_0_RFIFONUM      |   in|    9|       m_axi|                gmem|       pointer|
|m_axi_gmem_0_RUSER         |   in|    1|       m_axi|                gmem|       pointer|
|m_axi_gmem_0_RRESP         |   in|    2|       m_axi|                gmem|       pointer|
|m_axi_gmem_0_BVALID        |   in|    1|       m_axi|                gmem|       pointer|
|m_axi_gmem_0_BREADY        |  out|    1|       m_axi|                gmem|       pointer|
|m_axi_gmem_0_BRESP         |   in|    2|       m_axi|                gmem|       pointer|
|m_axi_gmem_0_BID           |   in|    1|       m_axi|                gmem|       pointer|
|m_axi_gmem_0_BUSER         |   in|    1|       m_axi|                gmem|       pointer|
|empty                      |   in|   32|     ap_none|               empty|        scalar|
|mux_case_54386             |   in|   32|     ap_none|      mux_case_54386|        scalar|
|mux_case_52379             |   in|   32|     ap_none|      mux_case_52379|        scalar|
|mux_case_50372             |   in|   32|     ap_none|      mux_case_50372|        scalar|
|mux_case_48365             |   in|   32|     ap_none|      mux_case_48365|        scalar|
|mux_case_46358             |   in|   32|     ap_none|      mux_case_46358|        scalar|
|mux_case_44351             |   in|   32|     ap_none|      mux_case_44351|        scalar|
|mux_case_42344             |   in|   32|     ap_none|      mux_case_42344|        scalar|
|mux_case_40337             |   in|   32|     ap_none|      mux_case_40337|        scalar|
|mux_case_38330             |   in|   32|     ap_none|      mux_case_38330|        scalar|
|mux_case_36323             |   in|   32|     ap_none|      mux_case_36323|        scalar|
|mux_case_34316             |   in|   32|     ap_none|      mux_case_34316|        scalar|
|mux_case_32309             |   in|   32|     ap_none|      mux_case_32309|        scalar|
|mux_case_30302             |   in|   32|     ap_none|      mux_case_30302|        scalar|
|mux_case_28295             |   in|   32|     ap_none|      mux_case_28295|        scalar|
|mux_case_26288             |   in|   32|     ap_none|      mux_case_26288|        scalar|
|mux_case_24281             |   in|   32|     ap_none|      mux_case_24281|        scalar|
|mux_case_22274             |   in|   32|     ap_none|      mux_case_22274|        scalar|
|mux_case_20267             |   in|   32|     ap_none|      mux_case_20267|        scalar|
|mux_case_18260             |   in|   32|     ap_none|      mux_case_18260|        scalar|
|mux_case_16253             |   in|   32|     ap_none|      mux_case_16253|        scalar|
|mux_case_14246             |   in|   32|     ap_none|      mux_case_14246|        scalar|
|mux_case_12239             |   in|   32|     ap_none|      mux_case_12239|        scalar|
|mux_case_10232             |   in|   32|     ap_none|      mux_case_10232|        scalar|
|mux_case_8225              |   in|   32|     ap_none|       mux_case_8225|        scalar|
|mux_case_6218              |   in|   32|     ap_none|       mux_case_6218|        scalar|
|mux_case_4211              |   in|   32|     ap_none|       mux_case_4211|        scalar|
|mux_case_2204              |   in|   32|     ap_none|       mux_case_2204|        scalar|
|mux_case_53197             |   in|   32|     ap_none|      mux_case_53197|        scalar|
|mux_case_51190             |   in|   32|     ap_none|      mux_case_51190|        scalar|
|mux_case_49183             |   in|   32|     ap_none|      mux_case_49183|        scalar|
|mux_case_47176             |   in|   32|     ap_none|      mux_case_47176|        scalar|
|mux_case_45169             |   in|   32|     ap_none|      mux_case_45169|        scalar|
|mux_case_43162             |   in|   32|     ap_none|      mux_case_43162|        scalar|
|mux_case_41155             |   in|   32|     ap_none|      mux_case_41155|        scalar|
|mux_case_39148             |   in|   32|     ap_none|      mux_case_39148|        scalar|
|mux_case_37141             |   in|   32|     ap_none|      mux_case_37141|        scalar|
|mux_case_35134             |   in|   32|     ap_none|      mux_case_35134|        scalar|
|mux_case_33127             |   in|   32|     ap_none|      mux_case_33127|        scalar|
|mux_case_31120             |   in|   32|     ap_none|      mux_case_31120|        scalar|
|mux_case_29113             |   in|   32|     ap_none|      mux_case_29113|        scalar|
|mux_case_27106             |   in|   32|     ap_none|      mux_case_27106|        scalar|
|mux_case_2599              |   in|   32|     ap_none|       mux_case_2599|        scalar|
|mux_case_2392              |   in|   32|     ap_none|       mux_case_2392|        scalar|
|mux_case_2185              |   in|   32|     ap_none|       mux_case_2185|        scalar|
|mux_case_1978              |   in|   32|     ap_none|       mux_case_1978|        scalar|
|mux_case_1771              |   in|   32|     ap_none|       mux_case_1771|        scalar|
|mux_case_1564              |   in|   32|     ap_none|       mux_case_1564|        scalar|
|mux_case_1357              |   in|   32|     ap_none|       mux_case_1357|        scalar|
|mux_case_1150              |   in|   32|     ap_none|       mux_case_1150|        scalar|
|mux_case_943               |   in|   32|     ap_none|        mux_case_943|        scalar|
|mux_case_736               |   in|   32|     ap_none|        mux_case_736|        scalar|
|mux_case_529               |   in|   32|     ap_none|        mux_case_529|        scalar|
|mux_case_322               |   in|   32|     ap_none|        mux_case_322|        scalar|
|mux_case_115               |   in|   32|     ap_none|        mux_case_115|        scalar|
|sext_ln57                  |   in|   62|     ap_none|           sext_ln57|        scalar|
|p_out                      |  out|   32|      ap_vld|               p_out|       pointer|
|p_out_ap_vld               |  out|    1|      ap_vld|               p_out|       pointer|
|mux_case_54385_out         |  out|   32|      ap_vld|  mux_case_54385_out|       pointer|
|mux_case_54385_out_ap_vld  |  out|    1|      ap_vld|  mux_case_54385_out|       pointer|
|mux_case_52378_out         |  out|   32|      ap_vld|  mux_case_52378_out|       pointer|
|mux_case_52378_out_ap_vld  |  out|    1|      ap_vld|  mux_case_52378_out|       pointer|
|mux_case_50371_out         |  out|   32|      ap_vld|  mux_case_50371_out|       pointer|
|mux_case_50371_out_ap_vld  |  out|    1|      ap_vld|  mux_case_50371_out|       pointer|
|mux_case_48364_out         |  out|   32|      ap_vld|  mux_case_48364_out|       pointer|
|mux_case_48364_out_ap_vld  |  out|    1|      ap_vld|  mux_case_48364_out|       pointer|
|mux_case_46357_out         |  out|   32|      ap_vld|  mux_case_46357_out|       pointer|
|mux_case_46357_out_ap_vld  |  out|    1|      ap_vld|  mux_case_46357_out|       pointer|
|mux_case_44350_out         |  out|   32|      ap_vld|  mux_case_44350_out|       pointer|
|mux_case_44350_out_ap_vld  |  out|    1|      ap_vld|  mux_case_44350_out|       pointer|
|mux_case_42343_out         |  out|   32|      ap_vld|  mux_case_42343_out|       pointer|
|mux_case_42343_out_ap_vld  |  out|    1|      ap_vld|  mux_case_42343_out|       pointer|
|mux_case_40336_out         |  out|   32|      ap_vld|  mux_case_40336_out|       pointer|
|mux_case_40336_out_ap_vld  |  out|    1|      ap_vld|  mux_case_40336_out|       pointer|
|mux_case_38329_out         |  out|   32|      ap_vld|  mux_case_38329_out|       pointer|
|mux_case_38329_out_ap_vld  |  out|    1|      ap_vld|  mux_case_38329_out|       pointer|
|mux_case_36322_out         |  out|   32|      ap_vld|  mux_case_36322_out|       pointer|
|mux_case_36322_out_ap_vld  |  out|    1|      ap_vld|  mux_case_36322_out|       pointer|
|mux_case_34315_out         |  out|   32|      ap_vld|  mux_case_34315_out|       pointer|
|mux_case_34315_out_ap_vld  |  out|    1|      ap_vld|  mux_case_34315_out|       pointer|
|mux_case_32308_out         |  out|   32|      ap_vld|  mux_case_32308_out|       pointer|
|mux_case_32308_out_ap_vld  |  out|    1|      ap_vld|  mux_case_32308_out|       pointer|
|mux_case_30301_out         |  out|   32|      ap_vld|  mux_case_30301_out|       pointer|
|mux_case_30301_out_ap_vld  |  out|    1|      ap_vld|  mux_case_30301_out|       pointer|
|mux_case_28294_out         |  out|   32|      ap_vld|  mux_case_28294_out|       pointer|
|mux_case_28294_out_ap_vld  |  out|    1|      ap_vld|  mux_case_28294_out|       pointer|
|mux_case_26287_out         |  out|   32|      ap_vld|  mux_case_26287_out|       pointer|
|mux_case_26287_out_ap_vld  |  out|    1|      ap_vld|  mux_case_26287_out|       pointer|
|mux_case_24280_out         |  out|   32|      ap_vld|  mux_case_24280_out|       pointer|
|mux_case_24280_out_ap_vld  |  out|    1|      ap_vld|  mux_case_24280_out|       pointer|
|mux_case_22273_out         |  out|   32|      ap_vld|  mux_case_22273_out|       pointer|
|mux_case_22273_out_ap_vld  |  out|    1|      ap_vld|  mux_case_22273_out|       pointer|
|mux_case_20266_out         |  out|   32|      ap_vld|  mux_case_20266_out|       pointer|
|mux_case_20266_out_ap_vld  |  out|    1|      ap_vld|  mux_case_20266_out|       pointer|
|mux_case_18259_out         |  out|   32|      ap_vld|  mux_case_18259_out|       pointer|
|mux_case_18259_out_ap_vld  |  out|    1|      ap_vld|  mux_case_18259_out|       pointer|
|mux_case_16252_out         |  out|   32|      ap_vld|  mux_case_16252_out|       pointer|
|mux_case_16252_out_ap_vld  |  out|    1|      ap_vld|  mux_case_16252_out|       pointer|
|mux_case_14245_out         |  out|   32|      ap_vld|  mux_case_14245_out|       pointer|
|mux_case_14245_out_ap_vld  |  out|    1|      ap_vld|  mux_case_14245_out|       pointer|
|mux_case_12238_out         |  out|   32|      ap_vld|  mux_case_12238_out|       pointer|
|mux_case_12238_out_ap_vld  |  out|    1|      ap_vld|  mux_case_12238_out|       pointer|
|mux_case_10231_out         |  out|   32|      ap_vld|  mux_case_10231_out|       pointer|
|mux_case_10231_out_ap_vld  |  out|    1|      ap_vld|  mux_case_10231_out|       pointer|
|mux_case_8224_out          |  out|   32|      ap_vld|   mux_case_8224_out|       pointer|
|mux_case_8224_out_ap_vld   |  out|    1|      ap_vld|   mux_case_8224_out|       pointer|
|mux_case_6217_out          |  out|   32|      ap_vld|   mux_case_6217_out|       pointer|
|mux_case_6217_out_ap_vld   |  out|    1|      ap_vld|   mux_case_6217_out|       pointer|
|mux_case_4210_out          |  out|   32|      ap_vld|   mux_case_4210_out|       pointer|
|mux_case_4210_out_ap_vld   |  out|    1|      ap_vld|   mux_case_4210_out|       pointer|
|mux_case_2203_out          |  out|   32|      ap_vld|   mux_case_2203_out|       pointer|
|mux_case_2203_out_ap_vld   |  out|    1|      ap_vld|   mux_case_2203_out|       pointer|
|mux_case_53196_out         |  out|   32|      ap_vld|  mux_case_53196_out|       pointer|
|mux_case_53196_out_ap_vld  |  out|    1|      ap_vld|  mux_case_53196_out|       pointer|
|mux_case_51189_out         |  out|   32|      ap_vld|  mux_case_51189_out|       pointer|
|mux_case_51189_out_ap_vld  |  out|    1|      ap_vld|  mux_case_51189_out|       pointer|
|mux_case_49182_out         |  out|   32|      ap_vld|  mux_case_49182_out|       pointer|
|mux_case_49182_out_ap_vld  |  out|    1|      ap_vld|  mux_case_49182_out|       pointer|
|mux_case_47175_out         |  out|   32|      ap_vld|  mux_case_47175_out|       pointer|
|mux_case_47175_out_ap_vld  |  out|    1|      ap_vld|  mux_case_47175_out|       pointer|
|mux_case_45168_out         |  out|   32|      ap_vld|  mux_case_45168_out|       pointer|
|mux_case_45168_out_ap_vld  |  out|    1|      ap_vld|  mux_case_45168_out|       pointer|
|mux_case_43161_out         |  out|   32|      ap_vld|  mux_case_43161_out|       pointer|
|mux_case_43161_out_ap_vld  |  out|    1|      ap_vld|  mux_case_43161_out|       pointer|
|mux_case_41154_out         |  out|   32|      ap_vld|  mux_case_41154_out|       pointer|
|mux_case_41154_out_ap_vld  |  out|    1|      ap_vld|  mux_case_41154_out|       pointer|
|mux_case_39147_out         |  out|   32|      ap_vld|  mux_case_39147_out|       pointer|
|mux_case_39147_out_ap_vld  |  out|    1|      ap_vld|  mux_case_39147_out|       pointer|
|mux_case_37140_out         |  out|   32|      ap_vld|  mux_case_37140_out|       pointer|
|mux_case_37140_out_ap_vld  |  out|    1|      ap_vld|  mux_case_37140_out|       pointer|
|mux_case_35133_out         |  out|   32|      ap_vld|  mux_case_35133_out|       pointer|
|mux_case_35133_out_ap_vld  |  out|    1|      ap_vld|  mux_case_35133_out|       pointer|
|mux_case_33126_out         |  out|   32|      ap_vld|  mux_case_33126_out|       pointer|
|mux_case_33126_out_ap_vld  |  out|    1|      ap_vld|  mux_case_33126_out|       pointer|
|mux_case_31119_out         |  out|   32|      ap_vld|  mux_case_31119_out|       pointer|
|mux_case_31119_out_ap_vld  |  out|    1|      ap_vld|  mux_case_31119_out|       pointer|
|mux_case_29112_out         |  out|   32|      ap_vld|  mux_case_29112_out|       pointer|
|mux_case_29112_out_ap_vld  |  out|    1|      ap_vld|  mux_case_29112_out|       pointer|
|mux_case_27105_out         |  out|   32|      ap_vld|  mux_case_27105_out|       pointer|
|mux_case_27105_out_ap_vld  |  out|    1|      ap_vld|  mux_case_27105_out|       pointer|
|mux_case_2598_out          |  out|   32|      ap_vld|   mux_case_2598_out|       pointer|
|mux_case_2598_out_ap_vld   |  out|    1|      ap_vld|   mux_case_2598_out|       pointer|
|mux_case_2391_out          |  out|   32|      ap_vld|   mux_case_2391_out|       pointer|
|mux_case_2391_out_ap_vld   |  out|    1|      ap_vld|   mux_case_2391_out|       pointer|
|mux_case_2184_out          |  out|   32|      ap_vld|   mux_case_2184_out|       pointer|
|mux_case_2184_out_ap_vld   |  out|    1|      ap_vld|   mux_case_2184_out|       pointer|
|mux_case_1977_out          |  out|   32|      ap_vld|   mux_case_1977_out|       pointer|
|mux_case_1977_out_ap_vld   |  out|    1|      ap_vld|   mux_case_1977_out|       pointer|
|mux_case_1770_out          |  out|   32|      ap_vld|   mux_case_1770_out|       pointer|
|mux_case_1770_out_ap_vld   |  out|    1|      ap_vld|   mux_case_1770_out|       pointer|
|mux_case_1563_out          |  out|   32|      ap_vld|   mux_case_1563_out|       pointer|
|mux_case_1563_out_ap_vld   |  out|    1|      ap_vld|   mux_case_1563_out|       pointer|
|mux_case_1356_out          |  out|   32|      ap_vld|   mux_case_1356_out|       pointer|
|mux_case_1356_out_ap_vld   |  out|    1|      ap_vld|   mux_case_1356_out|       pointer|
|mux_case_1149_out          |  out|   32|      ap_vld|   mux_case_1149_out|       pointer|
|mux_case_1149_out_ap_vld   |  out|    1|      ap_vld|   mux_case_1149_out|       pointer|
|mux_case_942_out           |  out|   32|      ap_vld|    mux_case_942_out|       pointer|
|mux_case_942_out_ap_vld    |  out|    1|      ap_vld|    mux_case_942_out|       pointer|
|mux_case_735_out           |  out|   32|      ap_vld|    mux_case_735_out|       pointer|
|mux_case_735_out_ap_vld    |  out|    1|      ap_vld|    mux_case_735_out|       pointer|
|mux_case_528_out           |  out|   32|      ap_vld|    mux_case_528_out|       pointer|
|mux_case_528_out_ap_vld    |  out|    1|      ap_vld|    mux_case_528_out|       pointer|
|mux_case_321_out           |  out|   32|      ap_vld|    mux_case_321_out|       pointer|
|mux_case_321_out_ap_vld    |  out|    1|      ap_vld|    mux_case_321_out|       pointer|
|mux_case_114_out           |  out|   32|      ap_vld|    mux_case_114_out|       pointer|
|mux_case_114_out_ap_vld    |  out|    1|      ap_vld|    mux_case_114_out|       pointer|
+---------------------------+-----+-----+------------+--------------------+--------------+

