

================================================================
== Vitis HLS Report for 'conv3_Pipeline_VITIS_LOOP_91_1'
================================================================
* Date:           Sat Jan 25 17:56:49 2025

* Version:        2024.2 (Build 5238294 on Nov  8 2024)
* Project:        Alex_Net
* Solution:       Conv3 (Vivado IP Flow Target)
* Product family: zynquplus
* Target device:  xczu7ev-ffvc1156-2-i


================================================================
== Performance Estimates
================================================================
+ Timing: 
    * Summary: 
    +--------+----------+----------+------------+
    |  Clock |  Target  | Estimated| Uncertainty|
    +--------+----------+----------+------------+
    |ap_clk  |  10.00 ns|  1.619 ns|     2.70 ns|
    +--------+----------+----------+------------+

+ Latency: 
    * Summary: 
    +---------+---------+----------+----------+-----+-----+------------------------------------------------+
    |  Latency (cycles) |  Latency (absolute) |  Interval |                    Pipeline                    |
    |   min   |   max   |    min   |    max   | min | max |                      Type                      |
    +---------+---------+----------+----------+-----+-----+------------------------------------------------+
    |      171|      171|  1.710 us|  1.710 us|  170|  170|  loop auto-rewind stp (delay=0 clock cycles(s))|
    +---------+---------+----------+----------+-----+-----+------------------------------------------------+

    + Detail: 
        * Instance: 
        N/A

        * Loop: 
        +-------------------+---------+---------+----------+-----------+-----------+------+----------+
        |                   |  Latency (cycles) | Iteration|  Initiation Interval  | Trip |          |
        |     Loop Name     |   min   |   max   |  Latency |  achieved |   target  | Count| Pipelined|
        +-------------------+---------+---------+----------+-----------+-----------+------+----------+
        |- VITIS_LOOP_91_1  |      169|      169|         1|          1|          1|   169|       yes|
        +-------------------+---------+---------+----------+-----------+-----------+------+----------+



================================================================
== Utilization Estimates
================================================================
* Summary: 
+-----------------+---------+------+--------+--------+-----+
|       Name      | BRAM_18K|  DSP |   FF   |   LUT  | URAM|
+-----------------+---------+------+--------+--------+-----+
|DSP              |        -|     -|       -|       -|    -|
|Expression       |        -|     -|       0|      32|    -|
|FIFO             |        -|     -|       -|       -|    -|
|Instance         |        -|     -|       -|       -|    -|
|Memory           |        -|     -|       -|       -|    -|
|Multiplexer      |        -|     -|       0|    1548|    -|
|Register         |        -|     -|    5418|       -|    -|
+-----------------+---------+------+--------+--------+-----+
|Total            |        0|     0|    5418|    1580|    0|
+-----------------+---------+------+--------+--------+-----+
|Available        |      624|  1728|  460800|  230400|   96|
+-----------------+---------+------+--------+--------+-----+
|Utilization (%)  |        0|     0|       1|      ~0|    0|
+-----------------+---------+------+--------+--------+-----+

+ Detail: 
    * Instance: 
    N/A

    * DSP: 
    N/A

    * Memory: 
    N/A

    * FIFO: 
    N/A

    * Expression: 
    +----------------------+----------+----+---+----+------------+------------+
    |     Variable Name    | Operation| DSP| FF| LUT| Bitwidth P0| Bitwidth P1|
    +----------------------+----------+----+---+----+------------+------------+
    |add_ln91_fu_4774_p2   |         +|   0|  0|  15|           8|           1|
    |ap_condition_2236     |       and|   0|  0|   2|           1|           1|
    |icmp_ln91_fu_4768_p2  |      icmp|   0|  0|  15|           8|           8|
    +----------------------+----------+----+---+----+------------+------------+
    |Total                 |          |   0|  0|  32|          17|          10|
    +----------------------+----------+----+---+----+------------+------------+

    * Multiplexer: 
    +----------------------------------------+----+-----------+-----+-----------+
    |                  Name                  | LUT| Input Size| Bits| Total Bits|
    +----------------------------------------+----+-----------+-----+-----------+
    |ap_done_int                             |   9|          2|    1|          2|
    |ap_sig_allocacmp_i_1                    |   9|          2|    8|         16|
    |arrayidx179_104030_promoted285_fu_1082  |   9|          2|   32|         64|
    |arrayidx179_10_10_promoted675_fu_1602   |   9|          2|   32|         64|
    |arrayidx179_10_11_promoted678_fu_1606   |   9|          2|   32|         64|
    |arrayidx179_10_12_promoted681_fu_1610   |   9|          2|   32|         64|
    |arrayidx179_10_1_promoted648_fu_1566    |   9|          2|   32|         64|
    |arrayidx179_10_2_promoted651_fu_1570    |   9|          2|   32|         64|
    |arrayidx179_10_3_promoted654_fu_1574    |   9|          2|   32|         64|
    |arrayidx179_10_4_promoted657_fu_1578    |   9|          2|   32|         64|
    |arrayidx179_10_5_promoted660_fu_1582    |   9|          2|   32|         64|
    |arrayidx179_10_6_promoted663_fu_1586    |   9|          2|   32|         64|
    |arrayidx179_10_7_promoted666_fu_1590    |   9|          2|   32|         64|
    |arrayidx179_10_8_promoted669_fu_1594    |   9|          2|   32|         64|
    |arrayidx179_10_9_promoted672_fu_1598    |   9|          2|   32|         64|
    |arrayidx179_10_promoted645_fu_1562      |   9|          2|   32|         64|
    |arrayidx179_114047_promoted288_fu_1086  |   9|          2|   32|         64|
    |arrayidx179_11_10_promoted714_fu_1654   |   9|          2|   32|         64|
    |arrayidx179_11_11_promoted717_fu_1658   |   9|          2|   32|         64|
    |arrayidx179_11_12_promoted720_fu_1662   |   9|          2|   32|         64|
    |arrayidx179_11_1_promoted687_fu_1618    |   9|          2|   32|         64|
    |arrayidx179_11_2_promoted690_fu_1622    |   9|          2|   32|         64|
    |arrayidx179_11_3_promoted693_fu_1626    |   9|          2|   32|         64|
    |arrayidx179_11_4_promoted696_fu_1630    |   9|          2|   32|         64|
    |arrayidx179_11_5_promoted699_fu_1634    |   9|          2|   32|         64|
    |arrayidx179_11_6_promoted702_fu_1638    |   9|          2|   32|         64|
    |arrayidx179_11_7_promoted705_fu_1642    |   9|          2|   32|         64|
    |arrayidx179_11_8_promoted708_fu_1646    |   9|          2|   32|         64|
    |arrayidx179_11_9_promoted711_fu_1650    |   9|          2|   32|         64|
    |arrayidx179_11_promoted684_fu_1614      |   9|          2|   32|         64|
    |arrayidx179_124064_promoted291_fu_1090  |   9|          2|   32|         64|
    |arrayidx179_12_10_promoted753_fu_1706   |   9|          2|   32|         64|
    |arrayidx179_12_11_promoted756_fu_1710   |   9|          2|   32|         64|
    |arrayidx179_12_12_promoted759_fu_1714   |   9|          2|   32|         64|
    |arrayidx179_12_1_promoted726_fu_1670    |   9|          2|   32|         64|
    |arrayidx179_12_2_promoted729_fu_1674    |   9|          2|   32|         64|
    |arrayidx179_12_3_promoted732_fu_1678    |   9|          2|   32|         64|
    |arrayidx179_12_4_promoted735_fu_1682    |   9|          2|   32|         64|
    |arrayidx179_12_5_promoted738_fu_1686    |   9|          2|   32|         64|
    |arrayidx179_12_6_promoted741_fu_1690    |   9|          2|   32|         64|
    |arrayidx179_12_7_promoted744_fu_1694    |   9|          2|   32|         64|
    |arrayidx179_12_8_promoted747_fu_1698    |   9|          2|   32|         64|
    |arrayidx179_12_9_promoted750_fu_1702    |   9|          2|   32|         64|
    |arrayidx179_12_promoted723_fu_1666      |   9|          2|   32|         64|
    |arrayidx179_13877_promoted258_fu_1046   |   9|          2|   32|         64|
    |arrayidx179_1_10_promoted324_fu_1134    |   9|          2|   32|         64|
    |arrayidx179_1_11_promoted327_fu_1138    |   9|          2|   32|         64|
    |arrayidx179_1_12_promoted330_fu_1142    |   9|          2|   32|         64|
    |arrayidx179_1_1_promoted297_fu_1098     |   9|          2|   32|         64|
    |arrayidx179_1_2_promoted300_fu_1102     |   9|          2|   32|         64|
    |arrayidx179_1_3_promoted303_fu_1106     |   9|          2|   32|         64|
    |arrayidx179_1_4_promoted306_fu_1110     |   9|          2|   32|         64|
    |arrayidx179_1_5_promoted309_fu_1114     |   9|          2|   32|         64|
    |arrayidx179_1_6_promoted312_fu_1118     |   9|          2|   32|         64|
    |arrayidx179_1_7_promoted315_fu_1122     |   9|          2|   32|         64|
    |arrayidx179_1_8_promoted318_fu_1126     |   9|          2|   32|         64|
    |arrayidx179_1_9_promoted321_fu_1130     |   9|          2|   32|         64|
    |arrayidx179_1_promoted294_fu_1094       |   9|          2|   32|         64|
    |arrayidx179_23894_promoted261_fu_1050   |   9|          2|   32|         64|
    |arrayidx179_2_10_promoted363_fu_1186    |   9|          2|   32|         64|
    |arrayidx179_2_11_promoted366_fu_1190    |   9|          2|   32|         64|
    |arrayidx179_2_12_promoted369_fu_1194    |   9|          2|   32|         64|
    |arrayidx179_2_1_promoted336_fu_1150     |   9|          2|   32|         64|
    |arrayidx179_2_2_promoted339_fu_1154     |   9|          2|   32|         64|
    |arrayidx179_2_3_promoted342_fu_1158     |   9|          2|   32|         64|
    |arrayidx179_2_4_promoted345_fu_1162     |   9|          2|   32|         64|
    |arrayidx179_2_5_promoted348_fu_1166     |   9|          2|   32|         64|
    |arrayidx179_2_6_promoted351_fu_1170     |   9|          2|   32|         64|
    |arrayidx179_2_7_promoted354_fu_1174     |   9|          2|   32|         64|
    |arrayidx179_2_8_promoted357_fu_1178     |   9|          2|   32|         64|
    |arrayidx179_2_9_promoted360_fu_1182     |   9|          2|   32|         64|
    |arrayidx179_2_promoted333_fu_1146       |   9|          2|   32|         64|
    |arrayidx179_33911_promoted264_fu_1054   |   9|          2|   32|         64|
    |arrayidx179_3_10_promoted402_fu_1238    |   9|          2|   32|         64|
    |arrayidx179_3_11_promoted405_fu_1242    |   9|          2|   32|         64|
    |arrayidx179_3_12_promoted408_fu_1246    |   9|          2|   32|         64|
    |arrayidx179_3_1_promoted375_fu_1202     |   9|          2|   32|         64|
    |arrayidx179_3_2_promoted378_fu_1206     |   9|          2|   32|         64|
    |arrayidx179_3_3_promoted381_fu_1210     |   9|          2|   32|         64|
    |arrayidx179_3_4_promoted384_fu_1214     |   9|          2|   32|         64|
    |arrayidx179_3_5_promoted387_fu_1218     |   9|          2|   32|         64|
    |arrayidx179_3_6_promoted390_fu_1222     |   9|          2|   32|         64|
    |arrayidx179_3_7_promoted393_fu_1226     |   9|          2|   32|         64|
    |arrayidx179_3_8_promoted396_fu_1230     |   9|          2|   32|         64|
    |arrayidx179_3_9_promoted399_fu_1234     |   9|          2|   32|         64|
    |arrayidx179_3_promoted372_fu_1198       |   9|          2|   32|         64|
    |arrayidx179_43928_promoted267_fu_1058   |   9|          2|   32|         64|
    |arrayidx179_4_10_promoted441_fu_1290    |   9|          2|   32|         64|
    |arrayidx179_4_11_promoted444_fu_1294    |   9|          2|   32|         64|
    |arrayidx179_4_12_promoted447_fu_1298    |   9|          2|   32|         64|
    |arrayidx179_4_1_promoted414_fu_1254     |   9|          2|   32|         64|
    |arrayidx179_4_2_promoted417_fu_1258     |   9|          2|   32|         64|
    |arrayidx179_4_3_promoted420_fu_1262     |   9|          2|   32|         64|
    |arrayidx179_4_4_promoted423_fu_1266     |   9|          2|   32|         64|
    |arrayidx179_4_5_promoted426_fu_1270     |   9|          2|   32|         64|
    |arrayidx179_4_6_promoted429_fu_1274     |   9|          2|   32|         64|
    |arrayidx179_4_7_promoted432_fu_1278     |   9|          2|   32|         64|
    |arrayidx179_4_8_promoted435_fu_1282     |   9|          2|   32|         64|
    |arrayidx179_4_9_promoted438_fu_1286     |   9|          2|   32|         64|
    |arrayidx179_4_promoted411_fu_1250       |   9|          2|   32|         64|
    |arrayidx179_53945_promoted270_fu_1062   |   9|          2|   32|         64|
    |arrayidx179_5_10_promoted480_fu_1342    |   9|          2|   32|         64|
    |arrayidx179_5_11_promoted483_fu_1346    |   9|          2|   32|         64|
    |arrayidx179_5_12_promoted486_fu_1350    |   9|          2|   32|         64|
    |arrayidx179_5_1_promoted453_fu_1306     |   9|          2|   32|         64|
    |arrayidx179_5_2_promoted456_fu_1310     |   9|          2|   32|         64|
    |arrayidx179_5_3_promoted459_fu_1314     |   9|          2|   32|         64|
    |arrayidx179_5_4_promoted462_fu_1318     |   9|          2|   32|         64|
    |arrayidx179_5_5_promoted465_fu_1322     |   9|          2|   32|         64|
    |arrayidx179_5_6_promoted468_fu_1326     |   9|          2|   32|         64|
    |arrayidx179_5_7_promoted471_fu_1330     |   9|          2|   32|         64|
    |arrayidx179_5_8_promoted474_fu_1334     |   9|          2|   32|         64|
    |arrayidx179_5_9_promoted477_fu_1338     |   9|          2|   32|         64|
    |arrayidx179_5_promoted450_fu_1302       |   9|          2|   32|         64|
    |arrayidx179_63962_promoted273_fu_1066   |   9|          2|   32|         64|
    |arrayidx179_6_10_promoted519_fu_1394    |   9|          2|   32|         64|
    |arrayidx179_6_11_promoted522_fu_1398    |   9|          2|   32|         64|
    |arrayidx179_6_12_promoted525_fu_1402    |   9|          2|   32|         64|
    |arrayidx179_6_1_promoted492_fu_1358     |   9|          2|   32|         64|
    |arrayidx179_6_2_promoted495_fu_1362     |   9|          2|   32|         64|
    |arrayidx179_6_3_promoted498_fu_1366     |   9|          2|   32|         64|
    |arrayidx179_6_4_promoted501_fu_1370     |   9|          2|   32|         64|
    |arrayidx179_6_5_promoted504_fu_1374     |   9|          2|   32|         64|
    |arrayidx179_6_6_promoted507_fu_1378     |   9|          2|   32|         64|
    |arrayidx179_6_7_promoted510_fu_1382     |   9|          2|   32|         64|
    |arrayidx179_6_8_promoted513_fu_1386     |   9|          2|   32|         64|
    |arrayidx179_6_9_promoted516_fu_1390     |   9|          2|   32|         64|
    |arrayidx179_6_promoted489_fu_1354       |   9|          2|   32|         64|
    |arrayidx179_73979_promoted276_fu_1070   |   9|          2|   32|         64|
    |arrayidx179_7_10_promoted558_fu_1446    |   9|          2|   32|         64|
    |arrayidx179_7_11_promoted561_fu_1450    |   9|          2|   32|         64|
    |arrayidx179_7_12_promoted564_fu_1454    |   9|          2|   32|         64|
    |arrayidx179_7_1_promoted531_fu_1410     |   9|          2|   32|         64|
    |arrayidx179_7_2_promoted534_fu_1414     |   9|          2|   32|         64|
    |arrayidx179_7_3_promoted537_fu_1418     |   9|          2|   32|         64|
    |arrayidx179_7_4_promoted540_fu_1422     |   9|          2|   32|         64|
    |arrayidx179_7_5_promoted543_fu_1426     |   9|          2|   32|         64|
    |arrayidx179_7_6_promoted546_fu_1430     |   9|          2|   32|         64|
    |arrayidx179_7_7_promoted549_fu_1434     |   9|          2|   32|         64|
    |arrayidx179_7_8_promoted552_fu_1438     |   9|          2|   32|         64|
    |arrayidx179_7_9_promoted555_fu_1442     |   9|          2|   32|         64|
    |arrayidx179_7_promoted528_fu_1406       |   9|          2|   32|         64|
    |arrayidx179_83996_promoted279_fu_1074   |   9|          2|   32|         64|
    |arrayidx179_8_10_promoted597_fu_1498    |   9|          2|   32|         64|
    |arrayidx179_8_11_promoted600_fu_1502    |   9|          2|   32|         64|
    |arrayidx179_8_12_promoted603_fu_1506    |   9|          2|   32|         64|
    |arrayidx179_8_1_promoted570_fu_1462     |   9|          2|   32|         64|
    |arrayidx179_8_2_promoted573_fu_1466     |   9|          2|   32|         64|
    |arrayidx179_8_3_promoted576_fu_1470     |   9|          2|   32|         64|
    |arrayidx179_8_4_promoted579_fu_1474     |   9|          2|   32|         64|
    |arrayidx179_8_5_promoted582_fu_1478     |   9|          2|   32|         64|
    |arrayidx179_8_6_promoted585_fu_1482     |   9|          2|   32|         64|
    |arrayidx179_8_7_promoted588_fu_1486     |   9|          2|   32|         64|
    |arrayidx179_8_8_promoted591_fu_1490     |   9|          2|   32|         64|
    |arrayidx179_8_9_promoted594_fu_1494     |   9|          2|   32|         64|
    |arrayidx179_8_promoted567_fu_1458       |   9|          2|   32|         64|
    |arrayidx179_94013_promoted282_fu_1078   |   9|          2|   32|         64|
    |arrayidx179_9_10_promoted636_fu_1550    |   9|          2|   32|         64|
    |arrayidx179_9_11_promoted639_fu_1554    |   9|          2|   32|         64|
    |arrayidx179_9_12_promoted642_fu_1558    |   9|          2|   32|         64|
    |arrayidx179_9_1_promoted609_fu_1514     |   9|          2|   32|         64|
    |arrayidx179_9_2_promoted612_fu_1518     |   9|          2|   32|         64|
    |arrayidx179_9_3_promoted615_fu_1522     |   9|          2|   32|         64|
    |arrayidx179_9_4_promoted618_fu_1526     |   9|          2|   32|         64|
    |arrayidx179_9_5_promoted621_fu_1530     |   9|          2|   32|         64|
    |arrayidx179_9_6_promoted624_fu_1534     |   9|          2|   32|         64|
    |arrayidx179_9_7_promoted627_fu_1538     |   9|          2|   32|         64|
    |arrayidx179_9_8_promoted630_fu_1542     |   9|          2|   32|         64|
    |arrayidx179_9_9_promoted633_fu_1546     |   9|          2|   32|         64|
    |arrayidx179_9_promoted606_fu_1510       |   9|          2|   32|         64|
    |arrayidx179_promoted255_fu_1042         |   9|          2|   32|         64|
    |i_fu_1038                               |   9|          2|    8|         16|
    +----------------------------------------+----+-----------+-----+-----------+
    |Total                                   |1548|        344| 5425|      10850|
    +----------------------------------------+----+-----------+-----+-----------+

    * Register: 
    +----------------------------------------+----+----+-----+-----------+
    |                  Name                  | FF | LUT| Bits| Const Bits|
    +----------------------------------------+----+----+-----+-----------+
    |ap_CS_fsm                               |   1|   0|    1|          0|
    |ap_done_reg                             |   1|   0|    1|          0|
    |arrayidx179_104030_promoted285_fu_1082  |  32|   0|   32|          0|
    |arrayidx179_10_10_promoted675_fu_1602   |  32|   0|   32|          0|
    |arrayidx179_10_11_promoted678_fu_1606   |  32|   0|   32|          0|
    |arrayidx179_10_12_promoted681_fu_1610   |  32|   0|   32|          0|
    |arrayidx179_10_1_promoted648_fu_1566    |  32|   0|   32|          0|
    |arrayidx179_10_2_promoted651_fu_1570    |  32|   0|   32|          0|
    |arrayidx179_10_3_promoted654_fu_1574    |  32|   0|   32|          0|
    |arrayidx179_10_4_promoted657_fu_1578    |  32|   0|   32|          0|
    |arrayidx179_10_5_promoted660_fu_1582    |  32|   0|   32|          0|
    |arrayidx179_10_6_promoted663_fu_1586    |  32|   0|   32|          0|
    |arrayidx179_10_7_promoted666_fu_1590    |  32|   0|   32|          0|
    |arrayidx179_10_8_promoted669_fu_1594    |  32|   0|   32|          0|
    |arrayidx179_10_9_promoted672_fu_1598    |  32|   0|   32|          0|
    |arrayidx179_10_promoted645_fu_1562      |  32|   0|   32|          0|
    |arrayidx179_114047_promoted288_fu_1086  |  32|   0|   32|          0|
    |arrayidx179_11_10_promoted714_fu_1654   |  32|   0|   32|          0|
    |arrayidx179_11_11_promoted717_fu_1658   |  32|   0|   32|          0|
    |arrayidx179_11_12_promoted720_fu_1662   |  32|   0|   32|          0|
    |arrayidx179_11_1_promoted687_fu_1618    |  32|   0|   32|          0|
    |arrayidx179_11_2_promoted690_fu_1622    |  32|   0|   32|          0|
    |arrayidx179_11_3_promoted693_fu_1626    |  32|   0|   32|          0|
    |arrayidx179_11_4_promoted696_fu_1630    |  32|   0|   32|          0|
    |arrayidx179_11_5_promoted699_fu_1634    |  32|   0|   32|          0|
    |arrayidx179_11_6_promoted702_fu_1638    |  32|   0|   32|          0|
    |arrayidx179_11_7_promoted705_fu_1642    |  32|   0|   32|          0|
    |arrayidx179_11_8_promoted708_fu_1646    |  32|   0|   32|          0|
    |arrayidx179_11_9_promoted711_fu_1650    |  32|   0|   32|          0|
    |arrayidx179_11_promoted684_fu_1614      |  32|   0|   32|          0|
    |arrayidx179_124064_promoted291_fu_1090  |  32|   0|   32|          0|
    |arrayidx179_12_10_promoted753_fu_1706   |  32|   0|   32|          0|
    |arrayidx179_12_11_promoted756_fu_1710   |  32|   0|   32|          0|
    |arrayidx179_12_12_promoted759_fu_1714   |  32|   0|   32|          0|
    |arrayidx179_12_1_promoted726_fu_1670    |  32|   0|   32|          0|
    |arrayidx179_12_2_promoted729_fu_1674    |  32|   0|   32|          0|
    |arrayidx179_12_3_promoted732_fu_1678    |  32|   0|   32|          0|
    |arrayidx179_12_4_promoted735_fu_1682    |  32|   0|   32|          0|
    |arrayidx179_12_5_promoted738_fu_1686    |  32|   0|   32|          0|
    |arrayidx179_12_6_promoted741_fu_1690    |  32|   0|   32|          0|
    |arrayidx179_12_7_promoted744_fu_1694    |  32|   0|   32|          0|
    |arrayidx179_12_8_promoted747_fu_1698    |  32|   0|   32|          0|
    |arrayidx179_12_9_promoted750_fu_1702    |  32|   0|   32|          0|
    |arrayidx179_12_promoted723_fu_1666      |  32|   0|   32|          0|
    |arrayidx179_13877_promoted258_fu_1046   |  32|   0|   32|          0|
    |arrayidx179_1_10_promoted324_fu_1134    |  32|   0|   32|          0|
    |arrayidx179_1_11_promoted327_fu_1138    |  32|   0|   32|          0|
    |arrayidx179_1_12_promoted330_fu_1142    |  32|   0|   32|          0|
    |arrayidx179_1_1_promoted297_fu_1098     |  32|   0|   32|          0|
    |arrayidx179_1_2_promoted300_fu_1102     |  32|   0|   32|          0|
    |arrayidx179_1_3_promoted303_fu_1106     |  32|   0|   32|          0|
    |arrayidx179_1_4_promoted306_fu_1110     |  32|   0|   32|          0|
    |arrayidx179_1_5_promoted309_fu_1114     |  32|   0|   32|          0|
    |arrayidx179_1_6_promoted312_fu_1118     |  32|   0|   32|          0|
    |arrayidx179_1_7_promoted315_fu_1122     |  32|   0|   32|          0|
    |arrayidx179_1_8_promoted318_fu_1126     |  32|   0|   32|          0|
    |arrayidx179_1_9_promoted321_fu_1130     |  32|   0|   32|          0|
    |arrayidx179_1_promoted294_fu_1094       |  32|   0|   32|          0|
    |arrayidx179_23894_promoted261_fu_1050   |  32|   0|   32|          0|
    |arrayidx179_2_10_promoted363_fu_1186    |  32|   0|   32|          0|
    |arrayidx179_2_11_promoted366_fu_1190    |  32|   0|   32|          0|
    |arrayidx179_2_12_promoted369_fu_1194    |  32|   0|   32|          0|
    |arrayidx179_2_1_promoted336_fu_1150     |  32|   0|   32|          0|
    |arrayidx179_2_2_promoted339_fu_1154     |  32|   0|   32|          0|
    |arrayidx179_2_3_promoted342_fu_1158     |  32|   0|   32|          0|
    |arrayidx179_2_4_promoted345_fu_1162     |  32|   0|   32|          0|
    |arrayidx179_2_5_promoted348_fu_1166     |  32|   0|   32|          0|
    |arrayidx179_2_6_promoted351_fu_1170     |  32|   0|   32|          0|
    |arrayidx179_2_7_promoted354_fu_1174     |  32|   0|   32|          0|
    |arrayidx179_2_8_promoted357_fu_1178     |  32|   0|   32|          0|
    |arrayidx179_2_9_promoted360_fu_1182     |  32|   0|   32|          0|
    |arrayidx179_2_promoted333_fu_1146       |  32|   0|   32|          0|
    |arrayidx179_33911_promoted264_fu_1054   |  32|   0|   32|          0|
    |arrayidx179_3_10_promoted402_fu_1238    |  32|   0|   32|          0|
    |arrayidx179_3_11_promoted405_fu_1242    |  32|   0|   32|          0|
    |arrayidx179_3_12_promoted408_fu_1246    |  32|   0|   32|          0|
    |arrayidx179_3_1_promoted375_fu_1202     |  32|   0|   32|          0|
    |arrayidx179_3_2_promoted378_fu_1206     |  32|   0|   32|          0|
    |arrayidx179_3_3_promoted381_fu_1210     |  32|   0|   32|          0|
    |arrayidx179_3_4_promoted384_fu_1214     |  32|   0|   32|          0|
    |arrayidx179_3_5_promoted387_fu_1218     |  32|   0|   32|          0|
    |arrayidx179_3_6_promoted390_fu_1222     |  32|   0|   32|          0|
    |arrayidx179_3_7_promoted393_fu_1226     |  32|   0|   32|          0|
    |arrayidx179_3_8_promoted396_fu_1230     |  32|   0|   32|          0|
    |arrayidx179_3_9_promoted399_fu_1234     |  32|   0|   32|          0|
    |arrayidx179_3_promoted372_fu_1198       |  32|   0|   32|          0|
    |arrayidx179_43928_promoted267_fu_1058   |  32|   0|   32|          0|
    |arrayidx179_4_10_promoted441_fu_1290    |  32|   0|   32|          0|
    |arrayidx179_4_11_promoted444_fu_1294    |  32|   0|   32|          0|
    |arrayidx179_4_12_promoted447_fu_1298    |  32|   0|   32|          0|
    |arrayidx179_4_1_promoted414_fu_1254     |  32|   0|   32|          0|
    |arrayidx179_4_2_promoted417_fu_1258     |  32|   0|   32|          0|
    |arrayidx179_4_3_promoted420_fu_1262     |  32|   0|   32|          0|
    |arrayidx179_4_4_promoted423_fu_1266     |  32|   0|   32|          0|
    |arrayidx179_4_5_promoted426_fu_1270     |  32|   0|   32|          0|
    |arrayidx179_4_6_promoted429_fu_1274     |  32|   0|   32|          0|
    |arrayidx179_4_7_promoted432_fu_1278     |  32|   0|   32|          0|
    |arrayidx179_4_8_promoted435_fu_1282     |  32|   0|   32|          0|
    |arrayidx179_4_9_promoted438_fu_1286     |  32|   0|   32|          0|
    |arrayidx179_4_promoted411_fu_1250       |  32|   0|   32|          0|
    |arrayidx179_53945_promoted270_fu_1062   |  32|   0|   32|          0|
    |arrayidx179_5_10_promoted480_fu_1342    |  32|   0|   32|          0|
    |arrayidx179_5_11_promoted483_fu_1346    |  32|   0|   32|          0|
    |arrayidx179_5_12_promoted486_fu_1350    |  32|   0|   32|          0|
    |arrayidx179_5_1_promoted453_fu_1306     |  32|   0|   32|          0|
    |arrayidx179_5_2_promoted456_fu_1310     |  32|   0|   32|          0|
    |arrayidx179_5_3_promoted459_fu_1314     |  32|   0|   32|          0|
    |arrayidx179_5_4_promoted462_fu_1318     |  32|   0|   32|          0|
    |arrayidx179_5_5_promoted465_fu_1322     |  32|   0|   32|          0|
    |arrayidx179_5_6_promoted468_fu_1326     |  32|   0|   32|          0|
    |arrayidx179_5_7_promoted471_fu_1330     |  32|   0|   32|          0|
    |arrayidx179_5_8_promoted474_fu_1334     |  32|   0|   32|          0|
    |arrayidx179_5_9_promoted477_fu_1338     |  32|   0|   32|          0|
    |arrayidx179_5_promoted450_fu_1302       |  32|   0|   32|          0|
    |arrayidx179_63962_promoted273_fu_1066   |  32|   0|   32|          0|
    |arrayidx179_6_10_promoted519_fu_1394    |  32|   0|   32|          0|
    |arrayidx179_6_11_promoted522_fu_1398    |  32|   0|   32|          0|
    |arrayidx179_6_12_promoted525_fu_1402    |  32|   0|   32|          0|
    |arrayidx179_6_1_promoted492_fu_1358     |  32|   0|   32|          0|
    |arrayidx179_6_2_promoted495_fu_1362     |  32|   0|   32|          0|
    |arrayidx179_6_3_promoted498_fu_1366     |  32|   0|   32|          0|
    |arrayidx179_6_4_promoted501_fu_1370     |  32|   0|   32|          0|
    |arrayidx179_6_5_promoted504_fu_1374     |  32|   0|   32|          0|
    |arrayidx179_6_6_promoted507_fu_1378     |  32|   0|   32|          0|
    |arrayidx179_6_7_promoted510_fu_1382     |  32|   0|   32|          0|
    |arrayidx179_6_8_promoted513_fu_1386     |  32|   0|   32|          0|
    |arrayidx179_6_9_promoted516_fu_1390     |  32|   0|   32|          0|
    |arrayidx179_6_promoted489_fu_1354       |  32|   0|   32|          0|
    |arrayidx179_73979_promoted276_fu_1070   |  32|   0|   32|          0|
    |arrayidx179_7_10_promoted558_fu_1446    |  32|   0|   32|          0|
    |arrayidx179_7_11_promoted561_fu_1450    |  32|   0|   32|          0|
    |arrayidx179_7_12_promoted564_fu_1454    |  32|   0|   32|          0|
    |arrayidx179_7_1_promoted531_fu_1410     |  32|   0|   32|          0|
    |arrayidx179_7_2_promoted534_fu_1414     |  32|   0|   32|          0|
    |arrayidx179_7_3_promoted537_fu_1418     |  32|   0|   32|          0|
    |arrayidx179_7_4_promoted540_fu_1422     |  32|   0|   32|          0|
    |arrayidx179_7_5_promoted543_fu_1426     |  32|   0|   32|          0|
    |arrayidx179_7_6_promoted546_fu_1430     |  32|   0|   32|          0|
    |arrayidx179_7_7_promoted549_fu_1434     |  32|   0|   32|          0|
    |arrayidx179_7_8_promoted552_fu_1438     |  32|   0|   32|          0|
    |arrayidx179_7_9_promoted555_fu_1442     |  32|   0|   32|          0|
    |arrayidx179_7_promoted528_fu_1406       |  32|   0|   32|          0|
    |arrayidx179_83996_promoted279_fu_1074   |  32|   0|   32|          0|
    |arrayidx179_8_10_promoted597_fu_1498    |  32|   0|   32|          0|
    |arrayidx179_8_11_promoted600_fu_1502    |  32|   0|   32|          0|
    |arrayidx179_8_12_promoted603_fu_1506    |  32|   0|   32|          0|
    |arrayidx179_8_1_promoted570_fu_1462     |  32|   0|   32|          0|
    |arrayidx179_8_2_promoted573_fu_1466     |  32|   0|   32|          0|
    |arrayidx179_8_3_promoted576_fu_1470     |  32|   0|   32|          0|
    |arrayidx179_8_4_promoted579_fu_1474     |  32|   0|   32|          0|
    |arrayidx179_8_5_promoted582_fu_1478     |  32|   0|   32|          0|
    |arrayidx179_8_6_promoted585_fu_1482     |  32|   0|   32|          0|
    |arrayidx179_8_7_promoted588_fu_1486     |  32|   0|   32|          0|
    |arrayidx179_8_8_promoted591_fu_1490     |  32|   0|   32|          0|
    |arrayidx179_8_9_promoted594_fu_1494     |  32|   0|   32|          0|
    |arrayidx179_8_promoted567_fu_1458       |  32|   0|   32|          0|
    |arrayidx179_94013_promoted282_fu_1078   |  32|   0|   32|          0|
    |arrayidx179_9_10_promoted636_fu_1550    |  32|   0|   32|          0|
    |arrayidx179_9_11_promoted639_fu_1554    |  32|   0|   32|          0|
    |arrayidx179_9_12_promoted642_fu_1558    |  32|   0|   32|          0|
    |arrayidx179_9_1_promoted609_fu_1514     |  32|   0|   32|          0|
    |arrayidx179_9_2_promoted612_fu_1518     |  32|   0|   32|          0|
    |arrayidx179_9_3_promoted615_fu_1522     |  32|   0|   32|          0|
    |arrayidx179_9_4_promoted618_fu_1526     |  32|   0|   32|          0|
    |arrayidx179_9_5_promoted621_fu_1530     |  32|   0|   32|          0|
    |arrayidx179_9_6_promoted624_fu_1534     |  32|   0|   32|          0|
    |arrayidx179_9_7_promoted627_fu_1538     |  32|   0|   32|          0|
    |arrayidx179_9_8_promoted630_fu_1542     |  32|   0|   32|          0|
    |arrayidx179_9_9_promoted633_fu_1546     |  32|   0|   32|          0|
    |arrayidx179_9_promoted606_fu_1510       |  32|   0|   32|          0|
    |arrayidx179_promoted255_fu_1042         |  32|   0|   32|          0|
    |i_fu_1038                               |   8|   0|    8|          0|
    +----------------------------------------+----+----+-----+-----------+
    |Total                                   |5418|   0| 5418|          0|
    +----------------------------------------+----+----+-----+-----------+



================================================================
== Interface
================================================================
* Summary: 
+-------------------------------------------+-----+-----+------------+------------------------------------+--------------+
|                 RTL Ports                 | Dir | Bits|  Protocol  |            Source Object           |    C Type    |
+-------------------------------------------+-----+-----+------------+------------------------------------+--------------+
|ap_clk                                     |   in|    1|  ap_ctrl_hs|      conv3_Pipeline_VITIS_LOOP_91_1|  return value|
|ap_rst                                     |   in|    1|  ap_ctrl_hs|      conv3_Pipeline_VITIS_LOOP_91_1|  return value|
|ap_start                                   |   in|    1|  ap_ctrl_hs|      conv3_Pipeline_VITIS_LOOP_91_1|  return value|
|ap_done                                    |  out|    1|  ap_ctrl_hs|      conv3_Pipeline_VITIS_LOOP_91_1|  return value|
|ap_idle                                    |  out|    1|  ap_ctrl_hs|      conv3_Pipeline_VITIS_LOOP_91_1|  return value|
|ap_ready                                   |  out|    1|  ap_ctrl_hs|      conv3_Pipeline_VITIS_LOOP_91_1|  return value|
|arrayidx179_12_12_promoted761              |   in|   32|     ap_none|       arrayidx179_12_12_promoted761|        scalar|
|arrayidx179_12_11_promoted758              |   in|   32|     ap_none|       arrayidx179_12_11_promoted758|        scalar|
|arrayidx179_12_10_promoted755              |   in|   32|     ap_none|       arrayidx179_12_10_promoted755|        scalar|
|arrayidx179_12_9_promoted752               |   in|   32|     ap_none|        arrayidx179_12_9_promoted752|        scalar|
|arrayidx179_12_8_promoted749               |   in|   32|     ap_none|        arrayidx179_12_8_promoted749|        scalar|
|arrayidx179_12_7_promoted746               |   in|   32|     ap_none|        arrayidx179_12_7_promoted746|        scalar|
|arrayidx179_12_6_promoted743               |   in|   32|     ap_none|        arrayidx179_12_6_promoted743|        scalar|
|arrayidx179_12_5_promoted740               |   in|   32|     ap_none|        arrayidx179_12_5_promoted740|        scalar|
|arrayidx179_12_4_promoted737               |   in|   32|     ap_none|        arrayidx179_12_4_promoted737|        scalar|
|arrayidx179_12_3_promoted734               |   in|   32|     ap_none|        arrayidx179_12_3_promoted734|        scalar|
|arrayidx179_12_2_promoted731               |   in|   32|     ap_none|        arrayidx179_12_2_promoted731|        scalar|
|arrayidx179_12_1_promoted728               |   in|   32|     ap_none|        arrayidx179_12_1_promoted728|        scalar|
|arrayidx179_12_promoted725                 |   in|   32|     ap_none|          arrayidx179_12_promoted725|        scalar|
|arrayidx179_11_12_promoted722              |   in|   32|     ap_none|       arrayidx179_11_12_promoted722|        scalar|
|arrayidx179_11_11_promoted719              |   in|   32|     ap_none|       arrayidx179_11_11_promoted719|        scalar|
|arrayidx179_11_10_promoted716              |   in|   32|     ap_none|       arrayidx179_11_10_promoted716|        scalar|
|arrayidx179_11_9_promoted713               |   in|   32|     ap_none|        arrayidx179_11_9_promoted713|        scalar|
|arrayidx179_11_8_promoted710               |   in|   32|     ap_none|        arrayidx179_11_8_promoted710|        scalar|
|arrayidx179_11_7_promoted707               |   in|   32|     ap_none|        arrayidx179_11_7_promoted707|        scalar|
|arrayidx179_11_6_promoted704               |   in|   32|     ap_none|        arrayidx179_11_6_promoted704|        scalar|
|arrayidx179_11_5_promoted701               |   in|   32|     ap_none|        arrayidx179_11_5_promoted701|        scalar|
|arrayidx179_11_4_promoted698               |   in|   32|     ap_none|        arrayidx179_11_4_promoted698|        scalar|
|arrayidx179_11_3_promoted695               |   in|   32|     ap_none|        arrayidx179_11_3_promoted695|        scalar|
|arrayidx179_11_2_promoted692               |   in|   32|     ap_none|        arrayidx179_11_2_promoted692|        scalar|
|arrayidx179_11_1_promoted689               |   in|   32|     ap_none|        arrayidx179_11_1_promoted689|        scalar|
|arrayidx179_11_promoted686                 |   in|   32|     ap_none|          arrayidx179_11_promoted686|        scalar|
|arrayidx179_10_12_promoted683              |   in|   32|     ap_none|       arrayidx179_10_12_promoted683|        scalar|
|arrayidx179_10_11_promoted680              |   in|   32|     ap_none|       arrayidx179_10_11_promoted680|        scalar|
|arrayidx179_10_10_promoted677              |   in|   32|     ap_none|       arrayidx179_10_10_promoted677|        scalar|
|arrayidx179_10_9_promoted674               |   in|   32|     ap_none|        arrayidx179_10_9_promoted674|        scalar|
|arrayidx179_10_8_promoted671               |   in|   32|     ap_none|        arrayidx179_10_8_promoted671|        scalar|
|arrayidx179_10_7_promoted668               |   in|   32|     ap_none|        arrayidx179_10_7_promoted668|        scalar|
|arrayidx179_10_6_promoted665               |   in|   32|     ap_none|        arrayidx179_10_6_promoted665|        scalar|
|arrayidx179_10_5_promoted662               |   in|   32|     ap_none|        arrayidx179_10_5_promoted662|        scalar|
|arrayidx179_10_4_promoted659               |   in|   32|     ap_none|        arrayidx179_10_4_promoted659|        scalar|
|arrayidx179_10_3_promoted656               |   in|   32|     ap_none|        arrayidx179_10_3_promoted656|        scalar|
|arrayidx179_10_2_promoted653               |   in|   32|     ap_none|        arrayidx179_10_2_promoted653|        scalar|
|arrayidx179_10_1_promoted650               |   in|   32|     ap_none|        arrayidx179_10_1_promoted650|        scalar|
|arrayidx179_10_promoted647                 |   in|   32|     ap_none|          arrayidx179_10_promoted647|        scalar|
|arrayidx179_9_12_promoted644               |   in|   32|     ap_none|        arrayidx179_9_12_promoted644|        scalar|
|arrayidx179_9_11_promoted641               |   in|   32|     ap_none|        arrayidx179_9_11_promoted641|        scalar|
|arrayidx179_9_10_promoted638               |   in|   32|     ap_none|        arrayidx179_9_10_promoted638|        scalar|
|arrayidx179_9_9_promoted635                |   in|   32|     ap_none|         arrayidx179_9_9_promoted635|        scalar|
|arrayidx179_9_8_promoted632                |   in|   32|     ap_none|         arrayidx179_9_8_promoted632|        scalar|
|arrayidx179_9_7_promoted629                |   in|   32|     ap_none|         arrayidx179_9_7_promoted629|        scalar|
|arrayidx179_9_6_promoted626                |   in|   32|     ap_none|         arrayidx179_9_6_promoted626|        scalar|
|arrayidx179_9_5_promoted623                |   in|   32|     ap_none|         arrayidx179_9_5_promoted623|        scalar|
|arrayidx179_9_4_promoted620                |   in|   32|     ap_none|         arrayidx179_9_4_promoted620|        scalar|
|arrayidx179_9_3_promoted617                |   in|   32|     ap_none|         arrayidx179_9_3_promoted617|        scalar|
|arrayidx179_9_2_promoted614                |   in|   32|     ap_none|         arrayidx179_9_2_promoted614|        scalar|
|arrayidx179_9_1_promoted611                |   in|   32|     ap_none|         arrayidx179_9_1_promoted611|        scalar|
|arrayidx179_9_promoted608                  |   in|   32|     ap_none|           arrayidx179_9_promoted608|        scalar|
|arrayidx179_8_12_promoted605               |   in|   32|     ap_none|        arrayidx179_8_12_promoted605|        scalar|
|arrayidx179_8_11_promoted602               |   in|   32|     ap_none|        arrayidx179_8_11_promoted602|        scalar|
|arrayidx179_8_10_promoted599               |   in|   32|     ap_none|        arrayidx179_8_10_promoted599|        scalar|
|arrayidx179_8_9_promoted596                |   in|   32|     ap_none|         arrayidx179_8_9_promoted596|        scalar|
|arrayidx179_8_8_promoted593                |   in|   32|     ap_none|         arrayidx179_8_8_promoted593|        scalar|
|arrayidx179_8_7_promoted590                |   in|   32|     ap_none|         arrayidx179_8_7_promoted590|        scalar|
|arrayidx179_8_6_promoted587                |   in|   32|     ap_none|         arrayidx179_8_6_promoted587|        scalar|
|arrayidx179_8_5_promoted584                |   in|   32|     ap_none|         arrayidx179_8_5_promoted584|        scalar|
|arrayidx179_8_4_promoted581                |   in|   32|     ap_none|         arrayidx179_8_4_promoted581|        scalar|
|arrayidx179_8_3_promoted578                |   in|   32|     ap_none|         arrayidx179_8_3_promoted578|        scalar|
|arrayidx179_8_2_promoted575                |   in|   32|     ap_none|         arrayidx179_8_2_promoted575|        scalar|
|arrayidx179_8_1_promoted572                |   in|   32|     ap_none|         arrayidx179_8_1_promoted572|        scalar|
|arrayidx179_8_promoted569                  |   in|   32|     ap_none|           arrayidx179_8_promoted569|        scalar|
|arrayidx179_7_12_promoted566               |   in|   32|     ap_none|        arrayidx179_7_12_promoted566|        scalar|
|arrayidx179_7_11_promoted563               |   in|   32|     ap_none|        arrayidx179_7_11_promoted563|        scalar|
|arrayidx179_7_10_promoted560               |   in|   32|     ap_none|        arrayidx179_7_10_promoted560|        scalar|
|arrayidx179_7_9_promoted557                |   in|   32|     ap_none|         arrayidx179_7_9_promoted557|        scalar|
|arrayidx179_7_8_promoted554                |   in|   32|     ap_none|         arrayidx179_7_8_promoted554|        scalar|
|arrayidx179_7_7_promoted551                |   in|   32|     ap_none|         arrayidx179_7_7_promoted551|        scalar|
|arrayidx179_7_6_promoted548                |   in|   32|     ap_none|         arrayidx179_7_6_promoted548|        scalar|
|arrayidx179_7_5_promoted545                |   in|   32|     ap_none|         arrayidx179_7_5_promoted545|        scalar|
|arrayidx179_7_4_promoted542                |   in|   32|     ap_none|         arrayidx179_7_4_promoted542|        scalar|
|arrayidx179_7_3_promoted539                |   in|   32|     ap_none|         arrayidx179_7_3_promoted539|        scalar|
|arrayidx179_7_2_promoted536                |   in|   32|     ap_none|         arrayidx179_7_2_promoted536|        scalar|
|arrayidx179_7_1_promoted533                |   in|   32|     ap_none|         arrayidx179_7_1_promoted533|        scalar|
|arrayidx179_7_promoted530                  |   in|   32|     ap_none|           arrayidx179_7_promoted530|        scalar|
|arrayidx179_6_12_promoted527               |   in|   32|     ap_none|        arrayidx179_6_12_promoted527|        scalar|
|arrayidx179_6_11_promoted524               |   in|   32|     ap_none|        arrayidx179_6_11_promoted524|        scalar|
|arrayidx179_6_10_promoted521               |   in|   32|     ap_none|        arrayidx179_6_10_promoted521|        scalar|
|arrayidx179_6_9_promoted518                |   in|   32|     ap_none|         arrayidx179_6_9_promoted518|        scalar|
|arrayidx179_6_8_promoted515                |   in|   32|     ap_none|         arrayidx179_6_8_promoted515|        scalar|
|arrayidx179_6_7_promoted512                |   in|   32|     ap_none|         arrayidx179_6_7_promoted512|        scalar|
|arrayidx179_6_6_promoted509                |   in|   32|     ap_none|         arrayidx179_6_6_promoted509|        scalar|
|arrayidx179_6_5_promoted506                |   in|   32|     ap_none|         arrayidx179_6_5_promoted506|        scalar|
|arrayidx179_6_4_promoted503                |   in|   32|     ap_none|         arrayidx179_6_4_promoted503|        scalar|
|arrayidx179_6_3_promoted500                |   in|   32|     ap_none|         arrayidx179_6_3_promoted500|        scalar|
|arrayidx179_6_2_promoted497                |   in|   32|     ap_none|         arrayidx179_6_2_promoted497|        scalar|
|arrayidx179_6_1_promoted494                |   in|   32|     ap_none|         arrayidx179_6_1_promoted494|        scalar|
|arrayidx179_6_promoted491                  |   in|   32|     ap_none|           arrayidx179_6_promoted491|        scalar|
|arrayidx179_5_12_promoted488               |   in|   32|     ap_none|        arrayidx179_5_12_promoted488|        scalar|
|arrayidx179_5_11_promoted485               |   in|   32|     ap_none|        arrayidx179_5_11_promoted485|        scalar|
|arrayidx179_5_10_promoted482               |   in|   32|     ap_none|        arrayidx179_5_10_promoted482|        scalar|
|arrayidx179_5_9_promoted479                |   in|   32|     ap_none|         arrayidx179_5_9_promoted479|        scalar|
|arrayidx179_5_8_promoted476                |   in|   32|     ap_none|         arrayidx179_5_8_promoted476|        scalar|
|arrayidx179_5_7_promoted473                |   in|   32|     ap_none|         arrayidx179_5_7_promoted473|        scalar|
|arrayidx179_5_6_promoted470                |   in|   32|     ap_none|         arrayidx179_5_6_promoted470|        scalar|
|arrayidx179_5_5_promoted467                |   in|   32|     ap_none|         arrayidx179_5_5_promoted467|        scalar|
|arrayidx179_5_4_promoted464                |   in|   32|     ap_none|         arrayidx179_5_4_promoted464|        scalar|
|arrayidx179_5_3_promoted461                |   in|   32|     ap_none|         arrayidx179_5_3_promoted461|        scalar|
|arrayidx179_5_2_promoted458                |   in|   32|     ap_none|         arrayidx179_5_2_promoted458|        scalar|
|arrayidx179_5_1_promoted455                |   in|   32|     ap_none|         arrayidx179_5_1_promoted455|        scalar|
|arrayidx179_5_promoted452                  |   in|   32|     ap_none|           arrayidx179_5_promoted452|        scalar|
|arrayidx179_4_12_promoted449               |   in|   32|     ap_none|        arrayidx179_4_12_promoted449|        scalar|
|arrayidx179_4_11_promoted446               |   in|   32|     ap_none|        arrayidx179_4_11_promoted446|        scalar|
|arrayidx179_4_10_promoted443               |   in|   32|     ap_none|        arrayidx179_4_10_promoted443|        scalar|
|arrayidx179_4_9_promoted440                |   in|   32|     ap_none|         arrayidx179_4_9_promoted440|        scalar|
|arrayidx179_4_8_promoted437                |   in|   32|     ap_none|         arrayidx179_4_8_promoted437|        scalar|
|arrayidx179_4_7_promoted434                |   in|   32|     ap_none|         arrayidx179_4_7_promoted434|        scalar|
|arrayidx179_4_6_promoted431                |   in|   32|     ap_none|         arrayidx179_4_6_promoted431|        scalar|
|arrayidx179_4_5_promoted428                |   in|   32|     ap_none|         arrayidx179_4_5_promoted428|        scalar|
|arrayidx179_4_4_promoted425                |   in|   32|     ap_none|         arrayidx179_4_4_promoted425|        scalar|
|arrayidx179_4_3_promoted422                |   in|   32|     ap_none|         arrayidx179_4_3_promoted422|        scalar|
|arrayidx179_4_2_promoted419                |   in|   32|     ap_none|         arrayidx179_4_2_promoted419|        scalar|
|arrayidx179_4_1_promoted416                |   in|   32|     ap_none|         arrayidx179_4_1_promoted416|        scalar|
|arrayidx179_4_promoted413                  |   in|   32|     ap_none|           arrayidx179_4_promoted413|        scalar|
|arrayidx179_3_12_promoted410               |   in|   32|     ap_none|        arrayidx179_3_12_promoted410|        scalar|
|arrayidx179_3_11_promoted407               |   in|   32|     ap_none|        arrayidx179_3_11_promoted407|        scalar|
|arrayidx179_3_10_promoted404               |   in|   32|     ap_none|        arrayidx179_3_10_promoted404|        scalar|
|arrayidx179_3_9_promoted401                |   in|   32|     ap_none|         arrayidx179_3_9_promoted401|        scalar|
|arrayidx179_3_8_promoted398                |   in|   32|     ap_none|         arrayidx179_3_8_promoted398|        scalar|
|arrayidx179_3_7_promoted395                |   in|   32|     ap_none|         arrayidx179_3_7_promoted395|        scalar|
|arrayidx179_3_6_promoted392                |   in|   32|     ap_none|         arrayidx179_3_6_promoted392|        scalar|
|arrayidx179_3_5_promoted389                |   in|   32|     ap_none|         arrayidx179_3_5_promoted389|        scalar|
|arrayidx179_3_4_promoted386                |   in|   32|     ap_none|         arrayidx179_3_4_promoted386|        scalar|
|arrayidx179_3_3_promoted383                |   in|   32|     ap_none|         arrayidx179_3_3_promoted383|        scalar|
|arrayidx179_3_2_promoted380                |   in|   32|     ap_none|         arrayidx179_3_2_promoted380|        scalar|
|arrayidx179_3_1_promoted377                |   in|   32|     ap_none|         arrayidx179_3_1_promoted377|        scalar|
|arrayidx179_3_promoted374                  |   in|   32|     ap_none|           arrayidx179_3_promoted374|        scalar|
|arrayidx179_2_12_promoted371               |   in|   32|     ap_none|        arrayidx179_2_12_promoted371|        scalar|
|arrayidx179_2_11_promoted368               |   in|   32|     ap_none|        arrayidx179_2_11_promoted368|        scalar|
|arrayidx179_2_10_promoted365               |   in|   32|     ap_none|        arrayidx179_2_10_promoted365|        scalar|
|arrayidx179_2_9_promoted362                |   in|   32|     ap_none|         arrayidx179_2_9_promoted362|        scalar|
|arrayidx179_2_8_promoted359                |   in|   32|     ap_none|         arrayidx179_2_8_promoted359|        scalar|
|arrayidx179_2_7_promoted356                |   in|   32|     ap_none|         arrayidx179_2_7_promoted356|        scalar|
|arrayidx179_2_6_promoted353                |   in|   32|     ap_none|         arrayidx179_2_6_promoted353|        scalar|
|arrayidx179_2_5_promoted350                |   in|   32|     ap_none|         arrayidx179_2_5_promoted350|        scalar|
|arrayidx179_2_4_promoted347                |   in|   32|     ap_none|         arrayidx179_2_4_promoted347|        scalar|
|arrayidx179_2_3_promoted344                |   in|   32|     ap_none|         arrayidx179_2_3_promoted344|        scalar|
|arrayidx179_2_2_promoted341                |   in|   32|     ap_none|         arrayidx179_2_2_promoted341|        scalar|
|arrayidx179_2_1_promoted338                |   in|   32|     ap_none|         arrayidx179_2_1_promoted338|        scalar|
|arrayidx179_2_promoted335                  |   in|   32|     ap_none|           arrayidx179_2_promoted335|        scalar|
|arrayidx179_1_12_promoted332               |   in|   32|     ap_none|        arrayidx179_1_12_promoted332|        scalar|
|arrayidx179_1_11_promoted329               |   in|   32|     ap_none|        arrayidx179_1_11_promoted329|        scalar|
|arrayidx179_1_10_promoted326               |   in|   32|     ap_none|        arrayidx179_1_10_promoted326|        scalar|
|arrayidx179_1_9_promoted323                |   in|   32|     ap_none|         arrayidx179_1_9_promoted323|        scalar|
|arrayidx179_1_8_promoted320                |   in|   32|     ap_none|         arrayidx179_1_8_promoted320|        scalar|
|arrayidx179_1_7_promoted317                |   in|   32|     ap_none|         arrayidx179_1_7_promoted317|        scalar|
|arrayidx179_1_6_promoted314                |   in|   32|     ap_none|         arrayidx179_1_6_promoted314|        scalar|
|arrayidx179_1_5_promoted311                |   in|   32|     ap_none|         arrayidx179_1_5_promoted311|        scalar|
|arrayidx179_1_4_promoted308                |   in|   32|     ap_none|         arrayidx179_1_4_promoted308|        scalar|
|arrayidx179_1_3_promoted305                |   in|   32|     ap_none|         arrayidx179_1_3_promoted305|        scalar|
|arrayidx179_1_2_promoted302                |   in|   32|     ap_none|         arrayidx179_1_2_promoted302|        scalar|
|arrayidx179_1_1_promoted299                |   in|   32|     ap_none|         arrayidx179_1_1_promoted299|        scalar|
|arrayidx179_1_promoted296                  |   in|   32|     ap_none|           arrayidx179_1_promoted296|        scalar|
|arrayidx179_124064_promoted293             |   in|   32|     ap_none|      arrayidx179_124064_promoted293|        scalar|
|arrayidx179_114047_promoted290             |   in|   32|     ap_none|      arrayidx179_114047_promoted290|        scalar|
|arrayidx179_104030_promoted287             |   in|   32|     ap_none|      arrayidx179_104030_promoted287|        scalar|
|arrayidx179_94013_promoted284              |   in|   32|     ap_none|       arrayidx179_94013_promoted284|        scalar|
|arrayidx179_83996_promoted281              |   in|   32|     ap_none|       arrayidx179_83996_promoted281|        scalar|
|arrayidx179_73979_promoted278              |   in|   32|     ap_none|       arrayidx179_73979_promoted278|        scalar|
|arrayidx179_63962_promoted275              |   in|   32|     ap_none|       arrayidx179_63962_promoted275|        scalar|
|arrayidx179_53945_promoted272              |   in|   32|     ap_none|       arrayidx179_53945_promoted272|        scalar|
|arrayidx179_43928_promoted269              |   in|   32|     ap_none|       arrayidx179_43928_promoted269|        scalar|
|arrayidx179_33911_promoted266              |   in|   32|     ap_none|       arrayidx179_33911_promoted266|        scalar|
|arrayidx179_23894_promoted263              |   in|   32|     ap_none|       arrayidx179_23894_promoted263|        scalar|
|arrayidx179_13877_promoted260              |   in|   32|     ap_none|       arrayidx179_13877_promoted260|        scalar|
|arrayidx179_promoted257                    |   in|   32|     ap_none|             arrayidx179_promoted257|        scalar|
|arrayidx179_12_12_promoted759_out          |  out|   32|      ap_vld|   arrayidx179_12_12_promoted759_out|       pointer|
|arrayidx179_12_12_promoted759_out_ap_vld   |  out|    1|      ap_vld|   arrayidx179_12_12_promoted759_out|       pointer|
|arrayidx179_12_11_promoted756_out          |  out|   32|      ap_vld|   arrayidx179_12_11_promoted756_out|       pointer|
|arrayidx179_12_11_promoted756_out_ap_vld   |  out|    1|      ap_vld|   arrayidx179_12_11_promoted756_out|       pointer|
|arrayidx179_12_10_promoted753_out          |  out|   32|      ap_vld|   arrayidx179_12_10_promoted753_out|       pointer|
|arrayidx179_12_10_promoted753_out_ap_vld   |  out|    1|      ap_vld|   arrayidx179_12_10_promoted753_out|       pointer|
|arrayidx179_12_9_promoted750_out           |  out|   32|      ap_vld|    arrayidx179_12_9_promoted750_out|       pointer|
|arrayidx179_12_9_promoted750_out_ap_vld    |  out|    1|      ap_vld|    arrayidx179_12_9_promoted750_out|       pointer|
|arrayidx179_12_8_promoted747_out           |  out|   32|      ap_vld|    arrayidx179_12_8_promoted747_out|       pointer|
|arrayidx179_12_8_promoted747_out_ap_vld    |  out|    1|      ap_vld|    arrayidx179_12_8_promoted747_out|       pointer|
|arrayidx179_12_7_promoted744_out           |  out|   32|      ap_vld|    arrayidx179_12_7_promoted744_out|       pointer|
|arrayidx179_12_7_promoted744_out_ap_vld    |  out|    1|      ap_vld|    arrayidx179_12_7_promoted744_out|       pointer|
|arrayidx179_12_6_promoted741_out           |  out|   32|      ap_vld|    arrayidx179_12_6_promoted741_out|       pointer|
|arrayidx179_12_6_promoted741_out_ap_vld    |  out|    1|      ap_vld|    arrayidx179_12_6_promoted741_out|       pointer|
|arrayidx179_12_5_promoted738_out           |  out|   32|      ap_vld|    arrayidx179_12_5_promoted738_out|       pointer|
|arrayidx179_12_5_promoted738_out_ap_vld    |  out|    1|      ap_vld|    arrayidx179_12_5_promoted738_out|       pointer|
|arrayidx179_12_4_promoted735_out           |  out|   32|      ap_vld|    arrayidx179_12_4_promoted735_out|       pointer|
|arrayidx179_12_4_promoted735_out_ap_vld    |  out|    1|      ap_vld|    arrayidx179_12_4_promoted735_out|       pointer|
|arrayidx179_12_3_promoted732_out           |  out|   32|      ap_vld|    arrayidx179_12_3_promoted732_out|       pointer|
|arrayidx179_12_3_promoted732_out_ap_vld    |  out|    1|      ap_vld|    arrayidx179_12_3_promoted732_out|       pointer|
|arrayidx179_12_2_promoted729_out           |  out|   32|      ap_vld|    arrayidx179_12_2_promoted729_out|       pointer|
|arrayidx179_12_2_promoted729_out_ap_vld    |  out|    1|      ap_vld|    arrayidx179_12_2_promoted729_out|       pointer|
|arrayidx179_12_1_promoted726_out           |  out|   32|      ap_vld|    arrayidx179_12_1_promoted726_out|       pointer|
|arrayidx179_12_1_promoted726_out_ap_vld    |  out|    1|      ap_vld|    arrayidx179_12_1_promoted726_out|       pointer|
|arrayidx179_12_promoted723_out             |  out|   32|      ap_vld|      arrayidx179_12_promoted723_out|       pointer|
|arrayidx179_12_promoted723_out_ap_vld      |  out|    1|      ap_vld|      arrayidx179_12_promoted723_out|       pointer|
|arrayidx179_11_12_promoted720_out          |  out|   32|      ap_vld|   arrayidx179_11_12_promoted720_out|       pointer|
|arrayidx179_11_12_promoted720_out_ap_vld   |  out|    1|      ap_vld|   arrayidx179_11_12_promoted720_out|       pointer|
|arrayidx179_11_11_promoted717_out          |  out|   32|      ap_vld|   arrayidx179_11_11_promoted717_out|       pointer|
|arrayidx179_11_11_promoted717_out_ap_vld   |  out|    1|      ap_vld|   arrayidx179_11_11_promoted717_out|       pointer|
|arrayidx179_11_10_promoted714_out          |  out|   32|      ap_vld|   arrayidx179_11_10_promoted714_out|       pointer|
|arrayidx179_11_10_promoted714_out_ap_vld   |  out|    1|      ap_vld|   arrayidx179_11_10_promoted714_out|       pointer|
|arrayidx179_11_9_promoted711_out           |  out|   32|      ap_vld|    arrayidx179_11_9_promoted711_out|       pointer|
|arrayidx179_11_9_promoted711_out_ap_vld    |  out|    1|      ap_vld|    arrayidx179_11_9_promoted711_out|       pointer|
|arrayidx179_11_8_promoted708_out           |  out|   32|      ap_vld|    arrayidx179_11_8_promoted708_out|       pointer|
|arrayidx179_11_8_promoted708_out_ap_vld    |  out|    1|      ap_vld|    arrayidx179_11_8_promoted708_out|       pointer|
|arrayidx179_11_7_promoted705_out           |  out|   32|      ap_vld|    arrayidx179_11_7_promoted705_out|       pointer|
|arrayidx179_11_7_promoted705_out_ap_vld    |  out|    1|      ap_vld|    arrayidx179_11_7_promoted705_out|       pointer|
|arrayidx179_11_6_promoted702_out           |  out|   32|      ap_vld|    arrayidx179_11_6_promoted702_out|       pointer|
|arrayidx179_11_6_promoted702_out_ap_vld    |  out|    1|      ap_vld|    arrayidx179_11_6_promoted702_out|       pointer|
|arrayidx179_11_5_promoted699_out           |  out|   32|      ap_vld|    arrayidx179_11_5_promoted699_out|       pointer|
|arrayidx179_11_5_promoted699_out_ap_vld    |  out|    1|      ap_vld|    arrayidx179_11_5_promoted699_out|       pointer|
|arrayidx179_11_4_promoted696_out           |  out|   32|      ap_vld|    arrayidx179_11_4_promoted696_out|       pointer|
|arrayidx179_11_4_promoted696_out_ap_vld    |  out|    1|      ap_vld|    arrayidx179_11_4_promoted696_out|       pointer|
|arrayidx179_11_3_promoted693_out           |  out|   32|      ap_vld|    arrayidx179_11_3_promoted693_out|       pointer|
|arrayidx179_11_3_promoted693_out_ap_vld    |  out|    1|      ap_vld|    arrayidx179_11_3_promoted693_out|       pointer|
|arrayidx179_11_2_promoted690_out           |  out|   32|      ap_vld|    arrayidx179_11_2_promoted690_out|       pointer|
|arrayidx179_11_2_promoted690_out_ap_vld    |  out|    1|      ap_vld|    arrayidx179_11_2_promoted690_out|       pointer|
|arrayidx179_11_1_promoted687_out           |  out|   32|      ap_vld|    arrayidx179_11_1_promoted687_out|       pointer|
|arrayidx179_11_1_promoted687_out_ap_vld    |  out|    1|      ap_vld|    arrayidx179_11_1_promoted687_out|       pointer|
|arrayidx179_11_promoted684_out             |  out|   32|      ap_vld|      arrayidx179_11_promoted684_out|       pointer|
|arrayidx179_11_promoted684_out_ap_vld      |  out|    1|      ap_vld|      arrayidx179_11_promoted684_out|       pointer|
|arrayidx179_10_12_promoted681_out          |  out|   32|      ap_vld|   arrayidx179_10_12_promoted681_out|       pointer|
|arrayidx179_10_12_promoted681_out_ap_vld   |  out|    1|      ap_vld|   arrayidx179_10_12_promoted681_out|       pointer|
|arrayidx179_10_11_promoted678_out          |  out|   32|      ap_vld|   arrayidx179_10_11_promoted678_out|       pointer|
|arrayidx179_10_11_promoted678_out_ap_vld   |  out|    1|      ap_vld|   arrayidx179_10_11_promoted678_out|       pointer|
|arrayidx179_10_10_promoted675_out          |  out|   32|      ap_vld|   arrayidx179_10_10_promoted675_out|       pointer|
|arrayidx179_10_10_promoted675_out_ap_vld   |  out|    1|      ap_vld|   arrayidx179_10_10_promoted675_out|       pointer|
|arrayidx179_10_9_promoted672_out           |  out|   32|      ap_vld|    arrayidx179_10_9_promoted672_out|       pointer|
|arrayidx179_10_9_promoted672_out_ap_vld    |  out|    1|      ap_vld|    arrayidx179_10_9_promoted672_out|       pointer|
|arrayidx179_10_8_promoted669_out           |  out|   32|      ap_vld|    arrayidx179_10_8_promoted669_out|       pointer|
|arrayidx179_10_8_promoted669_out_ap_vld    |  out|    1|      ap_vld|    arrayidx179_10_8_promoted669_out|       pointer|
|arrayidx179_10_7_promoted666_out           |  out|   32|      ap_vld|    arrayidx179_10_7_promoted666_out|       pointer|
|arrayidx179_10_7_promoted666_out_ap_vld    |  out|    1|      ap_vld|    arrayidx179_10_7_promoted666_out|       pointer|
|arrayidx179_10_6_promoted663_out           |  out|   32|      ap_vld|    arrayidx179_10_6_promoted663_out|       pointer|
|arrayidx179_10_6_promoted663_out_ap_vld    |  out|    1|      ap_vld|    arrayidx179_10_6_promoted663_out|       pointer|
|arrayidx179_10_5_promoted660_out           |  out|   32|      ap_vld|    arrayidx179_10_5_promoted660_out|       pointer|
|arrayidx179_10_5_promoted660_out_ap_vld    |  out|    1|      ap_vld|    arrayidx179_10_5_promoted660_out|       pointer|
|arrayidx179_10_4_promoted657_out           |  out|   32|      ap_vld|    arrayidx179_10_4_promoted657_out|       pointer|
|arrayidx179_10_4_promoted657_out_ap_vld    |  out|    1|      ap_vld|    arrayidx179_10_4_promoted657_out|       pointer|
|arrayidx179_10_3_promoted654_out           |  out|   32|      ap_vld|    arrayidx179_10_3_promoted654_out|       pointer|
|arrayidx179_10_3_promoted654_out_ap_vld    |  out|    1|      ap_vld|    arrayidx179_10_3_promoted654_out|       pointer|
|arrayidx179_10_2_promoted651_out           |  out|   32|      ap_vld|    arrayidx179_10_2_promoted651_out|       pointer|
|arrayidx179_10_2_promoted651_out_ap_vld    |  out|    1|      ap_vld|    arrayidx179_10_2_promoted651_out|       pointer|
|arrayidx179_10_1_promoted648_out           |  out|   32|      ap_vld|    arrayidx179_10_1_promoted648_out|       pointer|
|arrayidx179_10_1_promoted648_out_ap_vld    |  out|    1|      ap_vld|    arrayidx179_10_1_promoted648_out|       pointer|
|arrayidx179_10_promoted645_out             |  out|   32|      ap_vld|      arrayidx179_10_promoted645_out|       pointer|
|arrayidx179_10_promoted645_out_ap_vld      |  out|    1|      ap_vld|      arrayidx179_10_promoted645_out|       pointer|
|arrayidx179_9_12_promoted642_out           |  out|   32|      ap_vld|    arrayidx179_9_12_promoted642_out|       pointer|
|arrayidx179_9_12_promoted642_out_ap_vld    |  out|    1|      ap_vld|    arrayidx179_9_12_promoted642_out|       pointer|
|arrayidx179_9_11_promoted639_out           |  out|   32|      ap_vld|    arrayidx179_9_11_promoted639_out|       pointer|
|arrayidx179_9_11_promoted639_out_ap_vld    |  out|    1|      ap_vld|    arrayidx179_9_11_promoted639_out|       pointer|
|arrayidx179_9_10_promoted636_out           |  out|   32|      ap_vld|    arrayidx179_9_10_promoted636_out|       pointer|
|arrayidx179_9_10_promoted636_out_ap_vld    |  out|    1|      ap_vld|    arrayidx179_9_10_promoted636_out|       pointer|
|arrayidx179_9_9_promoted633_out            |  out|   32|      ap_vld|     arrayidx179_9_9_promoted633_out|       pointer|
|arrayidx179_9_9_promoted633_out_ap_vld     |  out|    1|      ap_vld|     arrayidx179_9_9_promoted633_out|       pointer|
|arrayidx179_9_8_promoted630_out            |  out|   32|      ap_vld|     arrayidx179_9_8_promoted630_out|       pointer|
|arrayidx179_9_8_promoted630_out_ap_vld     |  out|    1|      ap_vld|     arrayidx179_9_8_promoted630_out|       pointer|
|arrayidx179_9_7_promoted627_out            |  out|   32|      ap_vld|     arrayidx179_9_7_promoted627_out|       pointer|
|arrayidx179_9_7_promoted627_out_ap_vld     |  out|    1|      ap_vld|     arrayidx179_9_7_promoted627_out|       pointer|
|arrayidx179_9_6_promoted624_out            |  out|   32|      ap_vld|     arrayidx179_9_6_promoted624_out|       pointer|
|arrayidx179_9_6_promoted624_out_ap_vld     |  out|    1|      ap_vld|     arrayidx179_9_6_promoted624_out|       pointer|
|arrayidx179_9_5_promoted621_out            |  out|   32|      ap_vld|     arrayidx179_9_5_promoted621_out|       pointer|
|arrayidx179_9_5_promoted621_out_ap_vld     |  out|    1|      ap_vld|     arrayidx179_9_5_promoted621_out|       pointer|
|arrayidx179_9_4_promoted618_out            |  out|   32|      ap_vld|     arrayidx179_9_4_promoted618_out|       pointer|
|arrayidx179_9_4_promoted618_out_ap_vld     |  out|    1|      ap_vld|     arrayidx179_9_4_promoted618_out|       pointer|
|arrayidx179_9_3_promoted615_out            |  out|   32|      ap_vld|     arrayidx179_9_3_promoted615_out|       pointer|
|arrayidx179_9_3_promoted615_out_ap_vld     |  out|    1|      ap_vld|     arrayidx179_9_3_promoted615_out|       pointer|
|arrayidx179_9_2_promoted612_out            |  out|   32|      ap_vld|     arrayidx179_9_2_promoted612_out|       pointer|
|arrayidx179_9_2_promoted612_out_ap_vld     |  out|    1|      ap_vld|     arrayidx179_9_2_promoted612_out|       pointer|
|arrayidx179_9_1_promoted609_out            |  out|   32|      ap_vld|     arrayidx179_9_1_promoted609_out|       pointer|
|arrayidx179_9_1_promoted609_out_ap_vld     |  out|    1|      ap_vld|     arrayidx179_9_1_promoted609_out|       pointer|
|arrayidx179_9_promoted606_out              |  out|   32|      ap_vld|       arrayidx179_9_promoted606_out|       pointer|
|arrayidx179_9_promoted606_out_ap_vld       |  out|    1|      ap_vld|       arrayidx179_9_promoted606_out|       pointer|
|arrayidx179_8_12_promoted603_out           |  out|   32|      ap_vld|    arrayidx179_8_12_promoted603_out|       pointer|
|arrayidx179_8_12_promoted603_out_ap_vld    |  out|    1|      ap_vld|    arrayidx179_8_12_promoted603_out|       pointer|
|arrayidx179_8_11_promoted600_out           |  out|   32|      ap_vld|    arrayidx179_8_11_promoted600_out|       pointer|
|arrayidx179_8_11_promoted600_out_ap_vld    |  out|    1|      ap_vld|    arrayidx179_8_11_promoted600_out|       pointer|
|arrayidx179_8_10_promoted597_out           |  out|   32|      ap_vld|    arrayidx179_8_10_promoted597_out|       pointer|
|arrayidx179_8_10_promoted597_out_ap_vld    |  out|    1|      ap_vld|    arrayidx179_8_10_promoted597_out|       pointer|
|arrayidx179_8_9_promoted594_out            |  out|   32|      ap_vld|     arrayidx179_8_9_promoted594_out|       pointer|
|arrayidx179_8_9_promoted594_out_ap_vld     |  out|    1|      ap_vld|     arrayidx179_8_9_promoted594_out|       pointer|
|arrayidx179_8_8_promoted591_out            |  out|   32|      ap_vld|     arrayidx179_8_8_promoted591_out|       pointer|
|arrayidx179_8_8_promoted591_out_ap_vld     |  out|    1|      ap_vld|     arrayidx179_8_8_promoted591_out|       pointer|
|arrayidx179_8_7_promoted588_out            |  out|   32|      ap_vld|     arrayidx179_8_7_promoted588_out|       pointer|
|arrayidx179_8_7_promoted588_out_ap_vld     |  out|    1|      ap_vld|     arrayidx179_8_7_promoted588_out|       pointer|
|arrayidx179_8_6_promoted585_out            |  out|   32|      ap_vld|     arrayidx179_8_6_promoted585_out|       pointer|
|arrayidx179_8_6_promoted585_out_ap_vld     |  out|    1|      ap_vld|     arrayidx179_8_6_promoted585_out|       pointer|
|arrayidx179_8_5_promoted582_out            |  out|   32|      ap_vld|     arrayidx179_8_5_promoted582_out|       pointer|
|arrayidx179_8_5_promoted582_out_ap_vld     |  out|    1|      ap_vld|     arrayidx179_8_5_promoted582_out|       pointer|
|arrayidx179_8_4_promoted579_out            |  out|   32|      ap_vld|     arrayidx179_8_4_promoted579_out|       pointer|
|arrayidx179_8_4_promoted579_out_ap_vld     |  out|    1|      ap_vld|     arrayidx179_8_4_promoted579_out|       pointer|
|arrayidx179_8_3_promoted576_out            |  out|   32|      ap_vld|     arrayidx179_8_3_promoted576_out|       pointer|
|arrayidx179_8_3_promoted576_out_ap_vld     |  out|    1|      ap_vld|     arrayidx179_8_3_promoted576_out|       pointer|
|arrayidx179_8_2_promoted573_out            |  out|   32|      ap_vld|     arrayidx179_8_2_promoted573_out|       pointer|
|arrayidx179_8_2_promoted573_out_ap_vld     |  out|    1|      ap_vld|     arrayidx179_8_2_promoted573_out|       pointer|
|arrayidx179_8_1_promoted570_out            |  out|   32|      ap_vld|     arrayidx179_8_1_promoted570_out|       pointer|
|arrayidx179_8_1_promoted570_out_ap_vld     |  out|    1|      ap_vld|     arrayidx179_8_1_promoted570_out|       pointer|
|arrayidx179_8_promoted567_out              |  out|   32|      ap_vld|       arrayidx179_8_promoted567_out|       pointer|
|arrayidx179_8_promoted567_out_ap_vld       |  out|    1|      ap_vld|       arrayidx179_8_promoted567_out|       pointer|
|arrayidx179_7_12_promoted564_out           |  out|   32|      ap_vld|    arrayidx179_7_12_promoted564_out|       pointer|
|arrayidx179_7_12_promoted564_out_ap_vld    |  out|    1|      ap_vld|    arrayidx179_7_12_promoted564_out|       pointer|
|arrayidx179_7_11_promoted561_out           |  out|   32|      ap_vld|    arrayidx179_7_11_promoted561_out|       pointer|
|arrayidx179_7_11_promoted561_out_ap_vld    |  out|    1|      ap_vld|    arrayidx179_7_11_promoted561_out|       pointer|
|arrayidx179_7_10_promoted558_out           |  out|   32|      ap_vld|    arrayidx179_7_10_promoted558_out|       pointer|
|arrayidx179_7_10_promoted558_out_ap_vld    |  out|    1|      ap_vld|    arrayidx179_7_10_promoted558_out|       pointer|
|arrayidx179_7_9_promoted555_out            |  out|   32|      ap_vld|     arrayidx179_7_9_promoted555_out|       pointer|
|arrayidx179_7_9_promoted555_out_ap_vld     |  out|    1|      ap_vld|     arrayidx179_7_9_promoted555_out|       pointer|
|arrayidx179_7_8_promoted552_out            |  out|   32|      ap_vld|     arrayidx179_7_8_promoted552_out|       pointer|
|arrayidx179_7_8_promoted552_out_ap_vld     |  out|    1|      ap_vld|     arrayidx179_7_8_promoted552_out|       pointer|
|arrayidx179_7_7_promoted549_out            |  out|   32|      ap_vld|     arrayidx179_7_7_promoted549_out|       pointer|
|arrayidx179_7_7_promoted549_out_ap_vld     |  out|    1|      ap_vld|     arrayidx179_7_7_promoted549_out|       pointer|
|arrayidx179_7_6_promoted546_out            |  out|   32|      ap_vld|     arrayidx179_7_6_promoted546_out|       pointer|
|arrayidx179_7_6_promoted546_out_ap_vld     |  out|    1|      ap_vld|     arrayidx179_7_6_promoted546_out|       pointer|
|arrayidx179_7_5_promoted543_out            |  out|   32|      ap_vld|     arrayidx179_7_5_promoted543_out|       pointer|
|arrayidx179_7_5_promoted543_out_ap_vld     |  out|    1|      ap_vld|     arrayidx179_7_5_promoted543_out|       pointer|
|arrayidx179_7_4_promoted540_out            |  out|   32|      ap_vld|     arrayidx179_7_4_promoted540_out|       pointer|
|arrayidx179_7_4_promoted540_out_ap_vld     |  out|    1|      ap_vld|     arrayidx179_7_4_promoted540_out|       pointer|
|arrayidx179_7_3_promoted537_out            |  out|   32|      ap_vld|     arrayidx179_7_3_promoted537_out|       pointer|
|arrayidx179_7_3_promoted537_out_ap_vld     |  out|    1|      ap_vld|     arrayidx179_7_3_promoted537_out|       pointer|
|arrayidx179_7_2_promoted534_out            |  out|   32|      ap_vld|     arrayidx179_7_2_promoted534_out|       pointer|
|arrayidx179_7_2_promoted534_out_ap_vld     |  out|    1|      ap_vld|     arrayidx179_7_2_promoted534_out|       pointer|
|arrayidx179_7_1_promoted531_out            |  out|   32|      ap_vld|     arrayidx179_7_1_promoted531_out|       pointer|
|arrayidx179_7_1_promoted531_out_ap_vld     |  out|    1|      ap_vld|     arrayidx179_7_1_promoted531_out|       pointer|
|arrayidx179_7_promoted528_out              |  out|   32|      ap_vld|       arrayidx179_7_promoted528_out|       pointer|
|arrayidx179_7_promoted528_out_ap_vld       |  out|    1|      ap_vld|       arrayidx179_7_promoted528_out|       pointer|
|arrayidx179_6_12_promoted525_out           |  out|   32|      ap_vld|    arrayidx179_6_12_promoted525_out|       pointer|
|arrayidx179_6_12_promoted525_out_ap_vld    |  out|    1|      ap_vld|    arrayidx179_6_12_promoted525_out|       pointer|
|arrayidx179_6_11_promoted522_out           |  out|   32|      ap_vld|    arrayidx179_6_11_promoted522_out|       pointer|
|arrayidx179_6_11_promoted522_out_ap_vld    |  out|    1|      ap_vld|    arrayidx179_6_11_promoted522_out|       pointer|
|arrayidx179_6_10_promoted519_out           |  out|   32|      ap_vld|    arrayidx179_6_10_promoted519_out|       pointer|
|arrayidx179_6_10_promoted519_out_ap_vld    |  out|    1|      ap_vld|    arrayidx179_6_10_promoted519_out|       pointer|
|arrayidx179_6_9_promoted516_out            |  out|   32|      ap_vld|     arrayidx179_6_9_promoted516_out|       pointer|
|arrayidx179_6_9_promoted516_out_ap_vld     |  out|    1|      ap_vld|     arrayidx179_6_9_promoted516_out|       pointer|
|arrayidx179_6_8_promoted513_out            |  out|   32|      ap_vld|     arrayidx179_6_8_promoted513_out|       pointer|
|arrayidx179_6_8_promoted513_out_ap_vld     |  out|    1|      ap_vld|     arrayidx179_6_8_promoted513_out|       pointer|
|arrayidx179_6_7_promoted510_out            |  out|   32|      ap_vld|     arrayidx179_6_7_promoted510_out|       pointer|
|arrayidx179_6_7_promoted510_out_ap_vld     |  out|    1|      ap_vld|     arrayidx179_6_7_promoted510_out|       pointer|
|arrayidx179_6_6_promoted507_out            |  out|   32|      ap_vld|     arrayidx179_6_6_promoted507_out|       pointer|
|arrayidx179_6_6_promoted507_out_ap_vld     |  out|    1|      ap_vld|     arrayidx179_6_6_promoted507_out|       pointer|
|arrayidx179_6_5_promoted504_out            |  out|   32|      ap_vld|     arrayidx179_6_5_promoted504_out|       pointer|
|arrayidx179_6_5_promoted504_out_ap_vld     |  out|    1|      ap_vld|     arrayidx179_6_5_promoted504_out|       pointer|
|arrayidx179_6_4_promoted501_out            |  out|   32|      ap_vld|     arrayidx179_6_4_promoted501_out|       pointer|
|arrayidx179_6_4_promoted501_out_ap_vld     |  out|    1|      ap_vld|     arrayidx179_6_4_promoted501_out|       pointer|
|arrayidx179_6_3_promoted498_out            |  out|   32|      ap_vld|     arrayidx179_6_3_promoted498_out|       pointer|
|arrayidx179_6_3_promoted498_out_ap_vld     |  out|    1|      ap_vld|     arrayidx179_6_3_promoted498_out|       pointer|
|arrayidx179_6_2_promoted495_out            |  out|   32|      ap_vld|     arrayidx179_6_2_promoted495_out|       pointer|
|arrayidx179_6_2_promoted495_out_ap_vld     |  out|    1|      ap_vld|     arrayidx179_6_2_promoted495_out|       pointer|
|arrayidx179_6_1_promoted492_out            |  out|   32|      ap_vld|     arrayidx179_6_1_promoted492_out|       pointer|
|arrayidx179_6_1_promoted492_out_ap_vld     |  out|    1|      ap_vld|     arrayidx179_6_1_promoted492_out|       pointer|
|arrayidx179_6_promoted489_out              |  out|   32|      ap_vld|       arrayidx179_6_promoted489_out|       pointer|
|arrayidx179_6_promoted489_out_ap_vld       |  out|    1|      ap_vld|       arrayidx179_6_promoted489_out|       pointer|
|arrayidx179_5_12_promoted486_out           |  out|   32|      ap_vld|    arrayidx179_5_12_promoted486_out|       pointer|
|arrayidx179_5_12_promoted486_out_ap_vld    |  out|    1|      ap_vld|    arrayidx179_5_12_promoted486_out|       pointer|
|arrayidx179_5_11_promoted483_out           |  out|   32|      ap_vld|    arrayidx179_5_11_promoted483_out|       pointer|
|arrayidx179_5_11_promoted483_out_ap_vld    |  out|    1|      ap_vld|    arrayidx179_5_11_promoted483_out|       pointer|
|arrayidx179_5_10_promoted480_out           |  out|   32|      ap_vld|    arrayidx179_5_10_promoted480_out|       pointer|
|arrayidx179_5_10_promoted480_out_ap_vld    |  out|    1|      ap_vld|    arrayidx179_5_10_promoted480_out|       pointer|
|arrayidx179_5_9_promoted477_out            |  out|   32|      ap_vld|     arrayidx179_5_9_promoted477_out|       pointer|
|arrayidx179_5_9_promoted477_out_ap_vld     |  out|    1|      ap_vld|     arrayidx179_5_9_promoted477_out|       pointer|
|arrayidx179_5_8_promoted474_out            |  out|   32|      ap_vld|     arrayidx179_5_8_promoted474_out|       pointer|
|arrayidx179_5_8_promoted474_out_ap_vld     |  out|    1|      ap_vld|     arrayidx179_5_8_promoted474_out|       pointer|
|arrayidx179_5_7_promoted471_out            |  out|   32|      ap_vld|     arrayidx179_5_7_promoted471_out|       pointer|
|arrayidx179_5_7_promoted471_out_ap_vld     |  out|    1|      ap_vld|     arrayidx179_5_7_promoted471_out|       pointer|
|arrayidx179_5_6_promoted468_out            |  out|   32|      ap_vld|     arrayidx179_5_6_promoted468_out|       pointer|
|arrayidx179_5_6_promoted468_out_ap_vld     |  out|    1|      ap_vld|     arrayidx179_5_6_promoted468_out|       pointer|
|arrayidx179_5_5_promoted465_out            |  out|   32|      ap_vld|     arrayidx179_5_5_promoted465_out|       pointer|
|arrayidx179_5_5_promoted465_out_ap_vld     |  out|    1|      ap_vld|     arrayidx179_5_5_promoted465_out|       pointer|
|arrayidx179_5_4_promoted462_out            |  out|   32|      ap_vld|     arrayidx179_5_4_promoted462_out|       pointer|
|arrayidx179_5_4_promoted462_out_ap_vld     |  out|    1|      ap_vld|     arrayidx179_5_4_promoted462_out|       pointer|
|arrayidx179_5_3_promoted459_out            |  out|   32|      ap_vld|     arrayidx179_5_3_promoted459_out|       pointer|
|arrayidx179_5_3_promoted459_out_ap_vld     |  out|    1|      ap_vld|     arrayidx179_5_3_promoted459_out|       pointer|
|arrayidx179_5_2_promoted456_out            |  out|   32|      ap_vld|     arrayidx179_5_2_promoted456_out|       pointer|
|arrayidx179_5_2_promoted456_out_ap_vld     |  out|    1|      ap_vld|     arrayidx179_5_2_promoted456_out|       pointer|
|arrayidx179_5_1_promoted453_out            |  out|   32|      ap_vld|     arrayidx179_5_1_promoted453_out|       pointer|
|arrayidx179_5_1_promoted453_out_ap_vld     |  out|    1|      ap_vld|     arrayidx179_5_1_promoted453_out|       pointer|
|arrayidx179_5_promoted450_out              |  out|   32|      ap_vld|       arrayidx179_5_promoted450_out|       pointer|
|arrayidx179_5_promoted450_out_ap_vld       |  out|    1|      ap_vld|       arrayidx179_5_promoted450_out|       pointer|
|arrayidx179_4_12_promoted447_out           |  out|   32|      ap_vld|    arrayidx179_4_12_promoted447_out|       pointer|
|arrayidx179_4_12_promoted447_out_ap_vld    |  out|    1|      ap_vld|    arrayidx179_4_12_promoted447_out|       pointer|
|arrayidx179_4_11_promoted444_out           |  out|   32|      ap_vld|    arrayidx179_4_11_promoted444_out|       pointer|
|arrayidx179_4_11_promoted444_out_ap_vld    |  out|    1|      ap_vld|    arrayidx179_4_11_promoted444_out|       pointer|
|arrayidx179_4_10_promoted441_out           |  out|   32|      ap_vld|    arrayidx179_4_10_promoted441_out|       pointer|
|arrayidx179_4_10_promoted441_out_ap_vld    |  out|    1|      ap_vld|    arrayidx179_4_10_promoted441_out|       pointer|
|arrayidx179_4_9_promoted438_out            |  out|   32|      ap_vld|     arrayidx179_4_9_promoted438_out|       pointer|
|arrayidx179_4_9_promoted438_out_ap_vld     |  out|    1|      ap_vld|     arrayidx179_4_9_promoted438_out|       pointer|
|arrayidx179_4_8_promoted435_out            |  out|   32|      ap_vld|     arrayidx179_4_8_promoted435_out|       pointer|
|arrayidx179_4_8_promoted435_out_ap_vld     |  out|    1|      ap_vld|     arrayidx179_4_8_promoted435_out|       pointer|
|arrayidx179_4_7_promoted432_out            |  out|   32|      ap_vld|     arrayidx179_4_7_promoted432_out|       pointer|
|arrayidx179_4_7_promoted432_out_ap_vld     |  out|    1|      ap_vld|     arrayidx179_4_7_promoted432_out|       pointer|
|arrayidx179_4_6_promoted429_out            |  out|   32|      ap_vld|     arrayidx179_4_6_promoted429_out|       pointer|
|arrayidx179_4_6_promoted429_out_ap_vld     |  out|    1|      ap_vld|     arrayidx179_4_6_promoted429_out|       pointer|
|arrayidx179_4_5_promoted426_out            |  out|   32|      ap_vld|     arrayidx179_4_5_promoted426_out|       pointer|
|arrayidx179_4_5_promoted426_out_ap_vld     |  out|    1|      ap_vld|     arrayidx179_4_5_promoted426_out|       pointer|
|arrayidx179_4_4_promoted423_out            |  out|   32|      ap_vld|     arrayidx179_4_4_promoted423_out|       pointer|
|arrayidx179_4_4_promoted423_out_ap_vld     |  out|    1|      ap_vld|     arrayidx179_4_4_promoted423_out|       pointer|
|arrayidx179_4_3_promoted420_out            |  out|   32|      ap_vld|     arrayidx179_4_3_promoted420_out|       pointer|
|arrayidx179_4_3_promoted420_out_ap_vld     |  out|    1|      ap_vld|     arrayidx179_4_3_promoted420_out|       pointer|
|arrayidx179_4_2_promoted417_out            |  out|   32|      ap_vld|     arrayidx179_4_2_promoted417_out|       pointer|
|arrayidx179_4_2_promoted417_out_ap_vld     |  out|    1|      ap_vld|     arrayidx179_4_2_promoted417_out|       pointer|
|arrayidx179_4_1_promoted414_out            |  out|   32|      ap_vld|     arrayidx179_4_1_promoted414_out|       pointer|
|arrayidx179_4_1_promoted414_out_ap_vld     |  out|    1|      ap_vld|     arrayidx179_4_1_promoted414_out|       pointer|
|arrayidx179_4_promoted411_out              |  out|   32|      ap_vld|       arrayidx179_4_promoted411_out|       pointer|
|arrayidx179_4_promoted411_out_ap_vld       |  out|    1|      ap_vld|       arrayidx179_4_promoted411_out|       pointer|
|arrayidx179_3_12_promoted408_out           |  out|   32|      ap_vld|    arrayidx179_3_12_promoted408_out|       pointer|
|arrayidx179_3_12_promoted408_out_ap_vld    |  out|    1|      ap_vld|    arrayidx179_3_12_promoted408_out|       pointer|
|arrayidx179_3_11_promoted405_out           |  out|   32|      ap_vld|    arrayidx179_3_11_promoted405_out|       pointer|
|arrayidx179_3_11_promoted405_out_ap_vld    |  out|    1|      ap_vld|    arrayidx179_3_11_promoted405_out|       pointer|
|arrayidx179_3_10_promoted402_out           |  out|   32|      ap_vld|    arrayidx179_3_10_promoted402_out|       pointer|
|arrayidx179_3_10_promoted402_out_ap_vld    |  out|    1|      ap_vld|    arrayidx179_3_10_promoted402_out|       pointer|
|arrayidx179_3_9_promoted399_out            |  out|   32|      ap_vld|     arrayidx179_3_9_promoted399_out|       pointer|
|arrayidx179_3_9_promoted399_out_ap_vld     |  out|    1|      ap_vld|     arrayidx179_3_9_promoted399_out|       pointer|
|arrayidx179_3_8_promoted396_out            |  out|   32|      ap_vld|     arrayidx179_3_8_promoted396_out|       pointer|
|arrayidx179_3_8_promoted396_out_ap_vld     |  out|    1|      ap_vld|     arrayidx179_3_8_promoted396_out|       pointer|
|arrayidx179_3_7_promoted393_out            |  out|   32|      ap_vld|     arrayidx179_3_7_promoted393_out|       pointer|
|arrayidx179_3_7_promoted393_out_ap_vld     |  out|    1|      ap_vld|     arrayidx179_3_7_promoted393_out|       pointer|
|arrayidx179_3_6_promoted390_out            |  out|   32|      ap_vld|     arrayidx179_3_6_promoted390_out|       pointer|
|arrayidx179_3_6_promoted390_out_ap_vld     |  out|    1|      ap_vld|     arrayidx179_3_6_promoted390_out|       pointer|
|arrayidx179_3_5_promoted387_out            |  out|   32|      ap_vld|     arrayidx179_3_5_promoted387_out|       pointer|
|arrayidx179_3_5_promoted387_out_ap_vld     |  out|    1|      ap_vld|     arrayidx179_3_5_promoted387_out|       pointer|
|arrayidx179_3_4_promoted384_out            |  out|   32|      ap_vld|     arrayidx179_3_4_promoted384_out|       pointer|
|arrayidx179_3_4_promoted384_out_ap_vld     |  out|    1|      ap_vld|     arrayidx179_3_4_promoted384_out|       pointer|
|arrayidx179_3_3_promoted381_out            |  out|   32|      ap_vld|     arrayidx179_3_3_promoted381_out|       pointer|
|arrayidx179_3_3_promoted381_out_ap_vld     |  out|    1|      ap_vld|     arrayidx179_3_3_promoted381_out|       pointer|
|arrayidx179_3_2_promoted378_out            |  out|   32|      ap_vld|     arrayidx179_3_2_promoted378_out|       pointer|
|arrayidx179_3_2_promoted378_out_ap_vld     |  out|    1|      ap_vld|     arrayidx179_3_2_promoted378_out|       pointer|
|arrayidx179_3_1_promoted375_out            |  out|   32|      ap_vld|     arrayidx179_3_1_promoted375_out|       pointer|
|arrayidx179_3_1_promoted375_out_ap_vld     |  out|    1|      ap_vld|     arrayidx179_3_1_promoted375_out|       pointer|
|arrayidx179_3_promoted372_out              |  out|   32|      ap_vld|       arrayidx179_3_promoted372_out|       pointer|
|arrayidx179_3_promoted372_out_ap_vld       |  out|    1|      ap_vld|       arrayidx179_3_promoted372_out|       pointer|
|arrayidx179_2_12_promoted369_out           |  out|   32|      ap_vld|    arrayidx179_2_12_promoted369_out|       pointer|
|arrayidx179_2_12_promoted369_out_ap_vld    |  out|    1|      ap_vld|    arrayidx179_2_12_promoted369_out|       pointer|
|arrayidx179_2_11_promoted366_out           |  out|   32|      ap_vld|    arrayidx179_2_11_promoted366_out|       pointer|
|arrayidx179_2_11_promoted366_out_ap_vld    |  out|    1|      ap_vld|    arrayidx179_2_11_promoted366_out|       pointer|
|arrayidx179_2_10_promoted363_out           |  out|   32|      ap_vld|    arrayidx179_2_10_promoted363_out|       pointer|
|arrayidx179_2_10_promoted363_out_ap_vld    |  out|    1|      ap_vld|    arrayidx179_2_10_promoted363_out|       pointer|
|arrayidx179_2_9_promoted360_out            |  out|   32|      ap_vld|     arrayidx179_2_9_promoted360_out|       pointer|
|arrayidx179_2_9_promoted360_out_ap_vld     |  out|    1|      ap_vld|     arrayidx179_2_9_promoted360_out|       pointer|
|arrayidx179_2_8_promoted357_out            |  out|   32|      ap_vld|     arrayidx179_2_8_promoted357_out|       pointer|
|arrayidx179_2_8_promoted357_out_ap_vld     |  out|    1|      ap_vld|     arrayidx179_2_8_promoted357_out|       pointer|
|arrayidx179_2_7_promoted354_out            |  out|   32|      ap_vld|     arrayidx179_2_7_promoted354_out|       pointer|
|arrayidx179_2_7_promoted354_out_ap_vld     |  out|    1|      ap_vld|     arrayidx179_2_7_promoted354_out|       pointer|
|arrayidx179_2_6_promoted351_out            |  out|   32|      ap_vld|     arrayidx179_2_6_promoted351_out|       pointer|
|arrayidx179_2_6_promoted351_out_ap_vld     |  out|    1|      ap_vld|     arrayidx179_2_6_promoted351_out|       pointer|
|arrayidx179_2_5_promoted348_out            |  out|   32|      ap_vld|     arrayidx179_2_5_promoted348_out|       pointer|
|arrayidx179_2_5_promoted348_out_ap_vld     |  out|    1|      ap_vld|     arrayidx179_2_5_promoted348_out|       pointer|
|arrayidx179_2_4_promoted345_out            |  out|   32|      ap_vld|     arrayidx179_2_4_promoted345_out|       pointer|
|arrayidx179_2_4_promoted345_out_ap_vld     |  out|    1|      ap_vld|     arrayidx179_2_4_promoted345_out|       pointer|
|arrayidx179_2_3_promoted342_out            |  out|   32|      ap_vld|     arrayidx179_2_3_promoted342_out|       pointer|
|arrayidx179_2_3_promoted342_out_ap_vld     |  out|    1|      ap_vld|     arrayidx179_2_3_promoted342_out|       pointer|
|arrayidx179_2_2_promoted339_out            |  out|   32|      ap_vld|     arrayidx179_2_2_promoted339_out|       pointer|
|arrayidx179_2_2_promoted339_out_ap_vld     |  out|    1|      ap_vld|     arrayidx179_2_2_promoted339_out|       pointer|
|arrayidx179_2_1_promoted336_out            |  out|   32|      ap_vld|     arrayidx179_2_1_promoted336_out|       pointer|
|arrayidx179_2_1_promoted336_out_ap_vld     |  out|    1|      ap_vld|     arrayidx179_2_1_promoted336_out|       pointer|
|arrayidx179_2_promoted333_out              |  out|   32|      ap_vld|       arrayidx179_2_promoted333_out|       pointer|
|arrayidx179_2_promoted333_out_ap_vld       |  out|    1|      ap_vld|       arrayidx179_2_promoted333_out|       pointer|
|arrayidx179_1_12_promoted330_out           |  out|   32|      ap_vld|    arrayidx179_1_12_promoted330_out|       pointer|
|arrayidx179_1_12_promoted330_out_ap_vld    |  out|    1|      ap_vld|    arrayidx179_1_12_promoted330_out|       pointer|
|arrayidx179_1_11_promoted327_out           |  out|   32|      ap_vld|    arrayidx179_1_11_promoted327_out|       pointer|
|arrayidx179_1_11_promoted327_out_ap_vld    |  out|    1|      ap_vld|    arrayidx179_1_11_promoted327_out|       pointer|
|arrayidx179_1_10_promoted324_out           |  out|   32|      ap_vld|    arrayidx179_1_10_promoted324_out|       pointer|
|arrayidx179_1_10_promoted324_out_ap_vld    |  out|    1|      ap_vld|    arrayidx179_1_10_promoted324_out|       pointer|
|arrayidx179_1_9_promoted321_out            |  out|   32|      ap_vld|     arrayidx179_1_9_promoted321_out|       pointer|
|arrayidx179_1_9_promoted321_out_ap_vld     |  out|    1|      ap_vld|     arrayidx179_1_9_promoted321_out|       pointer|
|arrayidx179_1_8_promoted318_out            |  out|   32|      ap_vld|     arrayidx179_1_8_promoted318_out|       pointer|
|arrayidx179_1_8_promoted318_out_ap_vld     |  out|    1|      ap_vld|     arrayidx179_1_8_promoted318_out|       pointer|
|arrayidx179_1_7_promoted315_out            |  out|   32|      ap_vld|     arrayidx179_1_7_promoted315_out|       pointer|
|arrayidx179_1_7_promoted315_out_ap_vld     |  out|    1|      ap_vld|     arrayidx179_1_7_promoted315_out|       pointer|
|arrayidx179_1_6_promoted312_out            |  out|   32|      ap_vld|     arrayidx179_1_6_promoted312_out|       pointer|
|arrayidx179_1_6_promoted312_out_ap_vld     |  out|    1|      ap_vld|     arrayidx179_1_6_promoted312_out|       pointer|
|arrayidx179_1_5_promoted309_out            |  out|   32|      ap_vld|     arrayidx179_1_5_promoted309_out|       pointer|
|arrayidx179_1_5_promoted309_out_ap_vld     |  out|    1|      ap_vld|     arrayidx179_1_5_promoted309_out|       pointer|
|arrayidx179_1_4_promoted306_out            |  out|   32|      ap_vld|     arrayidx179_1_4_promoted306_out|       pointer|
|arrayidx179_1_4_promoted306_out_ap_vld     |  out|    1|      ap_vld|     arrayidx179_1_4_promoted306_out|       pointer|
|arrayidx179_1_3_promoted303_out            |  out|   32|      ap_vld|     arrayidx179_1_3_promoted303_out|       pointer|
|arrayidx179_1_3_promoted303_out_ap_vld     |  out|    1|      ap_vld|     arrayidx179_1_3_promoted303_out|       pointer|
|arrayidx179_1_2_promoted300_out            |  out|   32|      ap_vld|     arrayidx179_1_2_promoted300_out|       pointer|
|arrayidx179_1_2_promoted300_out_ap_vld     |  out|    1|      ap_vld|     arrayidx179_1_2_promoted300_out|       pointer|
|arrayidx179_1_1_promoted297_out            |  out|   32|      ap_vld|     arrayidx179_1_1_promoted297_out|       pointer|
|arrayidx179_1_1_promoted297_out_ap_vld     |  out|    1|      ap_vld|     arrayidx179_1_1_promoted297_out|       pointer|
|arrayidx179_1_promoted294_out              |  out|   32|      ap_vld|       arrayidx179_1_promoted294_out|       pointer|
|arrayidx179_1_promoted294_out_ap_vld       |  out|    1|      ap_vld|       arrayidx179_1_promoted294_out|       pointer|
|arrayidx179_124064_promoted291_out         |  out|   32|      ap_vld|  arrayidx179_124064_promoted291_out|       pointer|
|arrayidx179_124064_promoted291_out_ap_vld  |  out|    1|      ap_vld|  arrayidx179_124064_promoted291_out|       pointer|
|arrayidx179_114047_promoted288_out         |  out|   32|      ap_vld|  arrayidx179_114047_promoted288_out|       pointer|
|arrayidx179_114047_promoted288_out_ap_vld  |  out|    1|      ap_vld|  arrayidx179_114047_promoted288_out|       pointer|
|arrayidx179_104030_promoted285_out         |  out|   32|      ap_vld|  arrayidx179_104030_promoted285_out|       pointer|
|arrayidx179_104030_promoted285_out_ap_vld  |  out|    1|      ap_vld|  arrayidx179_104030_promoted285_out|       pointer|
|arrayidx179_94013_promoted282_out          |  out|   32|      ap_vld|   arrayidx179_94013_promoted282_out|       pointer|
|arrayidx179_94013_promoted282_out_ap_vld   |  out|    1|      ap_vld|   arrayidx179_94013_promoted282_out|       pointer|
|arrayidx179_83996_promoted279_out          |  out|   32|      ap_vld|   arrayidx179_83996_promoted279_out|       pointer|
|arrayidx179_83996_promoted279_out_ap_vld   |  out|    1|      ap_vld|   arrayidx179_83996_promoted279_out|       pointer|
|arrayidx179_73979_promoted276_out          |  out|   32|      ap_vld|   arrayidx179_73979_promoted276_out|       pointer|
|arrayidx179_73979_promoted276_out_ap_vld   |  out|    1|      ap_vld|   arrayidx179_73979_promoted276_out|       pointer|
|arrayidx179_63962_promoted273_out          |  out|   32|      ap_vld|   arrayidx179_63962_promoted273_out|       pointer|
|arrayidx179_63962_promoted273_out_ap_vld   |  out|    1|      ap_vld|   arrayidx179_63962_promoted273_out|       pointer|
|arrayidx179_53945_promoted270_out          |  out|   32|      ap_vld|   arrayidx179_53945_promoted270_out|       pointer|
|arrayidx179_53945_promoted270_out_ap_vld   |  out|    1|      ap_vld|   arrayidx179_53945_promoted270_out|       pointer|
|arrayidx179_43928_promoted267_out          |  out|   32|      ap_vld|   arrayidx179_43928_promoted267_out|       pointer|
|arrayidx179_43928_promoted267_out_ap_vld   |  out|    1|      ap_vld|   arrayidx179_43928_promoted267_out|       pointer|
|arrayidx179_33911_promoted264_out          |  out|   32|      ap_vld|   arrayidx179_33911_promoted264_out|       pointer|
|arrayidx179_33911_promoted264_out_ap_vld   |  out|    1|      ap_vld|   arrayidx179_33911_promoted264_out|       pointer|
|arrayidx179_23894_promoted261_out          |  out|   32|      ap_vld|   arrayidx179_23894_promoted261_out|       pointer|
|arrayidx179_23894_promoted261_out_ap_vld   |  out|    1|      ap_vld|   arrayidx179_23894_promoted261_out|       pointer|
|arrayidx179_13877_promoted258_out          |  out|   32|      ap_vld|   arrayidx179_13877_promoted258_out|       pointer|
|arrayidx179_13877_promoted258_out_ap_vld   |  out|    1|      ap_vld|   arrayidx179_13877_promoted258_out|       pointer|
|arrayidx179_promoted255_out                |  out|   32|      ap_vld|         arrayidx179_promoted255_out|       pointer|
|arrayidx179_promoted255_out_ap_vld         |  out|    1|      ap_vld|         arrayidx179_promoted255_out|       pointer|
+-------------------------------------------+-----+-----+------------+------------------------------------+--------------+

