

================================================================
== Vitis HLS Report for 'conv3_Pipeline_M1'
================================================================
* Date:           Sat Jan 25 17:57:08 2025

* Version:        2024.2 (Build 5238294 on Nov  8 2024)
* Project:        Alex_Net
* Solution:       Conv3 (Vivado IP Flow Target)
* Product family: zynquplus
* Target device:  xczu7ev-ffvc1156-2-i


================================================================
== Performance Estimates
================================================================
+ Timing: 
    * Summary: 
    +--------+----------+----------+------------+
    |  Clock |  Target  | Estimated| Uncertainty|
    +--------+----------+----------+------------+
    |ap_clk  |  10.00 ns|  7.300 ns|     2.70 ns|
    +--------+----------+----------+------------+

+ Latency: 
    * Summary: 
    +---------+---------+----------+----------+-----+-----+------------------------------------------------+
    |  Latency (cycles) |  Latency (absolute) |  Interval |                    Pipeline                    |
    |   min   |   max   |    min   |    max   | min | max |                      Type                      |
    +---------+---------+----------+----------+-----+-----+------------------------------------------------+
    |      177|      177|  1.770 us|  1.770 us|  176|  176|  loop auto-rewind stp (delay=0 clock cycles(s))|
    +---------+---------+----------+----------+-----+-----+------------------------------------------------+

    + Detail: 
        * Instance: 
        N/A

        * Loop: 
        +----------+---------+---------+----------+-----------+-----------+------+----------+
        |          |  Latency (cycles) | Iteration|  Initiation Interval  | Trip |          |
        | Loop Name|   min   |   max   |  Latency |  achieved |   target  | Count| Pipelined|
        +----------+---------+---------+----------+-----------+-----------+------+----------+
        |- M1      |      175|      175|        20|         13|          1|    13|       yes|
        +----------+---------+---------+----------+-----------+-----------+------+----------+



================================================================
== Utilization Estimates
================================================================
* Summary: 
+-----------------+---------+------+--------+--------+-----+
|       Name      | BRAM_18K|  DSP |   FF   |   LUT  | URAM|
+-----------------+---------+------+--------+--------+-----+
|DSP              |        -|     -|       -|       -|    -|
|Expression       |        -|     -|       0|    1095|    -|
|FIFO             |        -|     -|       -|       -|    -|
|Instance         |        -|     -|       0|     845|    -|
|Memory           |        -|     -|       -|       -|    -|
|Multiplexer      |        -|     -|       0|     278|    -|
|Register         |        -|     -|     962|       -|    -|
+-----------------+---------+------+--------+--------+-----+
|Total            |        0|     0|     962|    2218|    0|
+-----------------+---------+------+--------+--------+-----+
|Available        |      624|  1728|  460800|  230400|   96|
+-----------------+---------+------+--------+--------+-----+
|Utilization (%)  |        0|     0|      ~0|      ~0|    0|
+-----------------+---------+------+--------+--------+-----+

+ Detail: 
    * Instance: 
    +-----------------------------------+-----------------------------+---------+----+---+----+-----+
    |              Instance             |            Module           | BRAM_18K| DSP| FF| LUT| URAM|
    +-----------------------------------+-----------------------------+---------+----+---+----+-----+
    |fcmp_32ns_32ns_1_2_no_dsp_1_U1823  |fcmp_32ns_32ns_1_2_no_dsp_1  |        0|   0|  0|   0|    0|
    |sparsemux_27_4_32_1_1_U1824        |sparsemux_27_4_32_1_1        |        0|   0|  0|  65|    0|
    |sparsemux_27_4_32_1_1_U1825        |sparsemux_27_4_32_1_1        |        0|   0|  0|  65|    0|
    |sparsemux_27_4_32_1_1_U1826        |sparsemux_27_4_32_1_1        |        0|   0|  0|  65|    0|
    |sparsemux_27_4_32_1_1_U1827        |sparsemux_27_4_32_1_1        |        0|   0|  0|  65|    0|
    |sparsemux_27_4_32_1_1_U1828        |sparsemux_27_4_32_1_1        |        0|   0|  0|  65|    0|
    |sparsemux_27_4_32_1_1_U1829        |sparsemux_27_4_32_1_1        |        0|   0|  0|  65|    0|
    |sparsemux_27_4_32_1_1_U1830        |sparsemux_27_4_32_1_1        |        0|   0|  0|  65|    0|
    |sparsemux_27_4_32_1_1_U1831        |sparsemux_27_4_32_1_1        |        0|   0|  0|  65|    0|
    |sparsemux_27_4_32_1_1_U1832        |sparsemux_27_4_32_1_1        |        0|   0|  0|  65|    0|
    |sparsemux_27_4_32_1_1_U1833        |sparsemux_27_4_32_1_1        |        0|   0|  0|  65|    0|
    |sparsemux_27_4_32_1_1_U1834        |sparsemux_27_4_32_1_1        |        0|   0|  0|  65|    0|
    |sparsemux_27_4_32_1_1_U1835        |sparsemux_27_4_32_1_1        |        0|   0|  0|  65|    0|
    |sparsemux_27_4_32_1_1_U1836        |sparsemux_27_4_32_1_1        |        0|   0|  0|  65|    0|
    +-----------------------------------+-----------------------------+---------+----+---+----+-----+
    |Total                              |                             |        0|   0|  0| 845|    0|
    +-----------------------------------+-----------------------------+---------+----+---+----+-----+

    * DSP: 
    N/A

    * Memory: 
    N/A

    * FIFO: 
    N/A

    * Expression: 
    +---------------------------------+----------+----+---+----+------------+------------+
    |          Variable Name          | Operation| DSP| FF| LUT| Bitwidth P0| Bitwidth P1|
    +---------------------------------+----------+----+---+----+------------+------------+
    |add_ln144_fu_1597_p2             |         +|   0|  0|  12|           4|           1|
    |and_ln151_10_fu_2930_p2          |       and|   0|  0|   2|           1|           1|
    |and_ln151_11_fu_2980_p2          |       and|   0|  0|   2|           1|           1|
    |and_ln151_12_fu_3029_p2          |       and|   0|  0|   2|           1|           1|
    |and_ln151_1_fu_2480_p2           |       and|   0|  0|   2|           1|           1|
    |and_ln151_2_fu_2530_p2           |       and|   0|  0|   2|           1|           1|
    |and_ln151_3_fu_2580_p2           |       and|   0|  0|   2|           1|           1|
    |and_ln151_4_fu_2630_p2           |       and|   0|  0|   2|           1|           1|
    |and_ln151_5_fu_2680_p2           |       and|   0|  0|   2|           1|           1|
    |and_ln151_6_fu_2730_p2           |       and|   0|  0|   2|           1|           1|
    |and_ln151_7_fu_2780_p2           |       and|   0|  0|   2|           1|           1|
    |and_ln151_8_fu_2830_p2           |       and|   0|  0|   2|           1|           1|
    |and_ln151_9_fu_2880_p2           |       and|   0|  0|   2|           1|           1|
    |and_ln151_fu_2430_p2             |       and|   0|  0|   2|           1|           1|
    |ap_block_pp0_stage0_11001        |       and|   0|  0|   2|           1|           1|
    |ap_block_pp0_stage10_11001_grp4  |       and|   0|  0|   2|           1|           1|
    |ap_block_pp0_stage11_11001_grp5  |       and|   0|  0|   2|           1|           1|
    |ap_block_pp0_stage12_11001_grp6  |       and|   0|  0|   2|           1|           1|
    |ap_block_pp0_stage7_11001_grp1   |       and|   0|  0|   2|           1|           1|
    |ap_block_pp0_stage8_11001_grp2   |       and|   0|  0|   2|           1|           1|
    |ap_block_pp0_stage9_11001_grp3   |       and|   0|  0|   2|           1|           1|
    |ap_block_state10_io_grp3         |       and|   0|  0|   2|           1|           1|
    |icmp_ln144_fu_1591_p2            |      icmp|   0|  0|  12|           4|           3|
    |icmp_ln151_10_fu_2662_p2         |      icmp|   0|  0|  15|           8|           2|
    |icmp_ln151_11_fu_2668_p2         |      icmp|   0|  0|  30|          23|           1|
    |icmp_ln151_12_fu_2712_p2         |      icmp|   0|  0|  15|           8|           2|
    |icmp_ln151_13_fu_2718_p2         |      icmp|   0|  0|  30|          23|           1|
    |icmp_ln151_14_fu_2762_p2         |      icmp|   0|  0|  15|           8|           2|
    |icmp_ln151_15_fu_2768_p2         |      icmp|   0|  0|  30|          23|           1|
    |icmp_ln151_16_fu_2812_p2         |      icmp|   0|  0|  15|           8|           2|
    |icmp_ln151_17_fu_2818_p2         |      icmp|   0|  0|  30|          23|           1|
    |icmp_ln151_18_fu_2862_p2         |      icmp|   0|  0|  15|           8|           2|
    |icmp_ln151_19_fu_2868_p2         |      icmp|   0|  0|  30|          23|           1|
    |icmp_ln151_1_fu_2418_p2          |      icmp|   0|  0|  30|          23|           1|
    |icmp_ln151_20_fu_2912_p2         |      icmp|   0|  0|  15|           8|           2|
    |icmp_ln151_21_fu_2918_p2         |      icmp|   0|  0|  30|          23|           1|
    |icmp_ln151_22_fu_2962_p2         |      icmp|   0|  0|  15|           8|           2|
    |icmp_ln151_23_fu_2968_p2         |      icmp|   0|  0|  30|          23|           1|
    |icmp_ln151_24_fu_3011_p2         |      icmp|   0|  0|  15|           8|           2|
    |icmp_ln151_25_fu_3017_p2         |      icmp|   0|  0|  30|          23|           1|
    |icmp_ln151_2_fu_2462_p2          |      icmp|   0|  0|  15|           8|           2|
    |icmp_ln151_3_fu_2468_p2          |      icmp|   0|  0|  30|          23|           1|
    |icmp_ln151_4_fu_2512_p2          |      icmp|   0|  0|  15|           8|           2|
    |icmp_ln151_5_fu_2518_p2          |      icmp|   0|  0|  30|          23|           1|
    |icmp_ln151_6_fu_2562_p2          |      icmp|   0|  0|  15|           8|           2|
    |icmp_ln151_7_fu_2568_p2          |      icmp|   0|  0|  30|          23|           1|
    |icmp_ln151_8_fu_2612_p2          |      icmp|   0|  0|  15|           8|           2|
    |icmp_ln151_9_fu_2618_p2          |      icmp|   0|  0|  30|          23|           1|
    |icmp_ln151_fu_2412_p2            |      icmp|   0|  0|  15|           8|           2|
    |or_ln151_10_fu_2924_p2           |        or|   0|  0|   2|           1|           1|
    |or_ln151_11_fu_2974_p2           |        or|   0|  0|   2|           1|           1|
    |or_ln151_12_fu_3023_p2           |        or|   0|  0|   2|           1|           1|
    |or_ln151_1_fu_2474_p2            |        or|   0|  0|   2|           1|           1|
    |or_ln151_2_fu_2524_p2            |        or|   0|  0|   2|           1|           1|
    |or_ln151_3_fu_2574_p2            |        or|   0|  0|   2|           1|           1|
    |or_ln151_4_fu_2624_p2            |        or|   0|  0|   2|           1|           1|
    |or_ln151_5_fu_2674_p2            |        or|   0|  0|   2|           1|           1|
    |or_ln151_6_fu_2724_p2            |        or|   0|  0|   2|           1|           1|
    |or_ln151_7_fu_2774_p2            |        or|   0|  0|   2|           1|           1|
    |or_ln151_8_fu_2824_p2            |        or|   0|  0|   2|           1|           1|
    |or_ln151_9_fu_2874_p2            |        or|   0|  0|   2|           1|           1|
    |or_ln151_fu_2424_p2              |        or|   0|  0|   2|           1|           1|
    |select_ln144_10_fu_2936_p3       |    select|   0|  0|  32|           1|          32|
    |select_ln144_11_fu_2986_p3       |    select|   0|  0|  32|           1|          32|
    |select_ln144_12_fu_3035_p3       |    select|   0|  0|  32|           1|          32|
    |select_ln144_1_fu_2486_p3        |    select|   0|  0|  32|           1|          32|
    |select_ln144_2_fu_2536_p3        |    select|   0|  0|  32|           1|          32|
    |select_ln144_3_fu_2586_p3        |    select|   0|  0|  32|           1|          32|
    |select_ln144_4_fu_2636_p3        |    select|   0|  0|  32|           1|          32|
    |select_ln144_5_fu_2686_p3        |    select|   0|  0|  32|           1|          32|
    |select_ln144_6_fu_2736_p3        |    select|   0|  0|  32|           1|          32|
    |select_ln144_7_fu_2786_p3        |    select|   0|  0|  32|           1|          32|
    |select_ln144_8_fu_2836_p3        |    select|   0|  0|  32|           1|          32|
    |select_ln144_9_fu_2886_p3        |    select|   0|  0|  32|           1|          32|
    |select_ln144_fu_2436_p3          |    select|   0|  0|  32|           1|          32|
    |ap_enable_pp0                    |       xor|   0|  0|   2|           1|           2|
    +---------------------------------+----------+----+---+----+------------+------------+
    |Total                            |          |   0|  0|1095|         459|         495|
    +---------------------------------+----------+----+---+----+------------+------------+

    * Multiplexer: 
    +-----------------------------+----+-----------+-----+-----------+
    |             Name            | LUT| Input Size| Bits| Total Bits|
    +-----------------------------+----+-----------+-----+-----------+
    |ap_NS_fsm                    |  65|         14|    1|         14|
    |ap_done_int                  |   9|          2|    1|          2|
    |ap_enable_reg_pp0_iter0      |   9|          2|    1|          2|
    |ap_enable_reg_pp0_iter0_reg  |   9|          2|    1|          2|
    |ap_enable_reg_pp0_iter1      |   9|          2|    1|          2|
    |ap_sig_allocacmp_i           |   9|          2|    4|          8|
    |gmem0_blk_n_W                |   9|          2|    1|          2|
    |grp_fu_1560_p0               |  65|         14|   32|        448|
    |grp_fu_1564_p0               |  20|          4|   32|        128|
    |i_1_fu_426                   |   9|          2|    4|          8|
    |m_axi_gmem0_0_WDATA          |  65|         14|   32|        448|
    +-----------------------------+----+-----------+-----+-----------+
    |Total                        | 278|         60|  110|       1064|
    +-----------------------------+----+-----------+-----+-----------+

    * Register: 
    +--------------------------------------------+----+----+-----+-----------+
    |                    Name                    | FF | LUT| Bits| Const Bits|
    +--------------------------------------------+----+----+-----+-----------+
    |ap_CS_fsm                                   |  13|   0|   13|          0|
    |ap_block_pp0_stage0_subdone_grp0_done_reg   |   1|   0|    1|          0|
    |ap_block_pp0_stage10_subdone_grp0_done_reg  |   1|   0|    1|          0|
    |ap_block_pp0_stage11_subdone_grp0_done_reg  |   1|   0|    1|          0|
    |ap_block_pp0_stage12_subdone_grp0_done_reg  |   1|   0|    1|          0|
    |ap_block_pp0_stage1_subdone_grp0_done_reg   |   1|   0|    1|          0|
    |ap_block_pp0_stage2_subdone_grp0_done_reg   |   1|   0|    1|          0|
    |ap_block_pp0_stage3_subdone_grp0_done_reg   |   1|   0|    1|          0|
    |ap_block_pp0_stage4_subdone_grp0_done_reg   |   1|   0|    1|          0|
    |ap_block_pp0_stage5_subdone_grp0_done_reg   |   1|   0|    1|          0|
    |ap_block_pp0_stage6_subdone_grp0_done_reg   |   1|   0|    1|          0|
    |ap_block_pp0_stage7_subdone_grp0_done_reg   |   1|   0|    1|          0|
    |ap_block_pp0_stage8_subdone_grp0_done_reg   |   1|   0|    1|          0|
    |ap_block_pp0_stage9_subdone_grp0_done_reg   |   1|   0|    1|          0|
    |ap_done_reg                                 |   1|   0|    1|          0|
    |ap_enable_reg_pp0_iter0_reg                 |   1|   0|    1|          0|
    |ap_enable_reg_pp0_iter1                     |   1|   0|    1|          0|
    |i_1_fu_426                                  |   4|   0|    4|          0|
    |icmp_ln144_reg_3055                         |   1|   0|    1|          0|
    |out_12_reg_3191                             |  32|   0|   32|          0|
    |reg_1569                                    |  32|   0|   32|          0|
    |reg_1574                                    |  32|   0|   32|          0|
    |select_ln144_10_reg_3197                    |  32|   0|   32|          0|
    |select_ln144_11_reg_3202                    |  32|   0|   32|          0|
    |select_ln144_12_reg_3207                    |  32|   0|   32|          0|
    |select_ln144_1_reg_3146                     |  32|   0|   32|          0|
    |select_ln144_2_reg_3151                     |  32|   0|   32|          0|
    |select_ln144_3_reg_3156                     |  32|   0|   32|          0|
    |select_ln144_4_reg_3161                     |  32|   0|   32|          0|
    |select_ln144_5_reg_3166                     |  32|   0|   32|          0|
    |select_ln144_6_reg_3171                     |  32|   0|   32|          0|
    |select_ln144_7_reg_3176                     |  32|   0|   32|          0|
    |select_ln144_8_reg_3181                     |  32|   0|   32|          0|
    |select_ln144_9_reg_3186                     |  32|   0|   32|          0|
    |select_ln144_reg_3141                       |  32|   0|   32|          0|
    |tmp_10_reg_3131                             |  32|   0|   32|          0|
    |tmp_11_reg_3136                             |  32|   0|   32|          0|
    |tmp_1_reg_3081                              |  32|   0|   32|          0|
    |tmp_2_reg_3086                              |  32|   0|   32|          0|
    |tmp_3_reg_3091                              |  32|   0|   32|          0|
    |tmp_4_reg_3096                              |  32|   0|   32|          0|
    |tmp_5_reg_3101                              |  32|   0|   32|          0|
    |tmp_6_reg_3106                              |  32|   0|   32|          0|
    |tmp_7_reg_3111                              |  32|   0|   32|          0|
    |tmp_8_reg_3116                              |  32|   0|   32|          0|
    |tmp_9_reg_3121                              |  32|   0|   32|          0|
    |tmp_reg_3076                                |  32|   0|   32|          0|
    |tmp_s_reg_3126                              |  32|   0|   32|          0|
    +--------------------------------------------+----+----+-----+-----------+
    |Total                                       | 962|   0|  962|          0|
    +--------------------------------------------+----+----+-----+-----------+



================================================================
== Interface
================================================================
* Summary: 
+--------------------------+-----+-----+------------+--------------------------+--------------+
|         RTL Ports        | Dir | Bits|  Protocol  |       Source Object      |    C Type    |
+--------------------------+-----+-----+------------+--------------------------+--------------+
|ap_clk                    |   in|    1|  ap_ctrl_hs|         conv3_Pipeline_M1|  return value|
|ap_rst                    |   in|    1|  ap_ctrl_hs|         conv3_Pipeline_M1|  return value|
|ap_start                  |   in|    1|  ap_ctrl_hs|         conv3_Pipeline_M1|  return value|
|ap_done                   |  out|    1|  ap_ctrl_hs|         conv3_Pipeline_M1|  return value|
|ap_idle                   |  out|    1|  ap_ctrl_hs|         conv3_Pipeline_M1|  return value|
|ap_ready                  |  out|    1|  ap_ctrl_hs|         conv3_Pipeline_M1|  return value|
|grp_fu_10957_p_din0       |  out|   32|  ap_ctrl_hs|         conv3_Pipeline_M1|  return value|
|grp_fu_10957_p_din1       |  out|   32|  ap_ctrl_hs|         conv3_Pipeline_M1|  return value|
|grp_fu_10957_p_opcode     |  out|    2|  ap_ctrl_hs|         conv3_Pipeline_M1|  return value|
|grp_fu_10957_p_dout0      |   in|   32|  ap_ctrl_hs|         conv3_Pipeline_M1|  return value|
|grp_fu_10957_p_ce         |  out|    1|  ap_ctrl_hs|         conv3_Pipeline_M1|  return value|
|m_axi_gmem0_0_AWVALID     |  out|    1|       m_axi|                     gmem0|       pointer|
|m_axi_gmem0_0_AWREADY     |   in|    1|       m_axi|                     gmem0|       pointer|
|m_axi_gmem0_0_AWADDR      |  out|   64|       m_axi|                     gmem0|       pointer|
|m_axi_gmem0_0_AWID        |  out|    1|       m_axi|                     gmem0|       pointer|
|m_axi_gmem0_0_AWLEN       |  out|   32|       m_axi|                     gmem0|       pointer|
|m_axi_gmem0_0_AWSIZE      |  out|    3|       m_axi|                     gmem0|       pointer|
|m_axi_gmem0_0_AWBURST     |  out|    2|       m_axi|                     gmem0|       pointer|
|m_axi_gmem0_0_AWLOCK      |  out|    2|       m_axi|                     gmem0|       pointer|
|m_axi_gmem0_0_AWCACHE     |  out|    4|       m_axi|                     gmem0|       pointer|
|m_axi_gmem0_0_AWPROT      |  out|    3|       m_axi|                     gmem0|       pointer|
|m_axi_gmem0_0_AWQOS       |  out|    4|       m_axi|                     gmem0|       pointer|
|m_axi_gmem0_0_AWREGION    |  out|    4|       m_axi|                     gmem0|       pointer|
|m_axi_gmem0_0_AWUSER      |  out|    1|       m_axi|                     gmem0|       pointer|
|m_axi_gmem0_0_WVALID      |  out|    1|       m_axi|                     gmem0|       pointer|
|m_axi_gmem0_0_WREADY      |   in|    1|       m_axi|                     gmem0|       pointer|
|m_axi_gmem0_0_WDATA       |  out|   32|       m_axi|                     gmem0|       pointer|
|m_axi_gmem0_0_WSTRB       |  out|    4|       m_axi|                     gmem0|       pointer|
|m_axi_gmem0_0_WLAST       |  out|    1|       m_axi|                     gmem0|       pointer|
|m_axi_gmem0_0_WID         |  out|    1|       m_axi|                     gmem0|       pointer|
|m_axi_gmem0_0_WUSER       |  out|    1|       m_axi|                     gmem0|       pointer|
|m_axi_gmem0_0_ARVALID     |  out|    1|       m_axi|                     gmem0|       pointer|
|m_axi_gmem0_0_ARREADY     |   in|    1|       m_axi|                     gmem0|       pointer|
|m_axi_gmem0_0_ARADDR      |  out|   64|       m_axi|                     gmem0|       pointer|
|m_axi_gmem0_0_ARID        |  out|    1|       m_axi|                     gmem0|       pointer|
|m_axi_gmem0_0_ARLEN       |  out|   32|       m_axi|                     gmem0|       pointer|
|m_axi_gmem0_0_ARSIZE      |  out|    3|       m_axi|                     gmem0|       pointer|
|m_axi_gmem0_0_ARBURST     |  out|    2|       m_axi|                     gmem0|       pointer|
|m_axi_gmem0_0_ARLOCK      |  out|    2|       m_axi|                     gmem0|       pointer|
|m_axi_gmem0_0_ARCACHE     |  out|    4|       m_axi|                     gmem0|       pointer|
|m_axi_gmem0_0_ARPROT      |  out|    3|       m_axi|                     gmem0|       pointer|
|m_axi_gmem0_0_ARQOS       |  out|    4|       m_axi|                     gmem0|       pointer|
|m_axi_gmem0_0_ARREGION    |  out|    4|       m_axi|                     gmem0|       pointer|
|m_axi_gmem0_0_ARUSER      |  out|    1|       m_axi|                     gmem0|       pointer|
|m_axi_gmem0_0_RVALID      |   in|    1|       m_axi|                     gmem0|       pointer|
|m_axi_gmem0_0_RREADY      |  out|    1|       m_axi|                     gmem0|       pointer|
|m_axi_gmem0_0_RDATA       |   in|   32|       m_axi|                     gmem0|       pointer|
|m_axi_gmem0_0_RLAST       |   in|    1|       m_axi|                     gmem0|       pointer|
|m_axi_gmem0_0_RID         |   in|    1|       m_axi|                     gmem0|       pointer|
|m_axi_gmem0_0_RFIFONUM    |   in|    9|       m_axi|                     gmem0|       pointer|
|m_axi_gmem0_0_RUSER       |   in|    1|       m_axi|                     gmem0|       pointer|
|m_axi_gmem0_0_RRESP       |   in|    2|       m_axi|                     gmem0|       pointer|
|m_axi_gmem0_0_BVALID      |   in|    1|       m_axi|                     gmem0|       pointer|
|m_axi_gmem0_0_BREADY      |  out|    1|       m_axi|                     gmem0|       pointer|
|m_axi_gmem0_0_BRESP       |   in|    2|       m_axi|                     gmem0|       pointer|
|m_axi_gmem0_0_BID         |   in|    1|       m_axi|                     gmem0|       pointer|
|m_axi_gmem0_0_BUSER       |   in|    1|       m_axi|                     gmem0|       pointer|
|sext_ln83                 |   in|   62|     ap_none|                 sext_ln83|        scalar|
|add1804613_reload         |   in|   32|     ap_none|         add1804613_reload|        scalar|
|add180_14626_reload       |   in|   32|     ap_none|       add180_14626_reload|        scalar|
|add180_24639_reload       |   in|   32|     ap_none|       add180_24639_reload|        scalar|
|add180_34652_reload       |   in|   32|     ap_none|       add180_34652_reload|        scalar|
|add180_44665_reload       |   in|   32|     ap_none|       add180_44665_reload|        scalar|
|add180_54678_reload       |   in|   32|     ap_none|       add180_54678_reload|        scalar|
|add180_64691_reload       |   in|   32|     ap_none|       add180_64691_reload|        scalar|
|add180_74704_reload       |   in|   32|     ap_none|       add180_74704_reload|        scalar|
|add180_84717_reload       |   in|   32|     ap_none|       add180_84717_reload|        scalar|
|add180_94730_reload       |   in|   32|     ap_none|       add180_94730_reload|        scalar|
|add180_104743_reload      |   in|   32|     ap_none|      add180_104743_reload|        scalar|
|add180_114756_reload      |   in|   32|     ap_none|      add180_114756_reload|        scalar|
|add180_124769_reload      |   in|   32|     ap_none|      add180_124769_reload|        scalar|
|empty                     |   in|   32|     ap_none|                     empty|        scalar|
|add180_138784614_reload   |   in|   32|     ap_none|   add180_138784614_reload|        scalar|
|add180_1_14627_reload     |   in|   32|     ap_none|     add180_1_14627_reload|        scalar|
|add180_2_14640_reload     |   in|   32|     ap_none|     add180_2_14640_reload|        scalar|
|add180_3_14653_reload     |   in|   32|     ap_none|     add180_3_14653_reload|        scalar|
|add180_4_14666_reload     |   in|   32|     ap_none|     add180_4_14666_reload|        scalar|
|add180_5_14679_reload     |   in|   32|     ap_none|     add180_5_14679_reload|        scalar|
|add180_6_14692_reload     |   in|   32|     ap_none|     add180_6_14692_reload|        scalar|
|add180_7_14705_reload     |   in|   32|     ap_none|     add180_7_14705_reload|        scalar|
|add180_8_14718_reload     |   in|   32|     ap_none|     add180_8_14718_reload|        scalar|
|add180_9_14731_reload     |   in|   32|     ap_none|     add180_9_14731_reload|        scalar|
|add180_10_14744_reload    |   in|   32|     ap_none|    add180_10_14744_reload|        scalar|
|add180_11_14757_reload    |   in|   32|     ap_none|    add180_11_14757_reload|        scalar|
|add180_12_14770_reload    |   in|   32|     ap_none|    add180_12_14770_reload|        scalar|
|add180_238954615_reload   |   in|   32|     ap_none|   add180_238954615_reload|        scalar|
|add180_1_24628_reload     |   in|   32|     ap_none|     add180_1_24628_reload|        scalar|
|add180_2_24641_reload     |   in|   32|     ap_none|     add180_2_24641_reload|        scalar|
|add180_3_24654_reload     |   in|   32|     ap_none|     add180_3_24654_reload|        scalar|
|add180_4_24667_reload     |   in|   32|     ap_none|     add180_4_24667_reload|        scalar|
|add180_5_24680_reload     |   in|   32|     ap_none|     add180_5_24680_reload|        scalar|
|add180_6_24693_reload     |   in|   32|     ap_none|     add180_6_24693_reload|        scalar|
|add180_7_24706_reload     |   in|   32|     ap_none|     add180_7_24706_reload|        scalar|
|add180_8_24719_reload     |   in|   32|     ap_none|     add180_8_24719_reload|        scalar|
|add180_9_24732_reload     |   in|   32|     ap_none|     add180_9_24732_reload|        scalar|
|add180_10_24745_reload    |   in|   32|     ap_none|    add180_10_24745_reload|        scalar|
|add180_11_24758_reload    |   in|   32|     ap_none|    add180_11_24758_reload|        scalar|
|add180_12_24771_reload    |   in|   32|     ap_none|    add180_12_24771_reload|        scalar|
|add180_339124616_reload   |   in|   32|     ap_none|   add180_339124616_reload|        scalar|
|add180_1_34629_reload     |   in|   32|     ap_none|     add180_1_34629_reload|        scalar|
|add180_2_34642_reload     |   in|   32|     ap_none|     add180_2_34642_reload|        scalar|
|add180_3_34655_reload     |   in|   32|     ap_none|     add180_3_34655_reload|        scalar|
|add180_4_34668_reload     |   in|   32|     ap_none|     add180_4_34668_reload|        scalar|
|add180_5_34681_reload     |   in|   32|     ap_none|     add180_5_34681_reload|        scalar|
|add180_6_34694_reload     |   in|   32|     ap_none|     add180_6_34694_reload|        scalar|
|add180_7_34707_reload     |   in|   32|     ap_none|     add180_7_34707_reload|        scalar|
|add180_8_34720_reload     |   in|   32|     ap_none|     add180_8_34720_reload|        scalar|
|add180_9_34733_reload     |   in|   32|     ap_none|     add180_9_34733_reload|        scalar|
|add180_10_34746_reload    |   in|   32|     ap_none|    add180_10_34746_reload|        scalar|
|add180_11_34759_reload    |   in|   32|     ap_none|    add180_11_34759_reload|        scalar|
|add180_12_34772_reload    |   in|   32|     ap_none|    add180_12_34772_reload|        scalar|
|add180_439294617_reload   |   in|   32|     ap_none|   add180_439294617_reload|        scalar|
|add180_1_44630_reload     |   in|   32|     ap_none|     add180_1_44630_reload|        scalar|
|add180_2_44643_reload     |   in|   32|     ap_none|     add180_2_44643_reload|        scalar|
|add180_3_44656_reload     |   in|   32|     ap_none|     add180_3_44656_reload|        scalar|
|add180_4_44669_reload     |   in|   32|     ap_none|     add180_4_44669_reload|        scalar|
|add180_5_44682_reload     |   in|   32|     ap_none|     add180_5_44682_reload|        scalar|
|add180_6_44695_reload     |   in|   32|     ap_none|     add180_6_44695_reload|        scalar|
|add180_7_44708_reload     |   in|   32|     ap_none|     add180_7_44708_reload|        scalar|
|add180_8_44721_reload     |   in|   32|     ap_none|     add180_8_44721_reload|        scalar|
|add180_9_44734_reload     |   in|   32|     ap_none|     add180_9_44734_reload|        scalar|
|add180_10_44747_reload    |   in|   32|     ap_none|    add180_10_44747_reload|        scalar|
|add180_11_44760_reload    |   in|   32|     ap_none|    add180_11_44760_reload|        scalar|
|add180_12_44773_reload    |   in|   32|     ap_none|    add180_12_44773_reload|        scalar|
|add180_539464618_reload   |   in|   32|     ap_none|   add180_539464618_reload|        scalar|
|add180_1_54631_reload     |   in|   32|     ap_none|     add180_1_54631_reload|        scalar|
|add180_2_54644_reload     |   in|   32|     ap_none|     add180_2_54644_reload|        scalar|
|add180_3_54657_reload     |   in|   32|     ap_none|     add180_3_54657_reload|        scalar|
|add180_4_54670_reload     |   in|   32|     ap_none|     add180_4_54670_reload|        scalar|
|add180_5_54683_reload     |   in|   32|     ap_none|     add180_5_54683_reload|        scalar|
|add180_6_54696_reload     |   in|   32|     ap_none|     add180_6_54696_reload|        scalar|
|add180_7_54709_reload     |   in|   32|     ap_none|     add180_7_54709_reload|        scalar|
|add180_8_54722_reload     |   in|   32|     ap_none|     add180_8_54722_reload|        scalar|
|add180_9_54735_reload     |   in|   32|     ap_none|     add180_9_54735_reload|        scalar|
|add180_10_54748_reload    |   in|   32|     ap_none|    add180_10_54748_reload|        scalar|
|add180_11_54761_reload    |   in|   32|     ap_none|    add180_11_54761_reload|        scalar|
|add180_12_54774_reload    |   in|   32|     ap_none|    add180_12_54774_reload|        scalar|
|add180_639634619_reload   |   in|   32|     ap_none|   add180_639634619_reload|        scalar|
|add180_1_64632_reload     |   in|   32|     ap_none|     add180_1_64632_reload|        scalar|
|add180_2_64645_reload     |   in|   32|     ap_none|     add180_2_64645_reload|        scalar|
|add180_3_64658_reload     |   in|   32|     ap_none|     add180_3_64658_reload|        scalar|
|add180_4_64671_reload     |   in|   32|     ap_none|     add180_4_64671_reload|        scalar|
|add180_5_64684_reload     |   in|   32|     ap_none|     add180_5_64684_reload|        scalar|
|add180_6_64697_reload     |   in|   32|     ap_none|     add180_6_64697_reload|        scalar|
|add180_7_64710_reload     |   in|   32|     ap_none|     add180_7_64710_reload|        scalar|
|add180_8_64723_reload     |   in|   32|     ap_none|     add180_8_64723_reload|        scalar|
|add180_9_64736_reload     |   in|   32|     ap_none|     add180_9_64736_reload|        scalar|
|add180_10_64749_reload    |   in|   32|     ap_none|    add180_10_64749_reload|        scalar|
|add180_11_64762_reload    |   in|   32|     ap_none|    add180_11_64762_reload|        scalar|
|add180_12_64775_reload    |   in|   32|     ap_none|    add180_12_64775_reload|        scalar|
|add180_739804620_reload   |   in|   32|     ap_none|   add180_739804620_reload|        scalar|
|add180_1_74633_reload     |   in|   32|     ap_none|     add180_1_74633_reload|        scalar|
|add180_2_74646_reload     |   in|   32|     ap_none|     add180_2_74646_reload|        scalar|
|add180_3_74659_reload     |   in|   32|     ap_none|     add180_3_74659_reload|        scalar|
|add180_4_74672_reload     |   in|   32|     ap_none|     add180_4_74672_reload|        scalar|
|add180_5_74685_reload     |   in|   32|     ap_none|     add180_5_74685_reload|        scalar|
|add180_6_74698_reload     |   in|   32|     ap_none|     add180_6_74698_reload|        scalar|
|add180_7_74711_reload     |   in|   32|     ap_none|     add180_7_74711_reload|        scalar|
|add180_8_74724_reload     |   in|   32|     ap_none|     add180_8_74724_reload|        scalar|
|add180_9_74737_reload     |   in|   32|     ap_none|     add180_9_74737_reload|        scalar|
|add180_10_74750_reload    |   in|   32|     ap_none|    add180_10_74750_reload|        scalar|
|add180_11_74763_reload    |   in|   32|     ap_none|    add180_11_74763_reload|        scalar|
|add180_12_74776_reload    |   in|   32|     ap_none|    add180_12_74776_reload|        scalar|
|add180_839974621_reload   |   in|   32|     ap_none|   add180_839974621_reload|        scalar|
|add180_1_84634_reload     |   in|   32|     ap_none|     add180_1_84634_reload|        scalar|
|add180_2_84647_reload     |   in|   32|     ap_none|     add180_2_84647_reload|        scalar|
|add180_3_84660_reload     |   in|   32|     ap_none|     add180_3_84660_reload|        scalar|
|add180_4_84673_reload     |   in|   32|     ap_none|     add180_4_84673_reload|        scalar|
|add180_5_84686_reload     |   in|   32|     ap_none|     add180_5_84686_reload|        scalar|
|add180_6_84699_reload     |   in|   32|     ap_none|     add180_6_84699_reload|        scalar|
|add180_7_84712_reload     |   in|   32|     ap_none|     add180_7_84712_reload|        scalar|
|add180_8_84725_reload     |   in|   32|     ap_none|     add180_8_84725_reload|        scalar|
|add180_9_84738_reload     |   in|   32|     ap_none|     add180_9_84738_reload|        scalar|
|add180_10_84751_reload    |   in|   32|     ap_none|    add180_10_84751_reload|        scalar|
|add180_11_84764_reload    |   in|   32|     ap_none|    add180_11_84764_reload|        scalar|
|add180_12_84777_reload    |   in|   32|     ap_none|    add180_12_84777_reload|        scalar|
|add180_940144622_reload   |   in|   32|     ap_none|   add180_940144622_reload|        scalar|
|add180_1_94635_reload     |   in|   32|     ap_none|     add180_1_94635_reload|        scalar|
|add180_2_94648_reload     |   in|   32|     ap_none|     add180_2_94648_reload|        scalar|
|add180_3_94661_reload     |   in|   32|     ap_none|     add180_3_94661_reload|        scalar|
|add180_4_94674_reload     |   in|   32|     ap_none|     add180_4_94674_reload|        scalar|
|add180_5_94687_reload     |   in|   32|     ap_none|     add180_5_94687_reload|        scalar|
|add180_6_94700_reload     |   in|   32|     ap_none|     add180_6_94700_reload|        scalar|
|add180_7_94713_reload     |   in|   32|     ap_none|     add180_7_94713_reload|        scalar|
|add180_8_94726_reload     |   in|   32|     ap_none|     add180_8_94726_reload|        scalar|
|add180_9_94739_reload     |   in|   32|     ap_none|     add180_9_94739_reload|        scalar|
|add180_10_94752_reload    |   in|   32|     ap_none|    add180_10_94752_reload|        scalar|
|add180_11_94765_reload    |   in|   32|     ap_none|    add180_11_94765_reload|        scalar|
|add180_12_94778_reload    |   in|   32|     ap_none|    add180_12_94778_reload|        scalar|
|add180_1040314623_reload  |   in|   32|     ap_none|  add180_1040314623_reload|        scalar|
|add180_1_104636_reload    |   in|   32|     ap_none|    add180_1_104636_reload|        scalar|
|add180_2_104649_reload    |   in|   32|     ap_none|    add180_2_104649_reload|        scalar|
|add180_3_104662_reload    |   in|   32|     ap_none|    add180_3_104662_reload|        scalar|
|add180_4_104675_reload    |   in|   32|     ap_none|    add180_4_104675_reload|        scalar|
|add180_5_104688_reload    |   in|   32|     ap_none|    add180_5_104688_reload|        scalar|
|add180_6_104701_reload    |   in|   32|     ap_none|    add180_6_104701_reload|        scalar|
|add180_7_104714_reload    |   in|   32|     ap_none|    add180_7_104714_reload|        scalar|
|add180_8_104727_reload    |   in|   32|     ap_none|    add180_8_104727_reload|        scalar|
|add180_9_104740_reload    |   in|   32|     ap_none|    add180_9_104740_reload|        scalar|
|add180_10_104753_reload   |   in|   32|     ap_none|   add180_10_104753_reload|        scalar|
|add180_11_104766_reload   |   in|   32|     ap_none|   add180_11_104766_reload|        scalar|
|add180_12_104779_reload   |   in|   32|     ap_none|   add180_12_104779_reload|        scalar|
|add180_1140484624_reload  |   in|   32|     ap_none|  add180_1140484624_reload|        scalar|
|add180_1_114637_reload    |   in|   32|     ap_none|    add180_1_114637_reload|        scalar|
|add180_2_114650_reload    |   in|   32|     ap_none|    add180_2_114650_reload|        scalar|
|add180_3_114663_reload    |   in|   32|     ap_none|    add180_3_114663_reload|        scalar|
|add180_4_114676_reload    |   in|   32|     ap_none|    add180_4_114676_reload|        scalar|
|add180_5_114689_reload    |   in|   32|     ap_none|    add180_5_114689_reload|        scalar|
|add180_6_114702_reload    |   in|   32|     ap_none|    add180_6_114702_reload|        scalar|
|add180_7_114715_reload    |   in|   32|     ap_none|    add180_7_114715_reload|        scalar|
|add180_8_114728_reload    |   in|   32|     ap_none|    add180_8_114728_reload|        scalar|
|add180_9_114741_reload    |   in|   32|     ap_none|    add180_9_114741_reload|        scalar|
|add180_10_114754_reload   |   in|   32|     ap_none|   add180_10_114754_reload|        scalar|
|add180_11_114767_reload   |   in|   32|     ap_none|   add180_11_114767_reload|        scalar|
|add180_12_114780_reload   |   in|   32|     ap_none|   add180_12_114780_reload|        scalar|
|add180_1240654625_reload  |   in|   32|     ap_none|  add180_1240654625_reload|        scalar|
|add180_1_124638_reload    |   in|   32|     ap_none|    add180_1_124638_reload|        scalar|
|add180_2_124651_reload    |   in|   32|     ap_none|    add180_2_124651_reload|        scalar|
|add180_3_124664_reload    |   in|   32|     ap_none|    add180_3_124664_reload|        scalar|
|add180_4_124677_reload    |   in|   32|     ap_none|    add180_4_124677_reload|        scalar|
|add180_5_124690_reload    |   in|   32|     ap_none|    add180_5_124690_reload|        scalar|
|add180_6_124703_reload    |   in|   32|     ap_none|    add180_6_124703_reload|        scalar|
|add180_7_124716_reload    |   in|   32|     ap_none|    add180_7_124716_reload|        scalar|
|add180_8_124729_reload    |   in|   32|     ap_none|    add180_8_124729_reload|        scalar|
|add180_9_124742_reload    |   in|   32|     ap_none|    add180_9_124742_reload|        scalar|
|add180_10_124755_reload   |   in|   32|     ap_none|   add180_10_124755_reload|        scalar|
|add180_11_124768_reload   |   in|   32|     ap_none|   add180_11_124768_reload|        scalar|
|add180_12_124790_reload   |   in|   32|     ap_none|   add180_12_124790_reload|        scalar|
+--------------------------+-----+-----+------------+--------------------------+--------------+

