================================================================
== Design Size Report
================================================================

* Total Instructions per Compilation Phase
+---------------+-----------------------------+--------------+----------------------------------------------------------------------------------------+
| Phase         | Step                        | Instructions | Description                                                                            |
+---------------+-----------------------------+--------------+----------------------------------------------------------------------------------------+
| Compile/Link  |                             |    350       | After all functions are compiled and linked into a single design                       |
|               |                             |              |                                                                                        |
| Unroll/Inline |                             |              | After user unroll and inline pragmas are applied                                       |
|               | (1) unroll                  | 25,746       | user unroll pragmas are applied                                                        |
|               | (2) simplification          |  5,682       | simplification of applied user unroll pragmas                                          |
|               | (3) inline                  |  4,844       | user inline pragmas are applied                                                        |
|               | (4) simplification          |  4,780       | simplification of applied user inline pragmas                                          |
|               |                             |              |                                                                                        |
| Array/Struct  |                             |              | After user array partition and struct aggregate/disaggregate pragmas are applied       |
|               | (1) array partition         | 12,845       | user array partition pragmas are applied                                               |
|               | (2) simplification          |  4,932       | simplification of applied user array partition & struct aggregate/disaggregate pragmas |
|               | (3) aggregate/disaggregate  |  4,932       | user struct aggregate/disaggregate pragmas are applied                                 |
|               | (4) array reshape           |  4,932       | apply array reshape pragmas                                                            |
|               | (5) access patterns         |  5,272       | array access pattern optmizations                                                      |
|               |                             |              |                                                                                        |
| Performance   |                             |              | After transformations are applied to meet performance pragma targets                   |
|               | (1) loop simplification     |  5,270       | loop and instruction simplification                                                    |
|               | (2) parallelization         |  4,932       | loops are unrolled or pipelined to meet performance targets                            |
|               | (3) array partition         |  4,932       | arrays are partitioned to meet performance targets                                     |
|               | (4) simplification          |  4,932       | simplification of design after performance transformations                             |
|               |                             |              |                                                                                        |
| HW Transforms |                             |              | After hardware transfomations                                                          |
|               | (1) lowering                |  4,958       | initial conversion to HW specific instructions                                         |
|               | (2) optimizations           |  4,953       | high level synthesis optimizations                                                     |
+---------------+-----------------------------+--------------+----------------------------------------------------------------------------------------+

* Instructions per Function for each Compilation Phase
+----------+--------------+--------------+---------------+--------------+-------------+---------------+
| Function | Location     | Compile/Link | Unroll/Inline | Array/Struct | Performance | HW Transforms |
+----------+--------------+--------------+---------------+--------------+-------------+---------------+
|   conv3  | conv3.cpp:30 | 350          | 4,780         | 5,272        | 4,932       | 4,953         |
+----------+--------------+--------------+---------------+--------------+-------------+---------------+

* Design Size Message Settings
+---------------------------------------------+--------+------------------------------------------------------------------+
| Message Setting                             | Value  | Description                                                      |
+---------------------------------------------+--------+------------------------------------------------------------------+
| config_compile -design_size_maximum_warning | 100000 | Show a warning when total design instructions exceeds this value |
+---------------------------------------------+--------+------------------------------------------------------------------+


