/primary/HLS/Alex_Net/solution1/.autopilot/db/conv1.pp.0.cpp:47522:5: warning: Added loop label VITIS_LOOP_676_1:   [xilinx-label-all-loops]
    for (unsigned i = low; i != high+1; ++i) {
    ^~~
    VITIS_LOOP_676_1: 
/primary/HLS/Alex_Net/solution1/.autopilot/db/conv1.pp.0.cpp:47522:5: note: FIX-IT applied suggested code changes
/primary/HLS/Alex_Net/solution1/.autopilot/db/conv1.pp.0.cpp:47536:5: warning: Added loop label VITIS_LOOP_690_1:   [xilinx-label-all-loops]
    for (unsigned i = low; i != high+1; ++i) {
    ^~~
    VITIS_LOOP_690_1: 
/primary/HLS/Alex_Net/solution1/.autopilot/db/conv1.pp.0.cpp:47536:5: note: FIX-IT applied suggested code changes
/primary/HLS/Alex_Net/solution1/.autopilot/db/conv1.pp.0.cpp:47550:5: warning: Added loop label VITIS_LOOP_704_1:   [xilinx-label-all-loops]
    for (unsigned i = low; i != high+1; ++i) {
    ^~~
    VITIS_LOOP_704_1: 
/primary/HLS/Alex_Net/solution1/.autopilot/db/conv1.pp.0.cpp:47550:5: note: FIX-IT applied suggested code changes
/primary/HLS/Alex_Net/solution1/.autopilot/db/conv1.pp.0.cpp:49172:7: warning: Added loop label VITIS_LOOP_1248_1:   [xilinx-label-all-loops]
      for (i = 0; i < __N - 1; ++i) {
      ^~~
      VITIS_LOOP_1248_1: 
/primary/HLS/Alex_Net/solution1/.autopilot/db/conv1.pp.0.cpp:49172:7: note: FIX-IT applied suggested code changes
/primary/HLS/Alex_Net/solution1/.autopilot/db/conv1.pp.0.cpp:86095:7: warning: Added loop label VITIS_LOOP_216_1:   [xilinx-label-all-loops]
      for (int chan = 0; chan < 3; chan++)
      ^~~
      VITIS_LOOP_216_1: 
/primary/HLS/Alex_Net/solution1/.autopilot/db/conv1.pp.0.cpp:86095:7: note: FIX-IT applied suggested code changes
