/primary/HLS/Alex_Net/solution1/.autopilot/db/conv2.pp.0.cpp:47528:5: warning: Added loop label VITIS_LOOP_676_1:   [xilinx-label-all-loops]
    for (unsigned i = low; i != high+1; ++i) {
    ^~~
    VITIS_LOOP_676_1: 
/primary/HLS/Alex_Net/solution1/.autopilot/db/conv2.pp.0.cpp:47528:5: note: FIX-IT applied suggested code changes
/primary/HLS/Alex_Net/solution1/.autopilot/db/conv2.pp.0.cpp:47542:5: warning: Added loop label VITIS_LOOP_690_1:   [xilinx-label-all-loops]
    for (unsigned i = low; i != high+1; ++i) {
    ^~~
    VITIS_LOOP_690_1: 
/primary/HLS/Alex_Net/solution1/.autopilot/db/conv2.pp.0.cpp:47542:5: note: FIX-IT applied suggested code changes
/primary/HLS/Alex_Net/solution1/.autopilot/db/conv2.pp.0.cpp:47556:5: warning: Added loop label VITIS_LOOP_704_1:   [xilinx-label-all-loops]
    for (unsigned i = low; i != high+1; ++i) {
    ^~~
    VITIS_LOOP_704_1: 
/primary/HLS/Alex_Net/solution1/.autopilot/db/conv2.pp.0.cpp:47556:5: note: FIX-IT applied suggested code changes
/primary/HLS/Alex_Net/solution1/.autopilot/db/conv2.pp.0.cpp:49178:7: warning: Added loop label VITIS_LOOP_1248_1:   [xilinx-label-all-loops]
      for (i = 0; i < __N - 1; ++i) {
      ^~~
      VITIS_LOOP_1248_1: 
/primary/HLS/Alex_Net/solution1/.autopilot/db/conv2.pp.0.cpp:49178:7: note: FIX-IT applied suggested code changes
/primary/HLS/Alex_Net/solution1/.autopilot/db/conv2.pp.0.cpp:51020:3: warning: Added loop label VITIS_LOOP_85_1:   [xilinx-label-all-loops]
  for(int i=0; i<27*27; i++)
  ^~~
  VITIS_LOOP_85_1: 
/primary/HLS/Alex_Net/solution1/.autopilot/db/conv2.pp.0.cpp:51020:3: note: FIX-IT applied suggested code changes
/primary/HLS/Alex_Net/solution1/.autopilot/db/conv2.pp.0.cpp:51053:6: warning: Added loop label VITIS_LOOP_118_2:   [xilinx-label-all-loops]
     for (int ii = 0; ii < 5; ii++){
     ^~~
     VITIS_LOOP_118_2: 
/primary/HLS/Alex_Net/solution1/.autopilot/db/conv2.pp.0.cpp:51053:6: note: FIX-IT applied suggested code changes
/primary/HLS/Alex_Net/solution1/.autopilot/db/conv2.pp.0.cpp:51054:7: warning: Added loop label VITIS_LOOP_119_3:   [xilinx-label-all-loops]
      for (int jj = 0; jj < 5; jj++){
      ^~~
      VITIS_LOOP_119_3: 
/primary/HLS/Alex_Net/solution1/.autopilot/db/conv2.pp.0.cpp:51054:7: note: FIX-IT applied suggested code changes
/primary/HLS/Alex_Net/solution1/.autopilot/db/conv2.pp.0.cpp:51059:6: warning: Added loop label VITIS_LOOP_124_4:   [xilinx-label-all-loops]
     for (int i=0; i<5; i++){
     ^~~
     VITIS_LOOP_124_4: 
/primary/HLS/Alex_Net/solution1/.autopilot/db/conv2.pp.0.cpp:51059:6: note: FIX-IT applied suggested code changes
/primary/HLS/Alex_Net/solution1/.autopilot/db/conv2.pp.0.cpp:51060:7: warning: Added loop label VITIS_LOOP_125_5:   [xilinx-label-all-loops]
      for (int j=0; j<5; j++){
      ^~~
      VITIS_LOOP_125_5: 
/primary/HLS/Alex_Net/solution1/.autopilot/db/conv2.pp.0.cpp:51060:7: note: FIX-IT applied suggested code changes
/primary/HLS/Alex_Net/solution1/.autopilot/db/conv2.pp.0.cpp:51073:2: warning: Added loop label VITIS_LOOP_138_6:   [xilinx-label-all-loops]
 for (int j=0; j<27; j++){
 ^~~
 VITIS_LOOP_138_6: 
/primary/HLS/Alex_Net/solution1/.autopilot/db/conv2.pp.0.cpp:51073:2: note: FIX-IT applied suggested code changes
/primary/HLS/Alex_Net/solution1/.autopilot/db/conv2.pp.0.cpp:51108:3: warning: Added loop label VITIS_LOOP_173_7:   [xilinx-label-all-loops]
  for(int i=0; i<27*27; i++)
  ^~~
  VITIS_LOOP_173_7: 
/primary/HLS/Alex_Net/solution1/.autopilot/db/conv2.pp.0.cpp:51108:3: note: FIX-IT applied suggested code changes
/primary/HLS/Alex_Net/solution1/.autopilot/db/conv2.pp.0.cpp:51140:6: warning: Added loop label VITIS_LOOP_205_8:   [xilinx-label-all-loops]
     for (int ii = 0; ii < 5; ii++){
     ^~~
     VITIS_LOOP_205_8: 
/primary/HLS/Alex_Net/solution1/.autopilot/db/conv2.pp.0.cpp:51140:6: note: FIX-IT applied suggested code changes
/primary/HLS/Alex_Net/solution1/.autopilot/db/conv2.pp.0.cpp:51141:7: warning: Added loop label VITIS_LOOP_206_9:   [xilinx-label-all-loops]
      for (int jj = 0; jj < 5; jj++){
      ^~~
      VITIS_LOOP_206_9: 
/primary/HLS/Alex_Net/solution1/.autopilot/db/conv2.pp.0.cpp:51141:7: note: FIX-IT applied suggested code changes
/primary/HLS/Alex_Net/solution1/.autopilot/db/conv2.pp.0.cpp:51146:9: warning: Added loop label VITIS_LOOP_211_10:   [xilinx-label-all-loops]
        for (int i=0; i<5; i++){
        ^~~
        VITIS_LOOP_211_10: 
/primary/HLS/Alex_Net/solution1/.autopilot/db/conv2.pp.0.cpp:51146:9: note: FIX-IT applied suggested code changes
/primary/HLS/Alex_Net/solution1/.autopilot/db/conv2.pp.0.cpp:51147:10: warning: Added loop label VITIS_LOOP_212_11:   [xilinx-label-all-loops]
         for (int j=0; j<5; j++){
         ^~~
         VITIS_LOOP_212_11: 
/primary/HLS/Alex_Net/solution1/.autopilot/db/conv2.pp.0.cpp:51147:10: note: FIX-IT applied suggested code changes
/primary/HLS/Alex_Net/solution1/.autopilot/db/conv2.pp.0.cpp:51158:2: warning: Added loop label VITIS_LOOP_223_12:   [xilinx-label-all-loops]
 for (int j=0; j<27; j++){
 ^~~
 VITIS_LOOP_223_12: 
/primary/HLS/Alex_Net/solution1/.autopilot/db/conv2.pp.0.cpp:51158:2: note: FIX-IT applied suggested code changes
