

================================================================
== Vitis HLS Report for 'conv4_Pipeline_M2'
================================================================
* Date:           Sun Jan 26 21:46:21 2025

* Version:        2024.2 (Build 5238294 on Nov  8 2024)
* Project:        Alex_Net
* Solution:       NN (Vivado IP Flow Target)
* Product family: zynquplus
* Target device:  xczu7ev-ffvc1156-2-i


================================================================
== Performance Estimates
================================================================
+ Timing: 
    * Summary: 
    +--------+----------+----------+------------+
    |  Clock |  Target  | Estimated| Uncertainty|
    +--------+----------+----------+------------+
    |ap_clk  |  10.00 ns|  6.437 ns|     2.70 ns|
    +--------+----------+----------+------------+

+ Latency: 
    * Summary: 
    +---------+---------+----------+----------+-----+-----+------------------------------------------------+
    |  Latency (cycles) |  Latency (absolute) |  Interval |                    Pipeline                    |
    |   min   |   max   |    min   |    max   | min | max |                      Type                      |
    +---------+---------+----------+----------+-----+-----+------------------------------------------------+
    |       20|       20|  0.200 us|  0.200 us|   14|   14|  loop auto-rewind stp (delay=0 clock cycles(s))|
    +---------+---------+----------+----------+-----+-----+------------------------------------------------+

    + Detail: 
        * Instance: 
        N/A

        * Loop: 
        +----------+---------+---------+----------+-----------+-----------+------+----------+
        |          |  Latency (cycles) | Iteration|  Initiation Interval  | Trip |          |
        | Loop Name|   min   |   max   |  Latency |  achieved |   target  | Count| Pipelined|
        +----------+---------+---------+----------+-----------+-----------+------+----------+
        |- M2      |       18|       18|         7|          1|          1|    13|       yes|
        +----------+---------+---------+----------+-----------+-----------+------+----------+



================================================================
== Utilization Estimates
================================================================
* Summary: 
+-----------------+---------+------+--------+--------+-----+
|       Name      | BRAM_18K|  DSP |   FF   |   LUT  | URAM|
+-----------------+---------+------+--------+--------+-----+
|DSP              |        -|     -|       -|       -|    -|
|Expression       |        -|     -|       0|    1099|    -|
|FIFO             |        -|     -|       -|       -|    -|
|Instance         |        -|     -|       0|     845|    -|
|Memory           |        -|     -|       -|       -|    -|
|Multiplexer      |        -|     -|       0|      36|    -|
|Register         |        -|     -|    1333|      32|    -|
+-----------------+---------+------+--------+--------+-----+
|Total            |        0|     0|    1333|    2012|    0|
+-----------------+---------+------+--------+--------+-----+
|Available        |      624|  1728|  460800|  230400|   96|
+-----------------+---------+------+--------+--------+-----+
|Utilization (%)  |        0|     0|      ~0|      ~0|    0|
+-----------------+---------+------+--------+--------+-----+

+ Detail: 
    * Instance: 
    +------------------------------+-----------------------+---------+----+---+----+-----+
    |           Instance           |         Module        | BRAM_18K| DSP| FF| LUT| URAM|
    +------------------------------+-----------------------+---------+----+---+----+-----+
    |sparsemux_27_4_32_1_1_U18841  |sparsemux_27_4_32_1_1  |        0|   0|  0|  65|    0|
    |sparsemux_27_4_32_1_1_U18842  |sparsemux_27_4_32_1_1  |        0|   0|  0|  65|    0|
    |sparsemux_27_4_32_1_1_U18843  |sparsemux_27_4_32_1_1  |        0|   0|  0|  65|    0|
    |sparsemux_27_4_32_1_1_U18844  |sparsemux_27_4_32_1_1  |        0|   0|  0|  65|    0|
    |sparsemux_27_4_32_1_1_U18845  |sparsemux_27_4_32_1_1  |        0|   0|  0|  65|    0|
    |sparsemux_27_4_32_1_1_U18846  |sparsemux_27_4_32_1_1  |        0|   0|  0|  65|    0|
    |sparsemux_27_4_32_1_1_U18847  |sparsemux_27_4_32_1_1  |        0|   0|  0|  65|    0|
    |sparsemux_27_4_32_1_1_U18848  |sparsemux_27_4_32_1_1  |        0|   0|  0|  65|    0|
    |sparsemux_27_4_32_1_1_U18849  |sparsemux_27_4_32_1_1  |        0|   0|  0|  65|    0|
    |sparsemux_27_4_32_1_1_U18850  |sparsemux_27_4_32_1_1  |        0|   0|  0|  65|    0|
    |sparsemux_27_4_32_1_1_U18851  |sparsemux_27_4_32_1_1  |        0|   0|  0|  65|    0|
    |sparsemux_27_4_32_1_1_U18852  |sparsemux_27_4_32_1_1  |        0|   0|  0|  65|    0|
    |sparsemux_27_4_32_1_1_U18853  |sparsemux_27_4_32_1_1  |        0|   0|  0|  65|    0|
    +------------------------------+-----------------------+---------+----+---+----+-----+
    |Total                         |                       |        0|   0|  0| 845|    0|
    +------------------------------+-----------------------+---------+----+---+----+-----+

    * DSP: 
    N/A

    * Memory: 
    N/A

    * FIFO: 
    N/A

    * Expression: 
    +----------------------------+----------+----+---+----+------------+------------+
    |        Variable Name       | Operation| DSP| FF| LUT| Bitwidth P0| Bitwidth P1|
    +----------------------------+----------+----+---+----+------------+------------+
    |add_ln229_fu_1766_p2        |         +|   0|  0|  12|           4|           1|
    |add_ln232_fu_2560_p2        |         +|   0|  0|  20|          13|          13|
    |and_ln234_10_fu_3107_p2     |       and|   0|  0|   2|           1|           1|
    |and_ln234_11_fu_3156_p2     |       and|   0|  0|   2|           1|           1|
    |and_ln234_12_fu_3205_p2     |       and|   0|  0|   2|           1|           1|
    |and_ln234_1_fu_2666_p2      |       and|   0|  0|   2|           1|           1|
    |and_ln234_2_fu_2715_p2      |       and|   0|  0|   2|           1|           1|
    |and_ln234_3_fu_2764_p2      |       and|   0|  0|   2|           1|           1|
    |and_ln234_4_fu_2813_p2      |       and|   0|  0|   2|           1|           1|
    |and_ln234_5_fu_2862_p2      |       and|   0|  0|   2|           1|           1|
    |and_ln234_6_fu_2911_p2      |       and|   0|  0|   2|           1|           1|
    |and_ln234_7_fu_2960_p2      |       and|   0|  0|   2|           1|           1|
    |and_ln234_8_fu_3009_p2      |       and|   0|  0|   2|           1|           1|
    |and_ln234_9_fu_3058_p2      |       and|   0|  0|   2|           1|           1|
    |and_ln234_fu_2617_p2        |       and|   0|  0|   2|           1|           1|
    |icmp_ln229_fu_1760_p2       |      icmp|   0|  0|  12|           4|           3|
    |icmp_ln234_10_fu_2844_p2    |      icmp|   0|  0|  15|           8|           2|
    |icmp_ln234_11_fu_2850_p2    |      icmp|   0|  0|  30|          23|           1|
    |icmp_ln234_12_fu_2893_p2    |      icmp|   0|  0|  15|           8|           2|
    |icmp_ln234_13_fu_2899_p2    |      icmp|   0|  0|  30|          23|           1|
    |icmp_ln234_14_fu_2942_p2    |      icmp|   0|  0|  15|           8|           2|
    |icmp_ln234_15_fu_2948_p2    |      icmp|   0|  0|  30|          23|           1|
    |icmp_ln234_16_fu_2991_p2    |      icmp|   0|  0|  15|           8|           2|
    |icmp_ln234_17_fu_2997_p2    |      icmp|   0|  0|  30|          23|           1|
    |icmp_ln234_18_fu_3040_p2    |      icmp|   0|  0|  15|           8|           2|
    |icmp_ln234_19_fu_3046_p2    |      icmp|   0|  0|  30|          23|           1|
    |icmp_ln234_1_fu_2605_p2     |      icmp|   0|  0|  30|          23|           1|
    |icmp_ln234_20_fu_3089_p2    |      icmp|   0|  0|  15|           8|           2|
    |icmp_ln234_21_fu_3095_p2    |      icmp|   0|  0|  30|          23|           1|
    |icmp_ln234_22_fu_3138_p2    |      icmp|   0|  0|  15|           8|           2|
    |icmp_ln234_23_fu_3144_p2    |      icmp|   0|  0|  30|          23|           1|
    |icmp_ln234_24_fu_3187_p2    |      icmp|   0|  0|  15|           8|           2|
    |icmp_ln234_25_fu_3193_p2    |      icmp|   0|  0|  30|          23|           1|
    |icmp_ln234_2_fu_2648_p2     |      icmp|   0|  0|  15|           8|           2|
    |icmp_ln234_3_fu_2654_p2     |      icmp|   0|  0|  30|          23|           1|
    |icmp_ln234_4_fu_2697_p2     |      icmp|   0|  0|  15|           8|           2|
    |icmp_ln234_5_fu_2703_p2     |      icmp|   0|  0|  30|          23|           1|
    |icmp_ln234_6_fu_2746_p2     |      icmp|   0|  0|  15|           8|           2|
    |icmp_ln234_7_fu_2752_p2     |      icmp|   0|  0|  30|          23|           1|
    |icmp_ln234_8_fu_2795_p2     |      icmp|   0|  0|  15|           8|           2|
    |icmp_ln234_9_fu_2801_p2     |      icmp|   0|  0|  30|          23|           1|
    |icmp_ln234_fu_2599_p2       |      icmp|   0|  0|  15|           8|           2|
    |or_ln234_10_fu_3101_p2      |        or|   0|  0|   2|           1|           1|
    |or_ln234_11_fu_3150_p2      |        or|   0|  0|   2|           1|           1|
    |or_ln234_12_fu_3199_p2      |        or|   0|  0|   2|           1|           1|
    |or_ln234_1_fu_2660_p2       |        or|   0|  0|   2|           1|           1|
    |or_ln234_2_fu_2709_p2       |        or|   0|  0|   2|           1|           1|
    |or_ln234_3_fu_2758_p2       |        or|   0|  0|   2|           1|           1|
    |or_ln234_4_fu_2807_p2       |        or|   0|  0|   2|           1|           1|
    |or_ln234_5_fu_2856_p2       |        or|   0|  0|   2|           1|           1|
    |or_ln234_6_fu_2905_p2       |        or|   0|  0|   2|           1|           1|
    |or_ln234_7_fu_2954_p2       |        or|   0|  0|   2|           1|           1|
    |or_ln234_8_fu_3003_p2       |        or|   0|  0|   2|           1|           1|
    |or_ln234_9_fu_3052_p2       |        or|   0|  0|   2|           1|           1|
    |or_ln234_fu_2611_p2         |        or|   0|  0|   2|           1|           1|
    |select_ln234_10_fu_3113_p3  |    select|   0|  0|  32|           1|          32|
    |select_ln234_11_fu_3162_p3  |    select|   0|  0|  32|           1|          32|
    |select_ln234_12_fu_3211_p3  |    select|   0|  0|  32|           1|          32|
    |select_ln234_1_fu_2672_p3   |    select|   0|  0|  32|           1|          32|
    |select_ln234_2_fu_2721_p3   |    select|   0|  0|  32|           1|          32|
    |select_ln234_3_fu_2770_p3   |    select|   0|  0|  32|           1|          32|
    |select_ln234_4_fu_2819_p3   |    select|   0|  0|  32|           1|          32|
    |select_ln234_5_fu_2868_p3   |    select|   0|  0|  32|           1|          32|
    |select_ln234_6_fu_2917_p3   |    select|   0|  0|  32|           1|          32|
    |select_ln234_7_fu_2966_p3   |    select|   0|  0|  32|           1|          32|
    |select_ln234_8_fu_3015_p3   |    select|   0|  0|  32|           1|          32|
    |select_ln234_9_fu_3064_p3   |    select|   0|  0|  32|           1|          32|
    |select_ln234_fu_2623_p3     |    select|   0|  0|  32|           1|          32|
    |ap_enable_pp0               |       xor|   0|  0|   2|           1|           2|
    +----------------------------+----------+----+---+----+------------+------------+
    |Total                       |          |   0|  0|1099|         464|         500|
    +----------------------------+----------+----+---+----+------------+------------+

    * Multiplexer: 
    +-------------------------+----+-----------+-----+-----------+
    |           Name          | LUT| Input Size| Bits| Total Bits|
    +-------------------------+----+-----------+-----+-----------+
    |ap_done_int              |   9|          2|    1|          2|
    |ap_enable_reg_pp0_iter1  |   9|          2|    1|          2|
    |ap_sig_allocacmp_i_7     |   9|          2|    4|          8|
    |i_fu_436                 |   9|          2|    4|          8|
    +-------------------------+----+-----------+-----+-----------+
    |Total                    |  36|          8|   10|         20|
    +-------------------------+----+-----------+-----+-----------+

    * Register: 
    +----------------------------------+----+----+-----+-----------+
    |               Name               | FF | LUT| Bits| Const Bits|
    +----------------------------------+----+----+-----+-----------+
    |ap_CS_fsm                         |   1|   0|    1|          0|
    |ap_done_reg                       |   1|   0|    1|          0|
    |ap_enable_reg_pp0_iter1           |   1|   0|    1|          0|
    |ap_enable_reg_pp0_iter2           |   1|   0|    1|          0|
    |ap_enable_reg_pp0_iter3           |   1|   0|    1|          0|
    |ap_enable_reg_pp0_iter4           |   1|   0|    1|          0|
    |ap_enable_reg_pp0_iter5           |   1|   0|    1|          0|
    |ap_enable_reg_pp0_iter6           |   1|   0|    1|          0|
    |ap_loop_exit_ready_pp0_iter1_reg  |   1|   0|    1|          0|
    |ap_loop_exit_ready_pp0_iter2_reg  |   1|   0|    1|          0|
    |ap_loop_exit_ready_pp0_iter3_reg  |   1|   0|    1|          0|
    |ap_loop_exit_ready_pp0_iter4_reg  |   1|   0|    1|          0|
    |ap_loop_exit_ready_pp0_iter5_reg  |   1|   0|    1|          0|
    |i_7_reg_3248                      |   4|   0|    4|          0|
    |i_fu_436                          |   4|   0|    4|          0|
    |out_16_reg_3329                   |  32|   0|   32|          0|
    |out_16_reg_3329_pp0_iter5_reg     |  32|   0|   32|          0|
    |out_17_reg_3336                   |  32|   0|   32|          0|
    |out_17_reg_3336_pp0_iter5_reg     |  32|   0|   32|          0|
    |out_18_reg_3343                   |  32|   0|   32|          0|
    |out_18_reg_3343_pp0_iter5_reg     |  32|   0|   32|          0|
    |out_19_reg_3350                   |  32|   0|   32|          0|
    |out_19_reg_3350_pp0_iter5_reg     |  32|   0|   32|          0|
    |out_20_reg_3357                   |  32|   0|   32|          0|
    |out_20_reg_3357_pp0_iter5_reg     |  32|   0|   32|          0|
    |out_21_reg_3364                   |  32|   0|   32|          0|
    |out_21_reg_3364_pp0_iter5_reg     |  32|   0|   32|          0|
    |out_22_reg_3371                   |  32|   0|   32|          0|
    |out_22_reg_3371_pp0_iter5_reg     |  32|   0|   32|          0|
    |out_23_reg_3378                   |  32|   0|   32|          0|
    |out_23_reg_3378_pp0_iter5_reg     |  32|   0|   32|          0|
    |out_24_reg_3385                   |  32|   0|   32|          0|
    |out_24_reg_3385_pp0_iter5_reg     |  32|   0|   32|          0|
    |out_25_reg_3392                   |  32|   0|   32|          0|
    |out_25_reg_3392_pp0_iter5_reg     |  32|   0|   32|          0|
    |out_26_reg_3399                   |  32|   0|   32|          0|
    |out_26_reg_3399_pp0_iter5_reg     |  32|   0|   32|          0|
    |out_27_reg_3406                   |  32|   0|   32|          0|
    |out_27_reg_3406_pp0_iter5_reg     |  32|   0|   32|          0|
    |out_reg_3322                      |  32|   0|   32|          0|
    |out_reg_3322_pp0_iter5_reg        |  32|   0|   32|          0|
    |tmp_100_reg_3307                  |  32|   0|   32|          0|
    |tmp_101_reg_3312                  |  32|   0|   32|          0|
    |tmp_102_reg_3317                  |  32|   0|   32|          0|
    |tmp_90_reg_3257                   |  32|   0|   32|          0|
    |tmp_91_reg_3262                   |  32|   0|   32|          0|
    |tmp_92_reg_3267                   |  32|   0|   32|          0|
    |tmp_93_reg_3272                   |  32|   0|   32|          0|
    |tmp_94_reg_3277                   |  32|   0|   32|          0|
    |tmp_95_reg_3282                   |  32|   0|   32|          0|
    |tmp_96_reg_3287                   |  32|   0|   32|          0|
    |tmp_97_reg_3292                   |  32|   0|   32|          0|
    |tmp_98_reg_3297                   |  32|   0|   32|          0|
    |tmp_99_reg_3302                   |  32|   0|   32|          0|
    |i_7_reg_3248                      |  64|  32|    4|          0|
    +----------------------------------+----+----+-----+-----------+
    |Total                             |1333|  32| 1273|          0|
    +----------------------------------+----+----+-----+-----------+



================================================================
== Interface
================================================================
* Summary: 
+-----------------------+-----+-----+------------+-------------------+--------------+
|       RTL Ports       | Dir | Bits|  Protocol  |   Source Object   |    C Type    |
+-----------------------+-----+-----+------------+-------------------+--------------+
|ap_clk                 |   in|    1|  ap_ctrl_hs|  conv4_Pipeline_M2|  return value|
|ap_rst                 |   in|    1|  ap_ctrl_hs|  conv4_Pipeline_M2|  return value|
|ap_start               |   in|    1|  ap_ctrl_hs|  conv4_Pipeline_M2|  return value|
|ap_done                |  out|    1|  ap_ctrl_hs|  conv4_Pipeline_M2|  return value|
|ap_idle                |  out|    1|  ap_ctrl_hs|  conv4_Pipeline_M2|  return value|
|ap_ready               |  out|    1|  ap_ctrl_hs|  conv4_Pipeline_M2|  return value|
|grp_fu_22647_p_din0    |  out|   32|  ap_ctrl_hs|  conv4_Pipeline_M2|  return value|
|grp_fu_22647_p_din1    |  out|   32|  ap_ctrl_hs|  conv4_Pipeline_M2|  return value|
|grp_fu_22647_p_opcode  |  out|    2|  ap_ctrl_hs|  conv4_Pipeline_M2|  return value|
|grp_fu_22647_p_dout0   |   in|   32|  ap_ctrl_hs|  conv4_Pipeline_M2|  return value|
|grp_fu_22647_p_ce      |  out|    1|  ap_ctrl_hs|  conv4_Pipeline_M2|  return value|
|grp_fu_22651_p_din0    |  out|   32|  ap_ctrl_hs|  conv4_Pipeline_M2|  return value|
|grp_fu_22651_p_din1    |  out|   32|  ap_ctrl_hs|  conv4_Pipeline_M2|  return value|
|grp_fu_22651_p_opcode  |  out|    2|  ap_ctrl_hs|  conv4_Pipeline_M2|  return value|
|grp_fu_22651_p_dout0   |   in|   32|  ap_ctrl_hs|  conv4_Pipeline_M2|  return value|
|grp_fu_22651_p_ce      |  out|    1|  ap_ctrl_hs|  conv4_Pipeline_M2|  return value|
|grp_fu_22655_p_din0    |  out|   32|  ap_ctrl_hs|  conv4_Pipeline_M2|  return value|
|grp_fu_22655_p_din1    |  out|   32|  ap_ctrl_hs|  conv4_Pipeline_M2|  return value|
|grp_fu_22655_p_opcode  |  out|    2|  ap_ctrl_hs|  conv4_Pipeline_M2|  return value|
|grp_fu_22655_p_dout0   |   in|   32|  ap_ctrl_hs|  conv4_Pipeline_M2|  return value|
|grp_fu_22655_p_ce      |  out|    1|  ap_ctrl_hs|  conv4_Pipeline_M2|  return value|
|grp_fu_22659_p_din0    |  out|   32|  ap_ctrl_hs|  conv4_Pipeline_M2|  return value|
|grp_fu_22659_p_din1    |  out|   32|  ap_ctrl_hs|  conv4_Pipeline_M2|  return value|
|grp_fu_22659_p_opcode  |  out|    2|  ap_ctrl_hs|  conv4_Pipeline_M2|  return value|
|grp_fu_22659_p_dout0   |   in|   32|  ap_ctrl_hs|  conv4_Pipeline_M2|  return value|
|grp_fu_22659_p_ce      |  out|    1|  ap_ctrl_hs|  conv4_Pipeline_M2|  return value|
|grp_fu_22663_p_din0    |  out|   32|  ap_ctrl_hs|  conv4_Pipeline_M2|  return value|
|grp_fu_22663_p_din1    |  out|   32|  ap_ctrl_hs|  conv4_Pipeline_M2|  return value|
|grp_fu_22663_p_opcode  |  out|    2|  ap_ctrl_hs|  conv4_Pipeline_M2|  return value|
|grp_fu_22663_p_dout0   |   in|   32|  ap_ctrl_hs|  conv4_Pipeline_M2|  return value|
|grp_fu_22663_p_ce      |  out|    1|  ap_ctrl_hs|  conv4_Pipeline_M2|  return value|
|grp_fu_22667_p_din0    |  out|   32|  ap_ctrl_hs|  conv4_Pipeline_M2|  return value|
|grp_fu_22667_p_din1    |  out|   32|  ap_ctrl_hs|  conv4_Pipeline_M2|  return value|
|grp_fu_22667_p_opcode  |  out|    2|  ap_ctrl_hs|  conv4_Pipeline_M2|  return value|
|grp_fu_22667_p_dout0   |   in|   32|  ap_ctrl_hs|  conv4_Pipeline_M2|  return value|
|grp_fu_22667_p_ce      |  out|    1|  ap_ctrl_hs|  conv4_Pipeline_M2|  return value|
|grp_fu_22671_p_din0    |  out|   32|  ap_ctrl_hs|  conv4_Pipeline_M2|  return value|
|grp_fu_22671_p_din1    |  out|   32|  ap_ctrl_hs|  conv4_Pipeline_M2|  return value|
|grp_fu_22671_p_opcode  |  out|    2|  ap_ctrl_hs|  conv4_Pipeline_M2|  return value|
|grp_fu_22671_p_dout0   |   in|   32|  ap_ctrl_hs|  conv4_Pipeline_M2|  return value|
|grp_fu_22671_p_ce      |  out|    1|  ap_ctrl_hs|  conv4_Pipeline_M2|  return value|
|grp_fu_22675_p_din0    |  out|   32|  ap_ctrl_hs|  conv4_Pipeline_M2|  return value|
|grp_fu_22675_p_din1    |  out|   32|  ap_ctrl_hs|  conv4_Pipeline_M2|  return value|
|grp_fu_22675_p_opcode  |  out|    2|  ap_ctrl_hs|  conv4_Pipeline_M2|  return value|
|grp_fu_22675_p_dout0   |   in|   32|  ap_ctrl_hs|  conv4_Pipeline_M2|  return value|
|grp_fu_22675_p_ce      |  out|    1|  ap_ctrl_hs|  conv4_Pipeline_M2|  return value|
|grp_fu_22679_p_din0    |  out|   32|  ap_ctrl_hs|  conv4_Pipeline_M2|  return value|
|grp_fu_22679_p_din1    |  out|   32|  ap_ctrl_hs|  conv4_Pipeline_M2|  return value|
|grp_fu_22679_p_opcode  |  out|    2|  ap_ctrl_hs|  conv4_Pipeline_M2|  return value|
|grp_fu_22679_p_dout0   |   in|   32|  ap_ctrl_hs|  conv4_Pipeline_M2|  return value|
|grp_fu_22679_p_ce      |  out|    1|  ap_ctrl_hs|  conv4_Pipeline_M2|  return value|
|grp_fu_22683_p_din0    |  out|   32|  ap_ctrl_hs|  conv4_Pipeline_M2|  return value|
|grp_fu_22683_p_din1    |  out|   32|  ap_ctrl_hs|  conv4_Pipeline_M2|  return value|
|grp_fu_22683_p_opcode  |  out|    2|  ap_ctrl_hs|  conv4_Pipeline_M2|  return value|
|grp_fu_22683_p_dout0   |   in|   32|  ap_ctrl_hs|  conv4_Pipeline_M2|  return value|
|grp_fu_22683_p_ce      |  out|    1|  ap_ctrl_hs|  conv4_Pipeline_M2|  return value|
|grp_fu_22687_p_din0    |  out|   32|  ap_ctrl_hs|  conv4_Pipeline_M2|  return value|
|grp_fu_22687_p_din1    |  out|   32|  ap_ctrl_hs|  conv4_Pipeline_M2|  return value|
|grp_fu_22687_p_opcode  |  out|    2|  ap_ctrl_hs|  conv4_Pipeline_M2|  return value|
|grp_fu_22687_p_dout0   |   in|   32|  ap_ctrl_hs|  conv4_Pipeline_M2|  return value|
|grp_fu_22687_p_ce      |  out|    1|  ap_ctrl_hs|  conv4_Pipeline_M2|  return value|
|grp_fu_22691_p_din0    |  out|   32|  ap_ctrl_hs|  conv4_Pipeline_M2|  return value|
|grp_fu_22691_p_din1    |  out|   32|  ap_ctrl_hs|  conv4_Pipeline_M2|  return value|
|grp_fu_22691_p_opcode  |  out|    2|  ap_ctrl_hs|  conv4_Pipeline_M2|  return value|
|grp_fu_22691_p_dout0   |   in|   32|  ap_ctrl_hs|  conv4_Pipeline_M2|  return value|
|grp_fu_22691_p_ce      |  out|    1|  ap_ctrl_hs|  conv4_Pipeline_M2|  return value|
|grp_fu_22695_p_din0    |  out|   32|  ap_ctrl_hs|  conv4_Pipeline_M2|  return value|
|grp_fu_22695_p_din1    |  out|   32|  ap_ctrl_hs|  conv4_Pipeline_M2|  return value|
|grp_fu_22695_p_opcode  |  out|    2|  ap_ctrl_hs|  conv4_Pipeline_M2|  return value|
|grp_fu_22695_p_dout0   |   in|   32|  ap_ctrl_hs|  conv4_Pipeline_M2|  return value|
|grp_fu_22695_p_ce      |  out|    1|  ap_ctrl_hs|  conv4_Pipeline_M2|  return value|
|grp_fu_26659_p_din0    |  out|   32|  ap_ctrl_hs|  conv4_Pipeline_M2|  return value|
|grp_fu_26659_p_din1    |  out|   32|  ap_ctrl_hs|  conv4_Pipeline_M2|  return value|
|grp_fu_26659_p_opcode  |  out|    5|  ap_ctrl_hs|  conv4_Pipeline_M2|  return value|
|grp_fu_26659_p_dout0   |   in|    1|  ap_ctrl_hs|  conv4_Pipeline_M2|  return value|
|grp_fu_26659_p_ce      |  out|    1|  ap_ctrl_hs|  conv4_Pipeline_M2|  return value|
|grp_fu_26663_p_din0    |  out|   32|  ap_ctrl_hs|  conv4_Pipeline_M2|  return value|
|grp_fu_26663_p_din1    |  out|   32|  ap_ctrl_hs|  conv4_Pipeline_M2|  return value|
|grp_fu_26663_p_opcode  |  out|    5|  ap_ctrl_hs|  conv4_Pipeline_M2|  return value|
|grp_fu_26663_p_dout0   |   in|    1|  ap_ctrl_hs|  conv4_Pipeline_M2|  return value|
|grp_fu_26663_p_ce      |  out|    1|  ap_ctrl_hs|  conv4_Pipeline_M2|  return value|
|grp_fu_26667_p_din0    |  out|   32|  ap_ctrl_hs|  conv4_Pipeline_M2|  return value|
|grp_fu_26667_p_din1    |  out|   32|  ap_ctrl_hs|  conv4_Pipeline_M2|  return value|
|grp_fu_26667_p_opcode  |  out|    5|  ap_ctrl_hs|  conv4_Pipeline_M2|  return value|
|grp_fu_26667_p_dout0   |   in|    1|  ap_ctrl_hs|  conv4_Pipeline_M2|  return value|
|grp_fu_26667_p_ce      |  out|    1|  ap_ctrl_hs|  conv4_Pipeline_M2|  return value|
|grp_fu_26671_p_din0    |  out|   32|  ap_ctrl_hs|  conv4_Pipeline_M2|  return value|
|grp_fu_26671_p_din1    |  out|   32|  ap_ctrl_hs|  conv4_Pipeline_M2|  return value|
|grp_fu_26671_p_opcode  |  out|    5|  ap_ctrl_hs|  conv4_Pipeline_M2|  return value|
|grp_fu_26671_p_dout0   |   in|    1|  ap_ctrl_hs|  conv4_Pipeline_M2|  return value|
|grp_fu_26671_p_ce      |  out|    1|  ap_ctrl_hs|  conv4_Pipeline_M2|  return value|
|grp_fu_26675_p_din0    |  out|   32|  ap_ctrl_hs|  conv4_Pipeline_M2|  return value|
|grp_fu_26675_p_din1    |  out|   32|  ap_ctrl_hs|  conv4_Pipeline_M2|  return value|
|grp_fu_26675_p_opcode  |  out|    5|  ap_ctrl_hs|  conv4_Pipeline_M2|  return value|
|grp_fu_26675_p_dout0   |   in|    1|  ap_ctrl_hs|  conv4_Pipeline_M2|  return value|
|grp_fu_26675_p_ce      |  out|    1|  ap_ctrl_hs|  conv4_Pipeline_M2|  return value|
|grp_fu_26679_p_din0    |  out|   32|  ap_ctrl_hs|  conv4_Pipeline_M2|  return value|
|grp_fu_26679_p_din1    |  out|   32|  ap_ctrl_hs|  conv4_Pipeline_M2|  return value|
|grp_fu_26679_p_opcode  |  out|    5|  ap_ctrl_hs|  conv4_Pipeline_M2|  return value|
|grp_fu_26679_p_dout0   |   in|    1|  ap_ctrl_hs|  conv4_Pipeline_M2|  return value|
|grp_fu_26679_p_ce      |  out|    1|  ap_ctrl_hs|  conv4_Pipeline_M2|  return value|
|grp_fu_26683_p_din0    |  out|   32|  ap_ctrl_hs|  conv4_Pipeline_M2|  return value|
|grp_fu_26683_p_din1    |  out|   32|  ap_ctrl_hs|  conv4_Pipeline_M2|  return value|
|grp_fu_26683_p_opcode  |  out|    5|  ap_ctrl_hs|  conv4_Pipeline_M2|  return value|
|grp_fu_26683_p_dout0   |   in|    1|  ap_ctrl_hs|  conv4_Pipeline_M2|  return value|
|grp_fu_26683_p_ce      |  out|    1|  ap_ctrl_hs|  conv4_Pipeline_M2|  return value|
|grp_fu_26687_p_din0    |  out|   32|  ap_ctrl_hs|  conv4_Pipeline_M2|  return value|
|grp_fu_26687_p_din1    |  out|   32|  ap_ctrl_hs|  conv4_Pipeline_M2|  return value|
|grp_fu_26687_p_opcode  |  out|    5|  ap_ctrl_hs|  conv4_Pipeline_M2|  return value|
|grp_fu_26687_p_dout0   |   in|    1|  ap_ctrl_hs|  conv4_Pipeline_M2|  return value|
|grp_fu_26687_p_ce      |  out|    1|  ap_ctrl_hs|  conv4_Pipeline_M2|  return value|
|grp_fu_26691_p_din0    |  out|   32|  ap_ctrl_hs|  conv4_Pipeline_M2|  return value|
|grp_fu_26691_p_din1    |  out|   32|  ap_ctrl_hs|  conv4_Pipeline_M2|  return value|
|grp_fu_26691_p_opcode  |  out|    5|  ap_ctrl_hs|  conv4_Pipeline_M2|  return value|
|grp_fu_26691_p_dout0   |   in|    1|  ap_ctrl_hs|  conv4_Pipeline_M2|  return value|
|grp_fu_26691_p_ce      |  out|    1|  ap_ctrl_hs|  conv4_Pipeline_M2|  return value|
|grp_fu_26695_p_din0    |  out|   32|  ap_ctrl_hs|  conv4_Pipeline_M2|  return value|
|grp_fu_26695_p_din1    |  out|   32|  ap_ctrl_hs|  conv4_Pipeline_M2|  return value|
|grp_fu_26695_p_opcode  |  out|    5|  ap_ctrl_hs|  conv4_Pipeline_M2|  return value|
|grp_fu_26695_p_dout0   |   in|    1|  ap_ctrl_hs|  conv4_Pipeline_M2|  return value|
|grp_fu_26695_p_ce      |  out|    1|  ap_ctrl_hs|  conv4_Pipeline_M2|  return value|
|grp_fu_26699_p_din0    |  out|   32|  ap_ctrl_hs|  conv4_Pipeline_M2|  return value|
|grp_fu_26699_p_din1    |  out|   32|  ap_ctrl_hs|  conv4_Pipeline_M2|  return value|
|grp_fu_26699_p_opcode  |  out|    5|  ap_ctrl_hs|  conv4_Pipeline_M2|  return value|
|grp_fu_26699_p_dout0   |   in|    1|  ap_ctrl_hs|  conv4_Pipeline_M2|  return value|
|grp_fu_26699_p_ce      |  out|    1|  ap_ctrl_hs|  conv4_Pipeline_M2|  return value|
|grp_fu_26703_p_din0    |  out|   32|  ap_ctrl_hs|  conv4_Pipeline_M2|  return value|
|grp_fu_26703_p_din1    |  out|   32|  ap_ctrl_hs|  conv4_Pipeline_M2|  return value|
|grp_fu_26703_p_opcode  |  out|    5|  ap_ctrl_hs|  conv4_Pipeline_M2|  return value|
|grp_fu_26703_p_dout0   |   in|    1|  ap_ctrl_hs|  conv4_Pipeline_M2|  return value|
|grp_fu_26703_p_ce      |  out|    1|  ap_ctrl_hs|  conv4_Pipeline_M2|  return value|
|grp_fu_26707_p_din0    |  out|   32|  ap_ctrl_hs|  conv4_Pipeline_M2|  return value|
|grp_fu_26707_p_din1    |  out|   32|  ap_ctrl_hs|  conv4_Pipeline_M2|  return value|
|grp_fu_26707_p_opcode  |  out|    5|  ap_ctrl_hs|  conv4_Pipeline_M2|  return value|
|grp_fu_26707_p_dout0   |   in|    1|  ap_ctrl_hs|  conv4_Pipeline_M2|  return value|
|grp_fu_26707_p_ce      |  out|    1|  ap_ctrl_hs|  conv4_Pipeline_M2|  return value|
|out_img_12_address0    |  out|   13|   ap_memory|         out_img_12|         array|
|out_img_12_ce0         |  out|    1|   ap_memory|         out_img_12|         array|
|out_img_12_we0         |  out|    1|   ap_memory|         out_img_12|         array|
|out_img_12_d0          |  out|   32|   ap_memory|         out_img_12|         array|
|out_img_11_address0    |  out|   13|   ap_memory|         out_img_11|         array|
|out_img_11_ce0         |  out|    1|   ap_memory|         out_img_11|         array|
|out_img_11_we0         |  out|    1|   ap_memory|         out_img_11|         array|
|out_img_11_d0          |  out|   32|   ap_memory|         out_img_11|         array|
|out_img_10_address0    |  out|   13|   ap_memory|         out_img_10|         array|
|out_img_10_ce0         |  out|    1|   ap_memory|         out_img_10|         array|
|out_img_10_we0         |  out|    1|   ap_memory|         out_img_10|         array|
|out_img_10_d0          |  out|   32|   ap_memory|         out_img_10|         array|
|out_img_9_address0     |  out|   13|   ap_memory|          out_img_9|         array|
|out_img_9_ce0          |  out|    1|   ap_memory|          out_img_9|         array|
|out_img_9_we0          |  out|    1|   ap_memory|          out_img_9|         array|
|out_img_9_d0           |  out|   32|   ap_memory|          out_img_9|         array|
|out_img_8_address0     |  out|   13|   ap_memory|          out_img_8|         array|
|out_img_8_ce0          |  out|    1|   ap_memory|          out_img_8|         array|
|out_img_8_we0          |  out|    1|   ap_memory|          out_img_8|         array|
|out_img_8_d0           |  out|   32|   ap_memory|          out_img_8|         array|
|out_img_7_address0     |  out|   13|   ap_memory|          out_img_7|         array|
|out_img_7_ce0          |  out|    1|   ap_memory|          out_img_7|         array|
|out_img_7_we0          |  out|    1|   ap_memory|          out_img_7|         array|
|out_img_7_d0           |  out|   32|   ap_memory|          out_img_7|         array|
|out_img_6_address0     |  out|   13|   ap_memory|          out_img_6|         array|
|out_img_6_ce0          |  out|    1|   ap_memory|          out_img_6|         array|
|out_img_6_we0          |  out|    1|   ap_memory|          out_img_6|         array|
|out_img_6_d0           |  out|   32|   ap_memory|          out_img_6|         array|
|out_img_5_address0     |  out|   13|   ap_memory|          out_img_5|         array|
|out_img_5_ce0          |  out|    1|   ap_memory|          out_img_5|         array|
|out_img_5_we0          |  out|    1|   ap_memory|          out_img_5|         array|
|out_img_5_d0           |  out|   32|   ap_memory|          out_img_5|         array|
|out_img_4_address0     |  out|   13|   ap_memory|          out_img_4|         array|
|out_img_4_ce0          |  out|    1|   ap_memory|          out_img_4|         array|
|out_img_4_we0          |  out|    1|   ap_memory|          out_img_4|         array|
|out_img_4_d0           |  out|   32|   ap_memory|          out_img_4|         array|
|out_img_3_address0     |  out|   13|   ap_memory|          out_img_3|         array|
|out_img_3_ce0          |  out|    1|   ap_memory|          out_img_3|         array|
|out_img_3_we0          |  out|    1|   ap_memory|          out_img_3|         array|
|out_img_3_d0           |  out|   32|   ap_memory|          out_img_3|         array|
|out_img_2_address0     |  out|   13|   ap_memory|          out_img_2|         array|
|out_img_2_ce0          |  out|    1|   ap_memory|          out_img_2|         array|
|out_img_2_we0          |  out|    1|   ap_memory|          out_img_2|         array|
|out_img_2_d0           |  out|   32|   ap_memory|          out_img_2|         array|
|out_img_1_address0     |  out|   13|   ap_memory|          out_img_1|         array|
|out_img_1_ce0          |  out|    1|   ap_memory|          out_img_1|         array|
|out_img_1_we0          |  out|    1|   ap_memory|          out_img_1|         array|
|out_img_1_d0           |  out|   32|   ap_memory|          out_img_1|         array|
|out_img_0_address0     |  out|   13|   ap_memory|          out_img_0|         array|
|out_img_0_ce0          |  out|    1|   ap_memory|          out_img_0|         array|
|out_img_0_we0          |  out|    1|   ap_memory|          out_img_0|         array|
|out_img_0_d0           |  out|   32|   ap_memory|          out_img_0|         array|
|p_udiv83               |   in|   13|     ap_none|           p_udiv83|        scalar|
|p_reload539            |   in|   32|     ap_none|        p_reload539|        scalar|
|p_reload526            |   in|   32|     ap_none|        p_reload526|        scalar|
|p_reload513            |   in|   32|     ap_none|        p_reload513|        scalar|
|p_reload500            |   in|   32|     ap_none|        p_reload500|        scalar|
|p_reload487            |   in|   32|     ap_none|        p_reload487|        scalar|
|p_reload474            |   in|   32|     ap_none|        p_reload474|        scalar|
|p_reload461            |   in|   32|     ap_none|        p_reload461|        scalar|
|p_reload448            |   in|   32|     ap_none|        p_reload448|        scalar|
|p_reload435            |   in|   32|     ap_none|        p_reload435|        scalar|
|p_reload422            |   in|   32|     ap_none|        p_reload422|        scalar|
|p_reload409            |   in|   32|     ap_none|        p_reload409|        scalar|
|p_reload396            |   in|   32|     ap_none|        p_reload396|        scalar|
|p_reload383            |   in|   32|     ap_none|        p_reload383|        scalar|
|bias_conv4_load_1      |   in|   32|     ap_none|  bias_conv4_load_1|        scalar|
|p_reload538            |   in|   32|     ap_none|        p_reload538|        scalar|
|p_reload525            |   in|   32|     ap_none|        p_reload525|        scalar|
|p_reload512            |   in|   32|     ap_none|        p_reload512|        scalar|
|p_reload499            |   in|   32|     ap_none|        p_reload499|        scalar|
|p_reload486            |   in|   32|     ap_none|        p_reload486|        scalar|
|p_reload473            |   in|   32|     ap_none|        p_reload473|        scalar|
|p_reload460            |   in|   32|     ap_none|        p_reload460|        scalar|
|p_reload447            |   in|   32|     ap_none|        p_reload447|        scalar|
|p_reload434            |   in|   32|     ap_none|        p_reload434|        scalar|
|p_reload421            |   in|   32|     ap_none|        p_reload421|        scalar|
|p_reload408            |   in|   32|     ap_none|        p_reload408|        scalar|
|p_reload395            |   in|   32|     ap_none|        p_reload395|        scalar|
|p_reload382            |   in|   32|     ap_none|        p_reload382|        scalar|
|p_reload537            |   in|   32|     ap_none|        p_reload537|        scalar|
|p_reload524            |   in|   32|     ap_none|        p_reload524|        scalar|
|p_reload511            |   in|   32|     ap_none|        p_reload511|        scalar|
|p_reload498            |   in|   32|     ap_none|        p_reload498|        scalar|
|p_reload485            |   in|   32|     ap_none|        p_reload485|        scalar|
|p_reload472            |   in|   32|     ap_none|        p_reload472|        scalar|
|p_reload459            |   in|   32|     ap_none|        p_reload459|        scalar|
|p_reload446            |   in|   32|     ap_none|        p_reload446|        scalar|
|p_reload433            |   in|   32|     ap_none|        p_reload433|        scalar|
|p_reload420            |   in|   32|     ap_none|        p_reload420|        scalar|
|p_reload407            |   in|   32|     ap_none|        p_reload407|        scalar|
|p_reload394            |   in|   32|     ap_none|        p_reload394|        scalar|
|p_reload381            |   in|   32|     ap_none|        p_reload381|        scalar|
|p_reload536            |   in|   32|     ap_none|        p_reload536|        scalar|
|p_reload523            |   in|   32|     ap_none|        p_reload523|        scalar|
|p_reload510            |   in|   32|     ap_none|        p_reload510|        scalar|
|p_reload497            |   in|   32|     ap_none|        p_reload497|        scalar|
|p_reload484            |   in|   32|     ap_none|        p_reload484|        scalar|
|p_reload471            |   in|   32|     ap_none|        p_reload471|        scalar|
|p_reload458            |   in|   32|     ap_none|        p_reload458|        scalar|
|p_reload445            |   in|   32|     ap_none|        p_reload445|        scalar|
|p_reload432            |   in|   32|     ap_none|        p_reload432|        scalar|
|p_reload419            |   in|   32|     ap_none|        p_reload419|        scalar|
|p_reload406            |   in|   32|     ap_none|        p_reload406|        scalar|
|p_reload393            |   in|   32|     ap_none|        p_reload393|        scalar|
|p_reload380            |   in|   32|     ap_none|        p_reload380|        scalar|
|p_reload535            |   in|   32|     ap_none|        p_reload535|        scalar|
|p_reload522            |   in|   32|     ap_none|        p_reload522|        scalar|
|p_reload509            |   in|   32|     ap_none|        p_reload509|        scalar|
|p_reload496            |   in|   32|     ap_none|        p_reload496|        scalar|
|p_reload483            |   in|   32|     ap_none|        p_reload483|        scalar|
|p_reload470            |   in|   32|     ap_none|        p_reload470|        scalar|
|p_reload457            |   in|   32|     ap_none|        p_reload457|        scalar|
|p_reload444            |   in|   32|     ap_none|        p_reload444|        scalar|
|p_reload431            |   in|   32|     ap_none|        p_reload431|        scalar|
|p_reload418            |   in|   32|     ap_none|        p_reload418|        scalar|
|p_reload405            |   in|   32|     ap_none|        p_reload405|        scalar|
|p_reload392            |   in|   32|     ap_none|        p_reload392|        scalar|
|p_reload379            |   in|   32|     ap_none|        p_reload379|        scalar|
|p_reload534            |   in|   32|     ap_none|        p_reload534|        scalar|
|p_reload521            |   in|   32|     ap_none|        p_reload521|        scalar|
|p_reload508            |   in|   32|     ap_none|        p_reload508|        scalar|
|p_reload495            |   in|   32|     ap_none|        p_reload495|        scalar|
|p_reload482            |   in|   32|     ap_none|        p_reload482|        scalar|
|p_reload469            |   in|   32|     ap_none|        p_reload469|        scalar|
|p_reload456            |   in|   32|     ap_none|        p_reload456|        scalar|
|p_reload443            |   in|   32|     ap_none|        p_reload443|        scalar|
|p_reload430            |   in|   32|     ap_none|        p_reload430|        scalar|
|p_reload417            |   in|   32|     ap_none|        p_reload417|        scalar|
|p_reload404            |   in|   32|     ap_none|        p_reload404|        scalar|
|p_reload391            |   in|   32|     ap_none|        p_reload391|        scalar|
|p_reload378            |   in|   32|     ap_none|        p_reload378|        scalar|
|p_reload533            |   in|   32|     ap_none|        p_reload533|        scalar|
|p_reload520            |   in|   32|     ap_none|        p_reload520|        scalar|
|p_reload507            |   in|   32|     ap_none|        p_reload507|        scalar|
|p_reload494            |   in|   32|     ap_none|        p_reload494|        scalar|
|p_reload481            |   in|   32|     ap_none|        p_reload481|        scalar|
|p_reload468            |   in|   32|     ap_none|        p_reload468|        scalar|
|p_reload455            |   in|   32|     ap_none|        p_reload455|        scalar|
|p_reload442            |   in|   32|     ap_none|        p_reload442|        scalar|
|p_reload429            |   in|   32|     ap_none|        p_reload429|        scalar|
|p_reload416            |   in|   32|     ap_none|        p_reload416|        scalar|
|p_reload403            |   in|   32|     ap_none|        p_reload403|        scalar|
|p_reload390            |   in|   32|     ap_none|        p_reload390|        scalar|
|p_reload377            |   in|   32|     ap_none|        p_reload377|        scalar|
|p_reload532            |   in|   32|     ap_none|        p_reload532|        scalar|
|p_reload519            |   in|   32|     ap_none|        p_reload519|        scalar|
|p_reload506            |   in|   32|     ap_none|        p_reload506|        scalar|
|p_reload493            |   in|   32|     ap_none|        p_reload493|        scalar|
|p_reload480            |   in|   32|     ap_none|        p_reload480|        scalar|
|p_reload467            |   in|   32|     ap_none|        p_reload467|        scalar|
|p_reload454            |   in|   32|     ap_none|        p_reload454|        scalar|
|p_reload441            |   in|   32|     ap_none|        p_reload441|        scalar|
|p_reload428            |   in|   32|     ap_none|        p_reload428|        scalar|
|p_reload415            |   in|   32|     ap_none|        p_reload415|        scalar|
|p_reload402            |   in|   32|     ap_none|        p_reload402|        scalar|
|p_reload389            |   in|   32|     ap_none|        p_reload389|        scalar|
|p_reload376            |   in|   32|     ap_none|        p_reload376|        scalar|
|p_reload531            |   in|   32|     ap_none|        p_reload531|        scalar|
|p_reload518            |   in|   32|     ap_none|        p_reload518|        scalar|
|p_reload505            |   in|   32|     ap_none|        p_reload505|        scalar|
|p_reload492            |   in|   32|     ap_none|        p_reload492|        scalar|
|p_reload479            |   in|   32|     ap_none|        p_reload479|        scalar|
|p_reload466            |   in|   32|     ap_none|        p_reload466|        scalar|
|p_reload453            |   in|   32|     ap_none|        p_reload453|        scalar|
|p_reload440            |   in|   32|     ap_none|        p_reload440|        scalar|
|p_reload427            |   in|   32|     ap_none|        p_reload427|        scalar|
|p_reload414            |   in|   32|     ap_none|        p_reload414|        scalar|
|p_reload401            |   in|   32|     ap_none|        p_reload401|        scalar|
|p_reload388            |   in|   32|     ap_none|        p_reload388|        scalar|
|p_reload375            |   in|   32|     ap_none|        p_reload375|        scalar|
|p_reload530            |   in|   32|     ap_none|        p_reload530|        scalar|
|p_reload517            |   in|   32|     ap_none|        p_reload517|        scalar|
|p_reload504            |   in|   32|     ap_none|        p_reload504|        scalar|
|p_reload491            |   in|   32|     ap_none|        p_reload491|        scalar|
|p_reload478            |   in|   32|     ap_none|        p_reload478|        scalar|
|p_reload465            |   in|   32|     ap_none|        p_reload465|        scalar|
|p_reload452            |   in|   32|     ap_none|        p_reload452|        scalar|
|p_reload439            |   in|   32|     ap_none|        p_reload439|        scalar|
|p_reload426            |   in|   32|     ap_none|        p_reload426|        scalar|
|p_reload413            |   in|   32|     ap_none|        p_reload413|        scalar|
|p_reload400            |   in|   32|     ap_none|        p_reload400|        scalar|
|p_reload387            |   in|   32|     ap_none|        p_reload387|        scalar|
|p_reload374            |   in|   32|     ap_none|        p_reload374|        scalar|
|p_reload529            |   in|   32|     ap_none|        p_reload529|        scalar|
|p_reload516            |   in|   32|     ap_none|        p_reload516|        scalar|
|p_reload503            |   in|   32|     ap_none|        p_reload503|        scalar|
|p_reload490            |   in|   32|     ap_none|        p_reload490|        scalar|
|p_reload477            |   in|   32|     ap_none|        p_reload477|        scalar|
|p_reload464            |   in|   32|     ap_none|        p_reload464|        scalar|
|p_reload451            |   in|   32|     ap_none|        p_reload451|        scalar|
|p_reload438            |   in|   32|     ap_none|        p_reload438|        scalar|
|p_reload425            |   in|   32|     ap_none|        p_reload425|        scalar|
|p_reload412            |   in|   32|     ap_none|        p_reload412|        scalar|
|p_reload399            |   in|   32|     ap_none|        p_reload399|        scalar|
|p_reload386            |   in|   32|     ap_none|        p_reload386|        scalar|
|p_reload373            |   in|   32|     ap_none|        p_reload373|        scalar|
|p_reload528            |   in|   32|     ap_none|        p_reload528|        scalar|
|p_reload515            |   in|   32|     ap_none|        p_reload515|        scalar|
|p_reload502            |   in|   32|     ap_none|        p_reload502|        scalar|
|p_reload489            |   in|   32|     ap_none|        p_reload489|        scalar|
|p_reload476            |   in|   32|     ap_none|        p_reload476|        scalar|
|p_reload463            |   in|   32|     ap_none|        p_reload463|        scalar|
|p_reload450            |   in|   32|     ap_none|        p_reload450|        scalar|
|p_reload437            |   in|   32|     ap_none|        p_reload437|        scalar|
|p_reload424            |   in|   32|     ap_none|        p_reload424|        scalar|
|p_reload411            |   in|   32|     ap_none|        p_reload411|        scalar|
|p_reload398            |   in|   32|     ap_none|        p_reload398|        scalar|
|p_reload385            |   in|   32|     ap_none|        p_reload385|        scalar|
|p_reload372            |   in|   32|     ap_none|        p_reload372|        scalar|
|p_reload527            |   in|   32|     ap_none|        p_reload527|        scalar|
|p_reload514            |   in|   32|     ap_none|        p_reload514|        scalar|
|p_reload501            |   in|   32|     ap_none|        p_reload501|        scalar|
|p_reload488            |   in|   32|     ap_none|        p_reload488|        scalar|
|p_reload475            |   in|   32|     ap_none|        p_reload475|        scalar|
|p_reload462            |   in|   32|     ap_none|        p_reload462|        scalar|
|p_reload449            |   in|   32|     ap_none|        p_reload449|        scalar|
|p_reload436            |   in|   32|     ap_none|        p_reload436|        scalar|
|p_reload423            |   in|   32|     ap_none|        p_reload423|        scalar|
|p_reload410            |   in|   32|     ap_none|        p_reload410|        scalar|
|p_reload397            |   in|   32|     ap_none|        p_reload397|        scalar|
|p_reload384            |   in|   32|     ap_none|        p_reload384|        scalar|
|p_reload               |   in|   32|     ap_none|           p_reload|        scalar|
+-----------------------+-----+-----+------------+-------------------+--------------+

