

================================================================
== Vitis HLS Report for 'conv3_Pipeline_F1_1'
================================================================
* Date:           Sun Jan 26 21:44:43 2025

* Version:        2024.2 (Build 5238294 on Nov  8 2024)
* Project:        Alex_Net
* Solution:       NN (Vivado IP Flow Target)
* Product family: zynquplus
* Target device:  xczu7ev-ffvc1156-2-i


================================================================
== Performance Estimates
================================================================
+ Timing: 
    * Summary: 
    +--------+----------+----------+------------+
    |  Clock |  Target  | Estimated| Uncertainty|
    +--------+----------+----------+------------+
    |ap_clk  |  10.00 ns|  2.558 ns|     2.70 ns|
    +--------+----------+----------+------------+

+ Latency: 
    * Summary: 
    +---------+---------+-----------+-----------+------+------+------------------------------------------------+
    |  Latency (cycles) |   Latency (absolute)  |   Interval  |                    Pipeline                    |
    |   min   |   max   |    min    |    max    |  min |  max |                      Type                      |
    +---------+---------+-----------+-----------+------+------+------------------------------------------------+
    |     2306|     2306|  23.060 us|  23.060 us|  2305|  2305|  loop auto-rewind stp (delay=0 clock cycles(s))|
    +---------+---------+-----------+-----------+------+------+------------------------------------------------+

    + Detail: 
        * Instance: 
        N/A

        * Loop: 
        +----------+---------+---------+----------+-----------+-----------+------+----------+
        |          |  Latency (cycles) | Iteration|  Initiation Interval  | Trip |          |
        | Loop Name|   min   |   max   |  Latency |  achieved |   target  | Count| Pipelined|
        +----------+---------+---------+----------+-----------+-----------+------+----------+
        |- F1_1    |     2304|     2304|         2|          1|          1|  2304|       yes|
        +----------+---------+---------+----------+-----------+-----------+------+----------+



================================================================
== Utilization Estimates
================================================================
* Summary: 
+-----------------+---------+------+--------+--------+-----+
|       Name      | BRAM_18K|  DSP |   FF   |   LUT  | URAM|
+-----------------+---------+------+--------+--------+-----+
|DSP              |        -|     -|       -|       -|    -|
|Expression       |        -|     -|       0|     148|    -|
|FIFO             |        -|     -|       -|       -|    -|
|Instance         |        -|     -|       -|       -|    -|
|Memory           |        -|     -|       -|       -|    -|
|Multiplexer      |        -|     -|       0|      63|    -|
|Register         |        -|     -|      56|       -|    -|
+-----------------+---------+------+--------+--------+-----+
|Total            |        0|     0|      56|     211|    0|
+-----------------+---------+------+--------+--------+-----+
|Available        |      624|  1728|  460800|  230400|   96|
+-----------------+---------+------+--------+--------+-----+
|Utilization (%)  |        0|     0|      ~0|      ~0|    0|
+-----------------+---------+------+--------+--------+-----+

+ Detail: 
    * Instance: 
    N/A

    * DSP: 
    N/A

    * Memory: 
    N/A

    * FIFO: 
    N/A

    * Expression: 
    +-----------------------+----------+----+---+----+------------+------------+
    |     Variable Name     | Operation| DSP| FF| LUT| Bitwidth P0| Bitwidth P1|
    +-----------------------+----------+----+---+----+------------+------------+
    |add_ln85_1_fu_315_p2   |         +|   0|  0|  32|          25|          13|
    |add_ln85_2_fu_282_p2   |         +|   0|  0|  19|          12|           1|
    |add_ln85_fu_257_p2     |         +|   0|  0|  19|          12|           1|
    |add_ln87_fu_271_p2     |         +|   0|  0|  27|          20|          20|
    |icmp_ln85_1_fu_288_p2  |      icmp|   0|  0|  19|          12|           4|
    |icmp_ln85_fu_251_p2    |      icmp|   0|  0|  19|          12|          12|
    |select_ln85_fu_294_p3  |    select|   0|  0|  11|           1|           1|
    |ap_enable_pp0          |       xor|   0|  0|   2|           1|           2|
    +-----------------------+----------+----+---+----+------------+------------+
    |Total                  |          |   0|  0| 148|          95|          54|
    +-----------------------+----------+----+---+----+------------+------------+

    * Multiplexer: 
    +---------------------------------+----+-----------+-----+-----------+
    |               Name              | LUT| Input Size| Bits| Total Bits|
    +---------------------------------+----+-----------+-----+-----------+
    |ap_done_int                      |   9|          2|    1|          2|
    |ap_enable_reg_pp0_iter1          |   9|          2|    1|          2|
    |ap_sig_allocacmp_h_4             |   9|          2|   12|         24|
    |ap_sig_allocacmp_phi_urem6_load  |   9|          2|   12|         24|
    |h_fu_90                          |   9|          2|   12|         24|
    |phi_mul4_fu_86                   |   9|          2|   25|         50|
    |phi_urem6_fu_82                  |   9|          2|   12|         24|
    +---------------------------------+----+-----------+-----+-----------+
    |Total                            |  63|         14|   75|        150|
    +---------------------------------+----+-----------+-----+-----------+

    * Register: 
    +-------------------------+----+----+-----+-----------+
    |           Name          | FF | LUT| Bits| Const Bits|
    +-------------------------+----+----+-----+-----------+
    |ap_CS_fsm                |   1|   0|    1|          0|
    |ap_done_reg              |   1|   0|    1|          0|
    |ap_enable_reg_pp0_iter1  |   1|   0|    1|          0|
    |h_fu_90                  |  12|   0|   12|          0|
    |phi_mul4_fu_86           |  25|   0|   25|          0|
    |phi_urem6_fu_82          |  12|   0|   12|          0|
    |trunc_ln85_reg_386       |   4|   0|    4|          0|
    +-------------------------+----+----+-----+-----------+
    |Total                    |  56|   0|   56|          0|
    +-------------------------+----+----+-----+-----------+



================================================================
== Interface
================================================================
* Summary: 
+-------------------------+-----+-----+------------+---------------------+--------------+
|        RTL Ports        | Dir | Bits|  Protocol  |    Source Object    |    C Type    |
+-------------------------+-----+-----+------------+---------------------+--------------+
|ap_clk                   |   in|    1|  ap_ctrl_hs|  conv3_Pipeline_F1_1|  return value|
|ap_rst                   |   in|    1|  ap_ctrl_hs|  conv3_Pipeline_F1_1|  return value|
|ap_start                 |   in|    1|  ap_ctrl_hs|  conv3_Pipeline_F1_1|  return value|
|ap_done                  |  out|    1|  ap_ctrl_hs|  conv3_Pipeline_F1_1|  return value|
|ap_idle                  |  out|    1|  ap_ctrl_hs|  conv3_Pipeline_F1_1|  return value|
|ap_ready                 |  out|    1|  ap_ctrl_hs|  conv3_Pipeline_F1_1|  return value|
|filter_local_8_address0  |  out|    8|   ap_memory|       filter_local_8|         array|
|filter_local_8_ce0       |  out|    1|   ap_memory|       filter_local_8|         array|
|filter_local_8_we0       |  out|    1|   ap_memory|       filter_local_8|         array|
|filter_local_8_d0        |  out|   32|   ap_memory|       filter_local_8|         array|
|filter_local_7_address0  |  out|    8|   ap_memory|       filter_local_7|         array|
|filter_local_7_ce0       |  out|    1|   ap_memory|       filter_local_7|         array|
|filter_local_7_we0       |  out|    1|   ap_memory|       filter_local_7|         array|
|filter_local_7_d0        |  out|   32|   ap_memory|       filter_local_7|         array|
|filter_local_6_address0  |  out|    8|   ap_memory|       filter_local_6|         array|
|filter_local_6_ce0       |  out|    1|   ap_memory|       filter_local_6|         array|
|filter_local_6_we0       |  out|    1|   ap_memory|       filter_local_6|         array|
|filter_local_6_d0        |  out|   32|   ap_memory|       filter_local_6|         array|
|filter_local_5_address0  |  out|    8|   ap_memory|       filter_local_5|         array|
|filter_local_5_ce0       |  out|    1|   ap_memory|       filter_local_5|         array|
|filter_local_5_we0       |  out|    1|   ap_memory|       filter_local_5|         array|
|filter_local_5_d0        |  out|   32|   ap_memory|       filter_local_5|         array|
|filter_local_4_address0  |  out|    8|   ap_memory|       filter_local_4|         array|
|filter_local_4_ce0       |  out|    1|   ap_memory|       filter_local_4|         array|
|filter_local_4_we0       |  out|    1|   ap_memory|       filter_local_4|         array|
|filter_local_4_d0        |  out|   32|   ap_memory|       filter_local_4|         array|
|filter_local_3_address0  |  out|    8|   ap_memory|       filter_local_3|         array|
|filter_local_3_ce0       |  out|    1|   ap_memory|       filter_local_3|         array|
|filter_local_3_we0       |  out|    1|   ap_memory|       filter_local_3|         array|
|filter_local_3_d0        |  out|   32|   ap_memory|       filter_local_3|         array|
|filter_local_2_address0  |  out|    8|   ap_memory|       filter_local_2|         array|
|filter_local_2_ce0       |  out|    1|   ap_memory|       filter_local_2|         array|
|filter_local_2_we0       |  out|    1|   ap_memory|       filter_local_2|         array|
|filter_local_2_d0        |  out|   32|   ap_memory|       filter_local_2|         array|
|filter_local_1_address0  |  out|    8|   ap_memory|       filter_local_1|         array|
|filter_local_1_ce0       |  out|    1|   ap_memory|       filter_local_1|         array|
|filter_local_1_we0       |  out|    1|   ap_memory|       filter_local_1|         array|
|filter_local_1_d0        |  out|   32|   ap_memory|       filter_local_1|         array|
|filter_local_address0    |  out|    8|   ap_memory|         filter_local|         array|
|filter_local_ce0         |  out|    1|   ap_memory|         filter_local|         array|
|filter_local_we0         |  out|    1|   ap_memory|         filter_local|         array|
|filter_local_d0          |  out|   32|   ap_memory|         filter_local|         array|
|mul_ln85                 |   in|   20|     ap_none|             mul_ln85|        scalar|
|filter_conv3_address0    |  out|   20|   ap_memory|         filter_conv3|         array|
|filter_conv3_ce0         |  out|    1|   ap_memory|         filter_conv3|         array|
|filter_conv3_q0          |   in|   32|   ap_memory|         filter_conv3|         array|
+-------------------------+-----+-----+------------+---------------------+--------------+

