

================================================================
== Vitis HLS Report for 'conv3_Pipeline_VITIS_LOOP_91_1'
================================================================
* Date:           Sun Jan 26 21:44:43 2025

* Version:        2024.2 (Build 5238294 on Nov  8 2024)
* Project:        Alex_Net
* Solution:       NN (Vivado IP Flow Target)
* Product family: zynquplus
* Target device:  xczu7ev-ffvc1156-2-i


================================================================
== Performance Estimates
================================================================
+ Timing: 
    * Summary: 
    +--------+----------+----------+------------+
    |  Clock |  Target  | Estimated| Uncertainty|
    +--------+----------+----------+------------+
    |ap_clk  |  10.00 ns|  1.619 ns|     2.70 ns|
    +--------+----------+----------+------------+

+ Latency: 
    * Summary: 
    +---------+---------+----------+----------+-----+-----+------------------------------------------------+
    |  Latency (cycles) |  Latency (absolute) |  Interval |                    Pipeline                    |
    |   min   |   max   |    min   |    max   | min | max |                      Type                      |
    +---------+---------+----------+----------+-----+-----+------------------------------------------------+
    |      171|      171|  1.710 us|  1.710 us|  170|  170|  loop auto-rewind stp (delay=0 clock cycles(s))|
    +---------+---------+----------+----------+-----+-----+------------------------------------------------+

    + Detail: 
        * Instance: 
        N/A

        * Loop: 
        +-------------------+---------+---------+----------+-----------+-----------+------+----------+
        |                   |  Latency (cycles) | Iteration|  Initiation Interval  | Trip |          |
        |     Loop Name     |   min   |   max   |  Latency |  achieved |   target  | Count| Pipelined|
        +-------------------+---------+---------+----------+-----------+-----------+------+----------+
        |- VITIS_LOOP_91_1  |      169|      169|         1|          1|          1|   169|       yes|
        +-------------------+---------+---------+----------+-----------+-----------+------+----------+



================================================================
== Utilization Estimates
================================================================
* Summary: 
+-----------------+---------+------+--------+--------+-----+
|       Name      | BRAM_18K|  DSP |   FF   |   LUT  | URAM|
+-----------------+---------+------+--------+--------+-----+
|DSP              |        -|     -|       -|       -|    -|
|Expression       |        -|     -|       0|      32|    -|
|FIFO             |        -|     -|       -|       -|    -|
|Instance         |        -|     -|       -|       -|    -|
|Memory           |        -|     -|       -|       -|    -|
|Multiplexer      |        -|     -|       0|    1548|    -|
|Register         |        -|     -|    5418|       -|    -|
+-----------------+---------+------+--------+--------+-----+
|Total            |        0|     0|    5418|    1580|    0|
+-----------------+---------+------+--------+--------+-----+
|Available        |      624|  1728|  460800|  230400|   96|
+-----------------+---------+------+--------+--------+-----+
|Utilization (%)  |        0|     0|       1|      ~0|    0|
+-----------------+---------+------+--------+--------+-----+

+ Detail: 
    * Instance: 
    N/A

    * DSP: 
    N/A

    * Memory: 
    N/A

    * FIFO: 
    N/A

    * Expression: 
    +----------------------+----------+----+---+----+------------+------------+
    |     Variable Name    | Operation| DSP| FF| LUT| Bitwidth P0| Bitwidth P1|
    +----------------------+----------+----+---+----+------------+------------+
    |add_ln91_fu_4774_p2   |         +|   0|  0|  15|           8|           1|
    |ap_condition_2236     |       and|   0|  0|   2|           1|           1|
    |icmp_ln91_fu_4768_p2  |      icmp|   0|  0|  15|           8|           8|
    +----------------------+----------+----+---+----+------------+------------+
    |Total                 |          |   0|  0|  32|          17|          10|
    +----------------------+----------+----+---+----+------------+------------+

    * Multiplexer: 
    +----------------------------------------+----+-----------+-----+-----------+
    |                  Name                  | LUT| Input Size| Bits| Total Bits|
    +----------------------------------------+----+-----------+-----+-----------+
    |ap_done_int                             |   9|          2|    1|          2|
    |ap_sig_allocacmp_i_8                    |   9|          2|    8|         16|
    |arrayidx179_104031_promoted284_fu_1082  |   9|          2|   32|         64|
    |arrayidx179_10_10_promoted674_fu_1602   |   9|          2|   32|         64|
    |arrayidx179_10_11_promoted677_fu_1606   |   9|          2|   32|         64|
    |arrayidx179_10_12_promoted680_fu_1610   |   9|          2|   32|         64|
    |arrayidx179_10_1_promoted647_fu_1566    |   9|          2|   32|         64|
    |arrayidx179_10_2_promoted650_fu_1570    |   9|          2|   32|         64|
    |arrayidx179_10_3_promoted653_fu_1574    |   9|          2|   32|         64|
    |arrayidx179_10_4_promoted656_fu_1578    |   9|          2|   32|         64|
    |arrayidx179_10_5_promoted659_fu_1582    |   9|          2|   32|         64|
    |arrayidx179_10_6_promoted662_fu_1586    |   9|          2|   32|         64|
    |arrayidx179_10_7_promoted665_fu_1590    |   9|          2|   32|         64|
    |arrayidx179_10_8_promoted668_fu_1594    |   9|          2|   32|         64|
    |arrayidx179_10_9_promoted671_fu_1598    |   9|          2|   32|         64|
    |arrayidx179_10_promoted644_fu_1562      |   9|          2|   32|         64|
    |arrayidx179_114048_promoted287_fu_1086  |   9|          2|   32|         64|
    |arrayidx179_11_10_promoted713_fu_1654   |   9|          2|   32|         64|
    |arrayidx179_11_11_promoted716_fu_1658   |   9|          2|   32|         64|
    |arrayidx179_11_12_promoted719_fu_1662   |   9|          2|   32|         64|
    |arrayidx179_11_1_promoted686_fu_1618    |   9|          2|   32|         64|
    |arrayidx179_11_2_promoted689_fu_1622    |   9|          2|   32|         64|
    |arrayidx179_11_3_promoted692_fu_1626    |   9|          2|   32|         64|
    |arrayidx179_11_4_promoted695_fu_1630    |   9|          2|   32|         64|
    |arrayidx179_11_5_promoted698_fu_1634    |   9|          2|   32|         64|
    |arrayidx179_11_6_promoted701_fu_1638    |   9|          2|   32|         64|
    |arrayidx179_11_7_promoted704_fu_1642    |   9|          2|   32|         64|
    |arrayidx179_11_8_promoted707_fu_1646    |   9|          2|   32|         64|
    |arrayidx179_11_9_promoted710_fu_1650    |   9|          2|   32|         64|
    |arrayidx179_11_promoted683_fu_1614      |   9|          2|   32|         64|
    |arrayidx179_124065_promoted290_fu_1090  |   9|          2|   32|         64|
    |arrayidx179_12_10_promoted752_fu_1706   |   9|          2|   32|         64|
    |arrayidx179_12_11_promoted755_fu_1710   |   9|          2|   32|         64|
    |arrayidx179_12_12_promoted758_fu_1714   |   9|          2|   32|         64|
    |arrayidx179_12_1_promoted725_fu_1670    |   9|          2|   32|         64|
    |arrayidx179_12_2_promoted728_fu_1674    |   9|          2|   32|         64|
    |arrayidx179_12_3_promoted731_fu_1678    |   9|          2|   32|         64|
    |arrayidx179_12_4_promoted734_fu_1682    |   9|          2|   32|         64|
    |arrayidx179_12_5_promoted737_fu_1686    |   9|          2|   32|         64|
    |arrayidx179_12_6_promoted740_fu_1690    |   9|          2|   32|         64|
    |arrayidx179_12_7_promoted743_fu_1694    |   9|          2|   32|         64|
    |arrayidx179_12_8_promoted746_fu_1698    |   9|          2|   32|         64|
    |arrayidx179_12_9_promoted749_fu_1702    |   9|          2|   32|         64|
    |arrayidx179_12_promoted722_fu_1666      |   9|          2|   32|         64|
    |arrayidx179_13878_promoted257_fu_1046   |   9|          2|   32|         64|
    |arrayidx179_1_10_promoted323_fu_1134    |   9|          2|   32|         64|
    |arrayidx179_1_11_promoted326_fu_1138    |   9|          2|   32|         64|
    |arrayidx179_1_12_promoted329_fu_1142    |   9|          2|   32|         64|
    |arrayidx179_1_1_promoted296_fu_1098     |   9|          2|   32|         64|
    |arrayidx179_1_2_promoted299_fu_1102     |   9|          2|   32|         64|
    |arrayidx179_1_3_promoted302_fu_1106     |   9|          2|   32|         64|
    |arrayidx179_1_4_promoted305_fu_1110     |   9|          2|   32|         64|
    |arrayidx179_1_5_promoted308_fu_1114     |   9|          2|   32|         64|
    |arrayidx179_1_6_promoted311_fu_1118     |   9|          2|   32|         64|
    |arrayidx179_1_7_promoted314_fu_1122     |   9|          2|   32|         64|
    |arrayidx179_1_8_promoted317_fu_1126     |   9|          2|   32|         64|
    |arrayidx179_1_9_promoted320_fu_1130     |   9|          2|   32|         64|
    |arrayidx179_1_promoted293_fu_1094       |   9|          2|   32|         64|
    |arrayidx179_23895_promoted260_fu_1050   |   9|          2|   32|         64|
    |arrayidx179_2_10_promoted362_fu_1186    |   9|          2|   32|         64|
    |arrayidx179_2_11_promoted365_fu_1190    |   9|          2|   32|         64|
    |arrayidx179_2_12_promoted368_fu_1194    |   9|          2|   32|         64|
    |arrayidx179_2_1_promoted335_fu_1150     |   9|          2|   32|         64|
    |arrayidx179_2_2_promoted338_fu_1154     |   9|          2|   32|         64|
    |arrayidx179_2_3_promoted341_fu_1158     |   9|          2|   32|         64|
    |arrayidx179_2_4_promoted344_fu_1162     |   9|          2|   32|         64|
    |arrayidx179_2_5_promoted347_fu_1166     |   9|          2|   32|         64|
    |arrayidx179_2_6_promoted350_fu_1170     |   9|          2|   32|         64|
    |arrayidx179_2_7_promoted353_fu_1174     |   9|          2|   32|         64|
    |arrayidx179_2_8_promoted356_fu_1178     |   9|          2|   32|         64|
    |arrayidx179_2_9_promoted359_fu_1182     |   9|          2|   32|         64|
    |arrayidx179_2_promoted332_fu_1146       |   9|          2|   32|         64|
    |arrayidx179_33912_promoted263_fu_1054   |   9|          2|   32|         64|
    |arrayidx179_3_10_promoted401_fu_1238    |   9|          2|   32|         64|
    |arrayidx179_3_11_promoted404_fu_1242    |   9|          2|   32|         64|
    |arrayidx179_3_12_promoted407_fu_1246    |   9|          2|   32|         64|
    |arrayidx179_3_1_promoted374_fu_1202     |   9|          2|   32|         64|
    |arrayidx179_3_2_promoted377_fu_1206     |   9|          2|   32|         64|
    |arrayidx179_3_3_promoted380_fu_1210     |   9|          2|   32|         64|
    |arrayidx179_3_4_promoted383_fu_1214     |   9|          2|   32|         64|
    |arrayidx179_3_5_promoted386_fu_1218     |   9|          2|   32|         64|
    |arrayidx179_3_6_promoted389_fu_1222     |   9|          2|   32|         64|
    |arrayidx179_3_7_promoted392_fu_1226     |   9|          2|   32|         64|
    |arrayidx179_3_8_promoted395_fu_1230     |   9|          2|   32|         64|
    |arrayidx179_3_9_promoted398_fu_1234     |   9|          2|   32|         64|
    |arrayidx179_3_promoted371_fu_1198       |   9|          2|   32|         64|
    |arrayidx179_43929_promoted266_fu_1058   |   9|          2|   32|         64|
    |arrayidx179_4_10_promoted440_fu_1290    |   9|          2|   32|         64|
    |arrayidx179_4_11_promoted443_fu_1294    |   9|          2|   32|         64|
    |arrayidx179_4_12_promoted446_fu_1298    |   9|          2|   32|         64|
    |arrayidx179_4_1_promoted413_fu_1254     |   9|          2|   32|         64|
    |arrayidx179_4_2_promoted416_fu_1258     |   9|          2|   32|         64|
    |arrayidx179_4_3_promoted419_fu_1262     |   9|          2|   32|         64|
    |arrayidx179_4_4_promoted422_fu_1266     |   9|          2|   32|         64|
    |arrayidx179_4_5_promoted425_fu_1270     |   9|          2|   32|         64|
    |arrayidx179_4_6_promoted428_fu_1274     |   9|          2|   32|         64|
    |arrayidx179_4_7_promoted431_fu_1278     |   9|          2|   32|         64|
    |arrayidx179_4_8_promoted434_fu_1282     |   9|          2|   32|         64|
    |arrayidx179_4_9_promoted437_fu_1286     |   9|          2|   32|         64|
    |arrayidx179_4_promoted410_fu_1250       |   9|          2|   32|         64|
    |arrayidx179_53946_promoted269_fu_1062   |   9|          2|   32|         64|
    |arrayidx179_5_10_promoted479_fu_1342    |   9|          2|   32|         64|
    |arrayidx179_5_11_promoted482_fu_1346    |   9|          2|   32|         64|
    |arrayidx179_5_12_promoted485_fu_1350    |   9|          2|   32|         64|
    |arrayidx179_5_1_promoted452_fu_1306     |   9|          2|   32|         64|
    |arrayidx179_5_2_promoted455_fu_1310     |   9|          2|   32|         64|
    |arrayidx179_5_3_promoted458_fu_1314     |   9|          2|   32|         64|
    |arrayidx179_5_4_promoted461_fu_1318     |   9|          2|   32|         64|
    |arrayidx179_5_5_promoted464_fu_1322     |   9|          2|   32|         64|
    |arrayidx179_5_6_promoted467_fu_1326     |   9|          2|   32|         64|
    |arrayidx179_5_7_promoted470_fu_1330     |   9|          2|   32|         64|
    |arrayidx179_5_8_promoted473_fu_1334     |   9|          2|   32|         64|
    |arrayidx179_5_9_promoted476_fu_1338     |   9|          2|   32|         64|
    |arrayidx179_5_promoted449_fu_1302       |   9|          2|   32|         64|
    |arrayidx179_63963_promoted272_fu_1066   |   9|          2|   32|         64|
    |arrayidx179_6_10_promoted518_fu_1394    |   9|          2|   32|         64|
    |arrayidx179_6_11_promoted521_fu_1398    |   9|          2|   32|         64|
    |arrayidx179_6_12_promoted524_fu_1402    |   9|          2|   32|         64|
    |arrayidx179_6_1_promoted491_fu_1358     |   9|          2|   32|         64|
    |arrayidx179_6_2_promoted494_fu_1362     |   9|          2|   32|         64|
    |arrayidx179_6_3_promoted497_fu_1366     |   9|          2|   32|         64|
    |arrayidx179_6_4_promoted500_fu_1370     |   9|          2|   32|         64|
    |arrayidx179_6_5_promoted503_fu_1374     |   9|          2|   32|         64|
    |arrayidx179_6_6_promoted506_fu_1378     |   9|          2|   32|         64|
    |arrayidx179_6_7_promoted509_fu_1382     |   9|          2|   32|         64|
    |arrayidx179_6_8_promoted512_fu_1386     |   9|          2|   32|         64|
    |arrayidx179_6_9_promoted515_fu_1390     |   9|          2|   32|         64|
    |arrayidx179_6_promoted488_fu_1354       |   9|          2|   32|         64|
    |arrayidx179_73980_promoted275_fu_1070   |   9|          2|   32|         64|
    |arrayidx179_7_10_promoted557_fu_1446    |   9|          2|   32|         64|
    |arrayidx179_7_11_promoted560_fu_1450    |   9|          2|   32|         64|
    |arrayidx179_7_12_promoted563_fu_1454    |   9|          2|   32|         64|
    |arrayidx179_7_1_promoted530_fu_1410     |   9|          2|   32|         64|
    |arrayidx179_7_2_promoted533_fu_1414     |   9|          2|   32|         64|
    |arrayidx179_7_3_promoted536_fu_1418     |   9|          2|   32|         64|
    |arrayidx179_7_4_promoted539_fu_1422     |   9|          2|   32|         64|
    |arrayidx179_7_5_promoted542_fu_1426     |   9|          2|   32|         64|
    |arrayidx179_7_6_promoted545_fu_1430     |   9|          2|   32|         64|
    |arrayidx179_7_7_promoted548_fu_1434     |   9|          2|   32|         64|
    |arrayidx179_7_8_promoted551_fu_1438     |   9|          2|   32|         64|
    |arrayidx179_7_9_promoted554_fu_1442     |   9|          2|   32|         64|
    |arrayidx179_7_promoted527_fu_1406       |   9|          2|   32|         64|
    |arrayidx179_83997_promoted278_fu_1074   |   9|          2|   32|         64|
    |arrayidx179_8_10_promoted596_fu_1498    |   9|          2|   32|         64|
    |arrayidx179_8_11_promoted599_fu_1502    |   9|          2|   32|         64|
    |arrayidx179_8_12_promoted602_fu_1506    |   9|          2|   32|         64|
    |arrayidx179_8_1_promoted569_fu_1462     |   9|          2|   32|         64|
    |arrayidx179_8_2_promoted572_fu_1466     |   9|          2|   32|         64|
    |arrayidx179_8_3_promoted575_fu_1470     |   9|          2|   32|         64|
    |arrayidx179_8_4_promoted578_fu_1474     |   9|          2|   32|         64|
    |arrayidx179_8_5_promoted581_fu_1478     |   9|          2|   32|         64|
    |arrayidx179_8_6_promoted584_fu_1482     |   9|          2|   32|         64|
    |arrayidx179_8_7_promoted587_fu_1486     |   9|          2|   32|         64|
    |arrayidx179_8_8_promoted590_fu_1490     |   9|          2|   32|         64|
    |arrayidx179_8_9_promoted593_fu_1494     |   9|          2|   32|         64|
    |arrayidx179_8_promoted566_fu_1458       |   9|          2|   32|         64|
    |arrayidx179_94014_promoted281_fu_1078   |   9|          2|   32|         64|
    |arrayidx179_9_10_promoted635_fu_1550    |   9|          2|   32|         64|
    |arrayidx179_9_11_promoted638_fu_1554    |   9|          2|   32|         64|
    |arrayidx179_9_12_promoted641_fu_1558    |   9|          2|   32|         64|
    |arrayidx179_9_1_promoted608_fu_1514     |   9|          2|   32|         64|
    |arrayidx179_9_2_promoted611_fu_1518     |   9|          2|   32|         64|
    |arrayidx179_9_3_promoted614_fu_1522     |   9|          2|   32|         64|
    |arrayidx179_9_4_promoted617_fu_1526     |   9|          2|   32|         64|
    |arrayidx179_9_5_promoted620_fu_1530     |   9|          2|   32|         64|
    |arrayidx179_9_6_promoted623_fu_1534     |   9|          2|   32|         64|
    |arrayidx179_9_7_promoted626_fu_1538     |   9|          2|   32|         64|
    |arrayidx179_9_8_promoted629_fu_1542     |   9|          2|   32|         64|
    |arrayidx179_9_9_promoted632_fu_1546     |   9|          2|   32|         64|
    |arrayidx179_9_promoted605_fu_1510       |   9|          2|   32|         64|
    |arrayidx179_promoted254_fu_1042         |   9|          2|   32|         64|
    |i_fu_1038                               |   9|          2|    8|         16|
    +----------------------------------------+----+-----------+-----+-----------+
    |Total                                   |1548|        344| 5425|      10850|
    +----------------------------------------+----+-----------+-----+-----------+

    * Register: 
    +----------------------------------------+----+----+-----+-----------+
    |                  Name                  | FF | LUT| Bits| Const Bits|
    +----------------------------------------+----+----+-----+-----------+
    |ap_CS_fsm                               |   1|   0|    1|          0|
    |ap_done_reg                             |   1|   0|    1|          0|
    |arrayidx179_104031_promoted284_fu_1082  |  32|   0|   32|          0|
    |arrayidx179_10_10_promoted674_fu_1602   |  32|   0|   32|          0|
    |arrayidx179_10_11_promoted677_fu_1606   |  32|   0|   32|          0|
    |arrayidx179_10_12_promoted680_fu_1610   |  32|   0|   32|          0|
    |arrayidx179_10_1_promoted647_fu_1566    |  32|   0|   32|          0|
    |arrayidx179_10_2_promoted650_fu_1570    |  32|   0|   32|          0|
    |arrayidx179_10_3_promoted653_fu_1574    |  32|   0|   32|          0|
    |arrayidx179_10_4_promoted656_fu_1578    |  32|   0|   32|          0|
    |arrayidx179_10_5_promoted659_fu_1582    |  32|   0|   32|          0|
    |arrayidx179_10_6_promoted662_fu_1586    |  32|   0|   32|          0|
    |arrayidx179_10_7_promoted665_fu_1590    |  32|   0|   32|          0|
    |arrayidx179_10_8_promoted668_fu_1594    |  32|   0|   32|          0|
    |arrayidx179_10_9_promoted671_fu_1598    |  32|   0|   32|          0|
    |arrayidx179_10_promoted644_fu_1562      |  32|   0|   32|          0|
    |arrayidx179_114048_promoted287_fu_1086  |  32|   0|   32|          0|
    |arrayidx179_11_10_promoted713_fu_1654   |  32|   0|   32|          0|
    |arrayidx179_11_11_promoted716_fu_1658   |  32|   0|   32|          0|
    |arrayidx179_11_12_promoted719_fu_1662   |  32|   0|   32|          0|
    |arrayidx179_11_1_promoted686_fu_1618    |  32|   0|   32|          0|
    |arrayidx179_11_2_promoted689_fu_1622    |  32|   0|   32|          0|
    |arrayidx179_11_3_promoted692_fu_1626    |  32|   0|   32|          0|
    |arrayidx179_11_4_promoted695_fu_1630    |  32|   0|   32|          0|
    |arrayidx179_11_5_promoted698_fu_1634    |  32|   0|   32|          0|
    |arrayidx179_11_6_promoted701_fu_1638    |  32|   0|   32|          0|
    |arrayidx179_11_7_promoted704_fu_1642    |  32|   0|   32|          0|
    |arrayidx179_11_8_promoted707_fu_1646    |  32|   0|   32|          0|
    |arrayidx179_11_9_promoted710_fu_1650    |  32|   0|   32|          0|
    |arrayidx179_11_promoted683_fu_1614      |  32|   0|   32|          0|
    |arrayidx179_124065_promoted290_fu_1090  |  32|   0|   32|          0|
    |arrayidx179_12_10_promoted752_fu_1706   |  32|   0|   32|          0|
    |arrayidx179_12_11_promoted755_fu_1710   |  32|   0|   32|          0|
    |arrayidx179_12_12_promoted758_fu_1714   |  32|   0|   32|          0|
    |arrayidx179_12_1_promoted725_fu_1670    |  32|   0|   32|          0|
    |arrayidx179_12_2_promoted728_fu_1674    |  32|   0|   32|          0|
    |arrayidx179_12_3_promoted731_fu_1678    |  32|   0|   32|          0|
    |arrayidx179_12_4_promoted734_fu_1682    |  32|   0|   32|          0|
    |arrayidx179_12_5_promoted737_fu_1686    |  32|   0|   32|          0|
    |arrayidx179_12_6_promoted740_fu_1690    |  32|   0|   32|          0|
    |arrayidx179_12_7_promoted743_fu_1694    |  32|   0|   32|          0|
    |arrayidx179_12_8_promoted746_fu_1698    |  32|   0|   32|          0|
    |arrayidx179_12_9_promoted749_fu_1702    |  32|   0|   32|          0|
    |arrayidx179_12_promoted722_fu_1666      |  32|   0|   32|          0|
    |arrayidx179_13878_promoted257_fu_1046   |  32|   0|   32|          0|
    |arrayidx179_1_10_promoted323_fu_1134    |  32|   0|   32|          0|
    |arrayidx179_1_11_promoted326_fu_1138    |  32|   0|   32|          0|
    |arrayidx179_1_12_promoted329_fu_1142    |  32|   0|   32|          0|
    |arrayidx179_1_1_promoted296_fu_1098     |  32|   0|   32|          0|
    |arrayidx179_1_2_promoted299_fu_1102     |  32|   0|   32|          0|
    |arrayidx179_1_3_promoted302_fu_1106     |  32|   0|   32|          0|
    |arrayidx179_1_4_promoted305_fu_1110     |  32|   0|   32|          0|
    |arrayidx179_1_5_promoted308_fu_1114     |  32|   0|   32|          0|
    |arrayidx179_1_6_promoted311_fu_1118     |  32|   0|   32|          0|
    |arrayidx179_1_7_promoted314_fu_1122     |  32|   0|   32|          0|
    |arrayidx179_1_8_promoted317_fu_1126     |  32|   0|   32|          0|
    |arrayidx179_1_9_promoted320_fu_1130     |  32|   0|   32|          0|
    |arrayidx179_1_promoted293_fu_1094       |  32|   0|   32|          0|
    |arrayidx179_23895_promoted260_fu_1050   |  32|   0|   32|          0|
    |arrayidx179_2_10_promoted362_fu_1186    |  32|   0|   32|          0|
    |arrayidx179_2_11_promoted365_fu_1190    |  32|   0|   32|          0|
    |arrayidx179_2_12_promoted368_fu_1194    |  32|   0|   32|          0|
    |arrayidx179_2_1_promoted335_fu_1150     |  32|   0|   32|          0|
    |arrayidx179_2_2_promoted338_fu_1154     |  32|   0|   32|          0|
    |arrayidx179_2_3_promoted341_fu_1158     |  32|   0|   32|          0|
    |arrayidx179_2_4_promoted344_fu_1162     |  32|   0|   32|          0|
    |arrayidx179_2_5_promoted347_fu_1166     |  32|   0|   32|          0|
    |arrayidx179_2_6_promoted350_fu_1170     |  32|   0|   32|          0|
    |arrayidx179_2_7_promoted353_fu_1174     |  32|   0|   32|          0|
    |arrayidx179_2_8_promoted356_fu_1178     |  32|   0|   32|          0|
    |arrayidx179_2_9_promoted359_fu_1182     |  32|   0|   32|          0|
    |arrayidx179_2_promoted332_fu_1146       |  32|   0|   32|          0|
    |arrayidx179_33912_promoted263_fu_1054   |  32|   0|   32|          0|
    |arrayidx179_3_10_promoted401_fu_1238    |  32|   0|   32|          0|
    |arrayidx179_3_11_promoted404_fu_1242    |  32|   0|   32|          0|
    |arrayidx179_3_12_promoted407_fu_1246    |  32|   0|   32|          0|
    |arrayidx179_3_1_promoted374_fu_1202     |  32|   0|   32|          0|
    |arrayidx179_3_2_promoted377_fu_1206     |  32|   0|   32|          0|
    |arrayidx179_3_3_promoted380_fu_1210     |  32|   0|   32|          0|
    |arrayidx179_3_4_promoted383_fu_1214     |  32|   0|   32|          0|
    |arrayidx179_3_5_promoted386_fu_1218     |  32|   0|   32|          0|
    |arrayidx179_3_6_promoted389_fu_1222     |  32|   0|   32|          0|
    |arrayidx179_3_7_promoted392_fu_1226     |  32|   0|   32|          0|
    |arrayidx179_3_8_promoted395_fu_1230     |  32|   0|   32|          0|
    |arrayidx179_3_9_promoted398_fu_1234     |  32|   0|   32|          0|
    |arrayidx179_3_promoted371_fu_1198       |  32|   0|   32|          0|
    |arrayidx179_43929_promoted266_fu_1058   |  32|   0|   32|          0|
    |arrayidx179_4_10_promoted440_fu_1290    |  32|   0|   32|          0|
    |arrayidx179_4_11_promoted443_fu_1294    |  32|   0|   32|          0|
    |arrayidx179_4_12_promoted446_fu_1298    |  32|   0|   32|          0|
    |arrayidx179_4_1_promoted413_fu_1254     |  32|   0|   32|          0|
    |arrayidx179_4_2_promoted416_fu_1258     |  32|   0|   32|          0|
    |arrayidx179_4_3_promoted419_fu_1262     |  32|   0|   32|          0|
    |arrayidx179_4_4_promoted422_fu_1266     |  32|   0|   32|          0|
    |arrayidx179_4_5_promoted425_fu_1270     |  32|   0|   32|          0|
    |arrayidx179_4_6_promoted428_fu_1274     |  32|   0|   32|          0|
    |arrayidx179_4_7_promoted431_fu_1278     |  32|   0|   32|          0|
    |arrayidx179_4_8_promoted434_fu_1282     |  32|   0|   32|          0|
    |arrayidx179_4_9_promoted437_fu_1286     |  32|   0|   32|          0|
    |arrayidx179_4_promoted410_fu_1250       |  32|   0|   32|          0|
    |arrayidx179_53946_promoted269_fu_1062   |  32|   0|   32|          0|
    |arrayidx179_5_10_promoted479_fu_1342    |  32|   0|   32|          0|
    |arrayidx179_5_11_promoted482_fu_1346    |  32|   0|   32|          0|
    |arrayidx179_5_12_promoted485_fu_1350    |  32|   0|   32|          0|
    |arrayidx179_5_1_promoted452_fu_1306     |  32|   0|   32|          0|
    |arrayidx179_5_2_promoted455_fu_1310     |  32|   0|   32|          0|
    |arrayidx179_5_3_promoted458_fu_1314     |  32|   0|   32|          0|
    |arrayidx179_5_4_promoted461_fu_1318     |  32|   0|   32|          0|
    |arrayidx179_5_5_promoted464_fu_1322     |  32|   0|   32|          0|
    |arrayidx179_5_6_promoted467_fu_1326     |  32|   0|   32|          0|
    |arrayidx179_5_7_promoted470_fu_1330     |  32|   0|   32|          0|
    |arrayidx179_5_8_promoted473_fu_1334     |  32|   0|   32|          0|
    |arrayidx179_5_9_promoted476_fu_1338     |  32|   0|   32|          0|
    |arrayidx179_5_promoted449_fu_1302       |  32|   0|   32|          0|
    |arrayidx179_63963_promoted272_fu_1066   |  32|   0|   32|          0|
    |arrayidx179_6_10_promoted518_fu_1394    |  32|   0|   32|          0|
    |arrayidx179_6_11_promoted521_fu_1398    |  32|   0|   32|          0|
    |arrayidx179_6_12_promoted524_fu_1402    |  32|   0|   32|          0|
    |arrayidx179_6_1_promoted491_fu_1358     |  32|   0|   32|          0|
    |arrayidx179_6_2_promoted494_fu_1362     |  32|   0|   32|          0|
    |arrayidx179_6_3_promoted497_fu_1366     |  32|   0|   32|          0|
    |arrayidx179_6_4_promoted500_fu_1370     |  32|   0|   32|          0|
    |arrayidx179_6_5_promoted503_fu_1374     |  32|   0|   32|          0|
    |arrayidx179_6_6_promoted506_fu_1378     |  32|   0|   32|          0|
    |arrayidx179_6_7_promoted509_fu_1382     |  32|   0|   32|          0|
    |arrayidx179_6_8_promoted512_fu_1386     |  32|   0|   32|          0|
    |arrayidx179_6_9_promoted515_fu_1390     |  32|   0|   32|          0|
    |arrayidx179_6_promoted488_fu_1354       |  32|   0|   32|          0|
    |arrayidx179_73980_promoted275_fu_1070   |  32|   0|   32|          0|
    |arrayidx179_7_10_promoted557_fu_1446    |  32|   0|   32|          0|
    |arrayidx179_7_11_promoted560_fu_1450    |  32|   0|   32|          0|
    |arrayidx179_7_12_promoted563_fu_1454    |  32|   0|   32|          0|
    |arrayidx179_7_1_promoted530_fu_1410     |  32|   0|   32|          0|
    |arrayidx179_7_2_promoted533_fu_1414     |  32|   0|   32|          0|
    |arrayidx179_7_3_promoted536_fu_1418     |  32|   0|   32|          0|
    |arrayidx179_7_4_promoted539_fu_1422     |  32|   0|   32|          0|
    |arrayidx179_7_5_promoted542_fu_1426     |  32|   0|   32|          0|
    |arrayidx179_7_6_promoted545_fu_1430     |  32|   0|   32|          0|
    |arrayidx179_7_7_promoted548_fu_1434     |  32|   0|   32|          0|
    |arrayidx179_7_8_promoted551_fu_1438     |  32|   0|   32|          0|
    |arrayidx179_7_9_promoted554_fu_1442     |  32|   0|   32|          0|
    |arrayidx179_7_promoted527_fu_1406       |  32|   0|   32|          0|
    |arrayidx179_83997_promoted278_fu_1074   |  32|   0|   32|          0|
    |arrayidx179_8_10_promoted596_fu_1498    |  32|   0|   32|          0|
    |arrayidx179_8_11_promoted599_fu_1502    |  32|   0|   32|          0|
    |arrayidx179_8_12_promoted602_fu_1506    |  32|   0|   32|          0|
    |arrayidx179_8_1_promoted569_fu_1462     |  32|   0|   32|          0|
    |arrayidx179_8_2_promoted572_fu_1466     |  32|   0|   32|          0|
    |arrayidx179_8_3_promoted575_fu_1470     |  32|   0|   32|          0|
    |arrayidx179_8_4_promoted578_fu_1474     |  32|   0|   32|          0|
    |arrayidx179_8_5_promoted581_fu_1478     |  32|   0|   32|          0|
    |arrayidx179_8_6_promoted584_fu_1482     |  32|   0|   32|          0|
    |arrayidx179_8_7_promoted587_fu_1486     |  32|   0|   32|          0|
    |arrayidx179_8_8_promoted590_fu_1490     |  32|   0|   32|          0|
    |arrayidx179_8_9_promoted593_fu_1494     |  32|   0|   32|          0|
    |arrayidx179_8_promoted566_fu_1458       |  32|   0|   32|          0|
    |arrayidx179_94014_promoted281_fu_1078   |  32|   0|   32|          0|
    |arrayidx179_9_10_promoted635_fu_1550    |  32|   0|   32|          0|
    |arrayidx179_9_11_promoted638_fu_1554    |  32|   0|   32|          0|
    |arrayidx179_9_12_promoted641_fu_1558    |  32|   0|   32|          0|
    |arrayidx179_9_1_promoted608_fu_1514     |  32|   0|   32|          0|
    |arrayidx179_9_2_promoted611_fu_1518     |  32|   0|   32|          0|
    |arrayidx179_9_3_promoted614_fu_1522     |  32|   0|   32|          0|
    |arrayidx179_9_4_promoted617_fu_1526     |  32|   0|   32|          0|
    |arrayidx179_9_5_promoted620_fu_1530     |  32|   0|   32|          0|
    |arrayidx179_9_6_promoted623_fu_1534     |  32|   0|   32|          0|
    |arrayidx179_9_7_promoted626_fu_1538     |  32|   0|   32|          0|
    |arrayidx179_9_8_promoted629_fu_1542     |  32|   0|   32|          0|
    |arrayidx179_9_9_promoted632_fu_1546     |  32|   0|   32|          0|
    |arrayidx179_9_promoted605_fu_1510       |  32|   0|   32|          0|
    |arrayidx179_promoted254_fu_1042         |  32|   0|   32|          0|
    |i_fu_1038                               |   8|   0|    8|          0|
    +----------------------------------------+----+----+-----+-----------+
    |Total                                   |5418|   0| 5418|          0|
    +----------------------------------------+----+----+-----+-----------+



================================================================
== Interface
================================================================
* Summary: 
+-------------------------------------------+-----+-----+------------+------------------------------------+--------------+
|                 RTL Ports                 | Dir | Bits|  Protocol  |            Source Object           |    C Type    |
+-------------------------------------------+-----+-----+------------+------------------------------------+--------------+
|ap_clk                                     |   in|    1|  ap_ctrl_hs|      conv3_Pipeline_VITIS_LOOP_91_1|  return value|
|ap_rst                                     |   in|    1|  ap_ctrl_hs|      conv3_Pipeline_VITIS_LOOP_91_1|  return value|
|ap_start                                   |   in|    1|  ap_ctrl_hs|      conv3_Pipeline_VITIS_LOOP_91_1|  return value|
|ap_done                                    |  out|    1|  ap_ctrl_hs|      conv3_Pipeline_VITIS_LOOP_91_1|  return value|
|ap_idle                                    |  out|    1|  ap_ctrl_hs|      conv3_Pipeline_VITIS_LOOP_91_1|  return value|
|ap_ready                                   |  out|    1|  ap_ctrl_hs|      conv3_Pipeline_VITIS_LOOP_91_1|  return value|
|arrayidx179_12_12_promoted760              |   in|   32|     ap_none|       arrayidx179_12_12_promoted760|        scalar|
|arrayidx179_12_11_promoted757              |   in|   32|     ap_none|       arrayidx179_12_11_promoted757|        scalar|
|arrayidx179_12_10_promoted754              |   in|   32|     ap_none|       arrayidx179_12_10_promoted754|        scalar|
|arrayidx179_12_9_promoted751               |   in|   32|     ap_none|        arrayidx179_12_9_promoted751|        scalar|
|arrayidx179_12_8_promoted748               |   in|   32|     ap_none|        arrayidx179_12_8_promoted748|        scalar|
|arrayidx179_12_7_promoted745               |   in|   32|     ap_none|        arrayidx179_12_7_promoted745|        scalar|
|arrayidx179_12_6_promoted742               |   in|   32|     ap_none|        arrayidx179_12_6_promoted742|        scalar|
|arrayidx179_12_5_promoted739               |   in|   32|     ap_none|        arrayidx179_12_5_promoted739|        scalar|
|arrayidx179_12_4_promoted736               |   in|   32|     ap_none|        arrayidx179_12_4_promoted736|        scalar|
|arrayidx179_12_3_promoted733               |   in|   32|     ap_none|        arrayidx179_12_3_promoted733|        scalar|
|arrayidx179_12_2_promoted730               |   in|   32|     ap_none|        arrayidx179_12_2_promoted730|        scalar|
|arrayidx179_12_1_promoted727               |   in|   32|     ap_none|        arrayidx179_12_1_promoted727|        scalar|
|arrayidx179_12_promoted724                 |   in|   32|     ap_none|          arrayidx179_12_promoted724|        scalar|
|arrayidx179_11_12_promoted721              |   in|   32|     ap_none|       arrayidx179_11_12_promoted721|        scalar|
|arrayidx179_11_11_promoted718              |   in|   32|     ap_none|       arrayidx179_11_11_promoted718|        scalar|
|arrayidx179_11_10_promoted715              |   in|   32|     ap_none|       arrayidx179_11_10_promoted715|        scalar|
|arrayidx179_11_9_promoted712               |   in|   32|     ap_none|        arrayidx179_11_9_promoted712|        scalar|
|arrayidx179_11_8_promoted709               |   in|   32|     ap_none|        arrayidx179_11_8_promoted709|        scalar|
|arrayidx179_11_7_promoted706               |   in|   32|     ap_none|        arrayidx179_11_7_promoted706|        scalar|
|arrayidx179_11_6_promoted703               |   in|   32|     ap_none|        arrayidx179_11_6_promoted703|        scalar|
|arrayidx179_11_5_promoted700               |   in|   32|     ap_none|        arrayidx179_11_5_promoted700|        scalar|
|arrayidx179_11_4_promoted697               |   in|   32|     ap_none|        arrayidx179_11_4_promoted697|        scalar|
|arrayidx179_11_3_promoted694               |   in|   32|     ap_none|        arrayidx179_11_3_promoted694|        scalar|
|arrayidx179_11_2_promoted691               |   in|   32|     ap_none|        arrayidx179_11_2_promoted691|        scalar|
|arrayidx179_11_1_promoted688               |   in|   32|     ap_none|        arrayidx179_11_1_promoted688|        scalar|
|arrayidx179_11_promoted685                 |   in|   32|     ap_none|          arrayidx179_11_promoted685|        scalar|
|arrayidx179_10_12_promoted682              |   in|   32|     ap_none|       arrayidx179_10_12_promoted682|        scalar|
|arrayidx179_10_11_promoted679              |   in|   32|     ap_none|       arrayidx179_10_11_promoted679|        scalar|
|arrayidx179_10_10_promoted676              |   in|   32|     ap_none|       arrayidx179_10_10_promoted676|        scalar|
|arrayidx179_10_9_promoted673               |   in|   32|     ap_none|        arrayidx179_10_9_promoted673|        scalar|
|arrayidx179_10_8_promoted670               |   in|   32|     ap_none|        arrayidx179_10_8_promoted670|        scalar|
|arrayidx179_10_7_promoted667               |   in|   32|     ap_none|        arrayidx179_10_7_promoted667|        scalar|
|arrayidx179_10_6_promoted664               |   in|   32|     ap_none|        arrayidx179_10_6_promoted664|        scalar|
|arrayidx179_10_5_promoted661               |   in|   32|     ap_none|        arrayidx179_10_5_promoted661|        scalar|
|arrayidx179_10_4_promoted658               |   in|   32|     ap_none|        arrayidx179_10_4_promoted658|        scalar|
|arrayidx179_10_3_promoted655               |   in|   32|     ap_none|        arrayidx179_10_3_promoted655|        scalar|
|arrayidx179_10_2_promoted652               |   in|   32|     ap_none|        arrayidx179_10_2_promoted652|        scalar|
|arrayidx179_10_1_promoted649               |   in|   32|     ap_none|        arrayidx179_10_1_promoted649|        scalar|
|arrayidx179_10_promoted646                 |   in|   32|     ap_none|          arrayidx179_10_promoted646|        scalar|
|arrayidx179_9_12_promoted643               |   in|   32|     ap_none|        arrayidx179_9_12_promoted643|        scalar|
|arrayidx179_9_11_promoted640               |   in|   32|     ap_none|        arrayidx179_9_11_promoted640|        scalar|
|arrayidx179_9_10_promoted637               |   in|   32|     ap_none|        arrayidx179_9_10_promoted637|        scalar|
|arrayidx179_9_9_promoted634                |   in|   32|     ap_none|         arrayidx179_9_9_promoted634|        scalar|
|arrayidx179_9_8_promoted631                |   in|   32|     ap_none|         arrayidx179_9_8_promoted631|        scalar|
|arrayidx179_9_7_promoted628                |   in|   32|     ap_none|         arrayidx179_9_7_promoted628|        scalar|
|arrayidx179_9_6_promoted625                |   in|   32|     ap_none|         arrayidx179_9_6_promoted625|        scalar|
|arrayidx179_9_5_promoted622                |   in|   32|     ap_none|         arrayidx179_9_5_promoted622|        scalar|
|arrayidx179_9_4_promoted619                |   in|   32|     ap_none|         arrayidx179_9_4_promoted619|        scalar|
|arrayidx179_9_3_promoted616                |   in|   32|     ap_none|         arrayidx179_9_3_promoted616|        scalar|
|arrayidx179_9_2_promoted613                |   in|   32|     ap_none|         arrayidx179_9_2_promoted613|        scalar|
|arrayidx179_9_1_promoted610                |   in|   32|     ap_none|         arrayidx179_9_1_promoted610|        scalar|
|arrayidx179_9_promoted607                  |   in|   32|     ap_none|           arrayidx179_9_promoted607|        scalar|
|arrayidx179_8_12_promoted604               |   in|   32|     ap_none|        arrayidx179_8_12_promoted604|        scalar|
|arrayidx179_8_11_promoted601               |   in|   32|     ap_none|        arrayidx179_8_11_promoted601|        scalar|
|arrayidx179_8_10_promoted598               |   in|   32|     ap_none|        arrayidx179_8_10_promoted598|        scalar|
|arrayidx179_8_9_promoted595                |   in|   32|     ap_none|         arrayidx179_8_9_promoted595|        scalar|
|arrayidx179_8_8_promoted592                |   in|   32|     ap_none|         arrayidx179_8_8_promoted592|        scalar|
|arrayidx179_8_7_promoted589                |   in|   32|     ap_none|         arrayidx179_8_7_promoted589|        scalar|
|arrayidx179_8_6_promoted586                |   in|   32|     ap_none|         arrayidx179_8_6_promoted586|        scalar|
|arrayidx179_8_5_promoted583                |   in|   32|     ap_none|         arrayidx179_8_5_promoted583|        scalar|
|arrayidx179_8_4_promoted580                |   in|   32|     ap_none|         arrayidx179_8_4_promoted580|        scalar|
|arrayidx179_8_3_promoted577                |   in|   32|     ap_none|         arrayidx179_8_3_promoted577|        scalar|
|arrayidx179_8_2_promoted574                |   in|   32|     ap_none|         arrayidx179_8_2_promoted574|        scalar|
|arrayidx179_8_1_promoted571                |   in|   32|     ap_none|         arrayidx179_8_1_promoted571|        scalar|
|arrayidx179_8_promoted568                  |   in|   32|     ap_none|           arrayidx179_8_promoted568|        scalar|
|arrayidx179_7_12_promoted565               |   in|   32|     ap_none|        arrayidx179_7_12_promoted565|        scalar|
|arrayidx179_7_11_promoted562               |   in|   32|     ap_none|        arrayidx179_7_11_promoted562|        scalar|
|arrayidx179_7_10_promoted559               |   in|   32|     ap_none|        arrayidx179_7_10_promoted559|        scalar|
|arrayidx179_7_9_promoted556                |   in|   32|     ap_none|         arrayidx179_7_9_promoted556|        scalar|
|arrayidx179_7_8_promoted553                |   in|   32|     ap_none|         arrayidx179_7_8_promoted553|        scalar|
|arrayidx179_7_7_promoted550                |   in|   32|     ap_none|         arrayidx179_7_7_promoted550|        scalar|
|arrayidx179_7_6_promoted547                |   in|   32|     ap_none|         arrayidx179_7_6_promoted547|        scalar|
|arrayidx179_7_5_promoted544                |   in|   32|     ap_none|         arrayidx179_7_5_promoted544|        scalar|
|arrayidx179_7_4_promoted541                |   in|   32|     ap_none|         arrayidx179_7_4_promoted541|        scalar|
|arrayidx179_7_3_promoted538                |   in|   32|     ap_none|         arrayidx179_7_3_promoted538|        scalar|
|arrayidx179_7_2_promoted535                |   in|   32|     ap_none|         arrayidx179_7_2_promoted535|        scalar|
|arrayidx179_7_1_promoted532                |   in|   32|     ap_none|         arrayidx179_7_1_promoted532|        scalar|
|arrayidx179_7_promoted529                  |   in|   32|     ap_none|           arrayidx179_7_promoted529|        scalar|
|arrayidx179_6_12_promoted526               |   in|   32|     ap_none|        arrayidx179_6_12_promoted526|        scalar|
|arrayidx179_6_11_promoted523               |   in|   32|     ap_none|        arrayidx179_6_11_promoted523|        scalar|
|arrayidx179_6_10_promoted520               |   in|   32|     ap_none|        arrayidx179_6_10_promoted520|        scalar|
|arrayidx179_6_9_promoted517                |   in|   32|     ap_none|         arrayidx179_6_9_promoted517|        scalar|
|arrayidx179_6_8_promoted514                |   in|   32|     ap_none|         arrayidx179_6_8_promoted514|        scalar|
|arrayidx179_6_7_promoted511                |   in|   32|     ap_none|         arrayidx179_6_7_promoted511|        scalar|
|arrayidx179_6_6_promoted508                |   in|   32|     ap_none|         arrayidx179_6_6_promoted508|        scalar|
|arrayidx179_6_5_promoted505                |   in|   32|     ap_none|         arrayidx179_6_5_promoted505|        scalar|
|arrayidx179_6_4_promoted502                |   in|   32|     ap_none|         arrayidx179_6_4_promoted502|        scalar|
|arrayidx179_6_3_promoted499                |   in|   32|     ap_none|         arrayidx179_6_3_promoted499|        scalar|
|arrayidx179_6_2_promoted496                |   in|   32|     ap_none|         arrayidx179_6_2_promoted496|        scalar|
|arrayidx179_6_1_promoted493                |   in|   32|     ap_none|         arrayidx179_6_1_promoted493|        scalar|
|arrayidx179_6_promoted490                  |   in|   32|     ap_none|           arrayidx179_6_promoted490|        scalar|
|arrayidx179_5_12_promoted487               |   in|   32|     ap_none|        arrayidx179_5_12_promoted487|        scalar|
|arrayidx179_5_11_promoted484               |   in|   32|     ap_none|        arrayidx179_5_11_promoted484|        scalar|
|arrayidx179_5_10_promoted481               |   in|   32|     ap_none|        arrayidx179_5_10_promoted481|        scalar|
|arrayidx179_5_9_promoted478                |   in|   32|     ap_none|         arrayidx179_5_9_promoted478|        scalar|
|arrayidx179_5_8_promoted475                |   in|   32|     ap_none|         arrayidx179_5_8_promoted475|        scalar|
|arrayidx179_5_7_promoted472                |   in|   32|     ap_none|         arrayidx179_5_7_promoted472|        scalar|
|arrayidx179_5_6_promoted469                |   in|   32|     ap_none|         arrayidx179_5_6_promoted469|        scalar|
|arrayidx179_5_5_promoted466                |   in|   32|     ap_none|         arrayidx179_5_5_promoted466|        scalar|
|arrayidx179_5_4_promoted463                |   in|   32|     ap_none|         arrayidx179_5_4_promoted463|        scalar|
|arrayidx179_5_3_promoted460                |   in|   32|     ap_none|         arrayidx179_5_3_promoted460|        scalar|
|arrayidx179_5_2_promoted457                |   in|   32|     ap_none|         arrayidx179_5_2_promoted457|        scalar|
|arrayidx179_5_1_promoted454                |   in|   32|     ap_none|         arrayidx179_5_1_promoted454|        scalar|
|arrayidx179_5_promoted451                  |   in|   32|     ap_none|           arrayidx179_5_promoted451|        scalar|
|arrayidx179_4_12_promoted448               |   in|   32|     ap_none|        arrayidx179_4_12_promoted448|        scalar|
|arrayidx179_4_11_promoted445               |   in|   32|     ap_none|        arrayidx179_4_11_promoted445|        scalar|
|arrayidx179_4_10_promoted442               |   in|   32|     ap_none|        arrayidx179_4_10_promoted442|        scalar|
|arrayidx179_4_9_promoted439                |   in|   32|     ap_none|         arrayidx179_4_9_promoted439|        scalar|
|arrayidx179_4_8_promoted436                |   in|   32|     ap_none|         arrayidx179_4_8_promoted436|        scalar|
|arrayidx179_4_7_promoted433                |   in|   32|     ap_none|         arrayidx179_4_7_promoted433|        scalar|
|arrayidx179_4_6_promoted430                |   in|   32|     ap_none|         arrayidx179_4_6_promoted430|        scalar|
|arrayidx179_4_5_promoted427                |   in|   32|     ap_none|         arrayidx179_4_5_promoted427|        scalar|
|arrayidx179_4_4_promoted424                |   in|   32|     ap_none|         arrayidx179_4_4_promoted424|        scalar|
|arrayidx179_4_3_promoted421                |   in|   32|     ap_none|         arrayidx179_4_3_promoted421|        scalar|
|arrayidx179_4_2_promoted418                |   in|   32|     ap_none|         arrayidx179_4_2_promoted418|        scalar|
|arrayidx179_4_1_promoted415                |   in|   32|     ap_none|         arrayidx179_4_1_promoted415|        scalar|
|arrayidx179_4_promoted412                  |   in|   32|     ap_none|           arrayidx179_4_promoted412|        scalar|
|arrayidx179_3_12_promoted409               |   in|   32|     ap_none|        arrayidx179_3_12_promoted409|        scalar|
|arrayidx179_3_11_promoted406               |   in|   32|     ap_none|        arrayidx179_3_11_promoted406|        scalar|
|arrayidx179_3_10_promoted403               |   in|   32|     ap_none|        arrayidx179_3_10_promoted403|        scalar|
|arrayidx179_3_9_promoted400                |   in|   32|     ap_none|         arrayidx179_3_9_promoted400|        scalar|
|arrayidx179_3_8_promoted397                |   in|   32|     ap_none|         arrayidx179_3_8_promoted397|        scalar|
|arrayidx179_3_7_promoted394                |   in|   32|     ap_none|         arrayidx179_3_7_promoted394|        scalar|
|arrayidx179_3_6_promoted391                |   in|   32|     ap_none|         arrayidx179_3_6_promoted391|        scalar|
|arrayidx179_3_5_promoted388                |   in|   32|     ap_none|         arrayidx179_3_5_promoted388|        scalar|
|arrayidx179_3_4_promoted385                |   in|   32|     ap_none|         arrayidx179_3_4_promoted385|        scalar|
|arrayidx179_3_3_promoted382                |   in|   32|     ap_none|         arrayidx179_3_3_promoted382|        scalar|
|arrayidx179_3_2_promoted379                |   in|   32|     ap_none|         arrayidx179_3_2_promoted379|        scalar|
|arrayidx179_3_1_promoted376                |   in|   32|     ap_none|         arrayidx179_3_1_promoted376|        scalar|
|arrayidx179_3_promoted373                  |   in|   32|     ap_none|           arrayidx179_3_promoted373|        scalar|
|arrayidx179_2_12_promoted370               |   in|   32|     ap_none|        arrayidx179_2_12_promoted370|        scalar|
|arrayidx179_2_11_promoted367               |   in|   32|     ap_none|        arrayidx179_2_11_promoted367|        scalar|
|arrayidx179_2_10_promoted364               |   in|   32|     ap_none|        arrayidx179_2_10_promoted364|        scalar|
|arrayidx179_2_9_promoted361                |   in|   32|     ap_none|         arrayidx179_2_9_promoted361|        scalar|
|arrayidx179_2_8_promoted358                |   in|   32|     ap_none|         arrayidx179_2_8_promoted358|        scalar|
|arrayidx179_2_7_promoted355                |   in|   32|     ap_none|         arrayidx179_2_7_promoted355|        scalar|
|arrayidx179_2_6_promoted352                |   in|   32|     ap_none|         arrayidx179_2_6_promoted352|        scalar|
|arrayidx179_2_5_promoted349                |   in|   32|     ap_none|         arrayidx179_2_5_promoted349|        scalar|
|arrayidx179_2_4_promoted346                |   in|   32|     ap_none|         arrayidx179_2_4_promoted346|        scalar|
|arrayidx179_2_3_promoted343                |   in|   32|     ap_none|         arrayidx179_2_3_promoted343|        scalar|
|arrayidx179_2_2_promoted340                |   in|   32|     ap_none|         arrayidx179_2_2_promoted340|        scalar|
|arrayidx179_2_1_promoted337                |   in|   32|     ap_none|         arrayidx179_2_1_promoted337|        scalar|
|arrayidx179_2_promoted334                  |   in|   32|     ap_none|           arrayidx179_2_promoted334|        scalar|
|arrayidx179_1_12_promoted331               |   in|   32|     ap_none|        arrayidx179_1_12_promoted331|        scalar|
|arrayidx179_1_11_promoted328               |   in|   32|     ap_none|        arrayidx179_1_11_promoted328|        scalar|
|arrayidx179_1_10_promoted325               |   in|   32|     ap_none|        arrayidx179_1_10_promoted325|        scalar|
|arrayidx179_1_9_promoted322                |   in|   32|     ap_none|         arrayidx179_1_9_promoted322|        scalar|
|arrayidx179_1_8_promoted319                |   in|   32|     ap_none|         arrayidx179_1_8_promoted319|        scalar|
|arrayidx179_1_7_promoted316                |   in|   32|     ap_none|         arrayidx179_1_7_promoted316|        scalar|
|arrayidx179_1_6_promoted313                |   in|   32|     ap_none|         arrayidx179_1_6_promoted313|        scalar|
|arrayidx179_1_5_promoted310                |   in|   32|     ap_none|         arrayidx179_1_5_promoted310|        scalar|
|arrayidx179_1_4_promoted307                |   in|   32|     ap_none|         arrayidx179_1_4_promoted307|        scalar|
|arrayidx179_1_3_promoted304                |   in|   32|     ap_none|         arrayidx179_1_3_promoted304|        scalar|
|arrayidx179_1_2_promoted301                |   in|   32|     ap_none|         arrayidx179_1_2_promoted301|        scalar|
|arrayidx179_1_1_promoted298                |   in|   32|     ap_none|         arrayidx179_1_1_promoted298|        scalar|
|arrayidx179_1_promoted295                  |   in|   32|     ap_none|           arrayidx179_1_promoted295|        scalar|
|arrayidx179_124065_promoted292             |   in|   32|     ap_none|      arrayidx179_124065_promoted292|        scalar|
|arrayidx179_114048_promoted289             |   in|   32|     ap_none|      arrayidx179_114048_promoted289|        scalar|
|arrayidx179_104031_promoted286             |   in|   32|     ap_none|      arrayidx179_104031_promoted286|        scalar|
|arrayidx179_94014_promoted283              |   in|   32|     ap_none|       arrayidx179_94014_promoted283|        scalar|
|arrayidx179_83997_promoted280              |   in|   32|     ap_none|       arrayidx179_83997_promoted280|        scalar|
|arrayidx179_73980_promoted277              |   in|   32|     ap_none|       arrayidx179_73980_promoted277|        scalar|
|arrayidx179_63963_promoted274              |   in|   32|     ap_none|       arrayidx179_63963_promoted274|        scalar|
|arrayidx179_53946_promoted271              |   in|   32|     ap_none|       arrayidx179_53946_promoted271|        scalar|
|arrayidx179_43929_promoted268              |   in|   32|     ap_none|       arrayidx179_43929_promoted268|        scalar|
|arrayidx179_33912_promoted265              |   in|   32|     ap_none|       arrayidx179_33912_promoted265|        scalar|
|arrayidx179_23895_promoted262              |   in|   32|     ap_none|       arrayidx179_23895_promoted262|        scalar|
|arrayidx179_13878_promoted259              |   in|   32|     ap_none|       arrayidx179_13878_promoted259|        scalar|
|arrayidx179_promoted256                    |   in|   32|     ap_none|             arrayidx179_promoted256|        scalar|
|arrayidx179_12_12_promoted758_out          |  out|   32|      ap_vld|   arrayidx179_12_12_promoted758_out|       pointer|
|arrayidx179_12_12_promoted758_out_ap_vld   |  out|    1|      ap_vld|   arrayidx179_12_12_promoted758_out|       pointer|
|arrayidx179_12_11_promoted755_out          |  out|   32|      ap_vld|   arrayidx179_12_11_promoted755_out|       pointer|
|arrayidx179_12_11_promoted755_out_ap_vld   |  out|    1|      ap_vld|   arrayidx179_12_11_promoted755_out|       pointer|
|arrayidx179_12_10_promoted752_out          |  out|   32|      ap_vld|   arrayidx179_12_10_promoted752_out|       pointer|
|arrayidx179_12_10_promoted752_out_ap_vld   |  out|    1|      ap_vld|   arrayidx179_12_10_promoted752_out|       pointer|
|arrayidx179_12_9_promoted749_out           |  out|   32|      ap_vld|    arrayidx179_12_9_promoted749_out|       pointer|
|arrayidx179_12_9_promoted749_out_ap_vld    |  out|    1|      ap_vld|    arrayidx179_12_9_promoted749_out|       pointer|
|arrayidx179_12_8_promoted746_out           |  out|   32|      ap_vld|    arrayidx179_12_8_promoted746_out|       pointer|
|arrayidx179_12_8_promoted746_out_ap_vld    |  out|    1|      ap_vld|    arrayidx179_12_8_promoted746_out|       pointer|
|arrayidx179_12_7_promoted743_out           |  out|   32|      ap_vld|    arrayidx179_12_7_promoted743_out|       pointer|
|arrayidx179_12_7_promoted743_out_ap_vld    |  out|    1|      ap_vld|    arrayidx179_12_7_promoted743_out|       pointer|
|arrayidx179_12_6_promoted740_out           |  out|   32|      ap_vld|    arrayidx179_12_6_promoted740_out|       pointer|
|arrayidx179_12_6_promoted740_out_ap_vld    |  out|    1|      ap_vld|    arrayidx179_12_6_promoted740_out|       pointer|
|arrayidx179_12_5_promoted737_out           |  out|   32|      ap_vld|    arrayidx179_12_5_promoted737_out|       pointer|
|arrayidx179_12_5_promoted737_out_ap_vld    |  out|    1|      ap_vld|    arrayidx179_12_5_promoted737_out|       pointer|
|arrayidx179_12_4_promoted734_out           |  out|   32|      ap_vld|    arrayidx179_12_4_promoted734_out|       pointer|
|arrayidx179_12_4_promoted734_out_ap_vld    |  out|    1|      ap_vld|    arrayidx179_12_4_promoted734_out|       pointer|
|arrayidx179_12_3_promoted731_out           |  out|   32|      ap_vld|    arrayidx179_12_3_promoted731_out|       pointer|
|arrayidx179_12_3_promoted731_out_ap_vld    |  out|    1|      ap_vld|    arrayidx179_12_3_promoted731_out|       pointer|
|arrayidx179_12_2_promoted728_out           |  out|   32|      ap_vld|    arrayidx179_12_2_promoted728_out|       pointer|
|arrayidx179_12_2_promoted728_out_ap_vld    |  out|    1|      ap_vld|    arrayidx179_12_2_promoted728_out|       pointer|
|arrayidx179_12_1_promoted725_out           |  out|   32|      ap_vld|    arrayidx179_12_1_promoted725_out|       pointer|
|arrayidx179_12_1_promoted725_out_ap_vld    |  out|    1|      ap_vld|    arrayidx179_12_1_promoted725_out|       pointer|
|arrayidx179_12_promoted722_out             |  out|   32|      ap_vld|      arrayidx179_12_promoted722_out|       pointer|
|arrayidx179_12_promoted722_out_ap_vld      |  out|    1|      ap_vld|      arrayidx179_12_promoted722_out|       pointer|
|arrayidx179_11_12_promoted719_out          |  out|   32|      ap_vld|   arrayidx179_11_12_promoted719_out|       pointer|
|arrayidx179_11_12_promoted719_out_ap_vld   |  out|    1|      ap_vld|   arrayidx179_11_12_promoted719_out|       pointer|
|arrayidx179_11_11_promoted716_out          |  out|   32|      ap_vld|   arrayidx179_11_11_promoted716_out|       pointer|
|arrayidx179_11_11_promoted716_out_ap_vld   |  out|    1|      ap_vld|   arrayidx179_11_11_promoted716_out|       pointer|
|arrayidx179_11_10_promoted713_out          |  out|   32|      ap_vld|   arrayidx179_11_10_promoted713_out|       pointer|
|arrayidx179_11_10_promoted713_out_ap_vld   |  out|    1|      ap_vld|   arrayidx179_11_10_promoted713_out|       pointer|
|arrayidx179_11_9_promoted710_out           |  out|   32|      ap_vld|    arrayidx179_11_9_promoted710_out|       pointer|
|arrayidx179_11_9_promoted710_out_ap_vld    |  out|    1|      ap_vld|    arrayidx179_11_9_promoted710_out|       pointer|
|arrayidx179_11_8_promoted707_out           |  out|   32|      ap_vld|    arrayidx179_11_8_promoted707_out|       pointer|
|arrayidx179_11_8_promoted707_out_ap_vld    |  out|    1|      ap_vld|    arrayidx179_11_8_promoted707_out|       pointer|
|arrayidx179_11_7_promoted704_out           |  out|   32|      ap_vld|    arrayidx179_11_7_promoted704_out|       pointer|
|arrayidx179_11_7_promoted704_out_ap_vld    |  out|    1|      ap_vld|    arrayidx179_11_7_promoted704_out|       pointer|
|arrayidx179_11_6_promoted701_out           |  out|   32|      ap_vld|    arrayidx179_11_6_promoted701_out|       pointer|
|arrayidx179_11_6_promoted701_out_ap_vld    |  out|    1|      ap_vld|    arrayidx179_11_6_promoted701_out|       pointer|
|arrayidx179_11_5_promoted698_out           |  out|   32|      ap_vld|    arrayidx179_11_5_promoted698_out|       pointer|
|arrayidx179_11_5_promoted698_out_ap_vld    |  out|    1|      ap_vld|    arrayidx179_11_5_promoted698_out|       pointer|
|arrayidx179_11_4_promoted695_out           |  out|   32|      ap_vld|    arrayidx179_11_4_promoted695_out|       pointer|
|arrayidx179_11_4_promoted695_out_ap_vld    |  out|    1|      ap_vld|    arrayidx179_11_4_promoted695_out|       pointer|
|arrayidx179_11_3_promoted692_out           |  out|   32|      ap_vld|    arrayidx179_11_3_promoted692_out|       pointer|
|arrayidx179_11_3_promoted692_out_ap_vld    |  out|    1|      ap_vld|    arrayidx179_11_3_promoted692_out|       pointer|
|arrayidx179_11_2_promoted689_out           |  out|   32|      ap_vld|    arrayidx179_11_2_promoted689_out|       pointer|
|arrayidx179_11_2_promoted689_out_ap_vld    |  out|    1|      ap_vld|    arrayidx179_11_2_promoted689_out|       pointer|
|arrayidx179_11_1_promoted686_out           |  out|   32|      ap_vld|    arrayidx179_11_1_promoted686_out|       pointer|
|arrayidx179_11_1_promoted686_out_ap_vld    |  out|    1|      ap_vld|    arrayidx179_11_1_promoted686_out|       pointer|
|arrayidx179_11_promoted683_out             |  out|   32|      ap_vld|      arrayidx179_11_promoted683_out|       pointer|
|arrayidx179_11_promoted683_out_ap_vld      |  out|    1|      ap_vld|      arrayidx179_11_promoted683_out|       pointer|
|arrayidx179_10_12_promoted680_out          |  out|   32|      ap_vld|   arrayidx179_10_12_promoted680_out|       pointer|
|arrayidx179_10_12_promoted680_out_ap_vld   |  out|    1|      ap_vld|   arrayidx179_10_12_promoted680_out|       pointer|
|arrayidx179_10_11_promoted677_out          |  out|   32|      ap_vld|   arrayidx179_10_11_promoted677_out|       pointer|
|arrayidx179_10_11_promoted677_out_ap_vld   |  out|    1|      ap_vld|   arrayidx179_10_11_promoted677_out|       pointer|
|arrayidx179_10_10_promoted674_out          |  out|   32|      ap_vld|   arrayidx179_10_10_promoted674_out|       pointer|
|arrayidx179_10_10_promoted674_out_ap_vld   |  out|    1|      ap_vld|   arrayidx179_10_10_promoted674_out|       pointer|
|arrayidx179_10_9_promoted671_out           |  out|   32|      ap_vld|    arrayidx179_10_9_promoted671_out|       pointer|
|arrayidx179_10_9_promoted671_out_ap_vld    |  out|    1|      ap_vld|    arrayidx179_10_9_promoted671_out|       pointer|
|arrayidx179_10_8_promoted668_out           |  out|   32|      ap_vld|    arrayidx179_10_8_promoted668_out|       pointer|
|arrayidx179_10_8_promoted668_out_ap_vld    |  out|    1|      ap_vld|    arrayidx179_10_8_promoted668_out|       pointer|
|arrayidx179_10_7_promoted665_out           |  out|   32|      ap_vld|    arrayidx179_10_7_promoted665_out|       pointer|
|arrayidx179_10_7_promoted665_out_ap_vld    |  out|    1|      ap_vld|    arrayidx179_10_7_promoted665_out|       pointer|
|arrayidx179_10_6_promoted662_out           |  out|   32|      ap_vld|    arrayidx179_10_6_promoted662_out|       pointer|
|arrayidx179_10_6_promoted662_out_ap_vld    |  out|    1|      ap_vld|    arrayidx179_10_6_promoted662_out|       pointer|
|arrayidx179_10_5_promoted659_out           |  out|   32|      ap_vld|    arrayidx179_10_5_promoted659_out|       pointer|
|arrayidx179_10_5_promoted659_out_ap_vld    |  out|    1|      ap_vld|    arrayidx179_10_5_promoted659_out|       pointer|
|arrayidx179_10_4_promoted656_out           |  out|   32|      ap_vld|    arrayidx179_10_4_promoted656_out|       pointer|
|arrayidx179_10_4_promoted656_out_ap_vld    |  out|    1|      ap_vld|    arrayidx179_10_4_promoted656_out|       pointer|
|arrayidx179_10_3_promoted653_out           |  out|   32|      ap_vld|    arrayidx179_10_3_promoted653_out|       pointer|
|arrayidx179_10_3_promoted653_out_ap_vld    |  out|    1|      ap_vld|    arrayidx179_10_3_promoted653_out|       pointer|
|arrayidx179_10_2_promoted650_out           |  out|   32|      ap_vld|    arrayidx179_10_2_promoted650_out|       pointer|
|arrayidx179_10_2_promoted650_out_ap_vld    |  out|    1|      ap_vld|    arrayidx179_10_2_promoted650_out|       pointer|
|arrayidx179_10_1_promoted647_out           |  out|   32|      ap_vld|    arrayidx179_10_1_promoted647_out|       pointer|
|arrayidx179_10_1_promoted647_out_ap_vld    |  out|    1|      ap_vld|    arrayidx179_10_1_promoted647_out|       pointer|
|arrayidx179_10_promoted644_out             |  out|   32|      ap_vld|      arrayidx179_10_promoted644_out|       pointer|
|arrayidx179_10_promoted644_out_ap_vld      |  out|    1|      ap_vld|      arrayidx179_10_promoted644_out|       pointer|
|arrayidx179_9_12_promoted641_out           |  out|   32|      ap_vld|    arrayidx179_9_12_promoted641_out|       pointer|
|arrayidx179_9_12_promoted641_out_ap_vld    |  out|    1|      ap_vld|    arrayidx179_9_12_promoted641_out|       pointer|
|arrayidx179_9_11_promoted638_out           |  out|   32|      ap_vld|    arrayidx179_9_11_promoted638_out|       pointer|
|arrayidx179_9_11_promoted638_out_ap_vld    |  out|    1|      ap_vld|    arrayidx179_9_11_promoted638_out|       pointer|
|arrayidx179_9_10_promoted635_out           |  out|   32|      ap_vld|    arrayidx179_9_10_promoted635_out|       pointer|
|arrayidx179_9_10_promoted635_out_ap_vld    |  out|    1|      ap_vld|    arrayidx179_9_10_promoted635_out|       pointer|
|arrayidx179_9_9_promoted632_out            |  out|   32|      ap_vld|     arrayidx179_9_9_promoted632_out|       pointer|
|arrayidx179_9_9_promoted632_out_ap_vld     |  out|    1|      ap_vld|     arrayidx179_9_9_promoted632_out|       pointer|
|arrayidx179_9_8_promoted629_out            |  out|   32|      ap_vld|     arrayidx179_9_8_promoted629_out|       pointer|
|arrayidx179_9_8_promoted629_out_ap_vld     |  out|    1|      ap_vld|     arrayidx179_9_8_promoted629_out|       pointer|
|arrayidx179_9_7_promoted626_out            |  out|   32|      ap_vld|     arrayidx179_9_7_promoted626_out|       pointer|
|arrayidx179_9_7_promoted626_out_ap_vld     |  out|    1|      ap_vld|     arrayidx179_9_7_promoted626_out|       pointer|
|arrayidx179_9_6_promoted623_out            |  out|   32|      ap_vld|     arrayidx179_9_6_promoted623_out|       pointer|
|arrayidx179_9_6_promoted623_out_ap_vld     |  out|    1|      ap_vld|     arrayidx179_9_6_promoted623_out|       pointer|
|arrayidx179_9_5_promoted620_out            |  out|   32|      ap_vld|     arrayidx179_9_5_promoted620_out|       pointer|
|arrayidx179_9_5_promoted620_out_ap_vld     |  out|    1|      ap_vld|     arrayidx179_9_5_promoted620_out|       pointer|
|arrayidx179_9_4_promoted617_out            |  out|   32|      ap_vld|     arrayidx179_9_4_promoted617_out|       pointer|
|arrayidx179_9_4_promoted617_out_ap_vld     |  out|    1|      ap_vld|     arrayidx179_9_4_promoted617_out|       pointer|
|arrayidx179_9_3_promoted614_out            |  out|   32|      ap_vld|     arrayidx179_9_3_promoted614_out|       pointer|
|arrayidx179_9_3_promoted614_out_ap_vld     |  out|    1|      ap_vld|     arrayidx179_9_3_promoted614_out|       pointer|
|arrayidx179_9_2_promoted611_out            |  out|   32|      ap_vld|     arrayidx179_9_2_promoted611_out|       pointer|
|arrayidx179_9_2_promoted611_out_ap_vld     |  out|    1|      ap_vld|     arrayidx179_9_2_promoted611_out|       pointer|
|arrayidx179_9_1_promoted608_out            |  out|   32|      ap_vld|     arrayidx179_9_1_promoted608_out|       pointer|
|arrayidx179_9_1_promoted608_out_ap_vld     |  out|    1|      ap_vld|     arrayidx179_9_1_promoted608_out|       pointer|
|arrayidx179_9_promoted605_out              |  out|   32|      ap_vld|       arrayidx179_9_promoted605_out|       pointer|
|arrayidx179_9_promoted605_out_ap_vld       |  out|    1|      ap_vld|       arrayidx179_9_promoted605_out|       pointer|
|arrayidx179_8_12_promoted602_out           |  out|   32|      ap_vld|    arrayidx179_8_12_promoted602_out|       pointer|
|arrayidx179_8_12_promoted602_out_ap_vld    |  out|    1|      ap_vld|    arrayidx179_8_12_promoted602_out|       pointer|
|arrayidx179_8_11_promoted599_out           |  out|   32|      ap_vld|    arrayidx179_8_11_promoted599_out|       pointer|
|arrayidx179_8_11_promoted599_out_ap_vld    |  out|    1|      ap_vld|    arrayidx179_8_11_promoted599_out|       pointer|
|arrayidx179_8_10_promoted596_out           |  out|   32|      ap_vld|    arrayidx179_8_10_promoted596_out|       pointer|
|arrayidx179_8_10_promoted596_out_ap_vld    |  out|    1|      ap_vld|    arrayidx179_8_10_promoted596_out|       pointer|
|arrayidx179_8_9_promoted593_out            |  out|   32|      ap_vld|     arrayidx179_8_9_promoted593_out|       pointer|
|arrayidx179_8_9_promoted593_out_ap_vld     |  out|    1|      ap_vld|     arrayidx179_8_9_promoted593_out|       pointer|
|arrayidx179_8_8_promoted590_out            |  out|   32|      ap_vld|     arrayidx179_8_8_promoted590_out|       pointer|
|arrayidx179_8_8_promoted590_out_ap_vld     |  out|    1|      ap_vld|     arrayidx179_8_8_promoted590_out|       pointer|
|arrayidx179_8_7_promoted587_out            |  out|   32|      ap_vld|     arrayidx179_8_7_promoted587_out|       pointer|
|arrayidx179_8_7_promoted587_out_ap_vld     |  out|    1|      ap_vld|     arrayidx179_8_7_promoted587_out|       pointer|
|arrayidx179_8_6_promoted584_out            |  out|   32|      ap_vld|     arrayidx179_8_6_promoted584_out|       pointer|
|arrayidx179_8_6_promoted584_out_ap_vld     |  out|    1|      ap_vld|     arrayidx179_8_6_promoted584_out|       pointer|
|arrayidx179_8_5_promoted581_out            |  out|   32|      ap_vld|     arrayidx179_8_5_promoted581_out|       pointer|
|arrayidx179_8_5_promoted581_out_ap_vld     |  out|    1|      ap_vld|     arrayidx179_8_5_promoted581_out|       pointer|
|arrayidx179_8_4_promoted578_out            |  out|   32|      ap_vld|     arrayidx179_8_4_promoted578_out|       pointer|
|arrayidx179_8_4_promoted578_out_ap_vld     |  out|    1|      ap_vld|     arrayidx179_8_4_promoted578_out|       pointer|
|arrayidx179_8_3_promoted575_out            |  out|   32|      ap_vld|     arrayidx179_8_3_promoted575_out|       pointer|
|arrayidx179_8_3_promoted575_out_ap_vld     |  out|    1|      ap_vld|     arrayidx179_8_3_promoted575_out|       pointer|
|arrayidx179_8_2_promoted572_out            |  out|   32|      ap_vld|     arrayidx179_8_2_promoted572_out|       pointer|
|arrayidx179_8_2_promoted572_out_ap_vld     |  out|    1|      ap_vld|     arrayidx179_8_2_promoted572_out|       pointer|
|arrayidx179_8_1_promoted569_out            |  out|   32|      ap_vld|     arrayidx179_8_1_promoted569_out|       pointer|
|arrayidx179_8_1_promoted569_out_ap_vld     |  out|    1|      ap_vld|     arrayidx179_8_1_promoted569_out|       pointer|
|arrayidx179_8_promoted566_out              |  out|   32|      ap_vld|       arrayidx179_8_promoted566_out|       pointer|
|arrayidx179_8_promoted566_out_ap_vld       |  out|    1|      ap_vld|       arrayidx179_8_promoted566_out|       pointer|
|arrayidx179_7_12_promoted563_out           |  out|   32|      ap_vld|    arrayidx179_7_12_promoted563_out|       pointer|
|arrayidx179_7_12_promoted563_out_ap_vld    |  out|    1|      ap_vld|    arrayidx179_7_12_promoted563_out|       pointer|
|arrayidx179_7_11_promoted560_out           |  out|   32|      ap_vld|    arrayidx179_7_11_promoted560_out|       pointer|
|arrayidx179_7_11_promoted560_out_ap_vld    |  out|    1|      ap_vld|    arrayidx179_7_11_promoted560_out|       pointer|
|arrayidx179_7_10_promoted557_out           |  out|   32|      ap_vld|    arrayidx179_7_10_promoted557_out|       pointer|
|arrayidx179_7_10_promoted557_out_ap_vld    |  out|    1|      ap_vld|    arrayidx179_7_10_promoted557_out|       pointer|
|arrayidx179_7_9_promoted554_out            |  out|   32|      ap_vld|     arrayidx179_7_9_promoted554_out|       pointer|
|arrayidx179_7_9_promoted554_out_ap_vld     |  out|    1|      ap_vld|     arrayidx179_7_9_promoted554_out|       pointer|
|arrayidx179_7_8_promoted551_out            |  out|   32|      ap_vld|     arrayidx179_7_8_promoted551_out|       pointer|
|arrayidx179_7_8_promoted551_out_ap_vld     |  out|    1|      ap_vld|     arrayidx179_7_8_promoted551_out|       pointer|
|arrayidx179_7_7_promoted548_out            |  out|   32|      ap_vld|     arrayidx179_7_7_promoted548_out|       pointer|
|arrayidx179_7_7_promoted548_out_ap_vld     |  out|    1|      ap_vld|     arrayidx179_7_7_promoted548_out|       pointer|
|arrayidx179_7_6_promoted545_out            |  out|   32|      ap_vld|     arrayidx179_7_6_promoted545_out|       pointer|
|arrayidx179_7_6_promoted545_out_ap_vld     |  out|    1|      ap_vld|     arrayidx179_7_6_promoted545_out|       pointer|
|arrayidx179_7_5_promoted542_out            |  out|   32|      ap_vld|     arrayidx179_7_5_promoted542_out|       pointer|
|arrayidx179_7_5_promoted542_out_ap_vld     |  out|    1|      ap_vld|     arrayidx179_7_5_promoted542_out|       pointer|
|arrayidx179_7_4_promoted539_out            |  out|   32|      ap_vld|     arrayidx179_7_4_promoted539_out|       pointer|
|arrayidx179_7_4_promoted539_out_ap_vld     |  out|    1|      ap_vld|     arrayidx179_7_4_promoted539_out|       pointer|
|arrayidx179_7_3_promoted536_out            |  out|   32|      ap_vld|     arrayidx179_7_3_promoted536_out|       pointer|
|arrayidx179_7_3_promoted536_out_ap_vld     |  out|    1|      ap_vld|     arrayidx179_7_3_promoted536_out|       pointer|
|arrayidx179_7_2_promoted533_out            |  out|   32|      ap_vld|     arrayidx179_7_2_promoted533_out|       pointer|
|arrayidx179_7_2_promoted533_out_ap_vld     |  out|    1|      ap_vld|     arrayidx179_7_2_promoted533_out|       pointer|
|arrayidx179_7_1_promoted530_out            |  out|   32|      ap_vld|     arrayidx179_7_1_promoted530_out|       pointer|
|arrayidx179_7_1_promoted530_out_ap_vld     |  out|    1|      ap_vld|     arrayidx179_7_1_promoted530_out|       pointer|
|arrayidx179_7_promoted527_out              |  out|   32|      ap_vld|       arrayidx179_7_promoted527_out|       pointer|
|arrayidx179_7_promoted527_out_ap_vld       |  out|    1|      ap_vld|       arrayidx179_7_promoted527_out|       pointer|
|arrayidx179_6_12_promoted524_out           |  out|   32|      ap_vld|    arrayidx179_6_12_promoted524_out|       pointer|
|arrayidx179_6_12_promoted524_out_ap_vld    |  out|    1|      ap_vld|    arrayidx179_6_12_promoted524_out|       pointer|
|arrayidx179_6_11_promoted521_out           |  out|   32|      ap_vld|    arrayidx179_6_11_promoted521_out|       pointer|
|arrayidx179_6_11_promoted521_out_ap_vld    |  out|    1|      ap_vld|    arrayidx179_6_11_promoted521_out|       pointer|
|arrayidx179_6_10_promoted518_out           |  out|   32|      ap_vld|    arrayidx179_6_10_promoted518_out|       pointer|
|arrayidx179_6_10_promoted518_out_ap_vld    |  out|    1|      ap_vld|    arrayidx179_6_10_promoted518_out|       pointer|
|arrayidx179_6_9_promoted515_out            |  out|   32|      ap_vld|     arrayidx179_6_9_promoted515_out|       pointer|
|arrayidx179_6_9_promoted515_out_ap_vld     |  out|    1|      ap_vld|     arrayidx179_6_9_promoted515_out|       pointer|
|arrayidx179_6_8_promoted512_out            |  out|   32|      ap_vld|     arrayidx179_6_8_promoted512_out|       pointer|
|arrayidx179_6_8_promoted512_out_ap_vld     |  out|    1|      ap_vld|     arrayidx179_6_8_promoted512_out|       pointer|
|arrayidx179_6_7_promoted509_out            |  out|   32|      ap_vld|     arrayidx179_6_7_promoted509_out|       pointer|
|arrayidx179_6_7_promoted509_out_ap_vld     |  out|    1|      ap_vld|     arrayidx179_6_7_promoted509_out|       pointer|
|arrayidx179_6_6_promoted506_out            |  out|   32|      ap_vld|     arrayidx179_6_6_promoted506_out|       pointer|
|arrayidx179_6_6_promoted506_out_ap_vld     |  out|    1|      ap_vld|     arrayidx179_6_6_promoted506_out|       pointer|
|arrayidx179_6_5_promoted503_out            |  out|   32|      ap_vld|     arrayidx179_6_5_promoted503_out|       pointer|
|arrayidx179_6_5_promoted503_out_ap_vld     |  out|    1|      ap_vld|     arrayidx179_6_5_promoted503_out|       pointer|
|arrayidx179_6_4_promoted500_out            |  out|   32|      ap_vld|     arrayidx179_6_4_promoted500_out|       pointer|
|arrayidx179_6_4_promoted500_out_ap_vld     |  out|    1|      ap_vld|     arrayidx179_6_4_promoted500_out|       pointer|
|arrayidx179_6_3_promoted497_out            |  out|   32|      ap_vld|     arrayidx179_6_3_promoted497_out|       pointer|
|arrayidx179_6_3_promoted497_out_ap_vld     |  out|    1|      ap_vld|     arrayidx179_6_3_promoted497_out|       pointer|
|arrayidx179_6_2_promoted494_out            |  out|   32|      ap_vld|     arrayidx179_6_2_promoted494_out|       pointer|
|arrayidx179_6_2_promoted494_out_ap_vld     |  out|    1|      ap_vld|     arrayidx179_6_2_promoted494_out|       pointer|
|arrayidx179_6_1_promoted491_out            |  out|   32|      ap_vld|     arrayidx179_6_1_promoted491_out|       pointer|
|arrayidx179_6_1_promoted491_out_ap_vld     |  out|    1|      ap_vld|     arrayidx179_6_1_promoted491_out|       pointer|
|arrayidx179_6_promoted488_out              |  out|   32|      ap_vld|       arrayidx179_6_promoted488_out|       pointer|
|arrayidx179_6_promoted488_out_ap_vld       |  out|    1|      ap_vld|       arrayidx179_6_promoted488_out|       pointer|
|arrayidx179_5_12_promoted485_out           |  out|   32|      ap_vld|    arrayidx179_5_12_promoted485_out|       pointer|
|arrayidx179_5_12_promoted485_out_ap_vld    |  out|    1|      ap_vld|    arrayidx179_5_12_promoted485_out|       pointer|
|arrayidx179_5_11_promoted482_out           |  out|   32|      ap_vld|    arrayidx179_5_11_promoted482_out|       pointer|
|arrayidx179_5_11_promoted482_out_ap_vld    |  out|    1|      ap_vld|    arrayidx179_5_11_promoted482_out|       pointer|
|arrayidx179_5_10_promoted479_out           |  out|   32|      ap_vld|    arrayidx179_5_10_promoted479_out|       pointer|
|arrayidx179_5_10_promoted479_out_ap_vld    |  out|    1|      ap_vld|    arrayidx179_5_10_promoted479_out|       pointer|
|arrayidx179_5_9_promoted476_out            |  out|   32|      ap_vld|     arrayidx179_5_9_promoted476_out|       pointer|
|arrayidx179_5_9_promoted476_out_ap_vld     |  out|    1|      ap_vld|     arrayidx179_5_9_promoted476_out|       pointer|
|arrayidx179_5_8_promoted473_out            |  out|   32|      ap_vld|     arrayidx179_5_8_promoted473_out|       pointer|
|arrayidx179_5_8_promoted473_out_ap_vld     |  out|    1|      ap_vld|     arrayidx179_5_8_promoted473_out|       pointer|
|arrayidx179_5_7_promoted470_out            |  out|   32|      ap_vld|     arrayidx179_5_7_promoted470_out|       pointer|
|arrayidx179_5_7_promoted470_out_ap_vld     |  out|    1|      ap_vld|     arrayidx179_5_7_promoted470_out|       pointer|
|arrayidx179_5_6_promoted467_out            |  out|   32|      ap_vld|     arrayidx179_5_6_promoted467_out|       pointer|
|arrayidx179_5_6_promoted467_out_ap_vld     |  out|    1|      ap_vld|     arrayidx179_5_6_promoted467_out|       pointer|
|arrayidx179_5_5_promoted464_out            |  out|   32|      ap_vld|     arrayidx179_5_5_promoted464_out|       pointer|
|arrayidx179_5_5_promoted464_out_ap_vld     |  out|    1|      ap_vld|     arrayidx179_5_5_promoted464_out|       pointer|
|arrayidx179_5_4_promoted461_out            |  out|   32|      ap_vld|     arrayidx179_5_4_promoted461_out|       pointer|
|arrayidx179_5_4_promoted461_out_ap_vld     |  out|    1|      ap_vld|     arrayidx179_5_4_promoted461_out|       pointer|
|arrayidx179_5_3_promoted458_out            |  out|   32|      ap_vld|     arrayidx179_5_3_promoted458_out|       pointer|
|arrayidx179_5_3_promoted458_out_ap_vld     |  out|    1|      ap_vld|     arrayidx179_5_3_promoted458_out|       pointer|
|arrayidx179_5_2_promoted455_out            |  out|   32|      ap_vld|     arrayidx179_5_2_promoted455_out|       pointer|
|arrayidx179_5_2_promoted455_out_ap_vld     |  out|    1|      ap_vld|     arrayidx179_5_2_promoted455_out|       pointer|
|arrayidx179_5_1_promoted452_out            |  out|   32|      ap_vld|     arrayidx179_5_1_promoted452_out|       pointer|
|arrayidx179_5_1_promoted452_out_ap_vld     |  out|    1|      ap_vld|     arrayidx179_5_1_promoted452_out|       pointer|
|arrayidx179_5_promoted449_out              |  out|   32|      ap_vld|       arrayidx179_5_promoted449_out|       pointer|
|arrayidx179_5_promoted449_out_ap_vld       |  out|    1|      ap_vld|       arrayidx179_5_promoted449_out|       pointer|
|arrayidx179_4_12_promoted446_out           |  out|   32|      ap_vld|    arrayidx179_4_12_promoted446_out|       pointer|
|arrayidx179_4_12_promoted446_out_ap_vld    |  out|    1|      ap_vld|    arrayidx179_4_12_promoted446_out|       pointer|
|arrayidx179_4_11_promoted443_out           |  out|   32|      ap_vld|    arrayidx179_4_11_promoted443_out|       pointer|
|arrayidx179_4_11_promoted443_out_ap_vld    |  out|    1|      ap_vld|    arrayidx179_4_11_promoted443_out|       pointer|
|arrayidx179_4_10_promoted440_out           |  out|   32|      ap_vld|    arrayidx179_4_10_promoted440_out|       pointer|
|arrayidx179_4_10_promoted440_out_ap_vld    |  out|    1|      ap_vld|    arrayidx179_4_10_promoted440_out|       pointer|
|arrayidx179_4_9_promoted437_out            |  out|   32|      ap_vld|     arrayidx179_4_9_promoted437_out|       pointer|
|arrayidx179_4_9_promoted437_out_ap_vld     |  out|    1|      ap_vld|     arrayidx179_4_9_promoted437_out|       pointer|
|arrayidx179_4_8_promoted434_out            |  out|   32|      ap_vld|     arrayidx179_4_8_promoted434_out|       pointer|
|arrayidx179_4_8_promoted434_out_ap_vld     |  out|    1|      ap_vld|     arrayidx179_4_8_promoted434_out|       pointer|
|arrayidx179_4_7_promoted431_out            |  out|   32|      ap_vld|     arrayidx179_4_7_promoted431_out|       pointer|
|arrayidx179_4_7_promoted431_out_ap_vld     |  out|    1|      ap_vld|     arrayidx179_4_7_promoted431_out|       pointer|
|arrayidx179_4_6_promoted428_out            |  out|   32|      ap_vld|     arrayidx179_4_6_promoted428_out|       pointer|
|arrayidx179_4_6_promoted428_out_ap_vld     |  out|    1|      ap_vld|     arrayidx179_4_6_promoted428_out|       pointer|
|arrayidx179_4_5_promoted425_out            |  out|   32|      ap_vld|     arrayidx179_4_5_promoted425_out|       pointer|
|arrayidx179_4_5_promoted425_out_ap_vld     |  out|    1|      ap_vld|     arrayidx179_4_5_promoted425_out|       pointer|
|arrayidx179_4_4_promoted422_out            |  out|   32|      ap_vld|     arrayidx179_4_4_promoted422_out|       pointer|
|arrayidx179_4_4_promoted422_out_ap_vld     |  out|    1|      ap_vld|     arrayidx179_4_4_promoted422_out|       pointer|
|arrayidx179_4_3_promoted419_out            |  out|   32|      ap_vld|     arrayidx179_4_3_promoted419_out|       pointer|
|arrayidx179_4_3_promoted419_out_ap_vld     |  out|    1|      ap_vld|     arrayidx179_4_3_promoted419_out|       pointer|
|arrayidx179_4_2_promoted416_out            |  out|   32|      ap_vld|     arrayidx179_4_2_promoted416_out|       pointer|
|arrayidx179_4_2_promoted416_out_ap_vld     |  out|    1|      ap_vld|     arrayidx179_4_2_promoted416_out|       pointer|
|arrayidx179_4_1_promoted413_out            |  out|   32|      ap_vld|     arrayidx179_4_1_promoted413_out|       pointer|
|arrayidx179_4_1_promoted413_out_ap_vld     |  out|    1|      ap_vld|     arrayidx179_4_1_promoted413_out|       pointer|
|arrayidx179_4_promoted410_out              |  out|   32|      ap_vld|       arrayidx179_4_promoted410_out|       pointer|
|arrayidx179_4_promoted410_out_ap_vld       |  out|    1|      ap_vld|       arrayidx179_4_promoted410_out|       pointer|
|arrayidx179_3_12_promoted407_out           |  out|   32|      ap_vld|    arrayidx179_3_12_promoted407_out|       pointer|
|arrayidx179_3_12_promoted407_out_ap_vld    |  out|    1|      ap_vld|    arrayidx179_3_12_promoted407_out|       pointer|
|arrayidx179_3_11_promoted404_out           |  out|   32|      ap_vld|    arrayidx179_3_11_promoted404_out|       pointer|
|arrayidx179_3_11_promoted404_out_ap_vld    |  out|    1|      ap_vld|    arrayidx179_3_11_promoted404_out|       pointer|
|arrayidx179_3_10_promoted401_out           |  out|   32|      ap_vld|    arrayidx179_3_10_promoted401_out|       pointer|
|arrayidx179_3_10_promoted401_out_ap_vld    |  out|    1|      ap_vld|    arrayidx179_3_10_promoted401_out|       pointer|
|arrayidx179_3_9_promoted398_out            |  out|   32|      ap_vld|     arrayidx179_3_9_promoted398_out|       pointer|
|arrayidx179_3_9_promoted398_out_ap_vld     |  out|    1|      ap_vld|     arrayidx179_3_9_promoted398_out|       pointer|
|arrayidx179_3_8_promoted395_out            |  out|   32|      ap_vld|     arrayidx179_3_8_promoted395_out|       pointer|
|arrayidx179_3_8_promoted395_out_ap_vld     |  out|    1|      ap_vld|     arrayidx179_3_8_promoted395_out|       pointer|
|arrayidx179_3_7_promoted392_out            |  out|   32|      ap_vld|     arrayidx179_3_7_promoted392_out|       pointer|
|arrayidx179_3_7_promoted392_out_ap_vld     |  out|    1|      ap_vld|     arrayidx179_3_7_promoted392_out|       pointer|
|arrayidx179_3_6_promoted389_out            |  out|   32|      ap_vld|     arrayidx179_3_6_promoted389_out|       pointer|
|arrayidx179_3_6_promoted389_out_ap_vld     |  out|    1|      ap_vld|     arrayidx179_3_6_promoted389_out|       pointer|
|arrayidx179_3_5_promoted386_out            |  out|   32|      ap_vld|     arrayidx179_3_5_promoted386_out|       pointer|
|arrayidx179_3_5_promoted386_out_ap_vld     |  out|    1|      ap_vld|     arrayidx179_3_5_promoted386_out|       pointer|
|arrayidx179_3_4_promoted383_out            |  out|   32|      ap_vld|     arrayidx179_3_4_promoted383_out|       pointer|
|arrayidx179_3_4_promoted383_out_ap_vld     |  out|    1|      ap_vld|     arrayidx179_3_4_promoted383_out|       pointer|
|arrayidx179_3_3_promoted380_out            |  out|   32|      ap_vld|     arrayidx179_3_3_promoted380_out|       pointer|
|arrayidx179_3_3_promoted380_out_ap_vld     |  out|    1|      ap_vld|     arrayidx179_3_3_promoted380_out|       pointer|
|arrayidx179_3_2_promoted377_out            |  out|   32|      ap_vld|     arrayidx179_3_2_promoted377_out|       pointer|
|arrayidx179_3_2_promoted377_out_ap_vld     |  out|    1|      ap_vld|     arrayidx179_3_2_promoted377_out|       pointer|
|arrayidx179_3_1_promoted374_out            |  out|   32|      ap_vld|     arrayidx179_3_1_promoted374_out|       pointer|
|arrayidx179_3_1_promoted374_out_ap_vld     |  out|    1|      ap_vld|     arrayidx179_3_1_promoted374_out|       pointer|
|arrayidx179_3_promoted371_out              |  out|   32|      ap_vld|       arrayidx179_3_promoted371_out|       pointer|
|arrayidx179_3_promoted371_out_ap_vld       |  out|    1|      ap_vld|       arrayidx179_3_promoted371_out|       pointer|
|arrayidx179_2_12_promoted368_out           |  out|   32|      ap_vld|    arrayidx179_2_12_promoted368_out|       pointer|
|arrayidx179_2_12_promoted368_out_ap_vld    |  out|    1|      ap_vld|    arrayidx179_2_12_promoted368_out|       pointer|
|arrayidx179_2_11_promoted365_out           |  out|   32|      ap_vld|    arrayidx179_2_11_promoted365_out|       pointer|
|arrayidx179_2_11_promoted365_out_ap_vld    |  out|    1|      ap_vld|    arrayidx179_2_11_promoted365_out|       pointer|
|arrayidx179_2_10_promoted362_out           |  out|   32|      ap_vld|    arrayidx179_2_10_promoted362_out|       pointer|
|arrayidx179_2_10_promoted362_out_ap_vld    |  out|    1|      ap_vld|    arrayidx179_2_10_promoted362_out|       pointer|
|arrayidx179_2_9_promoted359_out            |  out|   32|      ap_vld|     arrayidx179_2_9_promoted359_out|       pointer|
|arrayidx179_2_9_promoted359_out_ap_vld     |  out|    1|      ap_vld|     arrayidx179_2_9_promoted359_out|       pointer|
|arrayidx179_2_8_promoted356_out            |  out|   32|      ap_vld|     arrayidx179_2_8_promoted356_out|       pointer|
|arrayidx179_2_8_promoted356_out_ap_vld     |  out|    1|      ap_vld|     arrayidx179_2_8_promoted356_out|       pointer|
|arrayidx179_2_7_promoted353_out            |  out|   32|      ap_vld|     arrayidx179_2_7_promoted353_out|       pointer|
|arrayidx179_2_7_promoted353_out_ap_vld     |  out|    1|      ap_vld|     arrayidx179_2_7_promoted353_out|       pointer|
|arrayidx179_2_6_promoted350_out            |  out|   32|      ap_vld|     arrayidx179_2_6_promoted350_out|       pointer|
|arrayidx179_2_6_promoted350_out_ap_vld     |  out|    1|      ap_vld|     arrayidx179_2_6_promoted350_out|       pointer|
|arrayidx179_2_5_promoted347_out            |  out|   32|      ap_vld|     arrayidx179_2_5_promoted347_out|       pointer|
|arrayidx179_2_5_promoted347_out_ap_vld     |  out|    1|      ap_vld|     arrayidx179_2_5_promoted347_out|       pointer|
|arrayidx179_2_4_promoted344_out            |  out|   32|      ap_vld|     arrayidx179_2_4_promoted344_out|       pointer|
|arrayidx179_2_4_promoted344_out_ap_vld     |  out|    1|      ap_vld|     arrayidx179_2_4_promoted344_out|       pointer|
|arrayidx179_2_3_promoted341_out            |  out|   32|      ap_vld|     arrayidx179_2_3_promoted341_out|       pointer|
|arrayidx179_2_3_promoted341_out_ap_vld     |  out|    1|      ap_vld|     arrayidx179_2_3_promoted341_out|       pointer|
|arrayidx179_2_2_promoted338_out            |  out|   32|      ap_vld|     arrayidx179_2_2_promoted338_out|       pointer|
|arrayidx179_2_2_promoted338_out_ap_vld     |  out|    1|      ap_vld|     arrayidx179_2_2_promoted338_out|       pointer|
|arrayidx179_2_1_promoted335_out            |  out|   32|      ap_vld|     arrayidx179_2_1_promoted335_out|       pointer|
|arrayidx179_2_1_promoted335_out_ap_vld     |  out|    1|      ap_vld|     arrayidx179_2_1_promoted335_out|       pointer|
|arrayidx179_2_promoted332_out              |  out|   32|      ap_vld|       arrayidx179_2_promoted332_out|       pointer|
|arrayidx179_2_promoted332_out_ap_vld       |  out|    1|      ap_vld|       arrayidx179_2_promoted332_out|       pointer|
|arrayidx179_1_12_promoted329_out           |  out|   32|      ap_vld|    arrayidx179_1_12_promoted329_out|       pointer|
|arrayidx179_1_12_promoted329_out_ap_vld    |  out|    1|      ap_vld|    arrayidx179_1_12_promoted329_out|       pointer|
|arrayidx179_1_11_promoted326_out           |  out|   32|      ap_vld|    arrayidx179_1_11_promoted326_out|       pointer|
|arrayidx179_1_11_promoted326_out_ap_vld    |  out|    1|      ap_vld|    arrayidx179_1_11_promoted326_out|       pointer|
|arrayidx179_1_10_promoted323_out           |  out|   32|      ap_vld|    arrayidx179_1_10_promoted323_out|       pointer|
|arrayidx179_1_10_promoted323_out_ap_vld    |  out|    1|      ap_vld|    arrayidx179_1_10_promoted323_out|       pointer|
|arrayidx179_1_9_promoted320_out            |  out|   32|      ap_vld|     arrayidx179_1_9_promoted320_out|       pointer|
|arrayidx179_1_9_promoted320_out_ap_vld     |  out|    1|      ap_vld|     arrayidx179_1_9_promoted320_out|       pointer|
|arrayidx179_1_8_promoted317_out            |  out|   32|      ap_vld|     arrayidx179_1_8_promoted317_out|       pointer|
|arrayidx179_1_8_promoted317_out_ap_vld     |  out|    1|      ap_vld|     arrayidx179_1_8_promoted317_out|       pointer|
|arrayidx179_1_7_promoted314_out            |  out|   32|      ap_vld|     arrayidx179_1_7_promoted314_out|       pointer|
|arrayidx179_1_7_promoted314_out_ap_vld     |  out|    1|      ap_vld|     arrayidx179_1_7_promoted314_out|       pointer|
|arrayidx179_1_6_promoted311_out            |  out|   32|      ap_vld|     arrayidx179_1_6_promoted311_out|       pointer|
|arrayidx179_1_6_promoted311_out_ap_vld     |  out|    1|      ap_vld|     arrayidx179_1_6_promoted311_out|       pointer|
|arrayidx179_1_5_promoted308_out            |  out|   32|      ap_vld|     arrayidx179_1_5_promoted308_out|       pointer|
|arrayidx179_1_5_promoted308_out_ap_vld     |  out|    1|      ap_vld|     arrayidx179_1_5_promoted308_out|       pointer|
|arrayidx179_1_4_promoted305_out            |  out|   32|      ap_vld|     arrayidx179_1_4_promoted305_out|       pointer|
|arrayidx179_1_4_promoted305_out_ap_vld     |  out|    1|      ap_vld|     arrayidx179_1_4_promoted305_out|       pointer|
|arrayidx179_1_3_promoted302_out            |  out|   32|      ap_vld|     arrayidx179_1_3_promoted302_out|       pointer|
|arrayidx179_1_3_promoted302_out_ap_vld     |  out|    1|      ap_vld|     arrayidx179_1_3_promoted302_out|       pointer|
|arrayidx179_1_2_promoted299_out            |  out|   32|      ap_vld|     arrayidx179_1_2_promoted299_out|       pointer|
|arrayidx179_1_2_promoted299_out_ap_vld     |  out|    1|      ap_vld|     arrayidx179_1_2_promoted299_out|       pointer|
|arrayidx179_1_1_promoted296_out            |  out|   32|      ap_vld|     arrayidx179_1_1_promoted296_out|       pointer|
|arrayidx179_1_1_promoted296_out_ap_vld     |  out|    1|      ap_vld|     arrayidx179_1_1_promoted296_out|       pointer|
|arrayidx179_1_promoted293_out              |  out|   32|      ap_vld|       arrayidx179_1_promoted293_out|       pointer|
|arrayidx179_1_promoted293_out_ap_vld       |  out|    1|      ap_vld|       arrayidx179_1_promoted293_out|       pointer|
|arrayidx179_124065_promoted290_out         |  out|   32|      ap_vld|  arrayidx179_124065_promoted290_out|       pointer|
|arrayidx179_124065_promoted290_out_ap_vld  |  out|    1|      ap_vld|  arrayidx179_124065_promoted290_out|       pointer|
|arrayidx179_114048_promoted287_out         |  out|   32|      ap_vld|  arrayidx179_114048_promoted287_out|       pointer|
|arrayidx179_114048_promoted287_out_ap_vld  |  out|    1|      ap_vld|  arrayidx179_114048_promoted287_out|       pointer|
|arrayidx179_104031_promoted284_out         |  out|   32|      ap_vld|  arrayidx179_104031_promoted284_out|       pointer|
|arrayidx179_104031_promoted284_out_ap_vld  |  out|    1|      ap_vld|  arrayidx179_104031_promoted284_out|       pointer|
|arrayidx179_94014_promoted281_out          |  out|   32|      ap_vld|   arrayidx179_94014_promoted281_out|       pointer|
|arrayidx179_94014_promoted281_out_ap_vld   |  out|    1|      ap_vld|   arrayidx179_94014_promoted281_out|       pointer|
|arrayidx179_83997_promoted278_out          |  out|   32|      ap_vld|   arrayidx179_83997_promoted278_out|       pointer|
|arrayidx179_83997_promoted278_out_ap_vld   |  out|    1|      ap_vld|   arrayidx179_83997_promoted278_out|       pointer|
|arrayidx179_73980_promoted275_out          |  out|   32|      ap_vld|   arrayidx179_73980_promoted275_out|       pointer|
|arrayidx179_73980_promoted275_out_ap_vld   |  out|    1|      ap_vld|   arrayidx179_73980_promoted275_out|       pointer|
|arrayidx179_63963_promoted272_out          |  out|   32|      ap_vld|   arrayidx179_63963_promoted272_out|       pointer|
|arrayidx179_63963_promoted272_out_ap_vld   |  out|    1|      ap_vld|   arrayidx179_63963_promoted272_out|       pointer|
|arrayidx179_53946_promoted269_out          |  out|   32|      ap_vld|   arrayidx179_53946_promoted269_out|       pointer|
|arrayidx179_53946_promoted269_out_ap_vld   |  out|    1|      ap_vld|   arrayidx179_53946_promoted269_out|       pointer|
|arrayidx179_43929_promoted266_out          |  out|   32|      ap_vld|   arrayidx179_43929_promoted266_out|       pointer|
|arrayidx179_43929_promoted266_out_ap_vld   |  out|    1|      ap_vld|   arrayidx179_43929_promoted266_out|       pointer|
|arrayidx179_33912_promoted263_out          |  out|   32|      ap_vld|   arrayidx179_33912_promoted263_out|       pointer|
|arrayidx179_33912_promoted263_out_ap_vld   |  out|    1|      ap_vld|   arrayidx179_33912_promoted263_out|       pointer|
|arrayidx179_23895_promoted260_out          |  out|   32|      ap_vld|   arrayidx179_23895_promoted260_out|       pointer|
|arrayidx179_23895_promoted260_out_ap_vld   |  out|    1|      ap_vld|   arrayidx179_23895_promoted260_out|       pointer|
|arrayidx179_13878_promoted257_out          |  out|   32|      ap_vld|   arrayidx179_13878_promoted257_out|       pointer|
|arrayidx179_13878_promoted257_out_ap_vld   |  out|    1|      ap_vld|   arrayidx179_13878_promoted257_out|       pointer|
|arrayidx179_promoted254_out                |  out|   32|      ap_vld|         arrayidx179_promoted254_out|       pointer|
|arrayidx179_promoted254_out_ap_vld         |  out|    1|      ap_vld|         arrayidx179_promoted254_out|       pointer|
+-------------------------------------------+-----+-----+------------+------------------------------------+--------------+

