

================================================================
== Vitis HLS Report for 'conv4_Pipeline_VITIS_LOOP_87_1'
================================================================
* Date:           Sun Jan 26 21:45:34 2025

* Version:        2024.2 (Build 5238294 on Nov  8 2024)
* Project:        Alex_Net
* Solution:       NN (Vivado IP Flow Target)
* Product family: zynquplus
* Target device:  xczu7ev-ffvc1156-2-i


================================================================
== Performance Estimates
================================================================
+ Timing: 
    * Summary: 
    +--------+----------+----------+------------+
    |  Clock |  Target  | Estimated| Uncertainty|
    +--------+----------+----------+------------+
    |ap_clk  |  10.00 ns|  1.619 ns|     2.70 ns|
    +--------+----------+----------+------------+

+ Latency: 
    * Summary: 
    +---------+---------+----------+----------+-----+-----+------------------------------------------------+
    |  Latency (cycles) |  Latency (absolute) |  Interval |                    Pipeline                    |
    |   min   |   max   |    min   |    max   | min | max |                      Type                      |
    +---------+---------+----------+----------+-----+-----+------------------------------------------------+
    |      171|      171|  1.710 us|  1.710 us|  170|  170|  loop auto-rewind stp (delay=0 clock cycles(s))|
    +---------+---------+----------+----------+-----+-----+------------------------------------------------+

    + Detail: 
        * Instance: 
        N/A

        * Loop: 
        +-------------------+---------+---------+----------+-----------+-----------+------+----------+
        |                   |  Latency (cycles) | Iteration|  Initiation Interval  | Trip |          |
        |     Loop Name     |   min   |   max   |  Latency |  achieved |   target  | Count| Pipelined|
        +-------------------+---------+---------+----------+-----------+-----------+------+----------+
        |- VITIS_LOOP_87_1  |      169|      169|         1|          1|          1|   169|       yes|
        +-------------------+---------+---------+----------+-----------+-----------+------+----------+



================================================================
== Utilization Estimates
================================================================
* Summary: 
+-----------------+---------+------+--------+--------+-----+
|       Name      | BRAM_18K|  DSP |   FF   |   LUT  | URAM|
+-----------------+---------+------+--------+--------+-----+
|DSP              |        -|     -|       -|       -|    -|
|Expression       |        -|     -|       0|      32|    -|
|FIFO             |        -|     -|       -|       -|    -|
|Instance         |        -|     -|       -|       -|    -|
|Memory           |        -|     -|       -|       -|    -|
|Multiplexer      |        -|     -|       0|    1548|    -|
|Register         |        -|     -|    5418|       -|    -|
+-----------------+---------+------+--------+--------+-----+
|Total            |        0|     0|    5418|    1580|    0|
+-----------------+---------+------+--------+--------+-----+
|Available        |      624|  1728|  460800|  230400|   96|
+-----------------+---------+------+--------+--------+-----+
|Utilization (%)  |        0|     0|       1|      ~0|    0|
+-----------------+---------+------+--------+--------+-----+

+ Detail: 
    * Instance: 
    N/A

    * DSP: 
    N/A

    * Memory: 
    N/A

    * FIFO: 
    N/A

    * Expression: 
    +----------------------+----------+----+---+----+------------+------------+
    |     Variable Name    | Operation| DSP| FF| LUT| Bitwidth P0| Bitwidth P1|
    +----------------------+----------+----+---+----+------------+------------+
    |add_ln87_fu_4774_p2   |         +|   0|  0|  15|           8|           1|
    |ap_condition_2236     |       and|   0|  0|   2|           1|           1|
    |icmp_ln87_fu_4768_p2  |      icmp|   0|  0|  15|           8|           8|
    +----------------------+----------+----+---+----+------------+------------+
    |Total                 |          |   0|  0|  32|          17|          10|
    +----------------------+----------+----+---+----+------------+------------+

    * Multiplexer: 
    +----------------------------------------+----+-----------+-----+-----------+
    |                  Name                  | LUT| Input Size| Bits| Total Bits|
    +----------------------------------------+----+-----------+-----+-----------+
    |ap_done_int                             |   9|          2|    1|          2|
    |ap_sig_allocacmp_i_5                    |   9|          2|    8|         16|
    |arrayidx179_108411_promoted703_fu_1082  |   9|          2|   32|         64|
    |arrayidx179_10_10_promoted1093_fu_1602  |   9|          2|   32|         64|
    |arrayidx179_10_11_promoted1096_fu_1606  |   9|          2|   32|         64|
    |arrayidx179_10_12_promoted1099_fu_1610  |   9|          2|   32|         64|
    |arrayidx179_10_1_promoted1066_fu_1566   |   9|          2|   32|         64|
    |arrayidx179_10_2_promoted1069_fu_1570   |   9|          2|   32|         64|
    |arrayidx179_10_3_promoted1072_fu_1574   |   9|          2|   32|         64|
    |arrayidx179_10_4_promoted1075_fu_1578   |   9|          2|   32|         64|
    |arrayidx179_10_5_promoted1078_fu_1582   |   9|          2|   32|         64|
    |arrayidx179_10_6_promoted1081_fu_1586   |   9|          2|   32|         64|
    |arrayidx179_10_7_promoted1084_fu_1590   |   9|          2|   32|         64|
    |arrayidx179_10_8_promoted1087_fu_1594   |   9|          2|   32|         64|
    |arrayidx179_10_9_promoted1090_fu_1598   |   9|          2|   32|         64|
    |arrayidx179_10_promoted1063_fu_1562     |   9|          2|   32|         64|
    |arrayidx179_118428_promoted706_fu_1086  |   9|          2|   32|         64|
    |arrayidx179_11_10_promoted1132_fu_1654  |   9|          2|   32|         64|
    |arrayidx179_11_11_promoted1135_fu_1658  |   9|          2|   32|         64|
    |arrayidx179_11_12_promoted1138_fu_1662  |   9|          2|   32|         64|
    |arrayidx179_11_1_promoted1105_fu_1618   |   9|          2|   32|         64|
    |arrayidx179_11_2_promoted1108_fu_1622   |   9|          2|   32|         64|
    |arrayidx179_11_3_promoted1111_fu_1626   |   9|          2|   32|         64|
    |arrayidx179_11_4_promoted1114_fu_1630   |   9|          2|   32|         64|
    |arrayidx179_11_5_promoted1117_fu_1634   |   9|          2|   32|         64|
    |arrayidx179_11_6_promoted1120_fu_1638   |   9|          2|   32|         64|
    |arrayidx179_11_7_promoted1123_fu_1642   |   9|          2|   32|         64|
    |arrayidx179_11_8_promoted1126_fu_1646   |   9|          2|   32|         64|
    |arrayidx179_11_9_promoted1129_fu_1650   |   9|          2|   32|         64|
    |arrayidx179_11_promoted1102_fu_1614     |   9|          2|   32|         64|
    |arrayidx179_128445_promoted709_fu_1090  |   9|          2|   32|         64|
    |arrayidx179_12_10_promoted1171_fu_1706  |   9|          2|   32|         64|
    |arrayidx179_12_11_promoted1174_fu_1710  |   9|          2|   32|         64|
    |arrayidx179_12_12_promoted1177_fu_1714  |   9|          2|   32|         64|
    |arrayidx179_12_1_promoted1144_fu_1670   |   9|          2|   32|         64|
    |arrayidx179_12_2_promoted1147_fu_1674   |   9|          2|   32|         64|
    |arrayidx179_12_3_promoted1150_fu_1678   |   9|          2|   32|         64|
    |arrayidx179_12_4_promoted1153_fu_1682   |   9|          2|   32|         64|
    |arrayidx179_12_5_promoted1156_fu_1686   |   9|          2|   32|         64|
    |arrayidx179_12_6_promoted1159_fu_1690   |   9|          2|   32|         64|
    |arrayidx179_12_7_promoted1162_fu_1694   |   9|          2|   32|         64|
    |arrayidx179_12_8_promoted1165_fu_1698   |   9|          2|   32|         64|
    |arrayidx179_12_9_promoted1168_fu_1702   |   9|          2|   32|         64|
    |arrayidx179_12_promoted1141_fu_1666     |   9|          2|   32|         64|
    |arrayidx179_18258_promoted676_fu_1046   |   9|          2|   32|         64|
    |arrayidx179_1_10_promoted742_fu_1134    |   9|          2|   32|         64|
    |arrayidx179_1_11_promoted745_fu_1138    |   9|          2|   32|         64|
    |arrayidx179_1_12_promoted748_fu_1142    |   9|          2|   32|         64|
    |arrayidx179_1_1_promoted715_fu_1098     |   9|          2|   32|         64|
    |arrayidx179_1_2_promoted718_fu_1102     |   9|          2|   32|         64|
    |arrayidx179_1_3_promoted721_fu_1106     |   9|          2|   32|         64|
    |arrayidx179_1_4_promoted724_fu_1110     |   9|          2|   32|         64|
    |arrayidx179_1_5_promoted727_fu_1114     |   9|          2|   32|         64|
    |arrayidx179_1_6_promoted730_fu_1118     |   9|          2|   32|         64|
    |arrayidx179_1_7_promoted733_fu_1122     |   9|          2|   32|         64|
    |arrayidx179_1_8_promoted736_fu_1126     |   9|          2|   32|         64|
    |arrayidx179_1_9_promoted739_fu_1130     |   9|          2|   32|         64|
    |arrayidx179_1_promoted712_fu_1094       |   9|          2|   32|         64|
    |arrayidx179_28275_promoted679_fu_1050   |   9|          2|   32|         64|
    |arrayidx179_2_10_promoted781_fu_1186    |   9|          2|   32|         64|
    |arrayidx179_2_11_promoted784_fu_1190    |   9|          2|   32|         64|
    |arrayidx179_2_12_promoted787_fu_1194    |   9|          2|   32|         64|
    |arrayidx179_2_1_promoted754_fu_1150     |   9|          2|   32|         64|
    |arrayidx179_2_2_promoted757_fu_1154     |   9|          2|   32|         64|
    |arrayidx179_2_3_promoted760_fu_1158     |   9|          2|   32|         64|
    |arrayidx179_2_4_promoted763_fu_1162     |   9|          2|   32|         64|
    |arrayidx179_2_5_promoted766_fu_1166     |   9|          2|   32|         64|
    |arrayidx179_2_6_promoted769_fu_1170     |   9|          2|   32|         64|
    |arrayidx179_2_7_promoted772_fu_1174     |   9|          2|   32|         64|
    |arrayidx179_2_8_promoted775_fu_1178     |   9|          2|   32|         64|
    |arrayidx179_2_9_promoted778_fu_1182     |   9|          2|   32|         64|
    |arrayidx179_2_promoted751_fu_1146       |   9|          2|   32|         64|
    |arrayidx179_38292_promoted682_fu_1054   |   9|          2|   32|         64|
    |arrayidx179_3_10_promoted820_fu_1238    |   9|          2|   32|         64|
    |arrayidx179_3_11_promoted823_fu_1242    |   9|          2|   32|         64|
    |arrayidx179_3_12_promoted826_fu_1246    |   9|          2|   32|         64|
    |arrayidx179_3_1_promoted793_fu_1202     |   9|          2|   32|         64|
    |arrayidx179_3_2_promoted796_fu_1206     |   9|          2|   32|         64|
    |arrayidx179_3_3_promoted799_fu_1210     |   9|          2|   32|         64|
    |arrayidx179_3_4_promoted802_fu_1214     |   9|          2|   32|         64|
    |arrayidx179_3_5_promoted805_fu_1218     |   9|          2|   32|         64|
    |arrayidx179_3_6_promoted808_fu_1222     |   9|          2|   32|         64|
    |arrayidx179_3_7_promoted811_fu_1226     |   9|          2|   32|         64|
    |arrayidx179_3_8_promoted814_fu_1230     |   9|          2|   32|         64|
    |arrayidx179_3_9_promoted817_fu_1234     |   9|          2|   32|         64|
    |arrayidx179_3_promoted790_fu_1198       |   9|          2|   32|         64|
    |arrayidx179_48309_promoted685_fu_1058   |   9|          2|   32|         64|
    |arrayidx179_4_10_promoted859_fu_1290    |   9|          2|   32|         64|
    |arrayidx179_4_11_promoted862_fu_1294    |   9|          2|   32|         64|
    |arrayidx179_4_12_promoted865_fu_1298    |   9|          2|   32|         64|
    |arrayidx179_4_1_promoted832_fu_1254     |   9|          2|   32|         64|
    |arrayidx179_4_2_promoted835_fu_1258     |   9|          2|   32|         64|
    |arrayidx179_4_3_promoted838_fu_1262     |   9|          2|   32|         64|
    |arrayidx179_4_4_promoted841_fu_1266     |   9|          2|   32|         64|
    |arrayidx179_4_5_promoted844_fu_1270     |   9|          2|   32|         64|
    |arrayidx179_4_6_promoted847_fu_1274     |   9|          2|   32|         64|
    |arrayidx179_4_7_promoted850_fu_1278     |   9|          2|   32|         64|
    |arrayidx179_4_8_promoted853_fu_1282     |   9|          2|   32|         64|
    |arrayidx179_4_9_promoted856_fu_1286     |   9|          2|   32|         64|
    |arrayidx179_4_promoted829_fu_1250       |   9|          2|   32|         64|
    |arrayidx179_58326_promoted688_fu_1062   |   9|          2|   32|         64|
    |arrayidx179_5_10_promoted898_fu_1342    |   9|          2|   32|         64|
    |arrayidx179_5_11_promoted901_fu_1346    |   9|          2|   32|         64|
    |arrayidx179_5_12_promoted904_fu_1350    |   9|          2|   32|         64|
    |arrayidx179_5_1_promoted871_fu_1306     |   9|          2|   32|         64|
    |arrayidx179_5_2_promoted874_fu_1310     |   9|          2|   32|         64|
    |arrayidx179_5_3_promoted877_fu_1314     |   9|          2|   32|         64|
    |arrayidx179_5_4_promoted880_fu_1318     |   9|          2|   32|         64|
    |arrayidx179_5_5_promoted883_fu_1322     |   9|          2|   32|         64|
    |arrayidx179_5_6_promoted886_fu_1326     |   9|          2|   32|         64|
    |arrayidx179_5_7_promoted889_fu_1330     |   9|          2|   32|         64|
    |arrayidx179_5_8_promoted892_fu_1334     |   9|          2|   32|         64|
    |arrayidx179_5_9_promoted895_fu_1338     |   9|          2|   32|         64|
    |arrayidx179_5_promoted868_fu_1302       |   9|          2|   32|         64|
    |arrayidx179_68343_promoted691_fu_1066   |   9|          2|   32|         64|
    |arrayidx179_6_10_promoted937_fu_1394    |   9|          2|   32|         64|
    |arrayidx179_6_11_promoted940_fu_1398    |   9|          2|   32|         64|
    |arrayidx179_6_12_promoted943_fu_1402    |   9|          2|   32|         64|
    |arrayidx179_6_1_promoted910_fu_1358     |   9|          2|   32|         64|
    |arrayidx179_6_2_promoted913_fu_1362     |   9|          2|   32|         64|
    |arrayidx179_6_3_promoted916_fu_1366     |   9|          2|   32|         64|
    |arrayidx179_6_4_promoted919_fu_1370     |   9|          2|   32|         64|
    |arrayidx179_6_5_promoted922_fu_1374     |   9|          2|   32|         64|
    |arrayidx179_6_6_promoted925_fu_1378     |   9|          2|   32|         64|
    |arrayidx179_6_7_promoted928_fu_1382     |   9|          2|   32|         64|
    |arrayidx179_6_8_promoted931_fu_1386     |   9|          2|   32|         64|
    |arrayidx179_6_9_promoted934_fu_1390     |   9|          2|   32|         64|
    |arrayidx179_6_promoted907_fu_1354       |   9|          2|   32|         64|
    |arrayidx179_78360_promoted694_fu_1070   |   9|          2|   32|         64|
    |arrayidx179_7_10_promoted976_fu_1446    |   9|          2|   32|         64|
    |arrayidx179_7_11_promoted979_fu_1450    |   9|          2|   32|         64|
    |arrayidx179_7_12_promoted982_fu_1454    |   9|          2|   32|         64|
    |arrayidx179_7_1_promoted949_fu_1410     |   9|          2|   32|         64|
    |arrayidx179_7_2_promoted952_fu_1414     |   9|          2|   32|         64|
    |arrayidx179_7_3_promoted955_fu_1418     |   9|          2|   32|         64|
    |arrayidx179_7_4_promoted958_fu_1422     |   9|          2|   32|         64|
    |arrayidx179_7_5_promoted961_fu_1426     |   9|          2|   32|         64|
    |arrayidx179_7_6_promoted964_fu_1430     |   9|          2|   32|         64|
    |arrayidx179_7_7_promoted967_fu_1434     |   9|          2|   32|         64|
    |arrayidx179_7_8_promoted970_fu_1438     |   9|          2|   32|         64|
    |arrayidx179_7_9_promoted973_fu_1442     |   9|          2|   32|         64|
    |arrayidx179_7_promoted946_fu_1406       |   9|          2|   32|         64|
    |arrayidx179_88377_promoted697_fu_1074   |   9|          2|   32|         64|
    |arrayidx179_8_10_promoted1015_fu_1498   |   9|          2|   32|         64|
    |arrayidx179_8_11_promoted1018_fu_1502   |   9|          2|   32|         64|
    |arrayidx179_8_12_promoted1021_fu_1506   |   9|          2|   32|         64|
    |arrayidx179_8_1_promoted988_fu_1462     |   9|          2|   32|         64|
    |arrayidx179_8_2_promoted991_fu_1466     |   9|          2|   32|         64|
    |arrayidx179_8_3_promoted994_fu_1470     |   9|          2|   32|         64|
    |arrayidx179_8_4_promoted997_fu_1474     |   9|          2|   32|         64|
    |arrayidx179_8_5_promoted1000_fu_1478    |   9|          2|   32|         64|
    |arrayidx179_8_6_promoted1003_fu_1482    |   9|          2|   32|         64|
    |arrayidx179_8_7_promoted1006_fu_1486    |   9|          2|   32|         64|
    |arrayidx179_8_8_promoted1009_fu_1490    |   9|          2|   32|         64|
    |arrayidx179_8_9_promoted1012_fu_1494    |   9|          2|   32|         64|
    |arrayidx179_8_promoted985_fu_1458       |   9|          2|   32|         64|
    |arrayidx179_98394_promoted700_fu_1078   |   9|          2|   32|         64|
    |arrayidx179_9_10_promoted1054_fu_1550   |   9|          2|   32|         64|
    |arrayidx179_9_11_promoted1057_fu_1554   |   9|          2|   32|         64|
    |arrayidx179_9_12_promoted1060_fu_1558   |   9|          2|   32|         64|
    |arrayidx179_9_1_promoted1027_fu_1514    |   9|          2|   32|         64|
    |arrayidx179_9_2_promoted1030_fu_1518    |   9|          2|   32|         64|
    |arrayidx179_9_3_promoted1033_fu_1522    |   9|          2|   32|         64|
    |arrayidx179_9_4_promoted1036_fu_1526    |   9|          2|   32|         64|
    |arrayidx179_9_5_promoted1039_fu_1530    |   9|          2|   32|         64|
    |arrayidx179_9_6_promoted1042_fu_1534    |   9|          2|   32|         64|
    |arrayidx179_9_7_promoted1045_fu_1538    |   9|          2|   32|         64|
    |arrayidx179_9_8_promoted1048_fu_1542    |   9|          2|   32|         64|
    |arrayidx179_9_9_promoted1051_fu_1546    |   9|          2|   32|         64|
    |arrayidx179_9_promoted1024_fu_1510      |   9|          2|   32|         64|
    |arrayidx179_promoted673_fu_1042         |   9|          2|   32|         64|
    |i_fu_1038                               |   9|          2|    8|         16|
    +----------------------------------------+----+-----------+-----+-----------+
    |Total                                   |1548|        344| 5425|      10850|
    +----------------------------------------+----+-----------+-----+-----------+

    * Register: 
    +----------------------------------------+----+----+-----+-----------+
    |                  Name                  | FF | LUT| Bits| Const Bits|
    +----------------------------------------+----+----+-----+-----------+
    |ap_CS_fsm                               |   1|   0|    1|          0|
    |ap_done_reg                             |   1|   0|    1|          0|
    |arrayidx179_108411_promoted703_fu_1082  |  32|   0|   32|          0|
    |arrayidx179_10_10_promoted1093_fu_1602  |  32|   0|   32|          0|
    |arrayidx179_10_11_promoted1096_fu_1606  |  32|   0|   32|          0|
    |arrayidx179_10_12_promoted1099_fu_1610  |  32|   0|   32|          0|
    |arrayidx179_10_1_promoted1066_fu_1566   |  32|   0|   32|          0|
    |arrayidx179_10_2_promoted1069_fu_1570   |  32|   0|   32|          0|
    |arrayidx179_10_3_promoted1072_fu_1574   |  32|   0|   32|          0|
    |arrayidx179_10_4_promoted1075_fu_1578   |  32|   0|   32|          0|
    |arrayidx179_10_5_promoted1078_fu_1582   |  32|   0|   32|          0|
    |arrayidx179_10_6_promoted1081_fu_1586   |  32|   0|   32|          0|
    |arrayidx179_10_7_promoted1084_fu_1590   |  32|   0|   32|          0|
    |arrayidx179_10_8_promoted1087_fu_1594   |  32|   0|   32|          0|
    |arrayidx179_10_9_promoted1090_fu_1598   |  32|   0|   32|          0|
    |arrayidx179_10_promoted1063_fu_1562     |  32|   0|   32|          0|
    |arrayidx179_118428_promoted706_fu_1086  |  32|   0|   32|          0|
    |arrayidx179_11_10_promoted1132_fu_1654  |  32|   0|   32|          0|
    |arrayidx179_11_11_promoted1135_fu_1658  |  32|   0|   32|          0|
    |arrayidx179_11_12_promoted1138_fu_1662  |  32|   0|   32|          0|
    |arrayidx179_11_1_promoted1105_fu_1618   |  32|   0|   32|          0|
    |arrayidx179_11_2_promoted1108_fu_1622   |  32|   0|   32|          0|
    |arrayidx179_11_3_promoted1111_fu_1626   |  32|   0|   32|          0|
    |arrayidx179_11_4_promoted1114_fu_1630   |  32|   0|   32|          0|
    |arrayidx179_11_5_promoted1117_fu_1634   |  32|   0|   32|          0|
    |arrayidx179_11_6_promoted1120_fu_1638   |  32|   0|   32|          0|
    |arrayidx179_11_7_promoted1123_fu_1642   |  32|   0|   32|          0|
    |arrayidx179_11_8_promoted1126_fu_1646   |  32|   0|   32|          0|
    |arrayidx179_11_9_promoted1129_fu_1650   |  32|   0|   32|          0|
    |arrayidx179_11_promoted1102_fu_1614     |  32|   0|   32|          0|
    |arrayidx179_128445_promoted709_fu_1090  |  32|   0|   32|          0|
    |arrayidx179_12_10_promoted1171_fu_1706  |  32|   0|   32|          0|
    |arrayidx179_12_11_promoted1174_fu_1710  |  32|   0|   32|          0|
    |arrayidx179_12_12_promoted1177_fu_1714  |  32|   0|   32|          0|
    |arrayidx179_12_1_promoted1144_fu_1670   |  32|   0|   32|          0|
    |arrayidx179_12_2_promoted1147_fu_1674   |  32|   0|   32|          0|
    |arrayidx179_12_3_promoted1150_fu_1678   |  32|   0|   32|          0|
    |arrayidx179_12_4_promoted1153_fu_1682   |  32|   0|   32|          0|
    |arrayidx179_12_5_promoted1156_fu_1686   |  32|   0|   32|          0|
    |arrayidx179_12_6_promoted1159_fu_1690   |  32|   0|   32|          0|
    |arrayidx179_12_7_promoted1162_fu_1694   |  32|   0|   32|          0|
    |arrayidx179_12_8_promoted1165_fu_1698   |  32|   0|   32|          0|
    |arrayidx179_12_9_promoted1168_fu_1702   |  32|   0|   32|          0|
    |arrayidx179_12_promoted1141_fu_1666     |  32|   0|   32|          0|
    |arrayidx179_18258_promoted676_fu_1046   |  32|   0|   32|          0|
    |arrayidx179_1_10_promoted742_fu_1134    |  32|   0|   32|          0|
    |arrayidx179_1_11_promoted745_fu_1138    |  32|   0|   32|          0|
    |arrayidx179_1_12_promoted748_fu_1142    |  32|   0|   32|          0|
    |arrayidx179_1_1_promoted715_fu_1098     |  32|   0|   32|          0|
    |arrayidx179_1_2_promoted718_fu_1102     |  32|   0|   32|          0|
    |arrayidx179_1_3_promoted721_fu_1106     |  32|   0|   32|          0|
    |arrayidx179_1_4_promoted724_fu_1110     |  32|   0|   32|          0|
    |arrayidx179_1_5_promoted727_fu_1114     |  32|   0|   32|          0|
    |arrayidx179_1_6_promoted730_fu_1118     |  32|   0|   32|          0|
    |arrayidx179_1_7_promoted733_fu_1122     |  32|   0|   32|          0|
    |arrayidx179_1_8_promoted736_fu_1126     |  32|   0|   32|          0|
    |arrayidx179_1_9_promoted739_fu_1130     |  32|   0|   32|          0|
    |arrayidx179_1_promoted712_fu_1094       |  32|   0|   32|          0|
    |arrayidx179_28275_promoted679_fu_1050   |  32|   0|   32|          0|
    |arrayidx179_2_10_promoted781_fu_1186    |  32|   0|   32|          0|
    |arrayidx179_2_11_promoted784_fu_1190    |  32|   0|   32|          0|
    |arrayidx179_2_12_promoted787_fu_1194    |  32|   0|   32|          0|
    |arrayidx179_2_1_promoted754_fu_1150     |  32|   0|   32|          0|
    |arrayidx179_2_2_promoted757_fu_1154     |  32|   0|   32|          0|
    |arrayidx179_2_3_promoted760_fu_1158     |  32|   0|   32|          0|
    |arrayidx179_2_4_promoted763_fu_1162     |  32|   0|   32|          0|
    |arrayidx179_2_5_promoted766_fu_1166     |  32|   0|   32|          0|
    |arrayidx179_2_6_promoted769_fu_1170     |  32|   0|   32|          0|
    |arrayidx179_2_7_promoted772_fu_1174     |  32|   0|   32|          0|
    |arrayidx179_2_8_promoted775_fu_1178     |  32|   0|   32|          0|
    |arrayidx179_2_9_promoted778_fu_1182     |  32|   0|   32|          0|
    |arrayidx179_2_promoted751_fu_1146       |  32|   0|   32|          0|
    |arrayidx179_38292_promoted682_fu_1054   |  32|   0|   32|          0|
    |arrayidx179_3_10_promoted820_fu_1238    |  32|   0|   32|          0|
    |arrayidx179_3_11_promoted823_fu_1242    |  32|   0|   32|          0|
    |arrayidx179_3_12_promoted826_fu_1246    |  32|   0|   32|          0|
    |arrayidx179_3_1_promoted793_fu_1202     |  32|   0|   32|          0|
    |arrayidx179_3_2_promoted796_fu_1206     |  32|   0|   32|          0|
    |arrayidx179_3_3_promoted799_fu_1210     |  32|   0|   32|          0|
    |arrayidx179_3_4_promoted802_fu_1214     |  32|   0|   32|          0|
    |arrayidx179_3_5_promoted805_fu_1218     |  32|   0|   32|          0|
    |arrayidx179_3_6_promoted808_fu_1222     |  32|   0|   32|          0|
    |arrayidx179_3_7_promoted811_fu_1226     |  32|   0|   32|          0|
    |arrayidx179_3_8_promoted814_fu_1230     |  32|   0|   32|          0|
    |arrayidx179_3_9_promoted817_fu_1234     |  32|   0|   32|          0|
    |arrayidx179_3_promoted790_fu_1198       |  32|   0|   32|          0|
    |arrayidx179_48309_promoted685_fu_1058   |  32|   0|   32|          0|
    |arrayidx179_4_10_promoted859_fu_1290    |  32|   0|   32|          0|
    |arrayidx179_4_11_promoted862_fu_1294    |  32|   0|   32|          0|
    |arrayidx179_4_12_promoted865_fu_1298    |  32|   0|   32|          0|
    |arrayidx179_4_1_promoted832_fu_1254     |  32|   0|   32|          0|
    |arrayidx179_4_2_promoted835_fu_1258     |  32|   0|   32|          0|
    |arrayidx179_4_3_promoted838_fu_1262     |  32|   0|   32|          0|
    |arrayidx179_4_4_promoted841_fu_1266     |  32|   0|   32|          0|
    |arrayidx179_4_5_promoted844_fu_1270     |  32|   0|   32|          0|
    |arrayidx179_4_6_promoted847_fu_1274     |  32|   0|   32|          0|
    |arrayidx179_4_7_promoted850_fu_1278     |  32|   0|   32|          0|
    |arrayidx179_4_8_promoted853_fu_1282     |  32|   0|   32|          0|
    |arrayidx179_4_9_promoted856_fu_1286     |  32|   0|   32|          0|
    |arrayidx179_4_promoted829_fu_1250       |  32|   0|   32|          0|
    |arrayidx179_58326_promoted688_fu_1062   |  32|   0|   32|          0|
    |arrayidx179_5_10_promoted898_fu_1342    |  32|   0|   32|          0|
    |arrayidx179_5_11_promoted901_fu_1346    |  32|   0|   32|          0|
    |arrayidx179_5_12_promoted904_fu_1350    |  32|   0|   32|          0|
    |arrayidx179_5_1_promoted871_fu_1306     |  32|   0|   32|          0|
    |arrayidx179_5_2_promoted874_fu_1310     |  32|   0|   32|          0|
    |arrayidx179_5_3_promoted877_fu_1314     |  32|   0|   32|          0|
    |arrayidx179_5_4_promoted880_fu_1318     |  32|   0|   32|          0|
    |arrayidx179_5_5_promoted883_fu_1322     |  32|   0|   32|          0|
    |arrayidx179_5_6_promoted886_fu_1326     |  32|   0|   32|          0|
    |arrayidx179_5_7_promoted889_fu_1330     |  32|   0|   32|          0|
    |arrayidx179_5_8_promoted892_fu_1334     |  32|   0|   32|          0|
    |arrayidx179_5_9_promoted895_fu_1338     |  32|   0|   32|          0|
    |arrayidx179_5_promoted868_fu_1302       |  32|   0|   32|          0|
    |arrayidx179_68343_promoted691_fu_1066   |  32|   0|   32|          0|
    |arrayidx179_6_10_promoted937_fu_1394    |  32|   0|   32|          0|
    |arrayidx179_6_11_promoted940_fu_1398    |  32|   0|   32|          0|
    |arrayidx179_6_12_promoted943_fu_1402    |  32|   0|   32|          0|
    |arrayidx179_6_1_promoted910_fu_1358     |  32|   0|   32|          0|
    |arrayidx179_6_2_promoted913_fu_1362     |  32|   0|   32|          0|
    |arrayidx179_6_3_promoted916_fu_1366     |  32|   0|   32|          0|
    |arrayidx179_6_4_promoted919_fu_1370     |  32|   0|   32|          0|
    |arrayidx179_6_5_promoted922_fu_1374     |  32|   0|   32|          0|
    |arrayidx179_6_6_promoted925_fu_1378     |  32|   0|   32|          0|
    |arrayidx179_6_7_promoted928_fu_1382     |  32|   0|   32|          0|
    |arrayidx179_6_8_promoted931_fu_1386     |  32|   0|   32|          0|
    |arrayidx179_6_9_promoted934_fu_1390     |  32|   0|   32|          0|
    |arrayidx179_6_promoted907_fu_1354       |  32|   0|   32|          0|
    |arrayidx179_78360_promoted694_fu_1070   |  32|   0|   32|          0|
    |arrayidx179_7_10_promoted976_fu_1446    |  32|   0|   32|          0|
    |arrayidx179_7_11_promoted979_fu_1450    |  32|   0|   32|          0|
    |arrayidx179_7_12_promoted982_fu_1454    |  32|   0|   32|          0|
    |arrayidx179_7_1_promoted949_fu_1410     |  32|   0|   32|          0|
    |arrayidx179_7_2_promoted952_fu_1414     |  32|   0|   32|          0|
    |arrayidx179_7_3_promoted955_fu_1418     |  32|   0|   32|          0|
    |arrayidx179_7_4_promoted958_fu_1422     |  32|   0|   32|          0|
    |arrayidx179_7_5_promoted961_fu_1426     |  32|   0|   32|          0|
    |arrayidx179_7_6_promoted964_fu_1430     |  32|   0|   32|          0|
    |arrayidx179_7_7_promoted967_fu_1434     |  32|   0|   32|          0|
    |arrayidx179_7_8_promoted970_fu_1438     |  32|   0|   32|          0|
    |arrayidx179_7_9_promoted973_fu_1442     |  32|   0|   32|          0|
    |arrayidx179_7_promoted946_fu_1406       |  32|   0|   32|          0|
    |arrayidx179_88377_promoted697_fu_1074   |  32|   0|   32|          0|
    |arrayidx179_8_10_promoted1015_fu_1498   |  32|   0|   32|          0|
    |arrayidx179_8_11_promoted1018_fu_1502   |  32|   0|   32|          0|
    |arrayidx179_8_12_promoted1021_fu_1506   |  32|   0|   32|          0|
    |arrayidx179_8_1_promoted988_fu_1462     |  32|   0|   32|          0|
    |arrayidx179_8_2_promoted991_fu_1466     |  32|   0|   32|          0|
    |arrayidx179_8_3_promoted994_fu_1470     |  32|   0|   32|          0|
    |arrayidx179_8_4_promoted997_fu_1474     |  32|   0|   32|          0|
    |arrayidx179_8_5_promoted1000_fu_1478    |  32|   0|   32|          0|
    |arrayidx179_8_6_promoted1003_fu_1482    |  32|   0|   32|          0|
    |arrayidx179_8_7_promoted1006_fu_1486    |  32|   0|   32|          0|
    |arrayidx179_8_8_promoted1009_fu_1490    |  32|   0|   32|          0|
    |arrayidx179_8_9_promoted1012_fu_1494    |  32|   0|   32|          0|
    |arrayidx179_8_promoted985_fu_1458       |  32|   0|   32|          0|
    |arrayidx179_98394_promoted700_fu_1078   |  32|   0|   32|          0|
    |arrayidx179_9_10_promoted1054_fu_1550   |  32|   0|   32|          0|
    |arrayidx179_9_11_promoted1057_fu_1554   |  32|   0|   32|          0|
    |arrayidx179_9_12_promoted1060_fu_1558   |  32|   0|   32|          0|
    |arrayidx179_9_1_promoted1027_fu_1514    |  32|   0|   32|          0|
    |arrayidx179_9_2_promoted1030_fu_1518    |  32|   0|   32|          0|
    |arrayidx179_9_3_promoted1033_fu_1522    |  32|   0|   32|          0|
    |arrayidx179_9_4_promoted1036_fu_1526    |  32|   0|   32|          0|
    |arrayidx179_9_5_promoted1039_fu_1530    |  32|   0|   32|          0|
    |arrayidx179_9_6_promoted1042_fu_1534    |  32|   0|   32|          0|
    |arrayidx179_9_7_promoted1045_fu_1538    |  32|   0|   32|          0|
    |arrayidx179_9_8_promoted1048_fu_1542    |  32|   0|   32|          0|
    |arrayidx179_9_9_promoted1051_fu_1546    |  32|   0|   32|          0|
    |arrayidx179_9_promoted1024_fu_1510      |  32|   0|   32|          0|
    |arrayidx179_promoted673_fu_1042         |  32|   0|   32|          0|
    |i_fu_1038                               |   8|   0|    8|          0|
    +----------------------------------------+----+----+-----+-----------+
    |Total                                   |5418|   0| 5418|          0|
    +----------------------------------------+----+----+-----+-----------+



================================================================
== Interface
================================================================
* Summary: 
+-------------------------------------------+-----+-----+------------+------------------------------------+--------------+
|                 RTL Ports                 | Dir | Bits|  Protocol  |            Source Object           |    C Type    |
+-------------------------------------------+-----+-----+------------+------------------------------------+--------------+
|ap_clk                                     |   in|    1|  ap_ctrl_hs|      conv4_Pipeline_VITIS_LOOP_87_1|  return value|
|ap_rst                                     |   in|    1|  ap_ctrl_hs|      conv4_Pipeline_VITIS_LOOP_87_1|  return value|
|ap_start                                   |   in|    1|  ap_ctrl_hs|      conv4_Pipeline_VITIS_LOOP_87_1|  return value|
|ap_done                                    |  out|    1|  ap_ctrl_hs|      conv4_Pipeline_VITIS_LOOP_87_1|  return value|
|ap_idle                                    |  out|    1|  ap_ctrl_hs|      conv4_Pipeline_VITIS_LOOP_87_1|  return value|
|ap_ready                                   |  out|    1|  ap_ctrl_hs|      conv4_Pipeline_VITIS_LOOP_87_1|  return value|
|arrayidx179_12_12_promoted1179             |   in|   32|     ap_none|      arrayidx179_12_12_promoted1179|        scalar|
|arrayidx179_12_11_promoted1176             |   in|   32|     ap_none|      arrayidx179_12_11_promoted1176|        scalar|
|arrayidx179_12_10_promoted1173             |   in|   32|     ap_none|      arrayidx179_12_10_promoted1173|        scalar|
|arrayidx179_12_9_promoted1170              |   in|   32|     ap_none|       arrayidx179_12_9_promoted1170|        scalar|
|arrayidx179_12_8_promoted1167              |   in|   32|     ap_none|       arrayidx179_12_8_promoted1167|        scalar|
|arrayidx179_12_7_promoted1164              |   in|   32|     ap_none|       arrayidx179_12_7_promoted1164|        scalar|
|arrayidx179_12_6_promoted1161              |   in|   32|     ap_none|       arrayidx179_12_6_promoted1161|        scalar|
|arrayidx179_12_5_promoted1158              |   in|   32|     ap_none|       arrayidx179_12_5_promoted1158|        scalar|
|arrayidx179_12_4_promoted1155              |   in|   32|     ap_none|       arrayidx179_12_4_promoted1155|        scalar|
|arrayidx179_12_3_promoted1152              |   in|   32|     ap_none|       arrayidx179_12_3_promoted1152|        scalar|
|arrayidx179_12_2_promoted1149              |   in|   32|     ap_none|       arrayidx179_12_2_promoted1149|        scalar|
|arrayidx179_12_1_promoted1146              |   in|   32|     ap_none|       arrayidx179_12_1_promoted1146|        scalar|
|arrayidx179_12_promoted1143                |   in|   32|     ap_none|         arrayidx179_12_promoted1143|        scalar|
|arrayidx179_11_12_promoted1140             |   in|   32|     ap_none|      arrayidx179_11_12_promoted1140|        scalar|
|arrayidx179_11_11_promoted1137             |   in|   32|     ap_none|      arrayidx179_11_11_promoted1137|        scalar|
|arrayidx179_11_10_promoted1134             |   in|   32|     ap_none|      arrayidx179_11_10_promoted1134|        scalar|
|arrayidx179_11_9_promoted1131              |   in|   32|     ap_none|       arrayidx179_11_9_promoted1131|        scalar|
|arrayidx179_11_8_promoted1128              |   in|   32|     ap_none|       arrayidx179_11_8_promoted1128|        scalar|
|arrayidx179_11_7_promoted1125              |   in|   32|     ap_none|       arrayidx179_11_7_promoted1125|        scalar|
|arrayidx179_11_6_promoted1122              |   in|   32|     ap_none|       arrayidx179_11_6_promoted1122|        scalar|
|arrayidx179_11_5_promoted1119              |   in|   32|     ap_none|       arrayidx179_11_5_promoted1119|        scalar|
|arrayidx179_11_4_promoted1116              |   in|   32|     ap_none|       arrayidx179_11_4_promoted1116|        scalar|
|arrayidx179_11_3_promoted1113              |   in|   32|     ap_none|       arrayidx179_11_3_promoted1113|        scalar|
|arrayidx179_11_2_promoted1110              |   in|   32|     ap_none|       arrayidx179_11_2_promoted1110|        scalar|
|arrayidx179_11_1_promoted1107              |   in|   32|     ap_none|       arrayidx179_11_1_promoted1107|        scalar|
|arrayidx179_11_promoted1104                |   in|   32|     ap_none|         arrayidx179_11_promoted1104|        scalar|
|arrayidx179_10_12_promoted1101             |   in|   32|     ap_none|      arrayidx179_10_12_promoted1101|        scalar|
|arrayidx179_10_11_promoted1098             |   in|   32|     ap_none|      arrayidx179_10_11_promoted1098|        scalar|
|arrayidx179_10_10_promoted1095             |   in|   32|     ap_none|      arrayidx179_10_10_promoted1095|        scalar|
|arrayidx179_10_9_promoted1092              |   in|   32|     ap_none|       arrayidx179_10_9_promoted1092|        scalar|
|arrayidx179_10_8_promoted1089              |   in|   32|     ap_none|       arrayidx179_10_8_promoted1089|        scalar|
|arrayidx179_10_7_promoted1086              |   in|   32|     ap_none|       arrayidx179_10_7_promoted1086|        scalar|
|arrayidx179_10_6_promoted1083              |   in|   32|     ap_none|       arrayidx179_10_6_promoted1083|        scalar|
|arrayidx179_10_5_promoted1080              |   in|   32|     ap_none|       arrayidx179_10_5_promoted1080|        scalar|
|arrayidx179_10_4_promoted1077              |   in|   32|     ap_none|       arrayidx179_10_4_promoted1077|        scalar|
|arrayidx179_10_3_promoted1074              |   in|   32|     ap_none|       arrayidx179_10_3_promoted1074|        scalar|
|arrayidx179_10_2_promoted1071              |   in|   32|     ap_none|       arrayidx179_10_2_promoted1071|        scalar|
|arrayidx179_10_1_promoted1068              |   in|   32|     ap_none|       arrayidx179_10_1_promoted1068|        scalar|
|arrayidx179_10_promoted1065                |   in|   32|     ap_none|         arrayidx179_10_promoted1065|        scalar|
|arrayidx179_9_12_promoted1062              |   in|   32|     ap_none|       arrayidx179_9_12_promoted1062|        scalar|
|arrayidx179_9_11_promoted1059              |   in|   32|     ap_none|       arrayidx179_9_11_promoted1059|        scalar|
|arrayidx179_9_10_promoted1056              |   in|   32|     ap_none|       arrayidx179_9_10_promoted1056|        scalar|
|arrayidx179_9_9_promoted1053               |   in|   32|     ap_none|        arrayidx179_9_9_promoted1053|        scalar|
|arrayidx179_9_8_promoted1050               |   in|   32|     ap_none|        arrayidx179_9_8_promoted1050|        scalar|
|arrayidx179_9_7_promoted1047               |   in|   32|     ap_none|        arrayidx179_9_7_promoted1047|        scalar|
|arrayidx179_9_6_promoted1044               |   in|   32|     ap_none|        arrayidx179_9_6_promoted1044|        scalar|
|arrayidx179_9_5_promoted1041               |   in|   32|     ap_none|        arrayidx179_9_5_promoted1041|        scalar|
|arrayidx179_9_4_promoted1038               |   in|   32|     ap_none|        arrayidx179_9_4_promoted1038|        scalar|
|arrayidx179_9_3_promoted1035               |   in|   32|     ap_none|        arrayidx179_9_3_promoted1035|        scalar|
|arrayidx179_9_2_promoted1032               |   in|   32|     ap_none|        arrayidx179_9_2_promoted1032|        scalar|
|arrayidx179_9_1_promoted1029               |   in|   32|     ap_none|        arrayidx179_9_1_promoted1029|        scalar|
|arrayidx179_9_promoted1026                 |   in|   32|     ap_none|          arrayidx179_9_promoted1026|        scalar|
|arrayidx179_8_12_promoted1023              |   in|   32|     ap_none|       arrayidx179_8_12_promoted1023|        scalar|
|arrayidx179_8_11_promoted1020              |   in|   32|     ap_none|       arrayidx179_8_11_promoted1020|        scalar|
|arrayidx179_8_10_promoted1017              |   in|   32|     ap_none|       arrayidx179_8_10_promoted1017|        scalar|
|arrayidx179_8_9_promoted1014               |   in|   32|     ap_none|        arrayidx179_8_9_promoted1014|        scalar|
|arrayidx179_8_8_promoted1011               |   in|   32|     ap_none|        arrayidx179_8_8_promoted1011|        scalar|
|arrayidx179_8_7_promoted1008               |   in|   32|     ap_none|        arrayidx179_8_7_promoted1008|        scalar|
|arrayidx179_8_6_promoted1005               |   in|   32|     ap_none|        arrayidx179_8_6_promoted1005|        scalar|
|arrayidx179_8_5_promoted1002               |   in|   32|     ap_none|        arrayidx179_8_5_promoted1002|        scalar|
|arrayidx179_8_4_promoted999                |   in|   32|     ap_none|         arrayidx179_8_4_promoted999|        scalar|
|arrayidx179_8_3_promoted996                |   in|   32|     ap_none|         arrayidx179_8_3_promoted996|        scalar|
|arrayidx179_8_2_promoted993                |   in|   32|     ap_none|         arrayidx179_8_2_promoted993|        scalar|
|arrayidx179_8_1_promoted990                |   in|   32|     ap_none|         arrayidx179_8_1_promoted990|        scalar|
|arrayidx179_8_promoted987                  |   in|   32|     ap_none|           arrayidx179_8_promoted987|        scalar|
|arrayidx179_7_12_promoted984               |   in|   32|     ap_none|        arrayidx179_7_12_promoted984|        scalar|
|arrayidx179_7_11_promoted981               |   in|   32|     ap_none|        arrayidx179_7_11_promoted981|        scalar|
|arrayidx179_7_10_promoted978               |   in|   32|     ap_none|        arrayidx179_7_10_promoted978|        scalar|
|arrayidx179_7_9_promoted975                |   in|   32|     ap_none|         arrayidx179_7_9_promoted975|        scalar|
|arrayidx179_7_8_promoted972                |   in|   32|     ap_none|         arrayidx179_7_8_promoted972|        scalar|
|arrayidx179_7_7_promoted969                |   in|   32|     ap_none|         arrayidx179_7_7_promoted969|        scalar|
|arrayidx179_7_6_promoted966                |   in|   32|     ap_none|         arrayidx179_7_6_promoted966|        scalar|
|arrayidx179_7_5_promoted963                |   in|   32|     ap_none|         arrayidx179_7_5_promoted963|        scalar|
|arrayidx179_7_4_promoted960                |   in|   32|     ap_none|         arrayidx179_7_4_promoted960|        scalar|
|arrayidx179_7_3_promoted957                |   in|   32|     ap_none|         arrayidx179_7_3_promoted957|        scalar|
|arrayidx179_7_2_promoted954                |   in|   32|     ap_none|         arrayidx179_7_2_promoted954|        scalar|
|arrayidx179_7_1_promoted951                |   in|   32|     ap_none|         arrayidx179_7_1_promoted951|        scalar|
|arrayidx179_7_promoted948                  |   in|   32|     ap_none|           arrayidx179_7_promoted948|        scalar|
|arrayidx179_6_12_promoted945               |   in|   32|     ap_none|        arrayidx179_6_12_promoted945|        scalar|
|arrayidx179_6_11_promoted942               |   in|   32|     ap_none|        arrayidx179_6_11_promoted942|        scalar|
|arrayidx179_6_10_promoted939               |   in|   32|     ap_none|        arrayidx179_6_10_promoted939|        scalar|
|arrayidx179_6_9_promoted936                |   in|   32|     ap_none|         arrayidx179_6_9_promoted936|        scalar|
|arrayidx179_6_8_promoted933                |   in|   32|     ap_none|         arrayidx179_6_8_promoted933|        scalar|
|arrayidx179_6_7_promoted930                |   in|   32|     ap_none|         arrayidx179_6_7_promoted930|        scalar|
|arrayidx179_6_6_promoted927                |   in|   32|     ap_none|         arrayidx179_6_6_promoted927|        scalar|
|arrayidx179_6_5_promoted924                |   in|   32|     ap_none|         arrayidx179_6_5_promoted924|        scalar|
|arrayidx179_6_4_promoted921                |   in|   32|     ap_none|         arrayidx179_6_4_promoted921|        scalar|
|arrayidx179_6_3_promoted918                |   in|   32|     ap_none|         arrayidx179_6_3_promoted918|        scalar|
|arrayidx179_6_2_promoted915                |   in|   32|     ap_none|         arrayidx179_6_2_promoted915|        scalar|
|arrayidx179_6_1_promoted912                |   in|   32|     ap_none|         arrayidx179_6_1_promoted912|        scalar|
|arrayidx179_6_promoted909                  |   in|   32|     ap_none|           arrayidx179_6_promoted909|        scalar|
|arrayidx179_5_12_promoted906               |   in|   32|     ap_none|        arrayidx179_5_12_promoted906|        scalar|
|arrayidx179_5_11_promoted903               |   in|   32|     ap_none|        arrayidx179_5_11_promoted903|        scalar|
|arrayidx179_5_10_promoted900               |   in|   32|     ap_none|        arrayidx179_5_10_promoted900|        scalar|
|arrayidx179_5_9_promoted897                |   in|   32|     ap_none|         arrayidx179_5_9_promoted897|        scalar|
|arrayidx179_5_8_promoted894                |   in|   32|     ap_none|         arrayidx179_5_8_promoted894|        scalar|
|arrayidx179_5_7_promoted891                |   in|   32|     ap_none|         arrayidx179_5_7_promoted891|        scalar|
|arrayidx179_5_6_promoted888                |   in|   32|     ap_none|         arrayidx179_5_6_promoted888|        scalar|
|arrayidx179_5_5_promoted885                |   in|   32|     ap_none|         arrayidx179_5_5_promoted885|        scalar|
|arrayidx179_5_4_promoted882                |   in|   32|     ap_none|         arrayidx179_5_4_promoted882|        scalar|
|arrayidx179_5_3_promoted879                |   in|   32|     ap_none|         arrayidx179_5_3_promoted879|        scalar|
|arrayidx179_5_2_promoted876                |   in|   32|     ap_none|         arrayidx179_5_2_promoted876|        scalar|
|arrayidx179_5_1_promoted873                |   in|   32|     ap_none|         arrayidx179_5_1_promoted873|        scalar|
|arrayidx179_5_promoted870                  |   in|   32|     ap_none|           arrayidx179_5_promoted870|        scalar|
|arrayidx179_4_12_promoted867               |   in|   32|     ap_none|        arrayidx179_4_12_promoted867|        scalar|
|arrayidx179_4_11_promoted864               |   in|   32|     ap_none|        arrayidx179_4_11_promoted864|        scalar|
|arrayidx179_4_10_promoted861               |   in|   32|     ap_none|        arrayidx179_4_10_promoted861|        scalar|
|arrayidx179_4_9_promoted858                |   in|   32|     ap_none|         arrayidx179_4_9_promoted858|        scalar|
|arrayidx179_4_8_promoted855                |   in|   32|     ap_none|         arrayidx179_4_8_promoted855|        scalar|
|arrayidx179_4_7_promoted852                |   in|   32|     ap_none|         arrayidx179_4_7_promoted852|        scalar|
|arrayidx179_4_6_promoted849                |   in|   32|     ap_none|         arrayidx179_4_6_promoted849|        scalar|
|arrayidx179_4_5_promoted846                |   in|   32|     ap_none|         arrayidx179_4_5_promoted846|        scalar|
|arrayidx179_4_4_promoted843                |   in|   32|     ap_none|         arrayidx179_4_4_promoted843|        scalar|
|arrayidx179_4_3_promoted840                |   in|   32|     ap_none|         arrayidx179_4_3_promoted840|        scalar|
|arrayidx179_4_2_promoted837                |   in|   32|     ap_none|         arrayidx179_4_2_promoted837|        scalar|
|arrayidx179_4_1_promoted834                |   in|   32|     ap_none|         arrayidx179_4_1_promoted834|        scalar|
|arrayidx179_4_promoted831                  |   in|   32|     ap_none|           arrayidx179_4_promoted831|        scalar|
|arrayidx179_3_12_promoted828               |   in|   32|     ap_none|        arrayidx179_3_12_promoted828|        scalar|
|arrayidx179_3_11_promoted825               |   in|   32|     ap_none|        arrayidx179_3_11_promoted825|        scalar|
|arrayidx179_3_10_promoted822               |   in|   32|     ap_none|        arrayidx179_3_10_promoted822|        scalar|
|arrayidx179_3_9_promoted819                |   in|   32|     ap_none|         arrayidx179_3_9_promoted819|        scalar|
|arrayidx179_3_8_promoted816                |   in|   32|     ap_none|         arrayidx179_3_8_promoted816|        scalar|
|arrayidx179_3_7_promoted813                |   in|   32|     ap_none|         arrayidx179_3_7_promoted813|        scalar|
|arrayidx179_3_6_promoted810                |   in|   32|     ap_none|         arrayidx179_3_6_promoted810|        scalar|
|arrayidx179_3_5_promoted807                |   in|   32|     ap_none|         arrayidx179_3_5_promoted807|        scalar|
|arrayidx179_3_4_promoted804                |   in|   32|     ap_none|         arrayidx179_3_4_promoted804|        scalar|
|arrayidx179_3_3_promoted801                |   in|   32|     ap_none|         arrayidx179_3_3_promoted801|        scalar|
|arrayidx179_3_2_promoted798                |   in|   32|     ap_none|         arrayidx179_3_2_promoted798|        scalar|
|arrayidx179_3_1_promoted795                |   in|   32|     ap_none|         arrayidx179_3_1_promoted795|        scalar|
|arrayidx179_3_promoted792                  |   in|   32|     ap_none|           arrayidx179_3_promoted792|        scalar|
|arrayidx179_2_12_promoted789               |   in|   32|     ap_none|        arrayidx179_2_12_promoted789|        scalar|
|arrayidx179_2_11_promoted786               |   in|   32|     ap_none|        arrayidx179_2_11_promoted786|        scalar|
|arrayidx179_2_10_promoted783               |   in|   32|     ap_none|        arrayidx179_2_10_promoted783|        scalar|
|arrayidx179_2_9_promoted780                |   in|   32|     ap_none|         arrayidx179_2_9_promoted780|        scalar|
|arrayidx179_2_8_promoted777                |   in|   32|     ap_none|         arrayidx179_2_8_promoted777|        scalar|
|arrayidx179_2_7_promoted774                |   in|   32|     ap_none|         arrayidx179_2_7_promoted774|        scalar|
|arrayidx179_2_6_promoted771                |   in|   32|     ap_none|         arrayidx179_2_6_promoted771|        scalar|
|arrayidx179_2_5_promoted768                |   in|   32|     ap_none|         arrayidx179_2_5_promoted768|        scalar|
|arrayidx179_2_4_promoted765                |   in|   32|     ap_none|         arrayidx179_2_4_promoted765|        scalar|
|arrayidx179_2_3_promoted762                |   in|   32|     ap_none|         arrayidx179_2_3_promoted762|        scalar|
|arrayidx179_2_2_promoted759                |   in|   32|     ap_none|         arrayidx179_2_2_promoted759|        scalar|
|arrayidx179_2_1_promoted756                |   in|   32|     ap_none|         arrayidx179_2_1_promoted756|        scalar|
|arrayidx179_2_promoted753                  |   in|   32|     ap_none|           arrayidx179_2_promoted753|        scalar|
|arrayidx179_1_12_promoted750               |   in|   32|     ap_none|        arrayidx179_1_12_promoted750|        scalar|
|arrayidx179_1_11_promoted747               |   in|   32|     ap_none|        arrayidx179_1_11_promoted747|        scalar|
|arrayidx179_1_10_promoted744               |   in|   32|     ap_none|        arrayidx179_1_10_promoted744|        scalar|
|arrayidx179_1_9_promoted741                |   in|   32|     ap_none|         arrayidx179_1_9_promoted741|        scalar|
|arrayidx179_1_8_promoted738                |   in|   32|     ap_none|         arrayidx179_1_8_promoted738|        scalar|
|arrayidx179_1_7_promoted735                |   in|   32|     ap_none|         arrayidx179_1_7_promoted735|        scalar|
|arrayidx179_1_6_promoted732                |   in|   32|     ap_none|         arrayidx179_1_6_promoted732|        scalar|
|arrayidx179_1_5_promoted729                |   in|   32|     ap_none|         arrayidx179_1_5_promoted729|        scalar|
|arrayidx179_1_4_promoted726                |   in|   32|     ap_none|         arrayidx179_1_4_promoted726|        scalar|
|arrayidx179_1_3_promoted723                |   in|   32|     ap_none|         arrayidx179_1_3_promoted723|        scalar|
|arrayidx179_1_2_promoted720                |   in|   32|     ap_none|         arrayidx179_1_2_promoted720|        scalar|
|arrayidx179_1_1_promoted717                |   in|   32|     ap_none|         arrayidx179_1_1_promoted717|        scalar|
|arrayidx179_1_promoted714                  |   in|   32|     ap_none|           arrayidx179_1_promoted714|        scalar|
|arrayidx179_128445_promoted711             |   in|   32|     ap_none|      arrayidx179_128445_promoted711|        scalar|
|arrayidx179_118428_promoted708             |   in|   32|     ap_none|      arrayidx179_118428_promoted708|        scalar|
|arrayidx179_108411_promoted705             |   in|   32|     ap_none|      arrayidx179_108411_promoted705|        scalar|
|arrayidx179_98394_promoted702              |   in|   32|     ap_none|       arrayidx179_98394_promoted702|        scalar|
|arrayidx179_88377_promoted699              |   in|   32|     ap_none|       arrayidx179_88377_promoted699|        scalar|
|arrayidx179_78360_promoted696              |   in|   32|     ap_none|       arrayidx179_78360_promoted696|        scalar|
|arrayidx179_68343_promoted693              |   in|   32|     ap_none|       arrayidx179_68343_promoted693|        scalar|
|arrayidx179_58326_promoted690              |   in|   32|     ap_none|       arrayidx179_58326_promoted690|        scalar|
|arrayidx179_48309_promoted687              |   in|   32|     ap_none|       arrayidx179_48309_promoted687|        scalar|
|arrayidx179_38292_promoted684              |   in|   32|     ap_none|       arrayidx179_38292_promoted684|        scalar|
|arrayidx179_28275_promoted681              |   in|   32|     ap_none|       arrayidx179_28275_promoted681|        scalar|
|arrayidx179_18258_promoted678              |   in|   32|     ap_none|       arrayidx179_18258_promoted678|        scalar|
|arrayidx179_promoted675                    |   in|   32|     ap_none|             arrayidx179_promoted675|        scalar|
|arrayidx179_12_12_promoted1177_out         |  out|   32|      ap_vld|  arrayidx179_12_12_promoted1177_out|       pointer|
|arrayidx179_12_12_promoted1177_out_ap_vld  |  out|    1|      ap_vld|  arrayidx179_12_12_promoted1177_out|       pointer|
|arrayidx179_12_11_promoted1174_out         |  out|   32|      ap_vld|  arrayidx179_12_11_promoted1174_out|       pointer|
|arrayidx179_12_11_promoted1174_out_ap_vld  |  out|    1|      ap_vld|  arrayidx179_12_11_promoted1174_out|       pointer|
|arrayidx179_12_10_promoted1171_out         |  out|   32|      ap_vld|  arrayidx179_12_10_promoted1171_out|       pointer|
|arrayidx179_12_10_promoted1171_out_ap_vld  |  out|    1|      ap_vld|  arrayidx179_12_10_promoted1171_out|       pointer|
|arrayidx179_12_9_promoted1168_out          |  out|   32|      ap_vld|   arrayidx179_12_9_promoted1168_out|       pointer|
|arrayidx179_12_9_promoted1168_out_ap_vld   |  out|    1|      ap_vld|   arrayidx179_12_9_promoted1168_out|       pointer|
|arrayidx179_12_8_promoted1165_out          |  out|   32|      ap_vld|   arrayidx179_12_8_promoted1165_out|       pointer|
|arrayidx179_12_8_promoted1165_out_ap_vld   |  out|    1|      ap_vld|   arrayidx179_12_8_promoted1165_out|       pointer|
|arrayidx179_12_7_promoted1162_out          |  out|   32|      ap_vld|   arrayidx179_12_7_promoted1162_out|       pointer|
|arrayidx179_12_7_promoted1162_out_ap_vld   |  out|    1|      ap_vld|   arrayidx179_12_7_promoted1162_out|       pointer|
|arrayidx179_12_6_promoted1159_out          |  out|   32|      ap_vld|   arrayidx179_12_6_promoted1159_out|       pointer|
|arrayidx179_12_6_promoted1159_out_ap_vld   |  out|    1|      ap_vld|   arrayidx179_12_6_promoted1159_out|       pointer|
|arrayidx179_12_5_promoted1156_out          |  out|   32|      ap_vld|   arrayidx179_12_5_promoted1156_out|       pointer|
|arrayidx179_12_5_promoted1156_out_ap_vld   |  out|    1|      ap_vld|   arrayidx179_12_5_promoted1156_out|       pointer|
|arrayidx179_12_4_promoted1153_out          |  out|   32|      ap_vld|   arrayidx179_12_4_promoted1153_out|       pointer|
|arrayidx179_12_4_promoted1153_out_ap_vld   |  out|    1|      ap_vld|   arrayidx179_12_4_promoted1153_out|       pointer|
|arrayidx179_12_3_promoted1150_out          |  out|   32|      ap_vld|   arrayidx179_12_3_promoted1150_out|       pointer|
|arrayidx179_12_3_promoted1150_out_ap_vld   |  out|    1|      ap_vld|   arrayidx179_12_3_promoted1150_out|       pointer|
|arrayidx179_12_2_promoted1147_out          |  out|   32|      ap_vld|   arrayidx179_12_2_promoted1147_out|       pointer|
|arrayidx179_12_2_promoted1147_out_ap_vld   |  out|    1|      ap_vld|   arrayidx179_12_2_promoted1147_out|       pointer|
|arrayidx179_12_1_promoted1144_out          |  out|   32|      ap_vld|   arrayidx179_12_1_promoted1144_out|       pointer|
|arrayidx179_12_1_promoted1144_out_ap_vld   |  out|    1|      ap_vld|   arrayidx179_12_1_promoted1144_out|       pointer|
|arrayidx179_12_promoted1141_out            |  out|   32|      ap_vld|     arrayidx179_12_promoted1141_out|       pointer|
|arrayidx179_12_promoted1141_out_ap_vld     |  out|    1|      ap_vld|     arrayidx179_12_promoted1141_out|       pointer|
|arrayidx179_11_12_promoted1138_out         |  out|   32|      ap_vld|  arrayidx179_11_12_promoted1138_out|       pointer|
|arrayidx179_11_12_promoted1138_out_ap_vld  |  out|    1|      ap_vld|  arrayidx179_11_12_promoted1138_out|       pointer|
|arrayidx179_11_11_promoted1135_out         |  out|   32|      ap_vld|  arrayidx179_11_11_promoted1135_out|       pointer|
|arrayidx179_11_11_promoted1135_out_ap_vld  |  out|    1|      ap_vld|  arrayidx179_11_11_promoted1135_out|       pointer|
|arrayidx179_11_10_promoted1132_out         |  out|   32|      ap_vld|  arrayidx179_11_10_promoted1132_out|       pointer|
|arrayidx179_11_10_promoted1132_out_ap_vld  |  out|    1|      ap_vld|  arrayidx179_11_10_promoted1132_out|       pointer|
|arrayidx179_11_9_promoted1129_out          |  out|   32|      ap_vld|   arrayidx179_11_9_promoted1129_out|       pointer|
|arrayidx179_11_9_promoted1129_out_ap_vld   |  out|    1|      ap_vld|   arrayidx179_11_9_promoted1129_out|       pointer|
|arrayidx179_11_8_promoted1126_out          |  out|   32|      ap_vld|   arrayidx179_11_8_promoted1126_out|       pointer|
|arrayidx179_11_8_promoted1126_out_ap_vld   |  out|    1|      ap_vld|   arrayidx179_11_8_promoted1126_out|       pointer|
|arrayidx179_11_7_promoted1123_out          |  out|   32|      ap_vld|   arrayidx179_11_7_promoted1123_out|       pointer|
|arrayidx179_11_7_promoted1123_out_ap_vld   |  out|    1|      ap_vld|   arrayidx179_11_7_promoted1123_out|       pointer|
|arrayidx179_11_6_promoted1120_out          |  out|   32|      ap_vld|   arrayidx179_11_6_promoted1120_out|       pointer|
|arrayidx179_11_6_promoted1120_out_ap_vld   |  out|    1|      ap_vld|   arrayidx179_11_6_promoted1120_out|       pointer|
|arrayidx179_11_5_promoted1117_out          |  out|   32|      ap_vld|   arrayidx179_11_5_promoted1117_out|       pointer|
|arrayidx179_11_5_promoted1117_out_ap_vld   |  out|    1|      ap_vld|   arrayidx179_11_5_promoted1117_out|       pointer|
|arrayidx179_11_4_promoted1114_out          |  out|   32|      ap_vld|   arrayidx179_11_4_promoted1114_out|       pointer|
|arrayidx179_11_4_promoted1114_out_ap_vld   |  out|    1|      ap_vld|   arrayidx179_11_4_promoted1114_out|       pointer|
|arrayidx179_11_3_promoted1111_out          |  out|   32|      ap_vld|   arrayidx179_11_3_promoted1111_out|       pointer|
|arrayidx179_11_3_promoted1111_out_ap_vld   |  out|    1|      ap_vld|   arrayidx179_11_3_promoted1111_out|       pointer|
|arrayidx179_11_2_promoted1108_out          |  out|   32|      ap_vld|   arrayidx179_11_2_promoted1108_out|       pointer|
|arrayidx179_11_2_promoted1108_out_ap_vld   |  out|    1|      ap_vld|   arrayidx179_11_2_promoted1108_out|       pointer|
|arrayidx179_11_1_promoted1105_out          |  out|   32|      ap_vld|   arrayidx179_11_1_promoted1105_out|       pointer|
|arrayidx179_11_1_promoted1105_out_ap_vld   |  out|    1|      ap_vld|   arrayidx179_11_1_promoted1105_out|       pointer|
|arrayidx179_11_promoted1102_out            |  out|   32|      ap_vld|     arrayidx179_11_promoted1102_out|       pointer|
|arrayidx179_11_promoted1102_out_ap_vld     |  out|    1|      ap_vld|     arrayidx179_11_promoted1102_out|       pointer|
|arrayidx179_10_12_promoted1099_out         |  out|   32|      ap_vld|  arrayidx179_10_12_promoted1099_out|       pointer|
|arrayidx179_10_12_promoted1099_out_ap_vld  |  out|    1|      ap_vld|  arrayidx179_10_12_promoted1099_out|       pointer|
|arrayidx179_10_11_promoted1096_out         |  out|   32|      ap_vld|  arrayidx179_10_11_promoted1096_out|       pointer|
|arrayidx179_10_11_promoted1096_out_ap_vld  |  out|    1|      ap_vld|  arrayidx179_10_11_promoted1096_out|       pointer|
|arrayidx179_10_10_promoted1093_out         |  out|   32|      ap_vld|  arrayidx179_10_10_promoted1093_out|       pointer|
|arrayidx179_10_10_promoted1093_out_ap_vld  |  out|    1|      ap_vld|  arrayidx179_10_10_promoted1093_out|       pointer|
|arrayidx179_10_9_promoted1090_out          |  out|   32|      ap_vld|   arrayidx179_10_9_promoted1090_out|       pointer|
|arrayidx179_10_9_promoted1090_out_ap_vld   |  out|    1|      ap_vld|   arrayidx179_10_9_promoted1090_out|       pointer|
|arrayidx179_10_8_promoted1087_out          |  out|   32|      ap_vld|   arrayidx179_10_8_promoted1087_out|       pointer|
|arrayidx179_10_8_promoted1087_out_ap_vld   |  out|    1|      ap_vld|   arrayidx179_10_8_promoted1087_out|       pointer|
|arrayidx179_10_7_promoted1084_out          |  out|   32|      ap_vld|   arrayidx179_10_7_promoted1084_out|       pointer|
|arrayidx179_10_7_promoted1084_out_ap_vld   |  out|    1|      ap_vld|   arrayidx179_10_7_promoted1084_out|       pointer|
|arrayidx179_10_6_promoted1081_out          |  out|   32|      ap_vld|   arrayidx179_10_6_promoted1081_out|       pointer|
|arrayidx179_10_6_promoted1081_out_ap_vld   |  out|    1|      ap_vld|   arrayidx179_10_6_promoted1081_out|       pointer|
|arrayidx179_10_5_promoted1078_out          |  out|   32|      ap_vld|   arrayidx179_10_5_promoted1078_out|       pointer|
|arrayidx179_10_5_promoted1078_out_ap_vld   |  out|    1|      ap_vld|   arrayidx179_10_5_promoted1078_out|       pointer|
|arrayidx179_10_4_promoted1075_out          |  out|   32|      ap_vld|   arrayidx179_10_4_promoted1075_out|       pointer|
|arrayidx179_10_4_promoted1075_out_ap_vld   |  out|    1|      ap_vld|   arrayidx179_10_4_promoted1075_out|       pointer|
|arrayidx179_10_3_promoted1072_out          |  out|   32|      ap_vld|   arrayidx179_10_3_promoted1072_out|       pointer|
|arrayidx179_10_3_promoted1072_out_ap_vld   |  out|    1|      ap_vld|   arrayidx179_10_3_promoted1072_out|       pointer|
|arrayidx179_10_2_promoted1069_out          |  out|   32|      ap_vld|   arrayidx179_10_2_promoted1069_out|       pointer|
|arrayidx179_10_2_promoted1069_out_ap_vld   |  out|    1|      ap_vld|   arrayidx179_10_2_promoted1069_out|       pointer|
|arrayidx179_10_1_promoted1066_out          |  out|   32|      ap_vld|   arrayidx179_10_1_promoted1066_out|       pointer|
|arrayidx179_10_1_promoted1066_out_ap_vld   |  out|    1|      ap_vld|   arrayidx179_10_1_promoted1066_out|       pointer|
|arrayidx179_10_promoted1063_out            |  out|   32|      ap_vld|     arrayidx179_10_promoted1063_out|       pointer|
|arrayidx179_10_promoted1063_out_ap_vld     |  out|    1|      ap_vld|     arrayidx179_10_promoted1063_out|       pointer|
|arrayidx179_9_12_promoted1060_out          |  out|   32|      ap_vld|   arrayidx179_9_12_promoted1060_out|       pointer|
|arrayidx179_9_12_promoted1060_out_ap_vld   |  out|    1|      ap_vld|   arrayidx179_9_12_promoted1060_out|       pointer|
|arrayidx179_9_11_promoted1057_out          |  out|   32|      ap_vld|   arrayidx179_9_11_promoted1057_out|       pointer|
|arrayidx179_9_11_promoted1057_out_ap_vld   |  out|    1|      ap_vld|   arrayidx179_9_11_promoted1057_out|       pointer|
|arrayidx179_9_10_promoted1054_out          |  out|   32|      ap_vld|   arrayidx179_9_10_promoted1054_out|       pointer|
|arrayidx179_9_10_promoted1054_out_ap_vld   |  out|    1|      ap_vld|   arrayidx179_9_10_promoted1054_out|       pointer|
|arrayidx179_9_9_promoted1051_out           |  out|   32|      ap_vld|    arrayidx179_9_9_promoted1051_out|       pointer|
|arrayidx179_9_9_promoted1051_out_ap_vld    |  out|    1|      ap_vld|    arrayidx179_9_9_promoted1051_out|       pointer|
|arrayidx179_9_8_promoted1048_out           |  out|   32|      ap_vld|    arrayidx179_9_8_promoted1048_out|       pointer|
|arrayidx179_9_8_promoted1048_out_ap_vld    |  out|    1|      ap_vld|    arrayidx179_9_8_promoted1048_out|       pointer|
|arrayidx179_9_7_promoted1045_out           |  out|   32|      ap_vld|    arrayidx179_9_7_promoted1045_out|       pointer|
|arrayidx179_9_7_promoted1045_out_ap_vld    |  out|    1|      ap_vld|    arrayidx179_9_7_promoted1045_out|       pointer|
|arrayidx179_9_6_promoted1042_out           |  out|   32|      ap_vld|    arrayidx179_9_6_promoted1042_out|       pointer|
|arrayidx179_9_6_promoted1042_out_ap_vld    |  out|    1|      ap_vld|    arrayidx179_9_6_promoted1042_out|       pointer|
|arrayidx179_9_5_promoted1039_out           |  out|   32|      ap_vld|    arrayidx179_9_5_promoted1039_out|       pointer|
|arrayidx179_9_5_promoted1039_out_ap_vld    |  out|    1|      ap_vld|    arrayidx179_9_5_promoted1039_out|       pointer|
|arrayidx179_9_4_promoted1036_out           |  out|   32|      ap_vld|    arrayidx179_9_4_promoted1036_out|       pointer|
|arrayidx179_9_4_promoted1036_out_ap_vld    |  out|    1|      ap_vld|    arrayidx179_9_4_promoted1036_out|       pointer|
|arrayidx179_9_3_promoted1033_out           |  out|   32|      ap_vld|    arrayidx179_9_3_promoted1033_out|       pointer|
|arrayidx179_9_3_promoted1033_out_ap_vld    |  out|    1|      ap_vld|    arrayidx179_9_3_promoted1033_out|       pointer|
|arrayidx179_9_2_promoted1030_out           |  out|   32|      ap_vld|    arrayidx179_9_2_promoted1030_out|       pointer|
|arrayidx179_9_2_promoted1030_out_ap_vld    |  out|    1|      ap_vld|    arrayidx179_9_2_promoted1030_out|       pointer|
|arrayidx179_9_1_promoted1027_out           |  out|   32|      ap_vld|    arrayidx179_9_1_promoted1027_out|       pointer|
|arrayidx179_9_1_promoted1027_out_ap_vld    |  out|    1|      ap_vld|    arrayidx179_9_1_promoted1027_out|       pointer|
|arrayidx179_9_promoted1024_out             |  out|   32|      ap_vld|      arrayidx179_9_promoted1024_out|       pointer|
|arrayidx179_9_promoted1024_out_ap_vld      |  out|    1|      ap_vld|      arrayidx179_9_promoted1024_out|       pointer|
|arrayidx179_8_12_promoted1021_out          |  out|   32|      ap_vld|   arrayidx179_8_12_promoted1021_out|       pointer|
|arrayidx179_8_12_promoted1021_out_ap_vld   |  out|    1|      ap_vld|   arrayidx179_8_12_promoted1021_out|       pointer|
|arrayidx179_8_11_promoted1018_out          |  out|   32|      ap_vld|   arrayidx179_8_11_promoted1018_out|       pointer|
|arrayidx179_8_11_promoted1018_out_ap_vld   |  out|    1|      ap_vld|   arrayidx179_8_11_promoted1018_out|       pointer|
|arrayidx179_8_10_promoted1015_out          |  out|   32|      ap_vld|   arrayidx179_8_10_promoted1015_out|       pointer|
|arrayidx179_8_10_promoted1015_out_ap_vld   |  out|    1|      ap_vld|   arrayidx179_8_10_promoted1015_out|       pointer|
|arrayidx179_8_9_promoted1012_out           |  out|   32|      ap_vld|    arrayidx179_8_9_promoted1012_out|       pointer|
|arrayidx179_8_9_promoted1012_out_ap_vld    |  out|    1|      ap_vld|    arrayidx179_8_9_promoted1012_out|       pointer|
|arrayidx179_8_8_promoted1009_out           |  out|   32|      ap_vld|    arrayidx179_8_8_promoted1009_out|       pointer|
|arrayidx179_8_8_promoted1009_out_ap_vld    |  out|    1|      ap_vld|    arrayidx179_8_8_promoted1009_out|       pointer|
|arrayidx179_8_7_promoted1006_out           |  out|   32|      ap_vld|    arrayidx179_8_7_promoted1006_out|       pointer|
|arrayidx179_8_7_promoted1006_out_ap_vld    |  out|    1|      ap_vld|    arrayidx179_8_7_promoted1006_out|       pointer|
|arrayidx179_8_6_promoted1003_out           |  out|   32|      ap_vld|    arrayidx179_8_6_promoted1003_out|       pointer|
|arrayidx179_8_6_promoted1003_out_ap_vld    |  out|    1|      ap_vld|    arrayidx179_8_6_promoted1003_out|       pointer|
|arrayidx179_8_5_promoted1000_out           |  out|   32|      ap_vld|    arrayidx179_8_5_promoted1000_out|       pointer|
|arrayidx179_8_5_promoted1000_out_ap_vld    |  out|    1|      ap_vld|    arrayidx179_8_5_promoted1000_out|       pointer|
|arrayidx179_8_4_promoted997_out            |  out|   32|      ap_vld|     arrayidx179_8_4_promoted997_out|       pointer|
|arrayidx179_8_4_promoted997_out_ap_vld     |  out|    1|      ap_vld|     arrayidx179_8_4_promoted997_out|       pointer|
|arrayidx179_8_3_promoted994_out            |  out|   32|      ap_vld|     arrayidx179_8_3_promoted994_out|       pointer|
|arrayidx179_8_3_promoted994_out_ap_vld     |  out|    1|      ap_vld|     arrayidx179_8_3_promoted994_out|       pointer|
|arrayidx179_8_2_promoted991_out            |  out|   32|      ap_vld|     arrayidx179_8_2_promoted991_out|       pointer|
|arrayidx179_8_2_promoted991_out_ap_vld     |  out|    1|      ap_vld|     arrayidx179_8_2_promoted991_out|       pointer|
|arrayidx179_8_1_promoted988_out            |  out|   32|      ap_vld|     arrayidx179_8_1_promoted988_out|       pointer|
|arrayidx179_8_1_promoted988_out_ap_vld     |  out|    1|      ap_vld|     arrayidx179_8_1_promoted988_out|       pointer|
|arrayidx179_8_promoted985_out              |  out|   32|      ap_vld|       arrayidx179_8_promoted985_out|       pointer|
|arrayidx179_8_promoted985_out_ap_vld       |  out|    1|      ap_vld|       arrayidx179_8_promoted985_out|       pointer|
|arrayidx179_7_12_promoted982_out           |  out|   32|      ap_vld|    arrayidx179_7_12_promoted982_out|       pointer|
|arrayidx179_7_12_promoted982_out_ap_vld    |  out|    1|      ap_vld|    arrayidx179_7_12_promoted982_out|       pointer|
|arrayidx179_7_11_promoted979_out           |  out|   32|      ap_vld|    arrayidx179_7_11_promoted979_out|       pointer|
|arrayidx179_7_11_promoted979_out_ap_vld    |  out|    1|      ap_vld|    arrayidx179_7_11_promoted979_out|       pointer|
|arrayidx179_7_10_promoted976_out           |  out|   32|      ap_vld|    arrayidx179_7_10_promoted976_out|       pointer|
|arrayidx179_7_10_promoted976_out_ap_vld    |  out|    1|      ap_vld|    arrayidx179_7_10_promoted976_out|       pointer|
|arrayidx179_7_9_promoted973_out            |  out|   32|      ap_vld|     arrayidx179_7_9_promoted973_out|       pointer|
|arrayidx179_7_9_promoted973_out_ap_vld     |  out|    1|      ap_vld|     arrayidx179_7_9_promoted973_out|       pointer|
|arrayidx179_7_8_promoted970_out            |  out|   32|      ap_vld|     arrayidx179_7_8_promoted970_out|       pointer|
|arrayidx179_7_8_promoted970_out_ap_vld     |  out|    1|      ap_vld|     arrayidx179_7_8_promoted970_out|       pointer|
|arrayidx179_7_7_promoted967_out            |  out|   32|      ap_vld|     arrayidx179_7_7_promoted967_out|       pointer|
|arrayidx179_7_7_promoted967_out_ap_vld     |  out|    1|      ap_vld|     arrayidx179_7_7_promoted967_out|       pointer|
|arrayidx179_7_6_promoted964_out            |  out|   32|      ap_vld|     arrayidx179_7_6_promoted964_out|       pointer|
|arrayidx179_7_6_promoted964_out_ap_vld     |  out|    1|      ap_vld|     arrayidx179_7_6_promoted964_out|       pointer|
|arrayidx179_7_5_promoted961_out            |  out|   32|      ap_vld|     arrayidx179_7_5_promoted961_out|       pointer|
|arrayidx179_7_5_promoted961_out_ap_vld     |  out|    1|      ap_vld|     arrayidx179_7_5_promoted961_out|       pointer|
|arrayidx179_7_4_promoted958_out            |  out|   32|      ap_vld|     arrayidx179_7_4_promoted958_out|       pointer|
|arrayidx179_7_4_promoted958_out_ap_vld     |  out|    1|      ap_vld|     arrayidx179_7_4_promoted958_out|       pointer|
|arrayidx179_7_3_promoted955_out            |  out|   32|      ap_vld|     arrayidx179_7_3_promoted955_out|       pointer|
|arrayidx179_7_3_promoted955_out_ap_vld     |  out|    1|      ap_vld|     arrayidx179_7_3_promoted955_out|       pointer|
|arrayidx179_7_2_promoted952_out            |  out|   32|      ap_vld|     arrayidx179_7_2_promoted952_out|       pointer|
|arrayidx179_7_2_promoted952_out_ap_vld     |  out|    1|      ap_vld|     arrayidx179_7_2_promoted952_out|       pointer|
|arrayidx179_7_1_promoted949_out            |  out|   32|      ap_vld|     arrayidx179_7_1_promoted949_out|       pointer|
|arrayidx179_7_1_promoted949_out_ap_vld     |  out|    1|      ap_vld|     arrayidx179_7_1_promoted949_out|       pointer|
|arrayidx179_7_promoted946_out              |  out|   32|      ap_vld|       arrayidx179_7_promoted946_out|       pointer|
|arrayidx179_7_promoted946_out_ap_vld       |  out|    1|      ap_vld|       arrayidx179_7_promoted946_out|       pointer|
|arrayidx179_6_12_promoted943_out           |  out|   32|      ap_vld|    arrayidx179_6_12_promoted943_out|       pointer|
|arrayidx179_6_12_promoted943_out_ap_vld    |  out|    1|      ap_vld|    arrayidx179_6_12_promoted943_out|       pointer|
|arrayidx179_6_11_promoted940_out           |  out|   32|      ap_vld|    arrayidx179_6_11_promoted940_out|       pointer|
|arrayidx179_6_11_promoted940_out_ap_vld    |  out|    1|      ap_vld|    arrayidx179_6_11_promoted940_out|       pointer|
|arrayidx179_6_10_promoted937_out           |  out|   32|      ap_vld|    arrayidx179_6_10_promoted937_out|       pointer|
|arrayidx179_6_10_promoted937_out_ap_vld    |  out|    1|      ap_vld|    arrayidx179_6_10_promoted937_out|       pointer|
|arrayidx179_6_9_promoted934_out            |  out|   32|      ap_vld|     arrayidx179_6_9_promoted934_out|       pointer|
|arrayidx179_6_9_promoted934_out_ap_vld     |  out|    1|      ap_vld|     arrayidx179_6_9_promoted934_out|       pointer|
|arrayidx179_6_8_promoted931_out            |  out|   32|      ap_vld|     arrayidx179_6_8_promoted931_out|       pointer|
|arrayidx179_6_8_promoted931_out_ap_vld     |  out|    1|      ap_vld|     arrayidx179_6_8_promoted931_out|       pointer|
|arrayidx179_6_7_promoted928_out            |  out|   32|      ap_vld|     arrayidx179_6_7_promoted928_out|       pointer|
|arrayidx179_6_7_promoted928_out_ap_vld     |  out|    1|      ap_vld|     arrayidx179_6_7_promoted928_out|       pointer|
|arrayidx179_6_6_promoted925_out            |  out|   32|      ap_vld|     arrayidx179_6_6_promoted925_out|       pointer|
|arrayidx179_6_6_promoted925_out_ap_vld     |  out|    1|      ap_vld|     arrayidx179_6_6_promoted925_out|       pointer|
|arrayidx179_6_5_promoted922_out            |  out|   32|      ap_vld|     arrayidx179_6_5_promoted922_out|       pointer|
|arrayidx179_6_5_promoted922_out_ap_vld     |  out|    1|      ap_vld|     arrayidx179_6_5_promoted922_out|       pointer|
|arrayidx179_6_4_promoted919_out            |  out|   32|      ap_vld|     arrayidx179_6_4_promoted919_out|       pointer|
|arrayidx179_6_4_promoted919_out_ap_vld     |  out|    1|      ap_vld|     arrayidx179_6_4_promoted919_out|       pointer|
|arrayidx179_6_3_promoted916_out            |  out|   32|      ap_vld|     arrayidx179_6_3_promoted916_out|       pointer|
|arrayidx179_6_3_promoted916_out_ap_vld     |  out|    1|      ap_vld|     arrayidx179_6_3_promoted916_out|       pointer|
|arrayidx179_6_2_promoted913_out            |  out|   32|      ap_vld|     arrayidx179_6_2_promoted913_out|       pointer|
|arrayidx179_6_2_promoted913_out_ap_vld     |  out|    1|      ap_vld|     arrayidx179_6_2_promoted913_out|       pointer|
|arrayidx179_6_1_promoted910_out            |  out|   32|      ap_vld|     arrayidx179_6_1_promoted910_out|       pointer|
|arrayidx179_6_1_promoted910_out_ap_vld     |  out|    1|      ap_vld|     arrayidx179_6_1_promoted910_out|       pointer|
|arrayidx179_6_promoted907_out              |  out|   32|      ap_vld|       arrayidx179_6_promoted907_out|       pointer|
|arrayidx179_6_promoted907_out_ap_vld       |  out|    1|      ap_vld|       arrayidx179_6_promoted907_out|       pointer|
|arrayidx179_5_12_promoted904_out           |  out|   32|      ap_vld|    arrayidx179_5_12_promoted904_out|       pointer|
|arrayidx179_5_12_promoted904_out_ap_vld    |  out|    1|      ap_vld|    arrayidx179_5_12_promoted904_out|       pointer|
|arrayidx179_5_11_promoted901_out           |  out|   32|      ap_vld|    arrayidx179_5_11_promoted901_out|       pointer|
|arrayidx179_5_11_promoted901_out_ap_vld    |  out|    1|      ap_vld|    arrayidx179_5_11_promoted901_out|       pointer|
|arrayidx179_5_10_promoted898_out           |  out|   32|      ap_vld|    arrayidx179_5_10_promoted898_out|       pointer|
|arrayidx179_5_10_promoted898_out_ap_vld    |  out|    1|      ap_vld|    arrayidx179_5_10_promoted898_out|       pointer|
|arrayidx179_5_9_promoted895_out            |  out|   32|      ap_vld|     arrayidx179_5_9_promoted895_out|       pointer|
|arrayidx179_5_9_promoted895_out_ap_vld     |  out|    1|      ap_vld|     arrayidx179_5_9_promoted895_out|       pointer|
|arrayidx179_5_8_promoted892_out            |  out|   32|      ap_vld|     arrayidx179_5_8_promoted892_out|       pointer|
|arrayidx179_5_8_promoted892_out_ap_vld     |  out|    1|      ap_vld|     arrayidx179_5_8_promoted892_out|       pointer|
|arrayidx179_5_7_promoted889_out            |  out|   32|      ap_vld|     arrayidx179_5_7_promoted889_out|       pointer|
|arrayidx179_5_7_promoted889_out_ap_vld     |  out|    1|      ap_vld|     arrayidx179_5_7_promoted889_out|       pointer|
|arrayidx179_5_6_promoted886_out            |  out|   32|      ap_vld|     arrayidx179_5_6_promoted886_out|       pointer|
|arrayidx179_5_6_promoted886_out_ap_vld     |  out|    1|      ap_vld|     arrayidx179_5_6_promoted886_out|       pointer|
|arrayidx179_5_5_promoted883_out            |  out|   32|      ap_vld|     arrayidx179_5_5_promoted883_out|       pointer|
|arrayidx179_5_5_promoted883_out_ap_vld     |  out|    1|      ap_vld|     arrayidx179_5_5_promoted883_out|       pointer|
|arrayidx179_5_4_promoted880_out            |  out|   32|      ap_vld|     arrayidx179_5_4_promoted880_out|       pointer|
|arrayidx179_5_4_promoted880_out_ap_vld     |  out|    1|      ap_vld|     arrayidx179_5_4_promoted880_out|       pointer|
|arrayidx179_5_3_promoted877_out            |  out|   32|      ap_vld|     arrayidx179_5_3_promoted877_out|       pointer|
|arrayidx179_5_3_promoted877_out_ap_vld     |  out|    1|      ap_vld|     arrayidx179_5_3_promoted877_out|       pointer|
|arrayidx179_5_2_promoted874_out            |  out|   32|      ap_vld|     arrayidx179_5_2_promoted874_out|       pointer|
|arrayidx179_5_2_promoted874_out_ap_vld     |  out|    1|      ap_vld|     arrayidx179_5_2_promoted874_out|       pointer|
|arrayidx179_5_1_promoted871_out            |  out|   32|      ap_vld|     arrayidx179_5_1_promoted871_out|       pointer|
|arrayidx179_5_1_promoted871_out_ap_vld     |  out|    1|      ap_vld|     arrayidx179_5_1_promoted871_out|       pointer|
|arrayidx179_5_promoted868_out              |  out|   32|      ap_vld|       arrayidx179_5_promoted868_out|       pointer|
|arrayidx179_5_promoted868_out_ap_vld       |  out|    1|      ap_vld|       arrayidx179_5_promoted868_out|       pointer|
|arrayidx179_4_12_promoted865_out           |  out|   32|      ap_vld|    arrayidx179_4_12_promoted865_out|       pointer|
|arrayidx179_4_12_promoted865_out_ap_vld    |  out|    1|      ap_vld|    arrayidx179_4_12_promoted865_out|       pointer|
|arrayidx179_4_11_promoted862_out           |  out|   32|      ap_vld|    arrayidx179_4_11_promoted862_out|       pointer|
|arrayidx179_4_11_promoted862_out_ap_vld    |  out|    1|      ap_vld|    arrayidx179_4_11_promoted862_out|       pointer|
|arrayidx179_4_10_promoted859_out           |  out|   32|      ap_vld|    arrayidx179_4_10_promoted859_out|       pointer|
|arrayidx179_4_10_promoted859_out_ap_vld    |  out|    1|      ap_vld|    arrayidx179_4_10_promoted859_out|       pointer|
|arrayidx179_4_9_promoted856_out            |  out|   32|      ap_vld|     arrayidx179_4_9_promoted856_out|       pointer|
|arrayidx179_4_9_promoted856_out_ap_vld     |  out|    1|      ap_vld|     arrayidx179_4_9_promoted856_out|       pointer|
|arrayidx179_4_8_promoted853_out            |  out|   32|      ap_vld|     arrayidx179_4_8_promoted853_out|       pointer|
|arrayidx179_4_8_promoted853_out_ap_vld     |  out|    1|      ap_vld|     arrayidx179_4_8_promoted853_out|       pointer|
|arrayidx179_4_7_promoted850_out            |  out|   32|      ap_vld|     arrayidx179_4_7_promoted850_out|       pointer|
|arrayidx179_4_7_promoted850_out_ap_vld     |  out|    1|      ap_vld|     arrayidx179_4_7_promoted850_out|       pointer|
|arrayidx179_4_6_promoted847_out            |  out|   32|      ap_vld|     arrayidx179_4_6_promoted847_out|       pointer|
|arrayidx179_4_6_promoted847_out_ap_vld     |  out|    1|      ap_vld|     arrayidx179_4_6_promoted847_out|       pointer|
|arrayidx179_4_5_promoted844_out            |  out|   32|      ap_vld|     arrayidx179_4_5_promoted844_out|       pointer|
|arrayidx179_4_5_promoted844_out_ap_vld     |  out|    1|      ap_vld|     arrayidx179_4_5_promoted844_out|       pointer|
|arrayidx179_4_4_promoted841_out            |  out|   32|      ap_vld|     arrayidx179_4_4_promoted841_out|       pointer|
|arrayidx179_4_4_promoted841_out_ap_vld     |  out|    1|      ap_vld|     arrayidx179_4_4_promoted841_out|       pointer|
|arrayidx179_4_3_promoted838_out            |  out|   32|      ap_vld|     arrayidx179_4_3_promoted838_out|       pointer|
|arrayidx179_4_3_promoted838_out_ap_vld     |  out|    1|      ap_vld|     arrayidx179_4_3_promoted838_out|       pointer|
|arrayidx179_4_2_promoted835_out            |  out|   32|      ap_vld|     arrayidx179_4_2_promoted835_out|       pointer|
|arrayidx179_4_2_promoted835_out_ap_vld     |  out|    1|      ap_vld|     arrayidx179_4_2_promoted835_out|       pointer|
|arrayidx179_4_1_promoted832_out            |  out|   32|      ap_vld|     arrayidx179_4_1_promoted832_out|       pointer|
|arrayidx179_4_1_promoted832_out_ap_vld     |  out|    1|      ap_vld|     arrayidx179_4_1_promoted832_out|       pointer|
|arrayidx179_4_promoted829_out              |  out|   32|      ap_vld|       arrayidx179_4_promoted829_out|       pointer|
|arrayidx179_4_promoted829_out_ap_vld       |  out|    1|      ap_vld|       arrayidx179_4_promoted829_out|       pointer|
|arrayidx179_3_12_promoted826_out           |  out|   32|      ap_vld|    arrayidx179_3_12_promoted826_out|       pointer|
|arrayidx179_3_12_promoted826_out_ap_vld    |  out|    1|      ap_vld|    arrayidx179_3_12_promoted826_out|       pointer|
|arrayidx179_3_11_promoted823_out           |  out|   32|      ap_vld|    arrayidx179_3_11_promoted823_out|       pointer|
|arrayidx179_3_11_promoted823_out_ap_vld    |  out|    1|      ap_vld|    arrayidx179_3_11_promoted823_out|       pointer|
|arrayidx179_3_10_promoted820_out           |  out|   32|      ap_vld|    arrayidx179_3_10_promoted820_out|       pointer|
|arrayidx179_3_10_promoted820_out_ap_vld    |  out|    1|      ap_vld|    arrayidx179_3_10_promoted820_out|       pointer|
|arrayidx179_3_9_promoted817_out            |  out|   32|      ap_vld|     arrayidx179_3_9_promoted817_out|       pointer|
|arrayidx179_3_9_promoted817_out_ap_vld     |  out|    1|      ap_vld|     arrayidx179_3_9_promoted817_out|       pointer|
|arrayidx179_3_8_promoted814_out            |  out|   32|      ap_vld|     arrayidx179_3_8_promoted814_out|       pointer|
|arrayidx179_3_8_promoted814_out_ap_vld     |  out|    1|      ap_vld|     arrayidx179_3_8_promoted814_out|       pointer|
|arrayidx179_3_7_promoted811_out            |  out|   32|      ap_vld|     arrayidx179_3_7_promoted811_out|       pointer|
|arrayidx179_3_7_promoted811_out_ap_vld     |  out|    1|      ap_vld|     arrayidx179_3_7_promoted811_out|       pointer|
|arrayidx179_3_6_promoted808_out            |  out|   32|      ap_vld|     arrayidx179_3_6_promoted808_out|       pointer|
|arrayidx179_3_6_promoted808_out_ap_vld     |  out|    1|      ap_vld|     arrayidx179_3_6_promoted808_out|       pointer|
|arrayidx179_3_5_promoted805_out            |  out|   32|      ap_vld|     arrayidx179_3_5_promoted805_out|       pointer|
|arrayidx179_3_5_promoted805_out_ap_vld     |  out|    1|      ap_vld|     arrayidx179_3_5_promoted805_out|       pointer|
|arrayidx179_3_4_promoted802_out            |  out|   32|      ap_vld|     arrayidx179_3_4_promoted802_out|       pointer|
|arrayidx179_3_4_promoted802_out_ap_vld     |  out|    1|      ap_vld|     arrayidx179_3_4_promoted802_out|       pointer|
|arrayidx179_3_3_promoted799_out            |  out|   32|      ap_vld|     arrayidx179_3_3_promoted799_out|       pointer|
|arrayidx179_3_3_promoted799_out_ap_vld     |  out|    1|      ap_vld|     arrayidx179_3_3_promoted799_out|       pointer|
|arrayidx179_3_2_promoted796_out            |  out|   32|      ap_vld|     arrayidx179_3_2_promoted796_out|       pointer|
|arrayidx179_3_2_promoted796_out_ap_vld     |  out|    1|      ap_vld|     arrayidx179_3_2_promoted796_out|       pointer|
|arrayidx179_3_1_promoted793_out            |  out|   32|      ap_vld|     arrayidx179_3_1_promoted793_out|       pointer|
|arrayidx179_3_1_promoted793_out_ap_vld     |  out|    1|      ap_vld|     arrayidx179_3_1_promoted793_out|       pointer|
|arrayidx179_3_promoted790_out              |  out|   32|      ap_vld|       arrayidx179_3_promoted790_out|       pointer|
|arrayidx179_3_promoted790_out_ap_vld       |  out|    1|      ap_vld|       arrayidx179_3_promoted790_out|       pointer|
|arrayidx179_2_12_promoted787_out           |  out|   32|      ap_vld|    arrayidx179_2_12_promoted787_out|       pointer|
|arrayidx179_2_12_promoted787_out_ap_vld    |  out|    1|      ap_vld|    arrayidx179_2_12_promoted787_out|       pointer|
|arrayidx179_2_11_promoted784_out           |  out|   32|      ap_vld|    arrayidx179_2_11_promoted784_out|       pointer|
|arrayidx179_2_11_promoted784_out_ap_vld    |  out|    1|      ap_vld|    arrayidx179_2_11_promoted784_out|       pointer|
|arrayidx179_2_10_promoted781_out           |  out|   32|      ap_vld|    arrayidx179_2_10_promoted781_out|       pointer|
|arrayidx179_2_10_promoted781_out_ap_vld    |  out|    1|      ap_vld|    arrayidx179_2_10_promoted781_out|       pointer|
|arrayidx179_2_9_promoted778_out            |  out|   32|      ap_vld|     arrayidx179_2_9_promoted778_out|       pointer|
|arrayidx179_2_9_promoted778_out_ap_vld     |  out|    1|      ap_vld|     arrayidx179_2_9_promoted778_out|       pointer|
|arrayidx179_2_8_promoted775_out            |  out|   32|      ap_vld|     arrayidx179_2_8_promoted775_out|       pointer|
|arrayidx179_2_8_promoted775_out_ap_vld     |  out|    1|      ap_vld|     arrayidx179_2_8_promoted775_out|       pointer|
|arrayidx179_2_7_promoted772_out            |  out|   32|      ap_vld|     arrayidx179_2_7_promoted772_out|       pointer|
|arrayidx179_2_7_promoted772_out_ap_vld     |  out|    1|      ap_vld|     arrayidx179_2_7_promoted772_out|       pointer|
|arrayidx179_2_6_promoted769_out            |  out|   32|      ap_vld|     arrayidx179_2_6_promoted769_out|       pointer|
|arrayidx179_2_6_promoted769_out_ap_vld     |  out|    1|      ap_vld|     arrayidx179_2_6_promoted769_out|       pointer|
|arrayidx179_2_5_promoted766_out            |  out|   32|      ap_vld|     arrayidx179_2_5_promoted766_out|       pointer|
|arrayidx179_2_5_promoted766_out_ap_vld     |  out|    1|      ap_vld|     arrayidx179_2_5_promoted766_out|       pointer|
|arrayidx179_2_4_promoted763_out            |  out|   32|      ap_vld|     arrayidx179_2_4_promoted763_out|       pointer|
|arrayidx179_2_4_promoted763_out_ap_vld     |  out|    1|      ap_vld|     arrayidx179_2_4_promoted763_out|       pointer|
|arrayidx179_2_3_promoted760_out            |  out|   32|      ap_vld|     arrayidx179_2_3_promoted760_out|       pointer|
|arrayidx179_2_3_promoted760_out_ap_vld     |  out|    1|      ap_vld|     arrayidx179_2_3_promoted760_out|       pointer|
|arrayidx179_2_2_promoted757_out            |  out|   32|      ap_vld|     arrayidx179_2_2_promoted757_out|       pointer|
|arrayidx179_2_2_promoted757_out_ap_vld     |  out|    1|      ap_vld|     arrayidx179_2_2_promoted757_out|       pointer|
|arrayidx179_2_1_promoted754_out            |  out|   32|      ap_vld|     arrayidx179_2_1_promoted754_out|       pointer|
|arrayidx179_2_1_promoted754_out_ap_vld     |  out|    1|      ap_vld|     arrayidx179_2_1_promoted754_out|       pointer|
|arrayidx179_2_promoted751_out              |  out|   32|      ap_vld|       arrayidx179_2_promoted751_out|       pointer|
|arrayidx179_2_promoted751_out_ap_vld       |  out|    1|      ap_vld|       arrayidx179_2_promoted751_out|       pointer|
|arrayidx179_1_12_promoted748_out           |  out|   32|      ap_vld|    arrayidx179_1_12_promoted748_out|       pointer|
|arrayidx179_1_12_promoted748_out_ap_vld    |  out|    1|      ap_vld|    arrayidx179_1_12_promoted748_out|       pointer|
|arrayidx179_1_11_promoted745_out           |  out|   32|      ap_vld|    arrayidx179_1_11_promoted745_out|       pointer|
|arrayidx179_1_11_promoted745_out_ap_vld    |  out|    1|      ap_vld|    arrayidx179_1_11_promoted745_out|       pointer|
|arrayidx179_1_10_promoted742_out           |  out|   32|      ap_vld|    arrayidx179_1_10_promoted742_out|       pointer|
|arrayidx179_1_10_promoted742_out_ap_vld    |  out|    1|      ap_vld|    arrayidx179_1_10_promoted742_out|       pointer|
|arrayidx179_1_9_promoted739_out            |  out|   32|      ap_vld|     arrayidx179_1_9_promoted739_out|       pointer|
|arrayidx179_1_9_promoted739_out_ap_vld     |  out|    1|      ap_vld|     arrayidx179_1_9_promoted739_out|       pointer|
|arrayidx179_1_8_promoted736_out            |  out|   32|      ap_vld|     arrayidx179_1_8_promoted736_out|       pointer|
|arrayidx179_1_8_promoted736_out_ap_vld     |  out|    1|      ap_vld|     arrayidx179_1_8_promoted736_out|       pointer|
|arrayidx179_1_7_promoted733_out            |  out|   32|      ap_vld|     arrayidx179_1_7_promoted733_out|       pointer|
|arrayidx179_1_7_promoted733_out_ap_vld     |  out|    1|      ap_vld|     arrayidx179_1_7_promoted733_out|       pointer|
|arrayidx179_1_6_promoted730_out            |  out|   32|      ap_vld|     arrayidx179_1_6_promoted730_out|       pointer|
|arrayidx179_1_6_promoted730_out_ap_vld     |  out|    1|      ap_vld|     arrayidx179_1_6_promoted730_out|       pointer|
|arrayidx179_1_5_promoted727_out            |  out|   32|      ap_vld|     arrayidx179_1_5_promoted727_out|       pointer|
|arrayidx179_1_5_promoted727_out_ap_vld     |  out|    1|      ap_vld|     arrayidx179_1_5_promoted727_out|       pointer|
|arrayidx179_1_4_promoted724_out            |  out|   32|      ap_vld|     arrayidx179_1_4_promoted724_out|       pointer|
|arrayidx179_1_4_promoted724_out_ap_vld     |  out|    1|      ap_vld|     arrayidx179_1_4_promoted724_out|       pointer|
|arrayidx179_1_3_promoted721_out            |  out|   32|      ap_vld|     arrayidx179_1_3_promoted721_out|       pointer|
|arrayidx179_1_3_promoted721_out_ap_vld     |  out|    1|      ap_vld|     arrayidx179_1_3_promoted721_out|       pointer|
|arrayidx179_1_2_promoted718_out            |  out|   32|      ap_vld|     arrayidx179_1_2_promoted718_out|       pointer|
|arrayidx179_1_2_promoted718_out_ap_vld     |  out|    1|      ap_vld|     arrayidx179_1_2_promoted718_out|       pointer|
|arrayidx179_1_1_promoted715_out            |  out|   32|      ap_vld|     arrayidx179_1_1_promoted715_out|       pointer|
|arrayidx179_1_1_promoted715_out_ap_vld     |  out|    1|      ap_vld|     arrayidx179_1_1_promoted715_out|       pointer|
|arrayidx179_1_promoted712_out              |  out|   32|      ap_vld|       arrayidx179_1_promoted712_out|       pointer|
|arrayidx179_1_promoted712_out_ap_vld       |  out|    1|      ap_vld|       arrayidx179_1_promoted712_out|       pointer|
|arrayidx179_128445_promoted709_out         |  out|   32|      ap_vld|  arrayidx179_128445_promoted709_out|       pointer|
|arrayidx179_128445_promoted709_out_ap_vld  |  out|    1|      ap_vld|  arrayidx179_128445_promoted709_out|       pointer|
|arrayidx179_118428_promoted706_out         |  out|   32|      ap_vld|  arrayidx179_118428_promoted706_out|       pointer|
|arrayidx179_118428_promoted706_out_ap_vld  |  out|    1|      ap_vld|  arrayidx179_118428_promoted706_out|       pointer|
|arrayidx179_108411_promoted703_out         |  out|   32|      ap_vld|  arrayidx179_108411_promoted703_out|       pointer|
|arrayidx179_108411_promoted703_out_ap_vld  |  out|    1|      ap_vld|  arrayidx179_108411_promoted703_out|       pointer|
|arrayidx179_98394_promoted700_out          |  out|   32|      ap_vld|   arrayidx179_98394_promoted700_out|       pointer|
|arrayidx179_98394_promoted700_out_ap_vld   |  out|    1|      ap_vld|   arrayidx179_98394_promoted700_out|       pointer|
|arrayidx179_88377_promoted697_out          |  out|   32|      ap_vld|   arrayidx179_88377_promoted697_out|       pointer|
|arrayidx179_88377_promoted697_out_ap_vld   |  out|    1|      ap_vld|   arrayidx179_88377_promoted697_out|       pointer|
|arrayidx179_78360_promoted694_out          |  out|   32|      ap_vld|   arrayidx179_78360_promoted694_out|       pointer|
|arrayidx179_78360_promoted694_out_ap_vld   |  out|    1|      ap_vld|   arrayidx179_78360_promoted694_out|       pointer|
|arrayidx179_68343_promoted691_out          |  out|   32|      ap_vld|   arrayidx179_68343_promoted691_out|       pointer|
|arrayidx179_68343_promoted691_out_ap_vld   |  out|    1|      ap_vld|   arrayidx179_68343_promoted691_out|       pointer|
|arrayidx179_58326_promoted688_out          |  out|   32|      ap_vld|   arrayidx179_58326_promoted688_out|       pointer|
|arrayidx179_58326_promoted688_out_ap_vld   |  out|    1|      ap_vld|   arrayidx179_58326_promoted688_out|       pointer|
|arrayidx179_48309_promoted685_out          |  out|   32|      ap_vld|   arrayidx179_48309_promoted685_out|       pointer|
|arrayidx179_48309_promoted685_out_ap_vld   |  out|    1|      ap_vld|   arrayidx179_48309_promoted685_out|       pointer|
|arrayidx179_38292_promoted682_out          |  out|   32|      ap_vld|   arrayidx179_38292_promoted682_out|       pointer|
|arrayidx179_38292_promoted682_out_ap_vld   |  out|    1|      ap_vld|   arrayidx179_38292_promoted682_out|       pointer|
|arrayidx179_28275_promoted679_out          |  out|   32|      ap_vld|   arrayidx179_28275_promoted679_out|       pointer|
|arrayidx179_28275_promoted679_out_ap_vld   |  out|    1|      ap_vld|   arrayidx179_28275_promoted679_out|       pointer|
|arrayidx179_18258_promoted676_out          |  out|   32|      ap_vld|   arrayidx179_18258_promoted676_out|       pointer|
|arrayidx179_18258_promoted676_out_ap_vld   |  out|    1|      ap_vld|   arrayidx179_18258_promoted676_out|       pointer|
|arrayidx179_promoted673_out                |  out|   32|      ap_vld|         arrayidx179_promoted673_out|       pointer|
|arrayidx179_promoted673_out_ap_vld         |  out|    1|      ap_vld|         arrayidx179_promoted673_out|       pointer|
+-------------------------------------------+-----+-----+------------+------------------------------------+--------------+

