

================================================================
== Vitis HLS Report for 'conv4_Pipeline_F2_1'
================================================================
* Date:           Sun Jan 26 21:45:58 2025

* Version:        2024.2 (Build 5238294 on Nov  8 2024)
* Project:        Alex_Net
* Solution:       NN (Vivado IP Flow Target)
* Product family: zynquplus
* Target device:  xczu7ev-ffvc1156-2-i


================================================================
== Performance Estimates
================================================================
+ Timing: 
    * Summary: 
    +--------+----------+----------+------------+
    |  Clock |  Target  | Estimated| Uncertainty|
    +--------+----------+----------+------------+
    |ap_clk  |  10.00 ns|  2.558 ns|     2.70 ns|
    +--------+----------+----------+------------+

+ Latency: 
    * Summary: 
    +---------+---------+-----------+-----------+------+------+------------------------------------------------+
    |  Latency (cycles) |   Latency (absolute)  |   Interval  |                    Pipeline                    |
    |   min   |   max   |    min    |    max    |  min |  max |                      Type                      |
    +---------+---------+-----------+-----------+------+------+------------------------------------------------+
    |     1730|     1730|  17.300 us|  17.300 us|  1729|  1729|  loop auto-rewind stp (delay=0 clock cycles(s))|
    +---------+---------+-----------+-----------+------+------+------------------------------------------------+

    + Detail: 
        * Instance: 
        N/A

        * Loop: 
        +----------+---------+---------+----------+-----------+-----------+------+----------+
        |          |  Latency (cycles) | Iteration|  Initiation Interval  | Trip |          |
        | Loop Name|   min   |   max   |  Latency |  achieved |   target  | Count| Pipelined|
        +----------+---------+---------+----------+-----------+-----------+------+----------+
        |- F2_1    |     1728|     1728|         2|          1|          1|  1728|       yes|
        +----------+---------+---------+----------+-----------+-----------+------+----------+



================================================================
== Utilization Estimates
================================================================
* Summary: 
+-----------------+---------+------+--------+--------+-----+
|       Name      | BRAM_18K|  DSP |   FF   |   LUT  | URAM|
+-----------------+---------+------+--------+--------+-----+
|DSP              |        -|     -|       -|       -|    -|
|Expression       |        -|     -|       0|     141|    -|
|FIFO             |        -|     -|       -|       -|    -|
|Instance         |        -|     -|       -|       -|    -|
|Memory           |        -|     -|       -|       -|    -|
|Multiplexer      |        -|     -|       0|      63|    -|
|Register         |        -|     -|      52|       -|    -|
+-----------------+---------+------+--------+--------+-----+
|Total            |        0|     0|      52|     204|    0|
+-----------------+---------+------+--------+--------+-----+
|Available        |      624|  1728|  460800|  230400|   96|
+-----------------+---------+------+--------+--------+-----+
|Utilization (%)  |        0|     0|      ~0|      ~0|    0|
+-----------------+---------+------+--------+--------+-----+

+ Detail: 
    * Instance: 
    N/A

    * DSP: 
    N/A

    * Memory: 
    N/A

    * FIFO: 
    N/A

    * Expression: 
    +------------------------+----------+----+---+----+------------+------------+
    |      Variable Name     | Operation| DSP| FF| LUT| Bitwidth P0| Bitwidth P1|
    +------------------------+----------+----+---+----+------------+------------+
    |add_ln168_1_fu_315_p2   |         +|   0|  0|  30|          23|          12|
    |add_ln168_2_fu_282_p2   |         +|   0|  0|  18|          11|           1|
    |add_ln168_fu_257_p2     |         +|   0|  0|  18|          11|           1|
    |add_ln170_fu_271_p2     |         +|   0|  0|  27|          20|          20|
    |icmp_ln168_1_fu_288_p2  |      icmp|   0|  0|  18|          11|           4|
    |icmp_ln168_fu_251_p2    |      icmp|   0|  0|  18|          11|          10|
    |select_ln168_fu_294_p3  |    select|   0|  0|  10|           1|           1|
    |ap_enable_pp0           |       xor|   0|  0|   2|           1|           2|
    +------------------------+----------+----+---+----+------------+------------+
    |Total                   |          |   0|  0| 141|          89|          51|
    +------------------------+----------+----+---+----+------------+------------+

    * Multiplexer: 
    +-----------------------------------+----+-----------+-----+-----------+
    |                Name               | LUT| Input Size| Bits| Total Bits|
    +-----------------------------------+----+-----------+-----+-----------+
    |ap_done_int                        |   9|          2|    1|          2|
    |ap_enable_reg_pp0_iter1            |   9|          2|    1|          2|
    |ap_sig_allocacmp_h                 |   9|          2|   11|         22|
    |ap_sig_allocacmp_phi_urem193_load  |   9|          2|   11|         22|
    |h_2_fu_90                          |   9|          2|   11|         22|
    |phi_mul191_fu_86                   |   9|          2|   23|         46|
    |phi_urem193_fu_82                  |   9|          2|   11|         22|
    +-----------------------------------+----+-----------+-----+-----------+
    |Total                              |  63|         14|   69|        138|
    +-----------------------------------+----+-----------+-----+-----------+

    * Register: 
    +-------------------------+----+----+-----+-----------+
    |           Name          | FF | LUT| Bits| Const Bits|
    +-------------------------+----+----+-----+-----------+
    |ap_CS_fsm                |   1|   0|    1|          0|
    |ap_done_reg              |   1|   0|    1|          0|
    |ap_enable_reg_pp0_iter1  |   1|   0|    1|          0|
    |h_2_fu_90                |  11|   0|   11|          0|
    |phi_mul191_fu_86         |  23|   0|   23|          0|
    |phi_urem193_fu_82        |  11|   0|   11|          0|
    |trunc_ln168_reg_386      |   4|   0|    4|          0|
    +-------------------------+----+----+-----+-----------+
    |Total                    |  52|   0|   52|          0|
    +-------------------------+----+----+-----+-----------+



================================================================
== Interface
================================================================
* Summary: 
+-------------------------+-----+-----+------------+---------------------+--------------+
|        RTL Ports        | Dir | Bits|  Protocol  |    Source Object    |    C Type    |
+-------------------------+-----+-----+------------+---------------------+--------------+
|ap_clk                   |   in|    1|  ap_ctrl_hs|  conv4_Pipeline_F2_1|  return value|
|ap_rst                   |   in|    1|  ap_ctrl_hs|  conv4_Pipeline_F2_1|  return value|
|ap_start                 |   in|    1|  ap_ctrl_hs|  conv4_Pipeline_F2_1|  return value|
|ap_done                  |  out|    1|  ap_ctrl_hs|  conv4_Pipeline_F2_1|  return value|
|ap_idle                  |  out|    1|  ap_ctrl_hs|  conv4_Pipeline_F2_1|  return value|
|ap_ready                 |  out|    1|  ap_ctrl_hs|  conv4_Pipeline_F2_1|  return value|
|filter_local_8_address0  |  out|    8|   ap_memory|       filter_local_8|         array|
|filter_local_8_ce0       |  out|    1|   ap_memory|       filter_local_8|         array|
|filter_local_8_we0       |  out|    1|   ap_memory|       filter_local_8|         array|
|filter_local_8_d0        |  out|   32|   ap_memory|       filter_local_8|         array|
|filter_local_7_address0  |  out|    8|   ap_memory|       filter_local_7|         array|
|filter_local_7_ce0       |  out|    1|   ap_memory|       filter_local_7|         array|
|filter_local_7_we0       |  out|    1|   ap_memory|       filter_local_7|         array|
|filter_local_7_d0        |  out|   32|   ap_memory|       filter_local_7|         array|
|filter_local_6_address0  |  out|    8|   ap_memory|       filter_local_6|         array|
|filter_local_6_ce0       |  out|    1|   ap_memory|       filter_local_6|         array|
|filter_local_6_we0       |  out|    1|   ap_memory|       filter_local_6|         array|
|filter_local_6_d0        |  out|   32|   ap_memory|       filter_local_6|         array|
|filter_local_5_address0  |  out|    8|   ap_memory|       filter_local_5|         array|
|filter_local_5_ce0       |  out|    1|   ap_memory|       filter_local_5|         array|
|filter_local_5_we0       |  out|    1|   ap_memory|       filter_local_5|         array|
|filter_local_5_d0        |  out|   32|   ap_memory|       filter_local_5|         array|
|filter_local_4_address0  |  out|    8|   ap_memory|       filter_local_4|         array|
|filter_local_4_ce0       |  out|    1|   ap_memory|       filter_local_4|         array|
|filter_local_4_we0       |  out|    1|   ap_memory|       filter_local_4|         array|
|filter_local_4_d0        |  out|   32|   ap_memory|       filter_local_4|         array|
|filter_local_3_address0  |  out|    8|   ap_memory|       filter_local_3|         array|
|filter_local_3_ce0       |  out|    1|   ap_memory|       filter_local_3|         array|
|filter_local_3_we0       |  out|    1|   ap_memory|       filter_local_3|         array|
|filter_local_3_d0        |  out|   32|   ap_memory|       filter_local_3|         array|
|filter_local_2_address0  |  out|    8|   ap_memory|       filter_local_2|         array|
|filter_local_2_ce0       |  out|    1|   ap_memory|       filter_local_2|         array|
|filter_local_2_we0       |  out|    1|   ap_memory|       filter_local_2|         array|
|filter_local_2_d0        |  out|   32|   ap_memory|       filter_local_2|         array|
|filter_local_1_address0  |  out|    8|   ap_memory|       filter_local_1|         array|
|filter_local_1_ce0       |  out|    1|   ap_memory|       filter_local_1|         array|
|filter_local_1_we0       |  out|    1|   ap_memory|       filter_local_1|         array|
|filter_local_1_d0        |  out|   32|   ap_memory|       filter_local_1|         array|
|filter_local_address0    |  out|    8|   ap_memory|         filter_local|         array|
|filter_local_ce0         |  out|    1|   ap_memory|         filter_local|         array|
|filter_local_we0         |  out|    1|   ap_memory|         filter_local|         array|
|filter_local_d0          |  out|   32|   ap_memory|         filter_local|         array|
|empty                    |   in|   20|     ap_none|                empty|        scalar|
|filter_conv4_address0    |  out|   20|   ap_memory|         filter_conv4|         array|
|filter_conv4_ce0         |  out|    1|   ap_memory|         filter_conv4|         array|
|filter_conv4_q0          |   in|   32|   ap_memory|         filter_conv4|         array|
+-------------------------+-----+-----+------------+---------------------+--------------+

