

================================================================
== Vitis HLS Report for 'conv3_Pipeline_L1_1'
================================================================
* Date:           Sun Jan 26 21:44:42 2025

* Version:        2024.2 (Build 5238294 on Nov  8 2024)
* Project:        Alex_Net
* Solution:       NN (Vivado IP Flow Target)
* Product family: zynquplus
* Target device:  xczu7ev-ffvc1156-2-i


================================================================
== Performance Estimates
================================================================
+ Timing: 
    * Summary: 
    +--------+----------+----------+------------+
    |  Clock |  Target  | Estimated| Uncertainty|
    +--------+----------+----------+------------+
    |ap_clk  |  10.00 ns|  2.474 ns|     2.70 ns|
    +--------+----------+----------+------------+

+ Latency: 
    * Summary: 
    +---------+---------+----------+----------+-------+-------+------------------------------------------------+
    |  Latency (cycles) |  Latency (absolute) |    Interval   |                    Pipeline                    |
    |   min   |   max   |    min   |    max   |  min  |  max  |                      Type                      |
    +---------+---------+----------+----------+-------+-------+------------------------------------------------+
    |    57602|    57602|  0.576 ms|  0.576 ms|  57601|  57601|  loop auto-rewind stp (delay=0 clock cycles(s))|
    +---------+---------+----------+----------+-------+-------+------------------------------------------------+

    + Detail: 
        * Instance: 
        N/A

        * Loop: 
        +----------+---------+---------+----------+-----------+-----------+-------+----------+
        |          |  Latency (cycles) | Iteration|  Initiation Interval  |  Trip |          |
        | Loop Name|   min   |   max   |  Latency |  achieved |   target  | Count | Pipelined|
        +----------+---------+---------+----------+-----------+-----------+-------+----------+
        |- L1_1    |    57600|    57600|         2|          1|          1|  57600|       yes|
        +----------+---------+---------+----------+-----------+-----------+-------+----------+



================================================================
== Utilization Estimates
================================================================
* Summary: 
+-----------------+---------+------+--------+--------+-----+
|       Name      | BRAM_18K|  DSP |   FF   |   LUT  | URAM|
+-----------------+---------+------+--------+--------+-----+
|DSP              |        -|     -|       -|       -|    -|
|Expression       |        -|     -|       0|     150|    -|
|FIFO             |        -|     -|       -|       -|    -|
|Instance         |        -|     -|       -|       -|    -|
|Memory           |        -|     -|       -|       -|    -|
|Multiplexer      |        -|     -|       0|      63|    -|
|Register         |        -|     -|      73|       -|    -|
+-----------------+---------+------+--------+--------+-----+
|Total            |        0|     0|      73|     213|    0|
+-----------------+---------+------+--------+--------+-----+
|Available        |      624|  1728|  460800|  230400|   96|
+-----------------+---------+------+--------+--------+-----+
|Utilization (%)  |        0|     0|      ~0|      ~0|    0|
+-----------------+---------+------+--------+--------+-----+

+ Detail: 
    * Instance: 
    N/A

    * DSP: 
    N/A

    * Memory: 
    N/A

    * FIFO: 
    N/A

    * Expression: 
    +-----------------------+----------+----+---+----+------------+------------+
    |     Variable Name     | Operation| DSP| FF| LUT| Bitwidth P0| Bitwidth P1|
    +-----------------------+----------+----+---+----+------------+------------+
    |add_ln76_3_fu_588_p2   |         +|   0|  0|  40|          33|          17|
    |add_ln76_4_fu_555_p2   |         +|   0|  0|  23|          16|           1|
    |add_ln76_fu_540_p2     |         +|   0|  0|  23|          16|           1|
    |icmp_ln76_1_fu_561_p2  |      icmp|   0|  0|  23|          16|           5|
    |icmp_ln76_fu_534_p2    |      icmp|   0|  0|  23|          16|          14|
    |select_ln76_fu_567_p3  |    select|   0|  0|  16|           1|           1|
    |ap_enable_pp0          |       xor|   0|  0|   2|           1|           2|
    +-----------------------+----------+----+---+----+------------+------------+
    |Total                  |          |   0|  0| 150|          99|          41|
    +-----------------------+----------+----+---+----+------------+------------+

    * Multiplexer: 
    +--------------------------------+----+-----------+-----+-----------+
    |              Name              | LUT| Input Size| Bits| Total Bits|
    +--------------------------------+----+-----------+-----+-----------+
    |ap_done_int                     |   9|          2|    1|          2|
    |ap_enable_reg_pp0_iter1         |   9|          2|    1|          2|
    |ap_sig_allocacmp_c_6            |   9|          2|   16|         32|
    |ap_sig_allocacmp_phi_urem_load  |   9|          2|   16|         32|
    |c_fu_146                        |   9|          2|   16|         32|
    |phi_mul_fu_142                  |   9|          2|   33|         66|
    |phi_urem_fu_138                 |   9|          2|   16|         32|
    +--------------------------------+----+-----------+-----+-----------+
    |Total                           |  63|         14|   99|        198|
    +--------------------------------+----+-----------+-----+-----------+

    * Register: 
    +-------------------------+----+----+-----+-----------+
    |           Name          | FF | LUT| Bits| Const Bits|
    +-------------------------+----+----+-----+-----------+
    |ap_CS_fsm                |   1|   0|    1|          0|
    |ap_done_reg              |   1|   0|    1|          0|
    |ap_enable_reg_pp0_iter1  |   1|   0|    1|          0|
    |c_fu_146                 |  16|   0|   16|          0|
    |phi_mul_fu_142           |  33|   0|   33|          0|
    |phi_urem_fu_138          |  16|   0|   16|          0|
    |trunc_ln76_reg_662       |   5|   0|    5|          0|
    +-------------------------+----+----+-----+-----------+
    |Total                    |  73|   0|   73|          0|
    +-------------------------+----+----+-----+-----------+



================================================================
== Interface
================================================================
* Summary: 
+-----------------------------+-----+-----+------------+---------------------+--------------+
|          RTL Ports          | Dir | Bits|  Protocol  |    Source Object    |    C Type    |
+-----------------------------+-----+-----+------------+---------------------+--------------+
|ap_clk                       |   in|    1|  ap_ctrl_hs|  conv3_Pipeline_L1_1|  return value|
|ap_rst                       |   in|    1|  ap_ctrl_hs|  conv3_Pipeline_L1_1|  return value|
|ap_start                     |   in|    1|  ap_ctrl_hs|  conv3_Pipeline_L1_1|  return value|
|ap_done                      |  out|    1|  ap_ctrl_hs|  conv3_Pipeline_L1_1|  return value|
|ap_idle                      |  out|    1|  ap_ctrl_hs|  conv3_Pipeline_L1_1|  return value|
|ap_ready                     |  out|    1|  ap_ctrl_hs|  conv3_Pipeline_L1_1|  return value|
|inp_image_local_24_address0  |  out|   12|   ap_memory|   inp_image_local_24|         array|
|inp_image_local_24_ce0       |  out|    1|   ap_memory|   inp_image_local_24|         array|
|inp_image_local_24_we0       |  out|    1|   ap_memory|   inp_image_local_24|         array|
|inp_image_local_24_d0        |  out|   32|   ap_memory|   inp_image_local_24|         array|
|inp_image_local_23_address0  |  out|   12|   ap_memory|   inp_image_local_23|         array|
|inp_image_local_23_ce0       |  out|    1|   ap_memory|   inp_image_local_23|         array|
|inp_image_local_23_we0       |  out|    1|   ap_memory|   inp_image_local_23|         array|
|inp_image_local_23_d0        |  out|   32|   ap_memory|   inp_image_local_23|         array|
|inp_image_local_22_address0  |  out|   12|   ap_memory|   inp_image_local_22|         array|
|inp_image_local_22_ce0       |  out|    1|   ap_memory|   inp_image_local_22|         array|
|inp_image_local_22_we0       |  out|    1|   ap_memory|   inp_image_local_22|         array|
|inp_image_local_22_d0        |  out|   32|   ap_memory|   inp_image_local_22|         array|
|inp_image_local_21_address0  |  out|   12|   ap_memory|   inp_image_local_21|         array|
|inp_image_local_21_ce0       |  out|    1|   ap_memory|   inp_image_local_21|         array|
|inp_image_local_21_we0       |  out|    1|   ap_memory|   inp_image_local_21|         array|
|inp_image_local_21_d0        |  out|   32|   ap_memory|   inp_image_local_21|         array|
|inp_image_local_20_address0  |  out|   12|   ap_memory|   inp_image_local_20|         array|
|inp_image_local_20_ce0       |  out|    1|   ap_memory|   inp_image_local_20|         array|
|inp_image_local_20_we0       |  out|    1|   ap_memory|   inp_image_local_20|         array|
|inp_image_local_20_d0        |  out|   32|   ap_memory|   inp_image_local_20|         array|
|inp_image_local_19_address0  |  out|   12|   ap_memory|   inp_image_local_19|         array|
|inp_image_local_19_ce0       |  out|    1|   ap_memory|   inp_image_local_19|         array|
|inp_image_local_19_we0       |  out|    1|   ap_memory|   inp_image_local_19|         array|
|inp_image_local_19_d0        |  out|   32|   ap_memory|   inp_image_local_19|         array|
|inp_image_local_18_address0  |  out|   12|   ap_memory|   inp_image_local_18|         array|
|inp_image_local_18_ce0       |  out|    1|   ap_memory|   inp_image_local_18|         array|
|inp_image_local_18_we0       |  out|    1|   ap_memory|   inp_image_local_18|         array|
|inp_image_local_18_d0        |  out|   32|   ap_memory|   inp_image_local_18|         array|
|inp_image_local_17_address0  |  out|   12|   ap_memory|   inp_image_local_17|         array|
|inp_image_local_17_ce0       |  out|    1|   ap_memory|   inp_image_local_17|         array|
|inp_image_local_17_we0       |  out|    1|   ap_memory|   inp_image_local_17|         array|
|inp_image_local_17_d0        |  out|   32|   ap_memory|   inp_image_local_17|         array|
|inp_image_local_16_address0  |  out|   12|   ap_memory|   inp_image_local_16|         array|
|inp_image_local_16_ce0       |  out|    1|   ap_memory|   inp_image_local_16|         array|
|inp_image_local_16_we0       |  out|    1|   ap_memory|   inp_image_local_16|         array|
|inp_image_local_16_d0        |  out|   32|   ap_memory|   inp_image_local_16|         array|
|inp_image_local_15_address0  |  out|   12|   ap_memory|   inp_image_local_15|         array|
|inp_image_local_15_ce0       |  out|    1|   ap_memory|   inp_image_local_15|         array|
|inp_image_local_15_we0       |  out|    1|   ap_memory|   inp_image_local_15|         array|
|inp_image_local_15_d0        |  out|   32|   ap_memory|   inp_image_local_15|         array|
|inp_image_local_14_address0  |  out|   12|   ap_memory|   inp_image_local_14|         array|
|inp_image_local_14_ce0       |  out|    1|   ap_memory|   inp_image_local_14|         array|
|inp_image_local_14_we0       |  out|    1|   ap_memory|   inp_image_local_14|         array|
|inp_image_local_14_d0        |  out|   32|   ap_memory|   inp_image_local_14|         array|
|inp_image_local_13_address0  |  out|   12|   ap_memory|   inp_image_local_13|         array|
|inp_image_local_13_ce0       |  out|    1|   ap_memory|   inp_image_local_13|         array|
|inp_image_local_13_we0       |  out|    1|   ap_memory|   inp_image_local_13|         array|
|inp_image_local_13_d0        |  out|   32|   ap_memory|   inp_image_local_13|         array|
|inp_image_local_12_address0  |  out|   12|   ap_memory|   inp_image_local_12|         array|
|inp_image_local_12_ce0       |  out|    1|   ap_memory|   inp_image_local_12|         array|
|inp_image_local_12_we0       |  out|    1|   ap_memory|   inp_image_local_12|         array|
|inp_image_local_12_d0        |  out|   32|   ap_memory|   inp_image_local_12|         array|
|inp_image_local_11_address0  |  out|   12|   ap_memory|   inp_image_local_11|         array|
|inp_image_local_11_ce0       |  out|    1|   ap_memory|   inp_image_local_11|         array|
|inp_image_local_11_we0       |  out|    1|   ap_memory|   inp_image_local_11|         array|
|inp_image_local_11_d0        |  out|   32|   ap_memory|   inp_image_local_11|         array|
|inp_image_local_10_address0  |  out|   12|   ap_memory|   inp_image_local_10|         array|
|inp_image_local_10_ce0       |  out|    1|   ap_memory|   inp_image_local_10|         array|
|inp_image_local_10_we0       |  out|    1|   ap_memory|   inp_image_local_10|         array|
|inp_image_local_10_d0        |  out|   32|   ap_memory|   inp_image_local_10|         array|
|inp_image_local_9_address0   |  out|   12|   ap_memory|    inp_image_local_9|         array|
|inp_image_local_9_ce0        |  out|    1|   ap_memory|    inp_image_local_9|         array|
|inp_image_local_9_we0        |  out|    1|   ap_memory|    inp_image_local_9|         array|
|inp_image_local_9_d0         |  out|   32|   ap_memory|    inp_image_local_9|         array|
|inp_image_local_8_address0   |  out|   12|   ap_memory|    inp_image_local_8|         array|
|inp_image_local_8_ce0        |  out|    1|   ap_memory|    inp_image_local_8|         array|
|inp_image_local_8_we0        |  out|    1|   ap_memory|    inp_image_local_8|         array|
|inp_image_local_8_d0         |  out|   32|   ap_memory|    inp_image_local_8|         array|
|inp_image_local_7_address0   |  out|   12|   ap_memory|    inp_image_local_7|         array|
|inp_image_local_7_ce0        |  out|    1|   ap_memory|    inp_image_local_7|         array|
|inp_image_local_7_we0        |  out|    1|   ap_memory|    inp_image_local_7|         array|
|inp_image_local_7_d0         |  out|   32|   ap_memory|    inp_image_local_7|         array|
|inp_image_local_6_address0   |  out|   12|   ap_memory|    inp_image_local_6|         array|
|inp_image_local_6_ce0        |  out|    1|   ap_memory|    inp_image_local_6|         array|
|inp_image_local_6_we0        |  out|    1|   ap_memory|    inp_image_local_6|         array|
|inp_image_local_6_d0         |  out|   32|   ap_memory|    inp_image_local_6|         array|
|inp_image_local_5_address0   |  out|   12|   ap_memory|    inp_image_local_5|         array|
|inp_image_local_5_ce0        |  out|    1|   ap_memory|    inp_image_local_5|         array|
|inp_image_local_5_we0        |  out|    1|   ap_memory|    inp_image_local_5|         array|
|inp_image_local_5_d0         |  out|   32|   ap_memory|    inp_image_local_5|         array|
|inp_image_local_4_address0   |  out|   12|   ap_memory|    inp_image_local_4|         array|
|inp_image_local_4_ce0        |  out|    1|   ap_memory|    inp_image_local_4|         array|
|inp_image_local_4_we0        |  out|    1|   ap_memory|    inp_image_local_4|         array|
|inp_image_local_4_d0         |  out|   32|   ap_memory|    inp_image_local_4|         array|
|inp_image_local_3_address0   |  out|   12|   ap_memory|    inp_image_local_3|         array|
|inp_image_local_3_ce0        |  out|    1|   ap_memory|    inp_image_local_3|         array|
|inp_image_local_3_we0        |  out|    1|   ap_memory|    inp_image_local_3|         array|
|inp_image_local_3_d0         |  out|   32|   ap_memory|    inp_image_local_3|         array|
|inp_image_local_2_address0   |  out|   12|   ap_memory|    inp_image_local_2|         array|
|inp_image_local_2_ce0        |  out|    1|   ap_memory|    inp_image_local_2|         array|
|inp_image_local_2_we0        |  out|    1|   ap_memory|    inp_image_local_2|         array|
|inp_image_local_2_d0         |  out|   32|   ap_memory|    inp_image_local_2|         array|
|inp_image_local_1_address0   |  out|   12|   ap_memory|    inp_image_local_1|         array|
|inp_image_local_1_ce0        |  out|    1|   ap_memory|    inp_image_local_1|         array|
|inp_image_local_1_we0        |  out|    1|   ap_memory|    inp_image_local_1|         array|
|inp_image_local_1_d0         |  out|   32|   ap_memory|    inp_image_local_1|         array|
|inp_image_local_address0     |  out|   12|   ap_memory|      inp_image_local|         array|
|inp_image_local_ce0          |  out|    1|   ap_memory|      inp_image_local|         array|
|inp_image_local_we0          |  out|    1|   ap_memory|      inp_image_local|         array|
|inp_image_local_d0           |  out|   32|   ap_memory|      inp_image_local|         array|
|inp_img_address0             |  out|   16|   ap_memory|              inp_img|         array|
|inp_img_ce0                  |  out|    1|   ap_memory|              inp_img|         array|
|inp_img_q0                   |   in|   32|   ap_memory|              inp_img|         array|
+-----------------------------+-----+-----+------------+---------------------+--------------+

