

================================================================
== Vitis HLS Report for 'conv2_Pipeline_L1_1'
================================================================
* Date:           Sun Jan 26 21:43:11 2025

* Version:        2024.2 (Build 5238294 on Nov  8 2024)
* Project:        Alex_Net
* Solution:       NN (Vivado IP Flow Target)
* Product family: zynquplus
* Target device:  xczu7ev-ffvc1156-2-i


================================================================
== Performance Estimates
================================================================
+ Timing: 
    * Summary: 
    +--------+----------+----------+------------+
    |  Clock |  Target  | Estimated| Uncertainty|
    +--------+----------+----------+------------+
    |ap_clk  |  10.00 ns|  2.474 ns|     2.70 ns|
    +--------+----------+----------+------------+

+ Latency: 
    * Summary: 
    +---------+---------+----------+----------+-------+-------+------------------------------------------------+
    |  Latency (cycles) |  Latency (absolute) |    Interval   |                    Pipeline                    |
    |   min   |   max   |    min   |    max   |  min  |  max  |                      Type                      |
    +---------+---------+----------+----------+-------+-------+------------------------------------------------+
    |    46130|    46130|  0.461 ms|  0.461 ms|  46129|  46129|  loop auto-rewind stp (delay=0 clock cycles(s))|
    +---------+---------+----------+----------+-------+-------+------------------------------------------------+

    + Detail: 
        * Instance: 
        N/A

        * Loop: 
        +----------+---------+---------+----------+-----------+-----------+-------+----------+
        |          |  Latency (cycles) | Iteration|  Initiation Interval  |  Trip |          |
        | Loop Name|   min   |   max   |  Latency |  achieved |   target  | Count | Pipelined|
        +----------+---------+---------+----------+-----------+-----------+-------+----------+
        |- L1_1    |    46128|    46128|         2|          1|          1|  46128|       yes|
        +----------+---------+---------+----------+-----------+-----------+-------+----------+



================================================================
== Utilization Estimates
================================================================
* Summary: 
+-----------------+---------+------+--------+--------+-----+
|       Name      | BRAM_18K|  DSP |   FF   |   LUT  | URAM|
+-----------------+---------+------+--------+--------+-----+
|DSP              |        -|     -|       -|       -|    -|
|Expression       |        -|     -|       0|     150|    -|
|FIFO             |        -|     -|       -|       -|    -|
|Instance         |        -|     -|       -|       -|    -|
|Memory           |        -|     -|       -|       -|    -|
|Multiplexer      |        -|     -|       0|      63|    -|
|Register         |        -|     -|      76|       -|    -|
+-----------------+---------+------+--------+--------+-----+
|Total            |        0|     0|      76|     213|    0|
+-----------------+---------+------+--------+--------+-----+
|Available        |      624|  1728|  460800|  230400|   96|
+-----------------+---------+------+--------+--------+-----+
|Utilization (%)  |        0|     0|      ~0|      ~0|    0|
+-----------------+---------+------+--------+--------+-----+

+ Detail: 
    * Instance: 
    N/A

    * DSP: 
    N/A

    * Memory: 
    N/A

    * FIFO: 
    N/A

    * Expression: 
    +------------------------+----------+----+---+----+------------+------------+
    |      Variable Name     | Operation| DSP| FF| LUT| Bitwidth P0| Bitwidth P1|
    +------------------------+----------+----+---+----+------------+------------+
    |add_ln69_3_fu_2928_p2   |         +|   0|  0|  40|          33|          17|
    |add_ln69_4_fu_2895_p2   |         +|   0|  0|  23|          16|           1|
    |add_ln69_fu_2880_p2     |         +|   0|  0|  23|          16|           1|
    |icmp_ln69_2_fu_2901_p2  |      icmp|   0|  0|  23|          16|           8|
    |icmp_ln69_fu_2874_p2    |      icmp|   0|  0|  23|          16|          16|
    |select_ln69_fu_2907_p3  |    select|   0|  0|  16|           1|           1|
    |ap_enable_pp0           |       xor|   0|  0|   2|           1|           2|
    +------------------------+----------+----+---+----+------------+------------+
    |Total                   |          |   0|  0| 150|          99|          46|
    +------------------------+----------+----+---+----+------------+------------+

    * Multiplexer: 
    +--------------------------------+----+-----------+-----+-----------+
    |              Name              | LUT| Input Size| Bits| Total Bits|
    +--------------------------------+----+-----------+-----+-----------+
    |ap_done_int                     |   9|          2|    1|          2|
    |ap_enable_reg_pp0_iter1         |   9|          2|    1|          2|
    |ap_sig_allocacmp_c_7            |   9|          2|   16|         32|
    |ap_sig_allocacmp_phi_urem_load  |   9|          2|   16|         32|
    |c_fu_666                        |   9|          2|   16|         32|
    |phi_mul_fu_662                  |   9|          2|   33|         66|
    |phi_urem_fu_658                 |   9|          2|   16|         32|
    +--------------------------------+----+-----------+-----+-----------+
    |Total                           |  63|         14|   99|        198|
    +--------------------------------+----+-----------+-----+-----------+

    * Register: 
    +-------------------------+----+----+-----+-----------+
    |           Name          | FF | LUT| Bits| Const Bits|
    +-------------------------+----+----+-----+-----------+
    |ap_CS_fsm                |   1|   0|    1|          0|
    |ap_done_reg              |   1|   0|    1|          0|
    |ap_enable_reg_pp0_iter1  |   1|   0|    1|          0|
    |c_fu_666                 |  16|   0|   16|          0|
    |phi_mul_fu_662           |  33|   0|   33|          0|
    |phi_urem_fu_658          |  16|   0|   16|          0|
    |trunc_ln69_reg_3132      |   8|   0|    8|          0|
    +-------------------------+----+----+-----+-----------+
    |Total                    |  76|   0|   76|          0|
    +-------------------------+----+----+-----+-----------+



================================================================
== Interface
================================================================
* Summary: 
+------------------------------+-----+-----+------------+---------------------+--------------+
|           RTL Ports          | Dir | Bits|  Protocol  |    Source Object    |    C Type    |
+------------------------------+-----+-----+------------+---------------------+--------------+
|ap_clk                        |   in|    1|  ap_ctrl_hs|  conv2_Pipeline_L1_1|  return value|
|ap_rst                        |   in|    1|  ap_ctrl_hs|  conv2_Pipeline_L1_1|  return value|
|ap_start                      |   in|    1|  ap_ctrl_hs|  conv2_Pipeline_L1_1|  return value|
|ap_done                       |  out|    1|  ap_ctrl_hs|  conv2_Pipeline_L1_1|  return value|
|ap_idle                       |  out|    1|  ap_ctrl_hs|  conv2_Pipeline_L1_1|  return value|
|ap_ready                      |  out|    1|  ap_ctrl_hs|  conv2_Pipeline_L1_1|  return value|
|inp_image_local_154_address0  |  out|    9|   ap_memory|  inp_image_local_154|         array|
|inp_image_local_154_ce0       |  out|    1|   ap_memory|  inp_image_local_154|         array|
|inp_image_local_154_we0       |  out|    1|   ap_memory|  inp_image_local_154|         array|
|inp_image_local_154_d0        |  out|   32|   ap_memory|  inp_image_local_154|         array|
|inp_image_local_153_address0  |  out|    9|   ap_memory|  inp_image_local_153|         array|
|inp_image_local_153_ce0       |  out|    1|   ap_memory|  inp_image_local_153|         array|
|inp_image_local_153_we0       |  out|    1|   ap_memory|  inp_image_local_153|         array|
|inp_image_local_153_d0        |  out|   32|   ap_memory|  inp_image_local_153|         array|
|inp_image_local_152_address0  |  out|    9|   ap_memory|  inp_image_local_152|         array|
|inp_image_local_152_ce0       |  out|    1|   ap_memory|  inp_image_local_152|         array|
|inp_image_local_152_we0       |  out|    1|   ap_memory|  inp_image_local_152|         array|
|inp_image_local_152_d0        |  out|   32|   ap_memory|  inp_image_local_152|         array|
|inp_image_local_151_address0  |  out|    9|   ap_memory|  inp_image_local_151|         array|
|inp_image_local_151_ce0       |  out|    1|   ap_memory|  inp_image_local_151|         array|
|inp_image_local_151_we0       |  out|    1|   ap_memory|  inp_image_local_151|         array|
|inp_image_local_151_d0        |  out|   32|   ap_memory|  inp_image_local_151|         array|
|inp_image_local_150_address0  |  out|    9|   ap_memory|  inp_image_local_150|         array|
|inp_image_local_150_ce0       |  out|    1|   ap_memory|  inp_image_local_150|         array|
|inp_image_local_150_we0       |  out|    1|   ap_memory|  inp_image_local_150|         array|
|inp_image_local_150_d0        |  out|   32|   ap_memory|  inp_image_local_150|         array|
|inp_image_local_149_address0  |  out|    9|   ap_memory|  inp_image_local_149|         array|
|inp_image_local_149_ce0       |  out|    1|   ap_memory|  inp_image_local_149|         array|
|inp_image_local_149_we0       |  out|    1|   ap_memory|  inp_image_local_149|         array|
|inp_image_local_149_d0        |  out|   32|   ap_memory|  inp_image_local_149|         array|
|inp_image_local_148_address0  |  out|    9|   ap_memory|  inp_image_local_148|         array|
|inp_image_local_148_ce0       |  out|    1|   ap_memory|  inp_image_local_148|         array|
|inp_image_local_148_we0       |  out|    1|   ap_memory|  inp_image_local_148|         array|
|inp_image_local_148_d0        |  out|   32|   ap_memory|  inp_image_local_148|         array|
|inp_image_local_147_address0  |  out|    9|   ap_memory|  inp_image_local_147|         array|
|inp_image_local_147_ce0       |  out|    1|   ap_memory|  inp_image_local_147|         array|
|inp_image_local_147_we0       |  out|    1|   ap_memory|  inp_image_local_147|         array|
|inp_image_local_147_d0        |  out|   32|   ap_memory|  inp_image_local_147|         array|
|inp_image_local_146_address0  |  out|    9|   ap_memory|  inp_image_local_146|         array|
|inp_image_local_146_ce0       |  out|    1|   ap_memory|  inp_image_local_146|         array|
|inp_image_local_146_we0       |  out|    1|   ap_memory|  inp_image_local_146|         array|
|inp_image_local_146_d0        |  out|   32|   ap_memory|  inp_image_local_146|         array|
|inp_image_local_145_address0  |  out|    9|   ap_memory|  inp_image_local_145|         array|
|inp_image_local_145_ce0       |  out|    1|   ap_memory|  inp_image_local_145|         array|
|inp_image_local_145_we0       |  out|    1|   ap_memory|  inp_image_local_145|         array|
|inp_image_local_145_d0        |  out|   32|   ap_memory|  inp_image_local_145|         array|
|inp_image_local_144_address0  |  out|    9|   ap_memory|  inp_image_local_144|         array|
|inp_image_local_144_ce0       |  out|    1|   ap_memory|  inp_image_local_144|         array|
|inp_image_local_144_we0       |  out|    1|   ap_memory|  inp_image_local_144|         array|
|inp_image_local_144_d0        |  out|   32|   ap_memory|  inp_image_local_144|         array|
|inp_image_local_143_address0  |  out|    9|   ap_memory|  inp_image_local_143|         array|
|inp_image_local_143_ce0       |  out|    1|   ap_memory|  inp_image_local_143|         array|
|inp_image_local_143_we0       |  out|    1|   ap_memory|  inp_image_local_143|         array|
|inp_image_local_143_d0        |  out|   32|   ap_memory|  inp_image_local_143|         array|
|inp_image_local_142_address0  |  out|    9|   ap_memory|  inp_image_local_142|         array|
|inp_image_local_142_ce0       |  out|    1|   ap_memory|  inp_image_local_142|         array|
|inp_image_local_142_we0       |  out|    1|   ap_memory|  inp_image_local_142|         array|
|inp_image_local_142_d0        |  out|   32|   ap_memory|  inp_image_local_142|         array|
|inp_image_local_141_address0  |  out|    9|   ap_memory|  inp_image_local_141|         array|
|inp_image_local_141_ce0       |  out|    1|   ap_memory|  inp_image_local_141|         array|
|inp_image_local_141_we0       |  out|    1|   ap_memory|  inp_image_local_141|         array|
|inp_image_local_141_d0        |  out|   32|   ap_memory|  inp_image_local_141|         array|
|inp_image_local_140_address0  |  out|    9|   ap_memory|  inp_image_local_140|         array|
|inp_image_local_140_ce0       |  out|    1|   ap_memory|  inp_image_local_140|         array|
|inp_image_local_140_we0       |  out|    1|   ap_memory|  inp_image_local_140|         array|
|inp_image_local_140_d0        |  out|   32|   ap_memory|  inp_image_local_140|         array|
|inp_image_local_139_address0  |  out|    9|   ap_memory|  inp_image_local_139|         array|
|inp_image_local_139_ce0       |  out|    1|   ap_memory|  inp_image_local_139|         array|
|inp_image_local_139_we0       |  out|    1|   ap_memory|  inp_image_local_139|         array|
|inp_image_local_139_d0        |  out|   32|   ap_memory|  inp_image_local_139|         array|
|inp_image_local_138_address0  |  out|    9|   ap_memory|  inp_image_local_138|         array|
|inp_image_local_138_ce0       |  out|    1|   ap_memory|  inp_image_local_138|         array|
|inp_image_local_138_we0       |  out|    1|   ap_memory|  inp_image_local_138|         array|
|inp_image_local_138_d0        |  out|   32|   ap_memory|  inp_image_local_138|         array|
|inp_image_local_137_address0  |  out|    9|   ap_memory|  inp_image_local_137|         array|
|inp_image_local_137_ce0       |  out|    1|   ap_memory|  inp_image_local_137|         array|
|inp_image_local_137_we0       |  out|    1|   ap_memory|  inp_image_local_137|         array|
|inp_image_local_137_d0        |  out|   32|   ap_memory|  inp_image_local_137|         array|
|inp_image_local_136_address0  |  out|    9|   ap_memory|  inp_image_local_136|         array|
|inp_image_local_136_ce0       |  out|    1|   ap_memory|  inp_image_local_136|         array|
|inp_image_local_136_we0       |  out|    1|   ap_memory|  inp_image_local_136|         array|
|inp_image_local_136_d0        |  out|   32|   ap_memory|  inp_image_local_136|         array|
|inp_image_local_135_address0  |  out|    9|   ap_memory|  inp_image_local_135|         array|
|inp_image_local_135_ce0       |  out|    1|   ap_memory|  inp_image_local_135|         array|
|inp_image_local_135_we0       |  out|    1|   ap_memory|  inp_image_local_135|         array|
|inp_image_local_135_d0        |  out|   32|   ap_memory|  inp_image_local_135|         array|
|inp_image_local_134_address0  |  out|    9|   ap_memory|  inp_image_local_134|         array|
|inp_image_local_134_ce0       |  out|    1|   ap_memory|  inp_image_local_134|         array|
|inp_image_local_134_we0       |  out|    1|   ap_memory|  inp_image_local_134|         array|
|inp_image_local_134_d0        |  out|   32|   ap_memory|  inp_image_local_134|         array|
|inp_image_local_133_address0  |  out|    9|   ap_memory|  inp_image_local_133|         array|
|inp_image_local_133_ce0       |  out|    1|   ap_memory|  inp_image_local_133|         array|
|inp_image_local_133_we0       |  out|    1|   ap_memory|  inp_image_local_133|         array|
|inp_image_local_133_d0        |  out|   32|   ap_memory|  inp_image_local_133|         array|
|inp_image_local_132_address0  |  out|    9|   ap_memory|  inp_image_local_132|         array|
|inp_image_local_132_ce0       |  out|    1|   ap_memory|  inp_image_local_132|         array|
|inp_image_local_132_we0       |  out|    1|   ap_memory|  inp_image_local_132|         array|
|inp_image_local_132_d0        |  out|   32|   ap_memory|  inp_image_local_132|         array|
|inp_image_local_131_address0  |  out|    9|   ap_memory|  inp_image_local_131|         array|
|inp_image_local_131_ce0       |  out|    1|   ap_memory|  inp_image_local_131|         array|
|inp_image_local_131_we0       |  out|    1|   ap_memory|  inp_image_local_131|         array|
|inp_image_local_131_d0        |  out|   32|   ap_memory|  inp_image_local_131|         array|
|inp_image_local_130_address0  |  out|    9|   ap_memory|  inp_image_local_130|         array|
|inp_image_local_130_ce0       |  out|    1|   ap_memory|  inp_image_local_130|         array|
|inp_image_local_130_we0       |  out|    1|   ap_memory|  inp_image_local_130|         array|
|inp_image_local_130_d0        |  out|   32|   ap_memory|  inp_image_local_130|         array|
|inp_image_local_129_address0  |  out|    9|   ap_memory|  inp_image_local_129|         array|
|inp_image_local_129_ce0       |  out|    1|   ap_memory|  inp_image_local_129|         array|
|inp_image_local_129_we0       |  out|    1|   ap_memory|  inp_image_local_129|         array|
|inp_image_local_129_d0        |  out|   32|   ap_memory|  inp_image_local_129|         array|
|inp_image_local_128_address0  |  out|    9|   ap_memory|  inp_image_local_128|         array|
|inp_image_local_128_ce0       |  out|    1|   ap_memory|  inp_image_local_128|         array|
|inp_image_local_128_we0       |  out|    1|   ap_memory|  inp_image_local_128|         array|
|inp_image_local_128_d0        |  out|   32|   ap_memory|  inp_image_local_128|         array|
|inp_image_local_127_address0  |  out|    9|   ap_memory|  inp_image_local_127|         array|
|inp_image_local_127_ce0       |  out|    1|   ap_memory|  inp_image_local_127|         array|
|inp_image_local_127_we0       |  out|    1|   ap_memory|  inp_image_local_127|         array|
|inp_image_local_127_d0        |  out|   32|   ap_memory|  inp_image_local_127|         array|
|inp_image_local_126_address0  |  out|    9|   ap_memory|  inp_image_local_126|         array|
|inp_image_local_126_ce0       |  out|    1|   ap_memory|  inp_image_local_126|         array|
|inp_image_local_126_we0       |  out|    1|   ap_memory|  inp_image_local_126|         array|
|inp_image_local_126_d0        |  out|   32|   ap_memory|  inp_image_local_126|         array|
|inp_image_local_125_address0  |  out|    9|   ap_memory|  inp_image_local_125|         array|
|inp_image_local_125_ce0       |  out|    1|   ap_memory|  inp_image_local_125|         array|
|inp_image_local_125_we0       |  out|    1|   ap_memory|  inp_image_local_125|         array|
|inp_image_local_125_d0        |  out|   32|   ap_memory|  inp_image_local_125|         array|
|inp_image_local_124_address0  |  out|    9|   ap_memory|  inp_image_local_124|         array|
|inp_image_local_124_ce0       |  out|    1|   ap_memory|  inp_image_local_124|         array|
|inp_image_local_124_we0       |  out|    1|   ap_memory|  inp_image_local_124|         array|
|inp_image_local_124_d0        |  out|   32|   ap_memory|  inp_image_local_124|         array|
|inp_image_local_123_address0  |  out|    9|   ap_memory|  inp_image_local_123|         array|
|inp_image_local_123_ce0       |  out|    1|   ap_memory|  inp_image_local_123|         array|
|inp_image_local_123_we0       |  out|    1|   ap_memory|  inp_image_local_123|         array|
|inp_image_local_123_d0        |  out|   32|   ap_memory|  inp_image_local_123|         array|
|inp_image_local_122_address0  |  out|    9|   ap_memory|  inp_image_local_122|         array|
|inp_image_local_122_ce0       |  out|    1|   ap_memory|  inp_image_local_122|         array|
|inp_image_local_122_we0       |  out|    1|   ap_memory|  inp_image_local_122|         array|
|inp_image_local_122_d0        |  out|   32|   ap_memory|  inp_image_local_122|         array|
|inp_image_local_121_address0  |  out|    9|   ap_memory|  inp_image_local_121|         array|
|inp_image_local_121_ce0       |  out|    1|   ap_memory|  inp_image_local_121|         array|
|inp_image_local_121_we0       |  out|    1|   ap_memory|  inp_image_local_121|         array|
|inp_image_local_121_d0        |  out|   32|   ap_memory|  inp_image_local_121|         array|
|inp_image_local_120_address0  |  out|    9|   ap_memory|  inp_image_local_120|         array|
|inp_image_local_120_ce0       |  out|    1|   ap_memory|  inp_image_local_120|         array|
|inp_image_local_120_we0       |  out|    1|   ap_memory|  inp_image_local_120|         array|
|inp_image_local_120_d0        |  out|   32|   ap_memory|  inp_image_local_120|         array|
|inp_image_local_119_address0  |  out|    9|   ap_memory|  inp_image_local_119|         array|
|inp_image_local_119_ce0       |  out|    1|   ap_memory|  inp_image_local_119|         array|
|inp_image_local_119_we0       |  out|    1|   ap_memory|  inp_image_local_119|         array|
|inp_image_local_119_d0        |  out|   32|   ap_memory|  inp_image_local_119|         array|
|inp_image_local_118_address0  |  out|    9|   ap_memory|  inp_image_local_118|         array|
|inp_image_local_118_ce0       |  out|    1|   ap_memory|  inp_image_local_118|         array|
|inp_image_local_118_we0       |  out|    1|   ap_memory|  inp_image_local_118|         array|
|inp_image_local_118_d0        |  out|   32|   ap_memory|  inp_image_local_118|         array|
|inp_image_local_117_address0  |  out|    9|   ap_memory|  inp_image_local_117|         array|
|inp_image_local_117_ce0       |  out|    1|   ap_memory|  inp_image_local_117|         array|
|inp_image_local_117_we0       |  out|    1|   ap_memory|  inp_image_local_117|         array|
|inp_image_local_117_d0        |  out|   32|   ap_memory|  inp_image_local_117|         array|
|inp_image_local_116_address0  |  out|    9|   ap_memory|  inp_image_local_116|         array|
|inp_image_local_116_ce0       |  out|    1|   ap_memory|  inp_image_local_116|         array|
|inp_image_local_116_we0       |  out|    1|   ap_memory|  inp_image_local_116|         array|
|inp_image_local_116_d0        |  out|   32|   ap_memory|  inp_image_local_116|         array|
|inp_image_local_115_address0  |  out|    9|   ap_memory|  inp_image_local_115|         array|
|inp_image_local_115_ce0       |  out|    1|   ap_memory|  inp_image_local_115|         array|
|inp_image_local_115_we0       |  out|    1|   ap_memory|  inp_image_local_115|         array|
|inp_image_local_115_d0        |  out|   32|   ap_memory|  inp_image_local_115|         array|
|inp_image_local_114_address0  |  out|    9|   ap_memory|  inp_image_local_114|         array|
|inp_image_local_114_ce0       |  out|    1|   ap_memory|  inp_image_local_114|         array|
|inp_image_local_114_we0       |  out|    1|   ap_memory|  inp_image_local_114|         array|
|inp_image_local_114_d0        |  out|   32|   ap_memory|  inp_image_local_114|         array|
|inp_image_local_113_address0  |  out|    9|   ap_memory|  inp_image_local_113|         array|
|inp_image_local_113_ce0       |  out|    1|   ap_memory|  inp_image_local_113|         array|
|inp_image_local_113_we0       |  out|    1|   ap_memory|  inp_image_local_113|         array|
|inp_image_local_113_d0        |  out|   32|   ap_memory|  inp_image_local_113|         array|
|inp_image_local_112_address0  |  out|    9|   ap_memory|  inp_image_local_112|         array|
|inp_image_local_112_ce0       |  out|    1|   ap_memory|  inp_image_local_112|         array|
|inp_image_local_112_we0       |  out|    1|   ap_memory|  inp_image_local_112|         array|
|inp_image_local_112_d0        |  out|   32|   ap_memory|  inp_image_local_112|         array|
|inp_image_local_111_address0  |  out|    9|   ap_memory|  inp_image_local_111|         array|
|inp_image_local_111_ce0       |  out|    1|   ap_memory|  inp_image_local_111|         array|
|inp_image_local_111_we0       |  out|    1|   ap_memory|  inp_image_local_111|         array|
|inp_image_local_111_d0        |  out|   32|   ap_memory|  inp_image_local_111|         array|
|inp_image_local_110_address0  |  out|    9|   ap_memory|  inp_image_local_110|         array|
|inp_image_local_110_ce0       |  out|    1|   ap_memory|  inp_image_local_110|         array|
|inp_image_local_110_we0       |  out|    1|   ap_memory|  inp_image_local_110|         array|
|inp_image_local_110_d0        |  out|   32|   ap_memory|  inp_image_local_110|         array|
|inp_image_local_109_address0  |  out|    9|   ap_memory|  inp_image_local_109|         array|
|inp_image_local_109_ce0       |  out|    1|   ap_memory|  inp_image_local_109|         array|
|inp_image_local_109_we0       |  out|    1|   ap_memory|  inp_image_local_109|         array|
|inp_image_local_109_d0        |  out|   32|   ap_memory|  inp_image_local_109|         array|
|inp_image_local_108_address0  |  out|    9|   ap_memory|  inp_image_local_108|         array|
|inp_image_local_108_ce0       |  out|    1|   ap_memory|  inp_image_local_108|         array|
|inp_image_local_108_we0       |  out|    1|   ap_memory|  inp_image_local_108|         array|
|inp_image_local_108_d0        |  out|   32|   ap_memory|  inp_image_local_108|         array|
|inp_image_local_107_address0  |  out|    9|   ap_memory|  inp_image_local_107|         array|
|inp_image_local_107_ce0       |  out|    1|   ap_memory|  inp_image_local_107|         array|
|inp_image_local_107_we0       |  out|    1|   ap_memory|  inp_image_local_107|         array|
|inp_image_local_107_d0        |  out|   32|   ap_memory|  inp_image_local_107|         array|
|inp_image_local_106_address0  |  out|    9|   ap_memory|  inp_image_local_106|         array|
|inp_image_local_106_ce0       |  out|    1|   ap_memory|  inp_image_local_106|         array|
|inp_image_local_106_we0       |  out|    1|   ap_memory|  inp_image_local_106|         array|
|inp_image_local_106_d0        |  out|   32|   ap_memory|  inp_image_local_106|         array|
|inp_image_local_105_address0  |  out|    9|   ap_memory|  inp_image_local_105|         array|
|inp_image_local_105_ce0       |  out|    1|   ap_memory|  inp_image_local_105|         array|
|inp_image_local_105_we0       |  out|    1|   ap_memory|  inp_image_local_105|         array|
|inp_image_local_105_d0        |  out|   32|   ap_memory|  inp_image_local_105|         array|
|inp_image_local_104_address0  |  out|    9|   ap_memory|  inp_image_local_104|         array|
|inp_image_local_104_ce0       |  out|    1|   ap_memory|  inp_image_local_104|         array|
|inp_image_local_104_we0       |  out|    1|   ap_memory|  inp_image_local_104|         array|
|inp_image_local_104_d0        |  out|   32|   ap_memory|  inp_image_local_104|         array|
|inp_image_local_103_address0  |  out|    9|   ap_memory|  inp_image_local_103|         array|
|inp_image_local_103_ce0       |  out|    1|   ap_memory|  inp_image_local_103|         array|
|inp_image_local_103_we0       |  out|    1|   ap_memory|  inp_image_local_103|         array|
|inp_image_local_103_d0        |  out|   32|   ap_memory|  inp_image_local_103|         array|
|inp_image_local_102_address0  |  out|    9|   ap_memory|  inp_image_local_102|         array|
|inp_image_local_102_ce0       |  out|    1|   ap_memory|  inp_image_local_102|         array|
|inp_image_local_102_we0       |  out|    1|   ap_memory|  inp_image_local_102|         array|
|inp_image_local_102_d0        |  out|   32|   ap_memory|  inp_image_local_102|         array|
|inp_image_local_101_address0  |  out|    9|   ap_memory|  inp_image_local_101|         array|
|inp_image_local_101_ce0       |  out|    1|   ap_memory|  inp_image_local_101|         array|
|inp_image_local_101_we0       |  out|    1|   ap_memory|  inp_image_local_101|         array|
|inp_image_local_101_d0        |  out|   32|   ap_memory|  inp_image_local_101|         array|
|inp_image_local_100_address0  |  out|    9|   ap_memory|  inp_image_local_100|         array|
|inp_image_local_100_ce0       |  out|    1|   ap_memory|  inp_image_local_100|         array|
|inp_image_local_100_we0       |  out|    1|   ap_memory|  inp_image_local_100|         array|
|inp_image_local_100_d0        |  out|   32|   ap_memory|  inp_image_local_100|         array|
|inp_image_local_99_address0   |  out|    9|   ap_memory|   inp_image_local_99|         array|
|inp_image_local_99_ce0        |  out|    1|   ap_memory|   inp_image_local_99|         array|
|inp_image_local_99_we0        |  out|    1|   ap_memory|   inp_image_local_99|         array|
|inp_image_local_99_d0         |  out|   32|   ap_memory|   inp_image_local_99|         array|
|inp_image_local_98_address0   |  out|    9|   ap_memory|   inp_image_local_98|         array|
|inp_image_local_98_ce0        |  out|    1|   ap_memory|   inp_image_local_98|         array|
|inp_image_local_98_we0        |  out|    1|   ap_memory|   inp_image_local_98|         array|
|inp_image_local_98_d0         |  out|   32|   ap_memory|   inp_image_local_98|         array|
|inp_image_local_97_address0   |  out|    9|   ap_memory|   inp_image_local_97|         array|
|inp_image_local_97_ce0        |  out|    1|   ap_memory|   inp_image_local_97|         array|
|inp_image_local_97_we0        |  out|    1|   ap_memory|   inp_image_local_97|         array|
|inp_image_local_97_d0         |  out|   32|   ap_memory|   inp_image_local_97|         array|
|inp_image_local_96_address0   |  out|    9|   ap_memory|   inp_image_local_96|         array|
|inp_image_local_96_ce0        |  out|    1|   ap_memory|   inp_image_local_96|         array|
|inp_image_local_96_we0        |  out|    1|   ap_memory|   inp_image_local_96|         array|
|inp_image_local_96_d0         |  out|   32|   ap_memory|   inp_image_local_96|         array|
|inp_image_local_95_address0   |  out|    9|   ap_memory|   inp_image_local_95|         array|
|inp_image_local_95_ce0        |  out|    1|   ap_memory|   inp_image_local_95|         array|
|inp_image_local_95_we0        |  out|    1|   ap_memory|   inp_image_local_95|         array|
|inp_image_local_95_d0         |  out|   32|   ap_memory|   inp_image_local_95|         array|
|inp_image_local_94_address0   |  out|    9|   ap_memory|   inp_image_local_94|         array|
|inp_image_local_94_ce0        |  out|    1|   ap_memory|   inp_image_local_94|         array|
|inp_image_local_94_we0        |  out|    1|   ap_memory|   inp_image_local_94|         array|
|inp_image_local_94_d0         |  out|   32|   ap_memory|   inp_image_local_94|         array|
|inp_image_local_93_address0   |  out|    9|   ap_memory|   inp_image_local_93|         array|
|inp_image_local_93_ce0        |  out|    1|   ap_memory|   inp_image_local_93|         array|
|inp_image_local_93_we0        |  out|    1|   ap_memory|   inp_image_local_93|         array|
|inp_image_local_93_d0         |  out|   32|   ap_memory|   inp_image_local_93|         array|
|inp_image_local_92_address0   |  out|    9|   ap_memory|   inp_image_local_92|         array|
|inp_image_local_92_ce0        |  out|    1|   ap_memory|   inp_image_local_92|         array|
|inp_image_local_92_we0        |  out|    1|   ap_memory|   inp_image_local_92|         array|
|inp_image_local_92_d0         |  out|   32|   ap_memory|   inp_image_local_92|         array|
|inp_image_local_91_address0   |  out|    9|   ap_memory|   inp_image_local_91|         array|
|inp_image_local_91_ce0        |  out|    1|   ap_memory|   inp_image_local_91|         array|
|inp_image_local_91_we0        |  out|    1|   ap_memory|   inp_image_local_91|         array|
|inp_image_local_91_d0         |  out|   32|   ap_memory|   inp_image_local_91|         array|
|inp_image_local_90_address0   |  out|    9|   ap_memory|   inp_image_local_90|         array|
|inp_image_local_90_ce0        |  out|    1|   ap_memory|   inp_image_local_90|         array|
|inp_image_local_90_we0        |  out|    1|   ap_memory|   inp_image_local_90|         array|
|inp_image_local_90_d0         |  out|   32|   ap_memory|   inp_image_local_90|         array|
|inp_image_local_89_address0   |  out|    9|   ap_memory|   inp_image_local_89|         array|
|inp_image_local_89_ce0        |  out|    1|   ap_memory|   inp_image_local_89|         array|
|inp_image_local_89_we0        |  out|    1|   ap_memory|   inp_image_local_89|         array|
|inp_image_local_89_d0         |  out|   32|   ap_memory|   inp_image_local_89|         array|
|inp_image_local_88_address0   |  out|    9|   ap_memory|   inp_image_local_88|         array|
|inp_image_local_88_ce0        |  out|    1|   ap_memory|   inp_image_local_88|         array|
|inp_image_local_88_we0        |  out|    1|   ap_memory|   inp_image_local_88|         array|
|inp_image_local_88_d0         |  out|   32|   ap_memory|   inp_image_local_88|         array|
|inp_image_local_87_address0   |  out|    9|   ap_memory|   inp_image_local_87|         array|
|inp_image_local_87_ce0        |  out|    1|   ap_memory|   inp_image_local_87|         array|
|inp_image_local_87_we0        |  out|    1|   ap_memory|   inp_image_local_87|         array|
|inp_image_local_87_d0         |  out|   32|   ap_memory|   inp_image_local_87|         array|
|inp_image_local_86_address0   |  out|    9|   ap_memory|   inp_image_local_86|         array|
|inp_image_local_86_ce0        |  out|    1|   ap_memory|   inp_image_local_86|         array|
|inp_image_local_86_we0        |  out|    1|   ap_memory|   inp_image_local_86|         array|
|inp_image_local_86_d0         |  out|   32|   ap_memory|   inp_image_local_86|         array|
|inp_image_local_85_address0   |  out|    9|   ap_memory|   inp_image_local_85|         array|
|inp_image_local_85_ce0        |  out|    1|   ap_memory|   inp_image_local_85|         array|
|inp_image_local_85_we0        |  out|    1|   ap_memory|   inp_image_local_85|         array|
|inp_image_local_85_d0         |  out|   32|   ap_memory|   inp_image_local_85|         array|
|inp_image_local_84_address0   |  out|    9|   ap_memory|   inp_image_local_84|         array|
|inp_image_local_84_ce0        |  out|    1|   ap_memory|   inp_image_local_84|         array|
|inp_image_local_84_we0        |  out|    1|   ap_memory|   inp_image_local_84|         array|
|inp_image_local_84_d0         |  out|   32|   ap_memory|   inp_image_local_84|         array|
|inp_image_local_83_address0   |  out|    9|   ap_memory|   inp_image_local_83|         array|
|inp_image_local_83_ce0        |  out|    1|   ap_memory|   inp_image_local_83|         array|
|inp_image_local_83_we0        |  out|    1|   ap_memory|   inp_image_local_83|         array|
|inp_image_local_83_d0         |  out|   32|   ap_memory|   inp_image_local_83|         array|
|inp_image_local_82_address0   |  out|    9|   ap_memory|   inp_image_local_82|         array|
|inp_image_local_82_ce0        |  out|    1|   ap_memory|   inp_image_local_82|         array|
|inp_image_local_82_we0        |  out|    1|   ap_memory|   inp_image_local_82|         array|
|inp_image_local_82_d0         |  out|   32|   ap_memory|   inp_image_local_82|         array|
|inp_image_local_81_address0   |  out|    9|   ap_memory|   inp_image_local_81|         array|
|inp_image_local_81_ce0        |  out|    1|   ap_memory|   inp_image_local_81|         array|
|inp_image_local_81_we0        |  out|    1|   ap_memory|   inp_image_local_81|         array|
|inp_image_local_81_d0         |  out|   32|   ap_memory|   inp_image_local_81|         array|
|inp_image_local_80_address0   |  out|    9|   ap_memory|   inp_image_local_80|         array|
|inp_image_local_80_ce0        |  out|    1|   ap_memory|   inp_image_local_80|         array|
|inp_image_local_80_we0        |  out|    1|   ap_memory|   inp_image_local_80|         array|
|inp_image_local_80_d0         |  out|   32|   ap_memory|   inp_image_local_80|         array|
|inp_image_local_79_address0   |  out|    9|   ap_memory|   inp_image_local_79|         array|
|inp_image_local_79_ce0        |  out|    1|   ap_memory|   inp_image_local_79|         array|
|inp_image_local_79_we0        |  out|    1|   ap_memory|   inp_image_local_79|         array|
|inp_image_local_79_d0         |  out|   32|   ap_memory|   inp_image_local_79|         array|
|inp_image_local_78_address0   |  out|    9|   ap_memory|   inp_image_local_78|         array|
|inp_image_local_78_ce0        |  out|    1|   ap_memory|   inp_image_local_78|         array|
|inp_image_local_78_we0        |  out|    1|   ap_memory|   inp_image_local_78|         array|
|inp_image_local_78_d0         |  out|   32|   ap_memory|   inp_image_local_78|         array|
|inp_image_local_77_address0   |  out|    9|   ap_memory|   inp_image_local_77|         array|
|inp_image_local_77_ce0        |  out|    1|   ap_memory|   inp_image_local_77|         array|
|inp_image_local_77_we0        |  out|    1|   ap_memory|   inp_image_local_77|         array|
|inp_image_local_77_d0         |  out|   32|   ap_memory|   inp_image_local_77|         array|
|inp_image_local_76_address0   |  out|    9|   ap_memory|   inp_image_local_76|         array|
|inp_image_local_76_ce0        |  out|    1|   ap_memory|   inp_image_local_76|         array|
|inp_image_local_76_we0        |  out|    1|   ap_memory|   inp_image_local_76|         array|
|inp_image_local_76_d0         |  out|   32|   ap_memory|   inp_image_local_76|         array|
|inp_image_local_75_address0   |  out|    9|   ap_memory|   inp_image_local_75|         array|
|inp_image_local_75_ce0        |  out|    1|   ap_memory|   inp_image_local_75|         array|
|inp_image_local_75_we0        |  out|    1|   ap_memory|   inp_image_local_75|         array|
|inp_image_local_75_d0         |  out|   32|   ap_memory|   inp_image_local_75|         array|
|inp_image_local_74_address0   |  out|    9|   ap_memory|   inp_image_local_74|         array|
|inp_image_local_74_ce0        |  out|    1|   ap_memory|   inp_image_local_74|         array|
|inp_image_local_74_we0        |  out|    1|   ap_memory|   inp_image_local_74|         array|
|inp_image_local_74_d0         |  out|   32|   ap_memory|   inp_image_local_74|         array|
|inp_image_local_73_address0   |  out|    9|   ap_memory|   inp_image_local_73|         array|
|inp_image_local_73_ce0        |  out|    1|   ap_memory|   inp_image_local_73|         array|
|inp_image_local_73_we0        |  out|    1|   ap_memory|   inp_image_local_73|         array|
|inp_image_local_73_d0         |  out|   32|   ap_memory|   inp_image_local_73|         array|
|inp_image_local_72_address0   |  out|    9|   ap_memory|   inp_image_local_72|         array|
|inp_image_local_72_ce0        |  out|    1|   ap_memory|   inp_image_local_72|         array|
|inp_image_local_72_we0        |  out|    1|   ap_memory|   inp_image_local_72|         array|
|inp_image_local_72_d0         |  out|   32|   ap_memory|   inp_image_local_72|         array|
|inp_image_local_71_address0   |  out|    9|   ap_memory|   inp_image_local_71|         array|
|inp_image_local_71_ce0        |  out|    1|   ap_memory|   inp_image_local_71|         array|
|inp_image_local_71_we0        |  out|    1|   ap_memory|   inp_image_local_71|         array|
|inp_image_local_71_d0         |  out|   32|   ap_memory|   inp_image_local_71|         array|
|inp_image_local_70_address0   |  out|    9|   ap_memory|   inp_image_local_70|         array|
|inp_image_local_70_ce0        |  out|    1|   ap_memory|   inp_image_local_70|         array|
|inp_image_local_70_we0        |  out|    1|   ap_memory|   inp_image_local_70|         array|
|inp_image_local_70_d0         |  out|   32|   ap_memory|   inp_image_local_70|         array|
|inp_image_local_69_address0   |  out|    9|   ap_memory|   inp_image_local_69|         array|
|inp_image_local_69_ce0        |  out|    1|   ap_memory|   inp_image_local_69|         array|
|inp_image_local_69_we0        |  out|    1|   ap_memory|   inp_image_local_69|         array|
|inp_image_local_69_d0         |  out|   32|   ap_memory|   inp_image_local_69|         array|
|inp_image_local_68_address0   |  out|    9|   ap_memory|   inp_image_local_68|         array|
|inp_image_local_68_ce0        |  out|    1|   ap_memory|   inp_image_local_68|         array|
|inp_image_local_68_we0        |  out|    1|   ap_memory|   inp_image_local_68|         array|
|inp_image_local_68_d0         |  out|   32|   ap_memory|   inp_image_local_68|         array|
|inp_image_local_67_address0   |  out|    9|   ap_memory|   inp_image_local_67|         array|
|inp_image_local_67_ce0        |  out|    1|   ap_memory|   inp_image_local_67|         array|
|inp_image_local_67_we0        |  out|    1|   ap_memory|   inp_image_local_67|         array|
|inp_image_local_67_d0         |  out|   32|   ap_memory|   inp_image_local_67|         array|
|inp_image_local_66_address0   |  out|    9|   ap_memory|   inp_image_local_66|         array|
|inp_image_local_66_ce0        |  out|    1|   ap_memory|   inp_image_local_66|         array|
|inp_image_local_66_we0        |  out|    1|   ap_memory|   inp_image_local_66|         array|
|inp_image_local_66_d0         |  out|   32|   ap_memory|   inp_image_local_66|         array|
|inp_image_local_65_address0   |  out|    9|   ap_memory|   inp_image_local_65|         array|
|inp_image_local_65_ce0        |  out|    1|   ap_memory|   inp_image_local_65|         array|
|inp_image_local_65_we0        |  out|    1|   ap_memory|   inp_image_local_65|         array|
|inp_image_local_65_d0         |  out|   32|   ap_memory|   inp_image_local_65|         array|
|inp_image_local_64_address0   |  out|    9|   ap_memory|   inp_image_local_64|         array|
|inp_image_local_64_ce0        |  out|    1|   ap_memory|   inp_image_local_64|         array|
|inp_image_local_64_we0        |  out|    1|   ap_memory|   inp_image_local_64|         array|
|inp_image_local_64_d0         |  out|   32|   ap_memory|   inp_image_local_64|         array|
|inp_image_local_63_address0   |  out|    9|   ap_memory|   inp_image_local_63|         array|
|inp_image_local_63_ce0        |  out|    1|   ap_memory|   inp_image_local_63|         array|
|inp_image_local_63_we0        |  out|    1|   ap_memory|   inp_image_local_63|         array|
|inp_image_local_63_d0         |  out|   32|   ap_memory|   inp_image_local_63|         array|
|inp_image_local_62_address0   |  out|    9|   ap_memory|   inp_image_local_62|         array|
|inp_image_local_62_ce0        |  out|    1|   ap_memory|   inp_image_local_62|         array|
|inp_image_local_62_we0        |  out|    1|   ap_memory|   inp_image_local_62|         array|
|inp_image_local_62_d0         |  out|   32|   ap_memory|   inp_image_local_62|         array|
|inp_image_local_61_address0   |  out|    9|   ap_memory|   inp_image_local_61|         array|
|inp_image_local_61_ce0        |  out|    1|   ap_memory|   inp_image_local_61|         array|
|inp_image_local_61_we0        |  out|    1|   ap_memory|   inp_image_local_61|         array|
|inp_image_local_61_d0         |  out|   32|   ap_memory|   inp_image_local_61|         array|
|inp_image_local_60_address0   |  out|    9|   ap_memory|   inp_image_local_60|         array|
|inp_image_local_60_ce0        |  out|    1|   ap_memory|   inp_image_local_60|         array|
|inp_image_local_60_we0        |  out|    1|   ap_memory|   inp_image_local_60|         array|
|inp_image_local_60_d0         |  out|   32|   ap_memory|   inp_image_local_60|         array|
|inp_image_local_59_address0   |  out|    9|   ap_memory|   inp_image_local_59|         array|
|inp_image_local_59_ce0        |  out|    1|   ap_memory|   inp_image_local_59|         array|
|inp_image_local_59_we0        |  out|    1|   ap_memory|   inp_image_local_59|         array|
|inp_image_local_59_d0         |  out|   32|   ap_memory|   inp_image_local_59|         array|
|inp_image_local_58_address0   |  out|    9|   ap_memory|   inp_image_local_58|         array|
|inp_image_local_58_ce0        |  out|    1|   ap_memory|   inp_image_local_58|         array|
|inp_image_local_58_we0        |  out|    1|   ap_memory|   inp_image_local_58|         array|
|inp_image_local_58_d0         |  out|   32|   ap_memory|   inp_image_local_58|         array|
|inp_image_local_57_address0   |  out|    9|   ap_memory|   inp_image_local_57|         array|
|inp_image_local_57_ce0        |  out|    1|   ap_memory|   inp_image_local_57|         array|
|inp_image_local_57_we0        |  out|    1|   ap_memory|   inp_image_local_57|         array|
|inp_image_local_57_d0         |  out|   32|   ap_memory|   inp_image_local_57|         array|
|inp_image_local_56_address0   |  out|    9|   ap_memory|   inp_image_local_56|         array|
|inp_image_local_56_ce0        |  out|    1|   ap_memory|   inp_image_local_56|         array|
|inp_image_local_56_we0        |  out|    1|   ap_memory|   inp_image_local_56|         array|
|inp_image_local_56_d0         |  out|   32|   ap_memory|   inp_image_local_56|         array|
|inp_image_local_55_address0   |  out|    9|   ap_memory|   inp_image_local_55|         array|
|inp_image_local_55_ce0        |  out|    1|   ap_memory|   inp_image_local_55|         array|
|inp_image_local_55_we0        |  out|    1|   ap_memory|   inp_image_local_55|         array|
|inp_image_local_55_d0         |  out|   32|   ap_memory|   inp_image_local_55|         array|
|inp_image_local_54_address0   |  out|    9|   ap_memory|   inp_image_local_54|         array|
|inp_image_local_54_ce0        |  out|    1|   ap_memory|   inp_image_local_54|         array|
|inp_image_local_54_we0        |  out|    1|   ap_memory|   inp_image_local_54|         array|
|inp_image_local_54_d0         |  out|   32|   ap_memory|   inp_image_local_54|         array|
|inp_image_local_53_address0   |  out|    9|   ap_memory|   inp_image_local_53|         array|
|inp_image_local_53_ce0        |  out|    1|   ap_memory|   inp_image_local_53|         array|
|inp_image_local_53_we0        |  out|    1|   ap_memory|   inp_image_local_53|         array|
|inp_image_local_53_d0         |  out|   32|   ap_memory|   inp_image_local_53|         array|
|inp_image_local_52_address0   |  out|    9|   ap_memory|   inp_image_local_52|         array|
|inp_image_local_52_ce0        |  out|    1|   ap_memory|   inp_image_local_52|         array|
|inp_image_local_52_we0        |  out|    1|   ap_memory|   inp_image_local_52|         array|
|inp_image_local_52_d0         |  out|   32|   ap_memory|   inp_image_local_52|         array|
|inp_image_local_51_address0   |  out|    9|   ap_memory|   inp_image_local_51|         array|
|inp_image_local_51_ce0        |  out|    1|   ap_memory|   inp_image_local_51|         array|
|inp_image_local_51_we0        |  out|    1|   ap_memory|   inp_image_local_51|         array|
|inp_image_local_51_d0         |  out|   32|   ap_memory|   inp_image_local_51|         array|
|inp_image_local_50_address0   |  out|    9|   ap_memory|   inp_image_local_50|         array|
|inp_image_local_50_ce0        |  out|    1|   ap_memory|   inp_image_local_50|         array|
|inp_image_local_50_we0        |  out|    1|   ap_memory|   inp_image_local_50|         array|
|inp_image_local_50_d0         |  out|   32|   ap_memory|   inp_image_local_50|         array|
|inp_image_local_49_address0   |  out|    9|   ap_memory|   inp_image_local_49|         array|
|inp_image_local_49_ce0        |  out|    1|   ap_memory|   inp_image_local_49|         array|
|inp_image_local_49_we0        |  out|    1|   ap_memory|   inp_image_local_49|         array|
|inp_image_local_49_d0         |  out|   32|   ap_memory|   inp_image_local_49|         array|
|inp_image_local_48_address0   |  out|    9|   ap_memory|   inp_image_local_48|         array|
|inp_image_local_48_ce0        |  out|    1|   ap_memory|   inp_image_local_48|         array|
|inp_image_local_48_we0        |  out|    1|   ap_memory|   inp_image_local_48|         array|
|inp_image_local_48_d0         |  out|   32|   ap_memory|   inp_image_local_48|         array|
|inp_image_local_47_address0   |  out|    9|   ap_memory|   inp_image_local_47|         array|
|inp_image_local_47_ce0        |  out|    1|   ap_memory|   inp_image_local_47|         array|
|inp_image_local_47_we0        |  out|    1|   ap_memory|   inp_image_local_47|         array|
|inp_image_local_47_d0         |  out|   32|   ap_memory|   inp_image_local_47|         array|
|inp_image_local_46_address0   |  out|    9|   ap_memory|   inp_image_local_46|         array|
|inp_image_local_46_ce0        |  out|    1|   ap_memory|   inp_image_local_46|         array|
|inp_image_local_46_we0        |  out|    1|   ap_memory|   inp_image_local_46|         array|
|inp_image_local_46_d0         |  out|   32|   ap_memory|   inp_image_local_46|         array|
|inp_image_local_45_address0   |  out|    9|   ap_memory|   inp_image_local_45|         array|
|inp_image_local_45_ce0        |  out|    1|   ap_memory|   inp_image_local_45|         array|
|inp_image_local_45_we0        |  out|    1|   ap_memory|   inp_image_local_45|         array|
|inp_image_local_45_d0         |  out|   32|   ap_memory|   inp_image_local_45|         array|
|inp_image_local_44_address0   |  out|    9|   ap_memory|   inp_image_local_44|         array|
|inp_image_local_44_ce0        |  out|    1|   ap_memory|   inp_image_local_44|         array|
|inp_image_local_44_we0        |  out|    1|   ap_memory|   inp_image_local_44|         array|
|inp_image_local_44_d0         |  out|   32|   ap_memory|   inp_image_local_44|         array|
|inp_image_local_43_address0   |  out|    9|   ap_memory|   inp_image_local_43|         array|
|inp_image_local_43_ce0        |  out|    1|   ap_memory|   inp_image_local_43|         array|
|inp_image_local_43_we0        |  out|    1|   ap_memory|   inp_image_local_43|         array|
|inp_image_local_43_d0         |  out|   32|   ap_memory|   inp_image_local_43|         array|
|inp_image_local_42_address0   |  out|    9|   ap_memory|   inp_image_local_42|         array|
|inp_image_local_42_ce0        |  out|    1|   ap_memory|   inp_image_local_42|         array|
|inp_image_local_42_we0        |  out|    1|   ap_memory|   inp_image_local_42|         array|
|inp_image_local_42_d0         |  out|   32|   ap_memory|   inp_image_local_42|         array|
|inp_image_local_41_address0   |  out|    9|   ap_memory|   inp_image_local_41|         array|
|inp_image_local_41_ce0        |  out|    1|   ap_memory|   inp_image_local_41|         array|
|inp_image_local_41_we0        |  out|    1|   ap_memory|   inp_image_local_41|         array|
|inp_image_local_41_d0         |  out|   32|   ap_memory|   inp_image_local_41|         array|
|inp_image_local_40_address0   |  out|    9|   ap_memory|   inp_image_local_40|         array|
|inp_image_local_40_ce0        |  out|    1|   ap_memory|   inp_image_local_40|         array|
|inp_image_local_40_we0        |  out|    1|   ap_memory|   inp_image_local_40|         array|
|inp_image_local_40_d0         |  out|   32|   ap_memory|   inp_image_local_40|         array|
|inp_image_local_39_address0   |  out|    9|   ap_memory|   inp_image_local_39|         array|
|inp_image_local_39_ce0        |  out|    1|   ap_memory|   inp_image_local_39|         array|
|inp_image_local_39_we0        |  out|    1|   ap_memory|   inp_image_local_39|         array|
|inp_image_local_39_d0         |  out|   32|   ap_memory|   inp_image_local_39|         array|
|inp_image_local_38_address0   |  out|    9|   ap_memory|   inp_image_local_38|         array|
|inp_image_local_38_ce0        |  out|    1|   ap_memory|   inp_image_local_38|         array|
|inp_image_local_38_we0        |  out|    1|   ap_memory|   inp_image_local_38|         array|
|inp_image_local_38_d0         |  out|   32|   ap_memory|   inp_image_local_38|         array|
|inp_image_local_37_address0   |  out|    9|   ap_memory|   inp_image_local_37|         array|
|inp_image_local_37_ce0        |  out|    1|   ap_memory|   inp_image_local_37|         array|
|inp_image_local_37_we0        |  out|    1|   ap_memory|   inp_image_local_37|         array|
|inp_image_local_37_d0         |  out|   32|   ap_memory|   inp_image_local_37|         array|
|inp_image_local_36_address0   |  out|    9|   ap_memory|   inp_image_local_36|         array|
|inp_image_local_36_ce0        |  out|    1|   ap_memory|   inp_image_local_36|         array|
|inp_image_local_36_we0        |  out|    1|   ap_memory|   inp_image_local_36|         array|
|inp_image_local_36_d0         |  out|   32|   ap_memory|   inp_image_local_36|         array|
|inp_image_local_35_address0   |  out|    9|   ap_memory|   inp_image_local_35|         array|
|inp_image_local_35_ce0        |  out|    1|   ap_memory|   inp_image_local_35|         array|
|inp_image_local_35_we0        |  out|    1|   ap_memory|   inp_image_local_35|         array|
|inp_image_local_35_d0         |  out|   32|   ap_memory|   inp_image_local_35|         array|
|inp_image_local_34_address0   |  out|    9|   ap_memory|   inp_image_local_34|         array|
|inp_image_local_34_ce0        |  out|    1|   ap_memory|   inp_image_local_34|         array|
|inp_image_local_34_we0        |  out|    1|   ap_memory|   inp_image_local_34|         array|
|inp_image_local_34_d0         |  out|   32|   ap_memory|   inp_image_local_34|         array|
|inp_image_local_33_address0   |  out|    9|   ap_memory|   inp_image_local_33|         array|
|inp_image_local_33_ce0        |  out|    1|   ap_memory|   inp_image_local_33|         array|
|inp_image_local_33_we0        |  out|    1|   ap_memory|   inp_image_local_33|         array|
|inp_image_local_33_d0         |  out|   32|   ap_memory|   inp_image_local_33|         array|
|inp_image_local_32_address0   |  out|    9|   ap_memory|   inp_image_local_32|         array|
|inp_image_local_32_ce0        |  out|    1|   ap_memory|   inp_image_local_32|         array|
|inp_image_local_32_we0        |  out|    1|   ap_memory|   inp_image_local_32|         array|
|inp_image_local_32_d0         |  out|   32|   ap_memory|   inp_image_local_32|         array|
|inp_image_local_31_address0   |  out|    9|   ap_memory|   inp_image_local_31|         array|
|inp_image_local_31_ce0        |  out|    1|   ap_memory|   inp_image_local_31|         array|
|inp_image_local_31_we0        |  out|    1|   ap_memory|   inp_image_local_31|         array|
|inp_image_local_31_d0         |  out|   32|   ap_memory|   inp_image_local_31|         array|
|inp_image_local_30_address0   |  out|    9|   ap_memory|   inp_image_local_30|         array|
|inp_image_local_30_ce0        |  out|    1|   ap_memory|   inp_image_local_30|         array|
|inp_image_local_30_we0        |  out|    1|   ap_memory|   inp_image_local_30|         array|
|inp_image_local_30_d0         |  out|   32|   ap_memory|   inp_image_local_30|         array|
|inp_image_local_29_address0   |  out|    9|   ap_memory|   inp_image_local_29|         array|
|inp_image_local_29_ce0        |  out|    1|   ap_memory|   inp_image_local_29|         array|
|inp_image_local_29_we0        |  out|    1|   ap_memory|   inp_image_local_29|         array|
|inp_image_local_29_d0         |  out|   32|   ap_memory|   inp_image_local_29|         array|
|inp_image_local_28_address0   |  out|    9|   ap_memory|   inp_image_local_28|         array|
|inp_image_local_28_ce0        |  out|    1|   ap_memory|   inp_image_local_28|         array|
|inp_image_local_28_we0        |  out|    1|   ap_memory|   inp_image_local_28|         array|
|inp_image_local_28_d0         |  out|   32|   ap_memory|   inp_image_local_28|         array|
|inp_image_local_27_address0   |  out|    9|   ap_memory|   inp_image_local_27|         array|
|inp_image_local_27_ce0        |  out|    1|   ap_memory|   inp_image_local_27|         array|
|inp_image_local_27_we0        |  out|    1|   ap_memory|   inp_image_local_27|         array|
|inp_image_local_27_d0         |  out|   32|   ap_memory|   inp_image_local_27|         array|
|inp_image_local_26_address0   |  out|    9|   ap_memory|   inp_image_local_26|         array|
|inp_image_local_26_ce0        |  out|    1|   ap_memory|   inp_image_local_26|         array|
|inp_image_local_26_we0        |  out|    1|   ap_memory|   inp_image_local_26|         array|
|inp_image_local_26_d0         |  out|   32|   ap_memory|   inp_image_local_26|         array|
|inp_image_local_25_address0   |  out|    9|   ap_memory|   inp_image_local_25|         array|
|inp_image_local_25_ce0        |  out|    1|   ap_memory|   inp_image_local_25|         array|
|inp_image_local_25_we0        |  out|    1|   ap_memory|   inp_image_local_25|         array|
|inp_image_local_25_d0         |  out|   32|   ap_memory|   inp_image_local_25|         array|
|inp_image_local_24_address0   |  out|    9|   ap_memory|   inp_image_local_24|         array|
|inp_image_local_24_ce0        |  out|    1|   ap_memory|   inp_image_local_24|         array|
|inp_image_local_24_we0        |  out|    1|   ap_memory|   inp_image_local_24|         array|
|inp_image_local_24_d0         |  out|   32|   ap_memory|   inp_image_local_24|         array|
|inp_image_local_23_address0   |  out|    9|   ap_memory|   inp_image_local_23|         array|
|inp_image_local_23_ce0        |  out|    1|   ap_memory|   inp_image_local_23|         array|
|inp_image_local_23_we0        |  out|    1|   ap_memory|   inp_image_local_23|         array|
|inp_image_local_23_d0         |  out|   32|   ap_memory|   inp_image_local_23|         array|
|inp_image_local_22_address0   |  out|    9|   ap_memory|   inp_image_local_22|         array|
|inp_image_local_22_ce0        |  out|    1|   ap_memory|   inp_image_local_22|         array|
|inp_image_local_22_we0        |  out|    1|   ap_memory|   inp_image_local_22|         array|
|inp_image_local_22_d0         |  out|   32|   ap_memory|   inp_image_local_22|         array|
|inp_image_local_21_address0   |  out|    9|   ap_memory|   inp_image_local_21|         array|
|inp_image_local_21_ce0        |  out|    1|   ap_memory|   inp_image_local_21|         array|
|inp_image_local_21_we0        |  out|    1|   ap_memory|   inp_image_local_21|         array|
|inp_image_local_21_d0         |  out|   32|   ap_memory|   inp_image_local_21|         array|
|inp_image_local_20_address0   |  out|    9|   ap_memory|   inp_image_local_20|         array|
|inp_image_local_20_ce0        |  out|    1|   ap_memory|   inp_image_local_20|         array|
|inp_image_local_20_we0        |  out|    1|   ap_memory|   inp_image_local_20|         array|
|inp_image_local_20_d0         |  out|   32|   ap_memory|   inp_image_local_20|         array|
|inp_image_local_19_address0   |  out|    9|   ap_memory|   inp_image_local_19|         array|
|inp_image_local_19_ce0        |  out|    1|   ap_memory|   inp_image_local_19|         array|
|inp_image_local_19_we0        |  out|    1|   ap_memory|   inp_image_local_19|         array|
|inp_image_local_19_d0         |  out|   32|   ap_memory|   inp_image_local_19|         array|
|inp_image_local_18_address0   |  out|    9|   ap_memory|   inp_image_local_18|         array|
|inp_image_local_18_ce0        |  out|    1|   ap_memory|   inp_image_local_18|         array|
|inp_image_local_18_we0        |  out|    1|   ap_memory|   inp_image_local_18|         array|
|inp_image_local_18_d0         |  out|   32|   ap_memory|   inp_image_local_18|         array|
|inp_image_local_17_address0   |  out|    9|   ap_memory|   inp_image_local_17|         array|
|inp_image_local_17_ce0        |  out|    1|   ap_memory|   inp_image_local_17|         array|
|inp_image_local_17_we0        |  out|    1|   ap_memory|   inp_image_local_17|         array|
|inp_image_local_17_d0         |  out|   32|   ap_memory|   inp_image_local_17|         array|
|inp_image_local_16_address0   |  out|    9|   ap_memory|   inp_image_local_16|         array|
|inp_image_local_16_ce0        |  out|    1|   ap_memory|   inp_image_local_16|         array|
|inp_image_local_16_we0        |  out|    1|   ap_memory|   inp_image_local_16|         array|
|inp_image_local_16_d0         |  out|   32|   ap_memory|   inp_image_local_16|         array|
|inp_image_local_15_address0   |  out|    9|   ap_memory|   inp_image_local_15|         array|
|inp_image_local_15_ce0        |  out|    1|   ap_memory|   inp_image_local_15|         array|
|inp_image_local_15_we0        |  out|    1|   ap_memory|   inp_image_local_15|         array|
|inp_image_local_15_d0         |  out|   32|   ap_memory|   inp_image_local_15|         array|
|inp_image_local_14_address0   |  out|    9|   ap_memory|   inp_image_local_14|         array|
|inp_image_local_14_ce0        |  out|    1|   ap_memory|   inp_image_local_14|         array|
|inp_image_local_14_we0        |  out|    1|   ap_memory|   inp_image_local_14|         array|
|inp_image_local_14_d0         |  out|   32|   ap_memory|   inp_image_local_14|         array|
|inp_image_local_13_address0   |  out|    9|   ap_memory|   inp_image_local_13|         array|
|inp_image_local_13_ce0        |  out|    1|   ap_memory|   inp_image_local_13|         array|
|inp_image_local_13_we0        |  out|    1|   ap_memory|   inp_image_local_13|         array|
|inp_image_local_13_d0         |  out|   32|   ap_memory|   inp_image_local_13|         array|
|inp_image_local_12_address0   |  out|    9|   ap_memory|   inp_image_local_12|         array|
|inp_image_local_12_ce0        |  out|    1|   ap_memory|   inp_image_local_12|         array|
|inp_image_local_12_we0        |  out|    1|   ap_memory|   inp_image_local_12|         array|
|inp_image_local_12_d0         |  out|   32|   ap_memory|   inp_image_local_12|         array|
|inp_image_local_11_address0   |  out|    9|   ap_memory|   inp_image_local_11|         array|
|inp_image_local_11_ce0        |  out|    1|   ap_memory|   inp_image_local_11|         array|
|inp_image_local_11_we0        |  out|    1|   ap_memory|   inp_image_local_11|         array|
|inp_image_local_11_d0         |  out|   32|   ap_memory|   inp_image_local_11|         array|
|inp_image_local_10_address0   |  out|    9|   ap_memory|   inp_image_local_10|         array|
|inp_image_local_10_ce0        |  out|    1|   ap_memory|   inp_image_local_10|         array|
|inp_image_local_10_we0        |  out|    1|   ap_memory|   inp_image_local_10|         array|
|inp_image_local_10_d0         |  out|   32|   ap_memory|   inp_image_local_10|         array|
|inp_image_local_9_address0    |  out|    9|   ap_memory|    inp_image_local_9|         array|
|inp_image_local_9_ce0         |  out|    1|   ap_memory|    inp_image_local_9|         array|
|inp_image_local_9_we0         |  out|    1|   ap_memory|    inp_image_local_9|         array|
|inp_image_local_9_d0          |  out|   32|   ap_memory|    inp_image_local_9|         array|
|inp_image_local_8_address0    |  out|    9|   ap_memory|    inp_image_local_8|         array|
|inp_image_local_8_ce0         |  out|    1|   ap_memory|    inp_image_local_8|         array|
|inp_image_local_8_we0         |  out|    1|   ap_memory|    inp_image_local_8|         array|
|inp_image_local_8_d0          |  out|   32|   ap_memory|    inp_image_local_8|         array|
|inp_image_local_7_address0    |  out|    9|   ap_memory|    inp_image_local_7|         array|
|inp_image_local_7_ce0         |  out|    1|   ap_memory|    inp_image_local_7|         array|
|inp_image_local_7_we0         |  out|    1|   ap_memory|    inp_image_local_7|         array|
|inp_image_local_7_d0          |  out|   32|   ap_memory|    inp_image_local_7|         array|
|inp_image_local_6_address0    |  out|    9|   ap_memory|    inp_image_local_6|         array|
|inp_image_local_6_ce0         |  out|    1|   ap_memory|    inp_image_local_6|         array|
|inp_image_local_6_we0         |  out|    1|   ap_memory|    inp_image_local_6|         array|
|inp_image_local_6_d0          |  out|   32|   ap_memory|    inp_image_local_6|         array|
|inp_image_local_5_address0    |  out|    9|   ap_memory|    inp_image_local_5|         array|
|inp_image_local_5_ce0         |  out|    1|   ap_memory|    inp_image_local_5|         array|
|inp_image_local_5_we0         |  out|    1|   ap_memory|    inp_image_local_5|         array|
|inp_image_local_5_d0          |  out|   32|   ap_memory|    inp_image_local_5|         array|
|inp_image_local_4_address0    |  out|    9|   ap_memory|    inp_image_local_4|         array|
|inp_image_local_4_ce0         |  out|    1|   ap_memory|    inp_image_local_4|         array|
|inp_image_local_4_we0         |  out|    1|   ap_memory|    inp_image_local_4|         array|
|inp_image_local_4_d0          |  out|   32|   ap_memory|    inp_image_local_4|         array|
|inp_image_local_3_address0    |  out|    9|   ap_memory|    inp_image_local_3|         array|
|inp_image_local_3_ce0         |  out|    1|   ap_memory|    inp_image_local_3|         array|
|inp_image_local_3_we0         |  out|    1|   ap_memory|    inp_image_local_3|         array|
|inp_image_local_3_d0          |  out|   32|   ap_memory|    inp_image_local_3|         array|
|inp_image_local_2_address0    |  out|    9|   ap_memory|    inp_image_local_2|         array|
|inp_image_local_2_ce0         |  out|    1|   ap_memory|    inp_image_local_2|         array|
|inp_image_local_2_we0         |  out|    1|   ap_memory|    inp_image_local_2|         array|
|inp_image_local_2_d0          |  out|   32|   ap_memory|    inp_image_local_2|         array|
|inp_image_local_1_address0    |  out|    9|   ap_memory|    inp_image_local_1|         array|
|inp_image_local_1_ce0         |  out|    1|   ap_memory|    inp_image_local_1|         array|
|inp_image_local_1_we0         |  out|    1|   ap_memory|    inp_image_local_1|         array|
|inp_image_local_1_d0          |  out|   32|   ap_memory|    inp_image_local_1|         array|
|inp_image_local_address0      |  out|    9|   ap_memory|      inp_image_local|         array|
|inp_image_local_ce0           |  out|    1|   ap_memory|      inp_image_local|         array|
|inp_image_local_we0           |  out|    1|   ap_memory|      inp_image_local|         array|
|inp_image_local_d0            |  out|   32|   ap_memory|      inp_image_local|         array|
|inp_img_address0              |  out|   17|   ap_memory|              inp_img|         array|
|inp_img_ce0                   |  out|    1|   ap_memory|              inp_img|         array|
|inp_img_q0                    |   in|   32|   ap_memory|              inp_img|         array|
+------------------------------+-----+-----+------------+---------------------+--------------+

