

================================================================
== Vitis HLS Report for 'conv3_Pipeline_M1'
================================================================
* Date:           Sun Jan 26 21:45:05 2025

* Version:        2024.2 (Build 5238294 on Nov  8 2024)
* Project:        Alex_Net
* Solution:       NN (Vivado IP Flow Target)
* Product family: zynquplus
* Target device:  xczu7ev-ffvc1156-2-i


================================================================
== Performance Estimates
================================================================
+ Timing: 
    * Summary: 
    +--------+----------+----------+------------+
    |  Clock |  Target  | Estimated| Uncertainty|
    +--------+----------+----------+------------+
    |ap_clk  |  10.00 ns|  6.437 ns|     2.70 ns|
    +--------+----------+----------+------------+

+ Latency: 
    * Summary: 
    +---------+---------+----------+----------+-----+-----+------------------------------------------------+
    |  Latency (cycles) |  Latency (absolute) |  Interval |                    Pipeline                    |
    |   min   |   max   |    min   |    max   | min | max |                      Type                      |
    +---------+---------+----------+----------+-----+-----+------------------------------------------------+
    |       20|       20|  0.200 us|  0.200 us|   14|   14|  loop auto-rewind stp (delay=0 clock cycles(s))|
    +---------+---------+----------+----------+-----+-----+------------------------------------------------+

    + Detail: 
        * Instance: 
        N/A

        * Loop: 
        +----------+---------+---------+----------+-----------+-----------+------+----------+
        |          |  Latency (cycles) | Iteration|  Initiation Interval  | Trip |          |
        | Loop Name|   min   |   max   |  Latency |  achieved |   target  | Count| Pipelined|
        +----------+---------+---------+----------+-----------+-----------+------+----------+
        |- M1      |       18|       18|         7|          1|          1|    13|       yes|
        +----------+---------+---------+----------+-----------+-----------+------+----------+



================================================================
== Utilization Estimates
================================================================
* Summary: 
+-----------------+---------+------+--------+--------+-----+
|       Name      | BRAM_18K|  DSP |   FF   |   LUT  | URAM|
+-----------------+---------+------+--------+--------+-----+
|DSP              |        -|     -|       -|       -|    -|
|Expression       |        -|     -|       0|    1099|    -|
|FIFO             |        -|     -|       -|       -|    -|
|Instance         |        -|     -|       0|     845|    -|
|Memory           |        -|     -|       -|       -|    -|
|Multiplexer      |        -|     -|       0|      36|    -|
|Register         |        -|     -|    1333|      32|    -|
+-----------------+---------+------+--------+--------+-----+
|Total            |        0|     0|    1333|    2012|    0|
+-----------------+---------+------+--------+--------+-----+
|Available        |      624|  1728|  460800|  230400|   96|
+-----------------+---------+------+--------+--------+-----+
|Utilization (%)  |        0|     0|      ~0|      ~0|    0|
+-----------------+---------+------+--------+--------+-----+

+ Detail: 
    * Instance: 
    +------------------------------+-----------------------+---------+----+---+----+-----+
    |           Instance           |         Module        | BRAM_18K| DSP| FF| LUT| URAM|
    +------------------------------+-----------------------+---------+----+---+----+-----+
    |sparsemux_27_4_32_1_1_U13634  |sparsemux_27_4_32_1_1  |        0|   0|  0|  65|    0|
    |sparsemux_27_4_32_1_1_U13635  |sparsemux_27_4_32_1_1  |        0|   0|  0|  65|    0|
    |sparsemux_27_4_32_1_1_U13636  |sparsemux_27_4_32_1_1  |        0|   0|  0|  65|    0|
    |sparsemux_27_4_32_1_1_U13637  |sparsemux_27_4_32_1_1  |        0|   0|  0|  65|    0|
    |sparsemux_27_4_32_1_1_U13638  |sparsemux_27_4_32_1_1  |        0|   0|  0|  65|    0|
    |sparsemux_27_4_32_1_1_U13639  |sparsemux_27_4_32_1_1  |        0|   0|  0|  65|    0|
    |sparsemux_27_4_32_1_1_U13640  |sparsemux_27_4_32_1_1  |        0|   0|  0|  65|    0|
    |sparsemux_27_4_32_1_1_U13641  |sparsemux_27_4_32_1_1  |        0|   0|  0|  65|    0|
    |sparsemux_27_4_32_1_1_U13642  |sparsemux_27_4_32_1_1  |        0|   0|  0|  65|    0|
    |sparsemux_27_4_32_1_1_U13643  |sparsemux_27_4_32_1_1  |        0|   0|  0|  65|    0|
    |sparsemux_27_4_32_1_1_U13644  |sparsemux_27_4_32_1_1  |        0|   0|  0|  65|    0|
    |sparsemux_27_4_32_1_1_U13645  |sparsemux_27_4_32_1_1  |        0|   0|  0|  65|    0|
    |sparsemux_27_4_32_1_1_U13646  |sparsemux_27_4_32_1_1  |        0|   0|  0|  65|    0|
    +------------------------------+-----------------------+---------+----+---+----+-----+
    |Total                         |                       |        0|   0|  0| 845|    0|
    +------------------------------+-----------------------+---------+----+---+----+-----+

    * DSP: 
    N/A

    * Memory: 
    N/A

    * FIFO: 
    N/A

    * Expression: 
    +----------------------------+----------+----+---+----+------------+------------+
    |        Variable Name       | Operation| DSP| FF| LUT| Bitwidth P0| Bitwidth P1|
    +----------------------------+----------+----+---+----+------------+------------+
    |add_ln144_fu_1766_p2        |         +|   0|  0|  12|           4|           1|
    |add_ln148_fu_2560_p2        |         +|   0|  0|  20|          13|          13|
    |and_ln151_10_fu_3107_p2     |       and|   0|  0|   2|           1|           1|
    |and_ln151_11_fu_3156_p2     |       and|   0|  0|   2|           1|           1|
    |and_ln151_12_fu_3205_p2     |       and|   0|  0|   2|           1|           1|
    |and_ln151_1_fu_2666_p2      |       and|   0|  0|   2|           1|           1|
    |and_ln151_2_fu_2715_p2      |       and|   0|  0|   2|           1|           1|
    |and_ln151_3_fu_2764_p2      |       and|   0|  0|   2|           1|           1|
    |and_ln151_4_fu_2813_p2      |       and|   0|  0|   2|           1|           1|
    |and_ln151_5_fu_2862_p2      |       and|   0|  0|   2|           1|           1|
    |and_ln151_6_fu_2911_p2      |       and|   0|  0|   2|           1|           1|
    |and_ln151_7_fu_2960_p2      |       and|   0|  0|   2|           1|           1|
    |and_ln151_8_fu_3009_p2      |       and|   0|  0|   2|           1|           1|
    |and_ln151_9_fu_3058_p2      |       and|   0|  0|   2|           1|           1|
    |and_ln151_fu_2617_p2        |       and|   0|  0|   2|           1|           1|
    |icmp_ln144_fu_1760_p2       |      icmp|   0|  0|  12|           4|           3|
    |icmp_ln151_10_fu_2844_p2    |      icmp|   0|  0|  15|           8|           2|
    |icmp_ln151_11_fu_2850_p2    |      icmp|   0|  0|  30|          23|           1|
    |icmp_ln151_12_fu_2893_p2    |      icmp|   0|  0|  15|           8|           2|
    |icmp_ln151_13_fu_2899_p2    |      icmp|   0|  0|  30|          23|           1|
    |icmp_ln151_14_fu_2942_p2    |      icmp|   0|  0|  15|           8|           2|
    |icmp_ln151_15_fu_2948_p2    |      icmp|   0|  0|  30|          23|           1|
    |icmp_ln151_16_fu_2991_p2    |      icmp|   0|  0|  15|           8|           2|
    |icmp_ln151_17_fu_2997_p2    |      icmp|   0|  0|  30|          23|           1|
    |icmp_ln151_18_fu_3040_p2    |      icmp|   0|  0|  15|           8|           2|
    |icmp_ln151_19_fu_3046_p2    |      icmp|   0|  0|  30|          23|           1|
    |icmp_ln151_1_fu_2605_p2     |      icmp|   0|  0|  30|          23|           1|
    |icmp_ln151_20_fu_3089_p2    |      icmp|   0|  0|  15|           8|           2|
    |icmp_ln151_21_fu_3095_p2    |      icmp|   0|  0|  30|          23|           1|
    |icmp_ln151_22_fu_3138_p2    |      icmp|   0|  0|  15|           8|           2|
    |icmp_ln151_23_fu_3144_p2    |      icmp|   0|  0|  30|          23|           1|
    |icmp_ln151_24_fu_3187_p2    |      icmp|   0|  0|  15|           8|           2|
    |icmp_ln151_25_fu_3193_p2    |      icmp|   0|  0|  30|          23|           1|
    |icmp_ln151_2_fu_2648_p2     |      icmp|   0|  0|  15|           8|           2|
    |icmp_ln151_3_fu_2654_p2     |      icmp|   0|  0|  30|          23|           1|
    |icmp_ln151_4_fu_2697_p2     |      icmp|   0|  0|  15|           8|           2|
    |icmp_ln151_5_fu_2703_p2     |      icmp|   0|  0|  30|          23|           1|
    |icmp_ln151_6_fu_2746_p2     |      icmp|   0|  0|  15|           8|           2|
    |icmp_ln151_7_fu_2752_p2     |      icmp|   0|  0|  30|          23|           1|
    |icmp_ln151_8_fu_2795_p2     |      icmp|   0|  0|  15|           8|           2|
    |icmp_ln151_9_fu_2801_p2     |      icmp|   0|  0|  30|          23|           1|
    |icmp_ln151_fu_2599_p2       |      icmp|   0|  0|  15|           8|           2|
    |or_ln151_10_fu_3101_p2      |        or|   0|  0|   2|           1|           1|
    |or_ln151_11_fu_3150_p2      |        or|   0|  0|   2|           1|           1|
    |or_ln151_12_fu_3199_p2      |        or|   0|  0|   2|           1|           1|
    |or_ln151_1_fu_2660_p2       |        or|   0|  0|   2|           1|           1|
    |or_ln151_2_fu_2709_p2       |        or|   0|  0|   2|           1|           1|
    |or_ln151_3_fu_2758_p2       |        or|   0|  0|   2|           1|           1|
    |or_ln151_4_fu_2807_p2       |        or|   0|  0|   2|           1|           1|
    |or_ln151_5_fu_2856_p2       |        or|   0|  0|   2|           1|           1|
    |or_ln151_6_fu_2905_p2       |        or|   0|  0|   2|           1|           1|
    |or_ln151_7_fu_2954_p2       |        or|   0|  0|   2|           1|           1|
    |or_ln151_8_fu_3003_p2       |        or|   0|  0|   2|           1|           1|
    |or_ln151_9_fu_3052_p2       |        or|   0|  0|   2|           1|           1|
    |or_ln151_fu_2611_p2         |        or|   0|  0|   2|           1|           1|
    |select_ln151_10_fu_3113_p3  |    select|   0|  0|  32|           1|          32|
    |select_ln151_11_fu_3162_p3  |    select|   0|  0|  32|           1|          32|
    |select_ln151_12_fu_3211_p3  |    select|   0|  0|  32|           1|          32|
    |select_ln151_1_fu_2672_p3   |    select|   0|  0|  32|           1|          32|
    |select_ln151_2_fu_2721_p3   |    select|   0|  0|  32|           1|          32|
    |select_ln151_3_fu_2770_p3   |    select|   0|  0|  32|           1|          32|
    |select_ln151_4_fu_2819_p3   |    select|   0|  0|  32|           1|          32|
    |select_ln151_5_fu_2868_p3   |    select|   0|  0|  32|           1|          32|
    |select_ln151_6_fu_2917_p3   |    select|   0|  0|  32|           1|          32|
    |select_ln151_7_fu_2966_p3   |    select|   0|  0|  32|           1|          32|
    |select_ln151_8_fu_3015_p3   |    select|   0|  0|  32|           1|          32|
    |select_ln151_9_fu_3064_p3   |    select|   0|  0|  32|           1|          32|
    |select_ln151_fu_2623_p3     |    select|   0|  0|  32|           1|          32|
    |ap_enable_pp0               |       xor|   0|  0|   2|           1|           2|
    +----------------------------+----------+----+---+----+------------+------------+
    |Total                       |          |   0|  0|1099|         464|         500|
    +----------------------------+----------+----+---+----+------------+------------+

    * Multiplexer: 
    +-------------------------+----+-----------+-----+-----------+
    |           Name          | LUT| Input Size| Bits| Total Bits|
    +-------------------------+----+-----------+-----+-----------+
    |ap_done_int              |   9|          2|    1|          2|
    |ap_enable_reg_pp0_iter1  |   9|          2|    1|          2|
    |ap_sig_allocacmp_i_9     |   9|          2|    4|          8|
    |i_fu_436                 |   9|          2|    4|          8|
    +-------------------------+----+-----------+-----+-----------+
    |Total                    |  36|          8|   10|         20|
    +-------------------------+----+-----------+-----+-----------+

    * Register: 
    +----------------------------------+----+----+-----+-----------+
    |               Name               | FF | LUT| Bits| Const Bits|
    +----------------------------------+----+----+-----+-----------+
    |ap_CS_fsm                         |   1|   0|    1|          0|
    |ap_done_reg                       |   1|   0|    1|          0|
    |ap_enable_reg_pp0_iter1           |   1|   0|    1|          0|
    |ap_enable_reg_pp0_iter2           |   1|   0|    1|          0|
    |ap_enable_reg_pp0_iter3           |   1|   0|    1|          0|
    |ap_enable_reg_pp0_iter4           |   1|   0|    1|          0|
    |ap_enable_reg_pp0_iter5           |   1|   0|    1|          0|
    |ap_enable_reg_pp0_iter6           |   1|   0|    1|          0|
    |ap_loop_exit_ready_pp0_iter1_reg  |   1|   0|    1|          0|
    |ap_loop_exit_ready_pp0_iter2_reg  |   1|   0|    1|          0|
    |ap_loop_exit_ready_pp0_iter3_reg  |   1|   0|    1|          0|
    |ap_loop_exit_ready_pp0_iter4_reg  |   1|   0|    1|          0|
    |ap_loop_exit_ready_pp0_iter5_reg  |   1|   0|    1|          0|
    |i_9_reg_3248                      |   4|   0|    4|          0|
    |i_fu_436                          |   4|   0|    4|          0|
    |out_50_reg_3329                   |  32|   0|   32|          0|
    |out_50_reg_3329_pp0_iter5_reg     |  32|   0|   32|          0|
    |out_51_reg_3336                   |  32|   0|   32|          0|
    |out_51_reg_3336_pp0_iter5_reg     |  32|   0|   32|          0|
    |out_52_reg_3343                   |  32|   0|   32|          0|
    |out_52_reg_3343_pp0_iter5_reg     |  32|   0|   32|          0|
    |out_53_reg_3350                   |  32|   0|   32|          0|
    |out_53_reg_3350_pp0_iter5_reg     |  32|   0|   32|          0|
    |out_54_reg_3357                   |  32|   0|   32|          0|
    |out_54_reg_3357_pp0_iter5_reg     |  32|   0|   32|          0|
    |out_55_reg_3364                   |  32|   0|   32|          0|
    |out_55_reg_3364_pp0_iter5_reg     |  32|   0|   32|          0|
    |out_56_reg_3371                   |  32|   0|   32|          0|
    |out_56_reg_3371_pp0_iter5_reg     |  32|   0|   32|          0|
    |out_57_reg_3378                   |  32|   0|   32|          0|
    |out_57_reg_3378_pp0_iter5_reg     |  32|   0|   32|          0|
    |out_58_reg_3385                   |  32|   0|   32|          0|
    |out_58_reg_3385_pp0_iter5_reg     |  32|   0|   32|          0|
    |out_59_reg_3392                   |  32|   0|   32|          0|
    |out_59_reg_3392_pp0_iter5_reg     |  32|   0|   32|          0|
    |out_60_reg_3399                   |  32|   0|   32|          0|
    |out_60_reg_3399_pp0_iter5_reg     |  32|   0|   32|          0|
    |out_61_reg_3406                   |  32|   0|   32|          0|
    |out_61_reg_3406_pp0_iter5_reg     |  32|   0|   32|          0|
    |out_reg_3322                      |  32|   0|   32|          0|
    |out_reg_3322_pp0_iter5_reg        |  32|   0|   32|          0|
    |tmp_103_reg_3267                  |  32|   0|   32|          0|
    |tmp_104_reg_3272                  |  32|   0|   32|          0|
    |tmp_105_reg_3277                  |  32|   0|   32|          0|
    |tmp_106_reg_3282                  |  32|   0|   32|          0|
    |tmp_107_reg_3287                  |  32|   0|   32|          0|
    |tmp_108_reg_3292                  |  32|   0|   32|          0|
    |tmp_109_reg_3297                  |  32|   0|   32|          0|
    |tmp_110_reg_3302                  |  32|   0|   32|          0|
    |tmp_111_reg_3307                  |  32|   0|   32|          0|
    |tmp_112_reg_3312                  |  32|   0|   32|          0|
    |tmp_113_reg_3317                  |  32|   0|   32|          0|
    |tmp_reg_3257                      |  32|   0|   32|          0|
    |tmp_s_reg_3262                    |  32|   0|   32|          0|
    |i_9_reg_3248                      |  64|  32|    4|          0|
    +----------------------------------+----+----+-----+-----------+
    |Total                             |1333|  32| 1273|          0|
    +----------------------------------+----+----+-----+-----------+



================================================================
== Interface
================================================================
* Summary: 
+--------------------------+-----+-----+------------+--------------------------+--------------+
|         RTL Ports        | Dir | Bits|  Protocol  |       Source Object      |    C Type    |
+--------------------------+-----+-----+------------+--------------------------+--------------+
|ap_clk                    |   in|    1|  ap_ctrl_hs|         conv3_Pipeline_M1|  return value|
|ap_rst                    |   in|    1|  ap_ctrl_hs|         conv3_Pipeline_M1|  return value|
|ap_start                  |   in|    1|  ap_ctrl_hs|         conv3_Pipeline_M1|  return value|
|ap_done                   |  out|    1|  ap_ctrl_hs|         conv3_Pipeline_M1|  return value|
|ap_idle                   |  out|    1|  ap_ctrl_hs|         conv3_Pipeline_M1|  return value|
|ap_ready                  |  out|    1|  ap_ctrl_hs|         conv3_Pipeline_M1|  return value|
|grp_fu_11086_p_din0       |  out|   32|  ap_ctrl_hs|         conv3_Pipeline_M1|  return value|
|grp_fu_11086_p_din1       |  out|   32|  ap_ctrl_hs|         conv3_Pipeline_M1|  return value|
|grp_fu_11086_p_opcode     |  out|    2|  ap_ctrl_hs|         conv3_Pipeline_M1|  return value|
|grp_fu_11086_p_dout0      |   in|   32|  ap_ctrl_hs|         conv3_Pipeline_M1|  return value|
|grp_fu_11086_p_ce         |  out|    1|  ap_ctrl_hs|         conv3_Pipeline_M1|  return value|
|grp_fu_11090_p_din0       |  out|   32|  ap_ctrl_hs|         conv3_Pipeline_M1|  return value|
|grp_fu_11090_p_din1       |  out|   32|  ap_ctrl_hs|         conv3_Pipeline_M1|  return value|
|grp_fu_11090_p_opcode     |  out|    2|  ap_ctrl_hs|         conv3_Pipeline_M1|  return value|
|grp_fu_11090_p_dout0      |   in|   32|  ap_ctrl_hs|         conv3_Pipeline_M1|  return value|
|grp_fu_11090_p_ce         |  out|    1|  ap_ctrl_hs|         conv3_Pipeline_M1|  return value|
|grp_fu_11094_p_din0       |  out|   32|  ap_ctrl_hs|         conv3_Pipeline_M1|  return value|
|grp_fu_11094_p_din1       |  out|   32|  ap_ctrl_hs|         conv3_Pipeline_M1|  return value|
|grp_fu_11094_p_opcode     |  out|    2|  ap_ctrl_hs|         conv3_Pipeline_M1|  return value|
|grp_fu_11094_p_dout0      |   in|   32|  ap_ctrl_hs|         conv3_Pipeline_M1|  return value|
|grp_fu_11094_p_ce         |  out|    1|  ap_ctrl_hs|         conv3_Pipeline_M1|  return value|
|grp_fu_11098_p_din0       |  out|   32|  ap_ctrl_hs|         conv3_Pipeline_M1|  return value|
|grp_fu_11098_p_din1       |  out|   32|  ap_ctrl_hs|         conv3_Pipeline_M1|  return value|
|grp_fu_11098_p_opcode     |  out|    2|  ap_ctrl_hs|         conv3_Pipeline_M1|  return value|
|grp_fu_11098_p_dout0      |   in|   32|  ap_ctrl_hs|         conv3_Pipeline_M1|  return value|
|grp_fu_11098_p_ce         |  out|    1|  ap_ctrl_hs|         conv3_Pipeline_M1|  return value|
|grp_fu_11102_p_din0       |  out|   32|  ap_ctrl_hs|         conv3_Pipeline_M1|  return value|
|grp_fu_11102_p_din1       |  out|   32|  ap_ctrl_hs|         conv3_Pipeline_M1|  return value|
|grp_fu_11102_p_opcode     |  out|    2|  ap_ctrl_hs|         conv3_Pipeline_M1|  return value|
|grp_fu_11102_p_dout0      |   in|   32|  ap_ctrl_hs|         conv3_Pipeline_M1|  return value|
|grp_fu_11102_p_ce         |  out|    1|  ap_ctrl_hs|         conv3_Pipeline_M1|  return value|
|grp_fu_11106_p_din0       |  out|   32|  ap_ctrl_hs|         conv3_Pipeline_M1|  return value|
|grp_fu_11106_p_din1       |  out|   32|  ap_ctrl_hs|         conv3_Pipeline_M1|  return value|
|grp_fu_11106_p_opcode     |  out|    2|  ap_ctrl_hs|         conv3_Pipeline_M1|  return value|
|grp_fu_11106_p_dout0      |   in|   32|  ap_ctrl_hs|         conv3_Pipeline_M1|  return value|
|grp_fu_11106_p_ce         |  out|    1|  ap_ctrl_hs|         conv3_Pipeline_M1|  return value|
|grp_fu_11110_p_din0       |  out|   32|  ap_ctrl_hs|         conv3_Pipeline_M1|  return value|
|grp_fu_11110_p_din1       |  out|   32|  ap_ctrl_hs|         conv3_Pipeline_M1|  return value|
|grp_fu_11110_p_opcode     |  out|    2|  ap_ctrl_hs|         conv3_Pipeline_M1|  return value|
|grp_fu_11110_p_dout0      |   in|   32|  ap_ctrl_hs|         conv3_Pipeline_M1|  return value|
|grp_fu_11110_p_ce         |  out|    1|  ap_ctrl_hs|         conv3_Pipeline_M1|  return value|
|grp_fu_11114_p_din0       |  out|   32|  ap_ctrl_hs|         conv3_Pipeline_M1|  return value|
|grp_fu_11114_p_din1       |  out|   32|  ap_ctrl_hs|         conv3_Pipeline_M1|  return value|
|grp_fu_11114_p_opcode     |  out|    2|  ap_ctrl_hs|         conv3_Pipeline_M1|  return value|
|grp_fu_11114_p_dout0      |   in|   32|  ap_ctrl_hs|         conv3_Pipeline_M1|  return value|
|grp_fu_11114_p_ce         |  out|    1|  ap_ctrl_hs|         conv3_Pipeline_M1|  return value|
|grp_fu_11118_p_din0       |  out|   32|  ap_ctrl_hs|         conv3_Pipeline_M1|  return value|
|grp_fu_11118_p_din1       |  out|   32|  ap_ctrl_hs|         conv3_Pipeline_M1|  return value|
|grp_fu_11118_p_opcode     |  out|    2|  ap_ctrl_hs|         conv3_Pipeline_M1|  return value|
|grp_fu_11118_p_dout0      |   in|   32|  ap_ctrl_hs|         conv3_Pipeline_M1|  return value|
|grp_fu_11118_p_ce         |  out|    1|  ap_ctrl_hs|         conv3_Pipeline_M1|  return value|
|grp_fu_11122_p_din0       |  out|   32|  ap_ctrl_hs|         conv3_Pipeline_M1|  return value|
|grp_fu_11122_p_din1       |  out|   32|  ap_ctrl_hs|         conv3_Pipeline_M1|  return value|
|grp_fu_11122_p_opcode     |  out|    2|  ap_ctrl_hs|         conv3_Pipeline_M1|  return value|
|grp_fu_11122_p_dout0      |   in|   32|  ap_ctrl_hs|         conv3_Pipeline_M1|  return value|
|grp_fu_11122_p_ce         |  out|    1|  ap_ctrl_hs|         conv3_Pipeline_M1|  return value|
|grp_fu_11126_p_din0       |  out|   32|  ap_ctrl_hs|         conv3_Pipeline_M1|  return value|
|grp_fu_11126_p_din1       |  out|   32|  ap_ctrl_hs|         conv3_Pipeline_M1|  return value|
|grp_fu_11126_p_opcode     |  out|    2|  ap_ctrl_hs|         conv3_Pipeline_M1|  return value|
|grp_fu_11126_p_dout0      |   in|   32|  ap_ctrl_hs|         conv3_Pipeline_M1|  return value|
|grp_fu_11126_p_ce         |  out|    1|  ap_ctrl_hs|         conv3_Pipeline_M1|  return value|
|grp_fu_11130_p_din0       |  out|   32|  ap_ctrl_hs|         conv3_Pipeline_M1|  return value|
|grp_fu_11130_p_din1       |  out|   32|  ap_ctrl_hs|         conv3_Pipeline_M1|  return value|
|grp_fu_11130_p_opcode     |  out|    2|  ap_ctrl_hs|         conv3_Pipeline_M1|  return value|
|grp_fu_11130_p_dout0      |   in|   32|  ap_ctrl_hs|         conv3_Pipeline_M1|  return value|
|grp_fu_11130_p_ce         |  out|    1|  ap_ctrl_hs|         conv3_Pipeline_M1|  return value|
|grp_fu_11134_p_din0       |  out|   32|  ap_ctrl_hs|         conv3_Pipeline_M1|  return value|
|grp_fu_11134_p_din1       |  out|   32|  ap_ctrl_hs|         conv3_Pipeline_M1|  return value|
|grp_fu_11134_p_opcode     |  out|    2|  ap_ctrl_hs|         conv3_Pipeline_M1|  return value|
|grp_fu_11134_p_dout0      |   in|   32|  ap_ctrl_hs|         conv3_Pipeline_M1|  return value|
|grp_fu_11134_p_ce         |  out|    1|  ap_ctrl_hs|         conv3_Pipeline_M1|  return value|
|grp_fu_15098_p_din0       |  out|   32|  ap_ctrl_hs|         conv3_Pipeline_M1|  return value|
|grp_fu_15098_p_din1       |  out|   32|  ap_ctrl_hs|         conv3_Pipeline_M1|  return value|
|grp_fu_15098_p_opcode     |  out|    5|  ap_ctrl_hs|         conv3_Pipeline_M1|  return value|
|grp_fu_15098_p_dout0      |   in|    1|  ap_ctrl_hs|         conv3_Pipeline_M1|  return value|
|grp_fu_15098_p_ce         |  out|    1|  ap_ctrl_hs|         conv3_Pipeline_M1|  return value|
|grp_fu_15102_p_din0       |  out|   32|  ap_ctrl_hs|         conv3_Pipeline_M1|  return value|
|grp_fu_15102_p_din1       |  out|   32|  ap_ctrl_hs|         conv3_Pipeline_M1|  return value|
|grp_fu_15102_p_opcode     |  out|    5|  ap_ctrl_hs|         conv3_Pipeline_M1|  return value|
|grp_fu_15102_p_dout0      |   in|    1|  ap_ctrl_hs|         conv3_Pipeline_M1|  return value|
|grp_fu_15102_p_ce         |  out|    1|  ap_ctrl_hs|         conv3_Pipeline_M1|  return value|
|grp_fu_15106_p_din0       |  out|   32|  ap_ctrl_hs|         conv3_Pipeline_M1|  return value|
|grp_fu_15106_p_din1       |  out|   32|  ap_ctrl_hs|         conv3_Pipeline_M1|  return value|
|grp_fu_15106_p_opcode     |  out|    5|  ap_ctrl_hs|         conv3_Pipeline_M1|  return value|
|grp_fu_15106_p_dout0      |   in|    1|  ap_ctrl_hs|         conv3_Pipeline_M1|  return value|
|grp_fu_15106_p_ce         |  out|    1|  ap_ctrl_hs|         conv3_Pipeline_M1|  return value|
|grp_fu_15110_p_din0       |  out|   32|  ap_ctrl_hs|         conv3_Pipeline_M1|  return value|
|grp_fu_15110_p_din1       |  out|   32|  ap_ctrl_hs|         conv3_Pipeline_M1|  return value|
|grp_fu_15110_p_opcode     |  out|    5|  ap_ctrl_hs|         conv3_Pipeline_M1|  return value|
|grp_fu_15110_p_dout0      |   in|    1|  ap_ctrl_hs|         conv3_Pipeline_M1|  return value|
|grp_fu_15110_p_ce         |  out|    1|  ap_ctrl_hs|         conv3_Pipeline_M1|  return value|
|grp_fu_15114_p_din0       |  out|   32|  ap_ctrl_hs|         conv3_Pipeline_M1|  return value|
|grp_fu_15114_p_din1       |  out|   32|  ap_ctrl_hs|         conv3_Pipeline_M1|  return value|
|grp_fu_15114_p_opcode     |  out|    5|  ap_ctrl_hs|         conv3_Pipeline_M1|  return value|
|grp_fu_15114_p_dout0      |   in|    1|  ap_ctrl_hs|         conv3_Pipeline_M1|  return value|
|grp_fu_15114_p_ce         |  out|    1|  ap_ctrl_hs|         conv3_Pipeline_M1|  return value|
|grp_fu_15118_p_din0       |  out|   32|  ap_ctrl_hs|         conv3_Pipeline_M1|  return value|
|grp_fu_15118_p_din1       |  out|   32|  ap_ctrl_hs|         conv3_Pipeline_M1|  return value|
|grp_fu_15118_p_opcode     |  out|    5|  ap_ctrl_hs|         conv3_Pipeline_M1|  return value|
|grp_fu_15118_p_dout0      |   in|    1|  ap_ctrl_hs|         conv3_Pipeline_M1|  return value|
|grp_fu_15118_p_ce         |  out|    1|  ap_ctrl_hs|         conv3_Pipeline_M1|  return value|
|grp_fu_15122_p_din0       |  out|   32|  ap_ctrl_hs|         conv3_Pipeline_M1|  return value|
|grp_fu_15122_p_din1       |  out|   32|  ap_ctrl_hs|         conv3_Pipeline_M1|  return value|
|grp_fu_15122_p_opcode     |  out|    5|  ap_ctrl_hs|         conv3_Pipeline_M1|  return value|
|grp_fu_15122_p_dout0      |   in|    1|  ap_ctrl_hs|         conv3_Pipeline_M1|  return value|
|grp_fu_15122_p_ce         |  out|    1|  ap_ctrl_hs|         conv3_Pipeline_M1|  return value|
|grp_fu_15126_p_din0       |  out|   32|  ap_ctrl_hs|         conv3_Pipeline_M1|  return value|
|grp_fu_15126_p_din1       |  out|   32|  ap_ctrl_hs|         conv3_Pipeline_M1|  return value|
|grp_fu_15126_p_opcode     |  out|    5|  ap_ctrl_hs|         conv3_Pipeline_M1|  return value|
|grp_fu_15126_p_dout0      |   in|    1|  ap_ctrl_hs|         conv3_Pipeline_M1|  return value|
|grp_fu_15126_p_ce         |  out|    1|  ap_ctrl_hs|         conv3_Pipeline_M1|  return value|
|grp_fu_15130_p_din0       |  out|   32|  ap_ctrl_hs|         conv3_Pipeline_M1|  return value|
|grp_fu_15130_p_din1       |  out|   32|  ap_ctrl_hs|         conv3_Pipeline_M1|  return value|
|grp_fu_15130_p_opcode     |  out|    5|  ap_ctrl_hs|         conv3_Pipeline_M1|  return value|
|grp_fu_15130_p_dout0      |   in|    1|  ap_ctrl_hs|         conv3_Pipeline_M1|  return value|
|grp_fu_15130_p_ce         |  out|    1|  ap_ctrl_hs|         conv3_Pipeline_M1|  return value|
|grp_fu_15134_p_din0       |  out|   32|  ap_ctrl_hs|         conv3_Pipeline_M1|  return value|
|grp_fu_15134_p_din1       |  out|   32|  ap_ctrl_hs|         conv3_Pipeline_M1|  return value|
|grp_fu_15134_p_opcode     |  out|    5|  ap_ctrl_hs|         conv3_Pipeline_M1|  return value|
|grp_fu_15134_p_dout0      |   in|    1|  ap_ctrl_hs|         conv3_Pipeline_M1|  return value|
|grp_fu_15134_p_ce         |  out|    1|  ap_ctrl_hs|         conv3_Pipeline_M1|  return value|
|grp_fu_15138_p_din0       |  out|   32|  ap_ctrl_hs|         conv3_Pipeline_M1|  return value|
|grp_fu_15138_p_din1       |  out|   32|  ap_ctrl_hs|         conv3_Pipeline_M1|  return value|
|grp_fu_15138_p_opcode     |  out|    5|  ap_ctrl_hs|         conv3_Pipeline_M1|  return value|
|grp_fu_15138_p_dout0      |   in|    1|  ap_ctrl_hs|         conv3_Pipeline_M1|  return value|
|grp_fu_15138_p_ce         |  out|    1|  ap_ctrl_hs|         conv3_Pipeline_M1|  return value|
|grp_fu_15142_p_din0       |  out|   32|  ap_ctrl_hs|         conv3_Pipeline_M1|  return value|
|grp_fu_15142_p_din1       |  out|   32|  ap_ctrl_hs|         conv3_Pipeline_M1|  return value|
|grp_fu_15142_p_opcode     |  out|    5|  ap_ctrl_hs|         conv3_Pipeline_M1|  return value|
|grp_fu_15142_p_dout0      |   in|    1|  ap_ctrl_hs|         conv3_Pipeline_M1|  return value|
|grp_fu_15142_p_ce         |  out|    1|  ap_ctrl_hs|         conv3_Pipeline_M1|  return value|
|grp_fu_15146_p_din0       |  out|   32|  ap_ctrl_hs|         conv3_Pipeline_M1|  return value|
|grp_fu_15146_p_din1       |  out|   32|  ap_ctrl_hs|         conv3_Pipeline_M1|  return value|
|grp_fu_15146_p_opcode     |  out|    5|  ap_ctrl_hs|         conv3_Pipeline_M1|  return value|
|grp_fu_15146_p_dout0      |   in|    1|  ap_ctrl_hs|         conv3_Pipeline_M1|  return value|
|grp_fu_15146_p_ce         |  out|    1|  ap_ctrl_hs|         conv3_Pipeline_M1|  return value|
|out_img_12_address0       |  out|   13|   ap_memory|                out_img_12|         array|
|out_img_12_ce0            |  out|    1|   ap_memory|                out_img_12|         array|
|out_img_12_we0            |  out|    1|   ap_memory|                out_img_12|         array|
|out_img_12_d0             |  out|   32|   ap_memory|                out_img_12|         array|
|out_img_11_address0       |  out|   13|   ap_memory|                out_img_11|         array|
|out_img_11_ce0            |  out|    1|   ap_memory|                out_img_11|         array|
|out_img_11_we0            |  out|    1|   ap_memory|                out_img_11|         array|
|out_img_11_d0             |  out|   32|   ap_memory|                out_img_11|         array|
|out_img_10_address0       |  out|   13|   ap_memory|                out_img_10|         array|
|out_img_10_ce0            |  out|    1|   ap_memory|                out_img_10|         array|
|out_img_10_we0            |  out|    1|   ap_memory|                out_img_10|         array|
|out_img_10_d0             |  out|   32|   ap_memory|                out_img_10|         array|
|out_img_9_address0        |  out|   13|   ap_memory|                 out_img_9|         array|
|out_img_9_ce0             |  out|    1|   ap_memory|                 out_img_9|         array|
|out_img_9_we0             |  out|    1|   ap_memory|                 out_img_9|         array|
|out_img_9_d0              |  out|   32|   ap_memory|                 out_img_9|         array|
|out_img_8_address0        |  out|   13|   ap_memory|                 out_img_8|         array|
|out_img_8_ce0             |  out|    1|   ap_memory|                 out_img_8|         array|
|out_img_8_we0             |  out|    1|   ap_memory|                 out_img_8|         array|
|out_img_8_d0              |  out|   32|   ap_memory|                 out_img_8|         array|
|out_img_7_address0        |  out|   13|   ap_memory|                 out_img_7|         array|
|out_img_7_ce0             |  out|    1|   ap_memory|                 out_img_7|         array|
|out_img_7_we0             |  out|    1|   ap_memory|                 out_img_7|         array|
|out_img_7_d0              |  out|   32|   ap_memory|                 out_img_7|         array|
|out_img_6_address0        |  out|   13|   ap_memory|                 out_img_6|         array|
|out_img_6_ce0             |  out|    1|   ap_memory|                 out_img_6|         array|
|out_img_6_we0             |  out|    1|   ap_memory|                 out_img_6|         array|
|out_img_6_d0              |  out|   32|   ap_memory|                 out_img_6|         array|
|out_img_5_address0        |  out|   13|   ap_memory|                 out_img_5|         array|
|out_img_5_ce0             |  out|    1|   ap_memory|                 out_img_5|         array|
|out_img_5_we0             |  out|    1|   ap_memory|                 out_img_5|         array|
|out_img_5_d0              |  out|   32|   ap_memory|                 out_img_5|         array|
|out_img_4_address0        |  out|   13|   ap_memory|                 out_img_4|         array|
|out_img_4_ce0             |  out|    1|   ap_memory|                 out_img_4|         array|
|out_img_4_we0             |  out|    1|   ap_memory|                 out_img_4|         array|
|out_img_4_d0              |  out|   32|   ap_memory|                 out_img_4|         array|
|out_img_3_address0        |  out|   13|   ap_memory|                 out_img_3|         array|
|out_img_3_ce0             |  out|    1|   ap_memory|                 out_img_3|         array|
|out_img_3_we0             |  out|    1|   ap_memory|                 out_img_3|         array|
|out_img_3_d0              |  out|   32|   ap_memory|                 out_img_3|         array|
|out_img_2_address0        |  out|   13|   ap_memory|                 out_img_2|         array|
|out_img_2_ce0             |  out|    1|   ap_memory|                 out_img_2|         array|
|out_img_2_we0             |  out|    1|   ap_memory|                 out_img_2|         array|
|out_img_2_d0              |  out|   32|   ap_memory|                 out_img_2|         array|
|out_img_1_address0        |  out|   13|   ap_memory|                 out_img_1|         array|
|out_img_1_ce0             |  out|    1|   ap_memory|                 out_img_1|         array|
|out_img_1_we0             |  out|    1|   ap_memory|                 out_img_1|         array|
|out_img_1_d0              |  out|   32|   ap_memory|                 out_img_1|         array|
|out_img_0_address0        |  out|   13|   ap_memory|                 out_img_0|         array|
|out_img_0_ce0             |  out|    1|   ap_memory|                 out_img_0|         array|
|out_img_0_we0             |  out|    1|   ap_memory|                 out_img_0|         array|
|out_img_0_d0              |  out|   32|   ap_memory|                 out_img_0|         array|
|phi_mul9                  |   in|   13|     ap_none|                  phi_mul9|        scalar|
|add1804614_reload         |   in|   32|     ap_none|         add1804614_reload|        scalar|
|add180_14627_reload       |   in|   32|     ap_none|       add180_14627_reload|        scalar|
|add180_24640_reload       |   in|   32|     ap_none|       add180_24640_reload|        scalar|
|add180_34653_reload       |   in|   32|     ap_none|       add180_34653_reload|        scalar|
|add180_44666_reload       |   in|   32|     ap_none|       add180_44666_reload|        scalar|
|add180_54679_reload       |   in|   32|     ap_none|       add180_54679_reload|        scalar|
|add180_64692_reload       |   in|   32|     ap_none|       add180_64692_reload|        scalar|
|add180_74705_reload       |   in|   32|     ap_none|       add180_74705_reload|        scalar|
|add180_84718_reload       |   in|   32|     ap_none|       add180_84718_reload|        scalar|
|add180_94731_reload       |   in|   32|     ap_none|       add180_94731_reload|        scalar|
|add180_104744_reload      |   in|   32|     ap_none|      add180_104744_reload|        scalar|
|add180_114757_reload      |   in|   32|     ap_none|      add180_114757_reload|        scalar|
|add180_124770_reload      |   in|   32|     ap_none|      add180_124770_reload|        scalar|
|bias_conv3_load           |   in|   32|     ap_none|           bias_conv3_load|        scalar|
|add180_138794615_reload   |   in|   32|     ap_none|   add180_138794615_reload|        scalar|
|add180_1_14628_reload     |   in|   32|     ap_none|     add180_1_14628_reload|        scalar|
|add180_2_14641_reload     |   in|   32|     ap_none|     add180_2_14641_reload|        scalar|
|add180_3_14654_reload     |   in|   32|     ap_none|     add180_3_14654_reload|        scalar|
|add180_4_14667_reload     |   in|   32|     ap_none|     add180_4_14667_reload|        scalar|
|add180_5_14680_reload     |   in|   32|     ap_none|     add180_5_14680_reload|        scalar|
|add180_6_14693_reload     |   in|   32|     ap_none|     add180_6_14693_reload|        scalar|
|add180_7_14706_reload     |   in|   32|     ap_none|     add180_7_14706_reload|        scalar|
|add180_8_14719_reload     |   in|   32|     ap_none|     add180_8_14719_reload|        scalar|
|add180_9_14732_reload     |   in|   32|     ap_none|     add180_9_14732_reload|        scalar|
|add180_10_14745_reload    |   in|   32|     ap_none|    add180_10_14745_reload|        scalar|
|add180_11_14758_reload    |   in|   32|     ap_none|    add180_11_14758_reload|        scalar|
|add180_12_14771_reload    |   in|   32|     ap_none|    add180_12_14771_reload|        scalar|
|add180_238964616_reload   |   in|   32|     ap_none|   add180_238964616_reload|        scalar|
|add180_1_24629_reload     |   in|   32|     ap_none|     add180_1_24629_reload|        scalar|
|add180_2_24642_reload     |   in|   32|     ap_none|     add180_2_24642_reload|        scalar|
|add180_3_24655_reload     |   in|   32|     ap_none|     add180_3_24655_reload|        scalar|
|add180_4_24668_reload     |   in|   32|     ap_none|     add180_4_24668_reload|        scalar|
|add180_5_24681_reload     |   in|   32|     ap_none|     add180_5_24681_reload|        scalar|
|add180_6_24694_reload     |   in|   32|     ap_none|     add180_6_24694_reload|        scalar|
|add180_7_24707_reload     |   in|   32|     ap_none|     add180_7_24707_reload|        scalar|
|add180_8_24720_reload     |   in|   32|     ap_none|     add180_8_24720_reload|        scalar|
|add180_9_24733_reload     |   in|   32|     ap_none|     add180_9_24733_reload|        scalar|
|add180_10_24746_reload    |   in|   32|     ap_none|    add180_10_24746_reload|        scalar|
|add180_11_24759_reload    |   in|   32|     ap_none|    add180_11_24759_reload|        scalar|
|add180_12_24772_reload    |   in|   32|     ap_none|    add180_12_24772_reload|        scalar|
|add180_339134617_reload   |   in|   32|     ap_none|   add180_339134617_reload|        scalar|
|add180_1_34630_reload     |   in|   32|     ap_none|     add180_1_34630_reload|        scalar|
|add180_2_34643_reload     |   in|   32|     ap_none|     add180_2_34643_reload|        scalar|
|add180_3_34656_reload     |   in|   32|     ap_none|     add180_3_34656_reload|        scalar|
|add180_4_34669_reload     |   in|   32|     ap_none|     add180_4_34669_reload|        scalar|
|add180_5_34682_reload     |   in|   32|     ap_none|     add180_5_34682_reload|        scalar|
|add180_6_34695_reload     |   in|   32|     ap_none|     add180_6_34695_reload|        scalar|
|add180_7_34708_reload     |   in|   32|     ap_none|     add180_7_34708_reload|        scalar|
|add180_8_34721_reload     |   in|   32|     ap_none|     add180_8_34721_reload|        scalar|
|add180_9_34734_reload     |   in|   32|     ap_none|     add180_9_34734_reload|        scalar|
|add180_10_34747_reload    |   in|   32|     ap_none|    add180_10_34747_reload|        scalar|
|add180_11_34760_reload    |   in|   32|     ap_none|    add180_11_34760_reload|        scalar|
|add180_12_34773_reload    |   in|   32|     ap_none|    add180_12_34773_reload|        scalar|
|add180_439304618_reload   |   in|   32|     ap_none|   add180_439304618_reload|        scalar|
|add180_1_44631_reload     |   in|   32|     ap_none|     add180_1_44631_reload|        scalar|
|add180_2_44644_reload     |   in|   32|     ap_none|     add180_2_44644_reload|        scalar|
|add180_3_44657_reload     |   in|   32|     ap_none|     add180_3_44657_reload|        scalar|
|add180_4_44670_reload     |   in|   32|     ap_none|     add180_4_44670_reload|        scalar|
|add180_5_44683_reload     |   in|   32|     ap_none|     add180_5_44683_reload|        scalar|
|add180_6_44696_reload     |   in|   32|     ap_none|     add180_6_44696_reload|        scalar|
|add180_7_44709_reload     |   in|   32|     ap_none|     add180_7_44709_reload|        scalar|
|add180_8_44722_reload     |   in|   32|     ap_none|     add180_8_44722_reload|        scalar|
|add180_9_44735_reload     |   in|   32|     ap_none|     add180_9_44735_reload|        scalar|
|add180_10_44748_reload    |   in|   32|     ap_none|    add180_10_44748_reload|        scalar|
|add180_11_44761_reload    |   in|   32|     ap_none|    add180_11_44761_reload|        scalar|
|add180_12_44774_reload    |   in|   32|     ap_none|    add180_12_44774_reload|        scalar|
|add180_539474619_reload   |   in|   32|     ap_none|   add180_539474619_reload|        scalar|
|add180_1_54632_reload     |   in|   32|     ap_none|     add180_1_54632_reload|        scalar|
|add180_2_54645_reload     |   in|   32|     ap_none|     add180_2_54645_reload|        scalar|
|add180_3_54658_reload     |   in|   32|     ap_none|     add180_3_54658_reload|        scalar|
|add180_4_54671_reload     |   in|   32|     ap_none|     add180_4_54671_reload|        scalar|
|add180_5_54684_reload     |   in|   32|     ap_none|     add180_5_54684_reload|        scalar|
|add180_6_54697_reload     |   in|   32|     ap_none|     add180_6_54697_reload|        scalar|
|add180_7_54710_reload     |   in|   32|     ap_none|     add180_7_54710_reload|        scalar|
|add180_8_54723_reload     |   in|   32|     ap_none|     add180_8_54723_reload|        scalar|
|add180_9_54736_reload     |   in|   32|     ap_none|     add180_9_54736_reload|        scalar|
|add180_10_54749_reload    |   in|   32|     ap_none|    add180_10_54749_reload|        scalar|
|add180_11_54762_reload    |   in|   32|     ap_none|    add180_11_54762_reload|        scalar|
|add180_12_54775_reload    |   in|   32|     ap_none|    add180_12_54775_reload|        scalar|
|add180_639644620_reload   |   in|   32|     ap_none|   add180_639644620_reload|        scalar|
|add180_1_64633_reload     |   in|   32|     ap_none|     add180_1_64633_reload|        scalar|
|add180_2_64646_reload     |   in|   32|     ap_none|     add180_2_64646_reload|        scalar|
|add180_3_64659_reload     |   in|   32|     ap_none|     add180_3_64659_reload|        scalar|
|add180_4_64672_reload     |   in|   32|     ap_none|     add180_4_64672_reload|        scalar|
|add180_5_64685_reload     |   in|   32|     ap_none|     add180_5_64685_reload|        scalar|
|add180_6_64698_reload     |   in|   32|     ap_none|     add180_6_64698_reload|        scalar|
|add180_7_64711_reload     |   in|   32|     ap_none|     add180_7_64711_reload|        scalar|
|add180_8_64724_reload     |   in|   32|     ap_none|     add180_8_64724_reload|        scalar|
|add180_9_64737_reload     |   in|   32|     ap_none|     add180_9_64737_reload|        scalar|
|add180_10_64750_reload    |   in|   32|     ap_none|    add180_10_64750_reload|        scalar|
|add180_11_64763_reload    |   in|   32|     ap_none|    add180_11_64763_reload|        scalar|
|add180_12_64776_reload    |   in|   32|     ap_none|    add180_12_64776_reload|        scalar|
|add180_739814621_reload   |   in|   32|     ap_none|   add180_739814621_reload|        scalar|
|add180_1_74634_reload     |   in|   32|     ap_none|     add180_1_74634_reload|        scalar|
|add180_2_74647_reload     |   in|   32|     ap_none|     add180_2_74647_reload|        scalar|
|add180_3_74660_reload     |   in|   32|     ap_none|     add180_3_74660_reload|        scalar|
|add180_4_74673_reload     |   in|   32|     ap_none|     add180_4_74673_reload|        scalar|
|add180_5_74686_reload     |   in|   32|     ap_none|     add180_5_74686_reload|        scalar|
|add180_6_74699_reload     |   in|   32|     ap_none|     add180_6_74699_reload|        scalar|
|add180_7_74712_reload     |   in|   32|     ap_none|     add180_7_74712_reload|        scalar|
|add180_8_74725_reload     |   in|   32|     ap_none|     add180_8_74725_reload|        scalar|
|add180_9_74738_reload     |   in|   32|     ap_none|     add180_9_74738_reload|        scalar|
|add180_10_74751_reload    |   in|   32|     ap_none|    add180_10_74751_reload|        scalar|
|add180_11_74764_reload    |   in|   32|     ap_none|    add180_11_74764_reload|        scalar|
|add180_12_74777_reload    |   in|   32|     ap_none|    add180_12_74777_reload|        scalar|
|add180_839984622_reload   |   in|   32|     ap_none|   add180_839984622_reload|        scalar|
|add180_1_84635_reload     |   in|   32|     ap_none|     add180_1_84635_reload|        scalar|
|add180_2_84648_reload     |   in|   32|     ap_none|     add180_2_84648_reload|        scalar|
|add180_3_84661_reload     |   in|   32|     ap_none|     add180_3_84661_reload|        scalar|
|add180_4_84674_reload     |   in|   32|     ap_none|     add180_4_84674_reload|        scalar|
|add180_5_84687_reload     |   in|   32|     ap_none|     add180_5_84687_reload|        scalar|
|add180_6_84700_reload     |   in|   32|     ap_none|     add180_6_84700_reload|        scalar|
|add180_7_84713_reload     |   in|   32|     ap_none|     add180_7_84713_reload|        scalar|
|add180_8_84726_reload     |   in|   32|     ap_none|     add180_8_84726_reload|        scalar|
|add180_9_84739_reload     |   in|   32|     ap_none|     add180_9_84739_reload|        scalar|
|add180_10_84752_reload    |   in|   32|     ap_none|    add180_10_84752_reload|        scalar|
|add180_11_84765_reload    |   in|   32|     ap_none|    add180_11_84765_reload|        scalar|
|add180_12_84778_reload    |   in|   32|     ap_none|    add180_12_84778_reload|        scalar|
|add180_940154623_reload   |   in|   32|     ap_none|   add180_940154623_reload|        scalar|
|add180_1_94636_reload     |   in|   32|     ap_none|     add180_1_94636_reload|        scalar|
|add180_2_94649_reload     |   in|   32|     ap_none|     add180_2_94649_reload|        scalar|
|add180_3_94662_reload     |   in|   32|     ap_none|     add180_3_94662_reload|        scalar|
|add180_4_94675_reload     |   in|   32|     ap_none|     add180_4_94675_reload|        scalar|
|add180_5_94688_reload     |   in|   32|     ap_none|     add180_5_94688_reload|        scalar|
|add180_6_94701_reload     |   in|   32|     ap_none|     add180_6_94701_reload|        scalar|
|add180_7_94714_reload     |   in|   32|     ap_none|     add180_7_94714_reload|        scalar|
|add180_8_94727_reload     |   in|   32|     ap_none|     add180_8_94727_reload|        scalar|
|add180_9_94740_reload     |   in|   32|     ap_none|     add180_9_94740_reload|        scalar|
|add180_10_94753_reload    |   in|   32|     ap_none|    add180_10_94753_reload|        scalar|
|add180_11_94766_reload    |   in|   32|     ap_none|    add180_11_94766_reload|        scalar|
|add180_12_94779_reload    |   in|   32|     ap_none|    add180_12_94779_reload|        scalar|
|add180_1040324624_reload  |   in|   32|     ap_none|  add180_1040324624_reload|        scalar|
|add180_1_104637_reload    |   in|   32|     ap_none|    add180_1_104637_reload|        scalar|
|add180_2_104650_reload    |   in|   32|     ap_none|    add180_2_104650_reload|        scalar|
|add180_3_104663_reload    |   in|   32|     ap_none|    add180_3_104663_reload|        scalar|
|add180_4_104676_reload    |   in|   32|     ap_none|    add180_4_104676_reload|        scalar|
|add180_5_104689_reload    |   in|   32|     ap_none|    add180_5_104689_reload|        scalar|
|add180_6_104702_reload    |   in|   32|     ap_none|    add180_6_104702_reload|        scalar|
|add180_7_104715_reload    |   in|   32|     ap_none|    add180_7_104715_reload|        scalar|
|add180_8_104728_reload    |   in|   32|     ap_none|    add180_8_104728_reload|        scalar|
|add180_9_104741_reload    |   in|   32|     ap_none|    add180_9_104741_reload|        scalar|
|add180_10_104754_reload   |   in|   32|     ap_none|   add180_10_104754_reload|        scalar|
|add180_11_104767_reload   |   in|   32|     ap_none|   add180_11_104767_reload|        scalar|
|add180_12_104780_reload   |   in|   32|     ap_none|   add180_12_104780_reload|        scalar|
|add180_1140494625_reload  |   in|   32|     ap_none|  add180_1140494625_reload|        scalar|
|add180_1_114638_reload    |   in|   32|     ap_none|    add180_1_114638_reload|        scalar|
|add180_2_114651_reload    |   in|   32|     ap_none|    add180_2_114651_reload|        scalar|
|add180_3_114664_reload    |   in|   32|     ap_none|    add180_3_114664_reload|        scalar|
|add180_4_114677_reload    |   in|   32|     ap_none|    add180_4_114677_reload|        scalar|
|add180_5_114690_reload    |   in|   32|     ap_none|    add180_5_114690_reload|        scalar|
|add180_6_114703_reload    |   in|   32|     ap_none|    add180_6_114703_reload|        scalar|
|add180_7_114716_reload    |   in|   32|     ap_none|    add180_7_114716_reload|        scalar|
|add180_8_114729_reload    |   in|   32|     ap_none|    add180_8_114729_reload|        scalar|
|add180_9_114742_reload    |   in|   32|     ap_none|    add180_9_114742_reload|        scalar|
|add180_10_114755_reload   |   in|   32|     ap_none|   add180_10_114755_reload|        scalar|
|add180_11_114768_reload   |   in|   32|     ap_none|   add180_11_114768_reload|        scalar|
|add180_12_114781_reload   |   in|   32|     ap_none|   add180_12_114781_reload|        scalar|
|add180_1240664626_reload  |   in|   32|     ap_none|  add180_1240664626_reload|        scalar|
|add180_1_124639_reload    |   in|   32|     ap_none|    add180_1_124639_reload|        scalar|
|add180_2_124652_reload    |   in|   32|     ap_none|    add180_2_124652_reload|        scalar|
|add180_3_124665_reload    |   in|   32|     ap_none|    add180_3_124665_reload|        scalar|
|add180_4_124678_reload    |   in|   32|     ap_none|    add180_4_124678_reload|        scalar|
|add180_5_124691_reload    |   in|   32|     ap_none|    add180_5_124691_reload|        scalar|
|add180_6_124704_reload    |   in|   32|     ap_none|    add180_6_124704_reload|        scalar|
|add180_7_124717_reload    |   in|   32|     ap_none|    add180_7_124717_reload|        scalar|
|add180_8_124730_reload    |   in|   32|     ap_none|    add180_8_124730_reload|        scalar|
|add180_9_124743_reload    |   in|   32|     ap_none|    add180_9_124743_reload|        scalar|
|add180_10_124756_reload   |   in|   32|     ap_none|   add180_10_124756_reload|        scalar|
|add180_11_124769_reload   |   in|   32|     ap_none|   add180_11_124769_reload|        scalar|
|add180_12_124791_reload   |   in|   32|     ap_none|   add180_12_124791_reload|        scalar|
+--------------------------+-----+-----+------------+--------------------------+--------------+

