

================================================================
== Vitis HLS Report for 'norm1_Pipeline_L8_L9_L10'
================================================================
* Date:           Sun Jan 26 21:43:08 2025

* Version:        2024.2 (Build 5238294 on Nov  8 2024)
* Project:        Alex_Net
* Solution:       NN (Vivado IP Flow Target)
* Product family: zynquplus
* Target device:  xczu7ev-ffvc1156-2-i


================================================================
== Performance Estimates
================================================================
+ Timing: 
    * Summary: 
    +--------+----------+----------+------------+
    |  Clock |  Target  | Estimated| Uncertainty|
    +--------+----------+----------+------------+
    |ap_clk  |  10.00 ns|  7.232 ns|     2.70 ns|
    +--------+----------+----------+------------+

+ Latency: 
    * Summary: 
    +---------+---------+----------+----------+-------+-------+------------------------------------------------+
    |  Latency (cycles) |  Latency (absolute) |    Interval   |                    Pipeline                    |
    |   min   |   max   |    min   |    max   |  min  |  max  |                      Type                      |
    +---------+---------+----------+----------+-------+-------+------------------------------------------------+
    |    67138|    67138|  0.671 ms|  0.671 ms|  67069|  67069|  loop auto-rewind stp (delay=0 clock cycles(s))|
    +---------+---------+----------+----------+-------+-------+------------------------------------------------+

    + Detail: 
        * Instance: 
        +---------------------------------+---------------------+---------+---------+----------+----------+-----+-----+---------+
        |                                 |                     |  Latency (cycles) |  Latency (absolute) |  Interval | Pipeline|
        |             Instance            |        Module       |   min   |   max   |    min   |    max   | min | max |   Type  |
        +---------------------------------+---------------------+---------+---------+----------+----------+-----+-----+---------+
        |grp_pow_generic_float_s_fu_1735  |pow_generic_float_s  |       11|       11|  0.110 us|  0.110 us|    1|    1|      yes|
        |grp_pow_generic_float_s_fu_1756  |pow_generic_float_s  |       11|       11|  0.110 us|  0.110 us|    1|    1|      yes|
        |grp_pow_generic_float_s_fu_1777  |pow_generic_float_s  |       11|       11|  0.110 us|  0.110 us|    1|    1|      yes|
        |grp_pow_generic_float_s_fu_1798  |pow_generic_float_s  |       11|       11|  0.110 us|  0.110 us|    1|    1|      yes|
        |grp_pow_generic_float_s_fu_1819  |pow_generic_float_s  |       11|       11|  0.110 us|  0.110 us|    1|    1|      yes|
        |grp_pow_generic_float_s_fu_1840  |pow_generic_float_s  |       11|       11|  0.110 us|  0.110 us|    1|    1|      yes|
        +---------------------------------+---------------------+---------+---------+----------+----------+-----+-----+---------+

        * Loop: 
        +-------------+---------+---------+----------+-----------+-----------+-------+----------+
        |             |  Latency (cycles) | Iteration|  Initiation Interval  |  Trip |          |
        |  Loop Name  |   min   |   max   |  Latency |  achieved |   target  | Count | Pipelined|
        +-------------+---------+---------+----------+-----------+-----------+-------+----------+
        |- L8_L9_L10  |    67136|    67136|        70|          1|          1|  67068|       yes|
        +-------------+---------+---------+----------+-----------+-----------+-------+----------+



================================================================
== Utilization Estimates
================================================================
* Summary: 
+-----------------+---------+------+--------+--------+-----+
|       Name      | BRAM_18K|  DSP |   FF   |   LUT  | URAM|
+-----------------+---------+------+--------+--------+-----+
|DSP              |        -|     1|       -|       -|    -|
|Expression       |        -|     -|       0|     213|    -|
|FIFO             |        -|     -|       -|       -|    -|
|Instance         |        -|     0|       0|    2403|    -|
|Memory           |        -|     -|       -|       -|    -|
|Multiplexer      |        -|     -|       0|      72|    -|
|Register         |        -|     -|   10250|    3200|    -|
+-----------------+---------+------+--------+--------+-----+
|Total            |        0|     1|   10250|    5888|    0|
+-----------------+---------+------+--------+--------+-----+
|Available        |      624|  1728|  460800|  230400|   96|
+-----------------+---------+------+--------+--------+-----+
|Utilization (%)  |        0|    ~0|       2|       2|    0|
+-----------------+---------+------+--------+--------+-----+

+ Detail: 
    * Instance: 
    +------------------------------+------------------------+---------+----+---+-----+-----+
    |           Instance           |         Module         | BRAM_18K| DSP| FF| LUT | URAM|
    +------------------------------+------------------------+---------+----+---+-----+-----+
    |mul_5ns_6ns_10_1_1_U3162      |mul_5ns_6ns_10_1_1      |        0|   0|  0|   23|    0|
    |sparsemux_185_7_32_1_1_U3163  |sparsemux_185_7_32_1_1  |        0|   0|  0|  476|    0|
    |sparsemux_185_7_32_1_1_U3164  |sparsemux_185_7_32_1_1  |        0|   0|  0|  476|    0|
    |sparsemux_185_7_32_1_1_U3165  |sparsemux_185_7_32_1_1  |        0|   0|  0|  476|    0|
    |sparsemux_185_7_32_1_1_U3166  |sparsemux_185_7_32_1_1  |        0|   0|  0|  476|    0|
    |sparsemux_185_7_32_1_1_U3167  |sparsemux_185_7_32_1_1  |        0|   0|  0|  476|    0|
    +------------------------------+------------------------+---------+----+---+-----+-----+
    |Total                         |                        |        0|   0|  0| 2403|    0|
    +------------------------------+------------------------+---------+----+---+-----+-----+

    * DSP: 
    +--------------------------------------+--------------------------------+--------------+
    |               Instance               |             Module             |  Expression  |
    +--------------------------------------+--------------------------------+--------------+
    |mac_muladd_10ns_7ns_5ns_17_4_1_U3168  |mac_muladd_10ns_7ns_5ns_17_4_1  |  i0 * i1 + i2|
    +--------------------------------------+--------------------------------+--------------+

    * Memory: 
    N/A

    * FIFO: 
    N/A

    * Expression: 
    +--------------------------+----------+----+---+----+------------+------------+
    |       Variable Name      | Operation| DSP| FF| LUT| Bitwidth P0| Bitwidth P1|
    +--------------------------+----------+----+---+----+------------+------------+
    |add_ln101_fu_2026_p2      |         +|   0|  0|  17|          10|          10|
    |add_ln102_fu_3715_p2      |         +|   0|  0|  24|          17|          17|
    |add_ln90_1_fu_1937_p2     |         +|   0|  0|  24|          17|           1|
    |add_ln90_fu_2171_p2       |         +|   0|  0|  14|           7|           1|
    |add_ln93_1_fu_2134_p2     |         +|   0|  0|  17|          10|           1|
    |add_ln93_fu_1984_p2       |         +|   0|  0|  12|           5|           1|
    |add_ln96_fu_2128_p2       |         +|   0|  0|  12|           5|           1|
    |and_ln90_fu_1978_p2       |       and|   0|  0|   2|           1|           1|
    |icmp_ln90_fu_1931_p2      |      icmp|   0|  0|  24|          17|          17|
    |icmp_ln93_fu_1952_p2      |      icmp|   0|  0|  17|          10|          10|
    |icmp_ln96_fu_1972_p2      |      icmp|   0|  0|  12|           5|           4|
    |empty_fu_1990_p2          |        or|   0|  0|   2|           1|           1|
    |select_ln90_1_fu_2177_p3  |    select|   0|  0|   7|           1|           7|
    |select_ln90_fu_1958_p3    |    select|   0|  0|   5|           1|           1|
    |select_ln93_1_fu_2140_p3  |    select|   0|  0|  10|           1|           1|
    |select_ln93_fu_2004_p3    |    select|   0|  0|   5|           1|           5|
    |y_7_mid2_fu_1996_p3       |    select|   0|  0|   5|           1|           1|
    |ap_enable_pp0             |       xor|   0|  0|   2|           1|           2|
    |xor_ln90_fu_1966_p2       |       xor|   0|  0|   2|           1|           2|
    +--------------------------+----------+----+---+----+------------+------------+
    |Total                     |          |   0|  0| 213|         112|          84|
    +--------------------------+----------+----+---+----+------------+------------+

    * Multiplexer: 
    +-------------------------+----+-----------+-----+-----------+
    |           Name          | LUT| Input Size| Bits| Total Bits|
    +-------------------------+----+-----------+-----+-----------+
    |ap_done_int              |   9|          2|    1|          2|
    |ap_enable_reg_pp0_iter1  |   9|          2|    1|          2|
    |ap_enable_reg_pp0_iter2  |   9|          2|    1|          2|
    |i_fu_466                 |   9|          2|    7|         14|
    |indvar_flatten33_fu_462  |   9|          2|   10|         20|
    |indvar_flatten46_fu_470  |   9|          2|   17|         34|
    |x_fu_458                 |   9|          2|    5|         10|
    |y_fu_454                 |   9|          2|    5|         10|
    +-------------------------+----+-----------+-----+-----------+
    |Total                    |  72|         16|   47|         94|
    +-------------------------+----+-----------+-----+-----------+

    * Register: 
    +-----------------------------------+-----+----+-----+-----------+
    |                Name               |  FF | LUT| Bits| Const Bits|
    +-----------------------------------+-----+----+-----+-----------+
    |add170_1_reg_5080                  |   32|   0|   32|          0|
    |add170_2_reg_5090                  |   32|   0|   32|          0|
    |add170_3_reg_5100                  |   32|   0|   32|          0|
    |add170_4_reg_5110                  |   32|   0|   32|          0|
    |add6_reg_5055                      |   32|   0|   32|          0|
    |add7_reg_5125                      |   64|   0|   64|          0|
    |add_ln102_reg_5075                 |   17|   0|   17|          0|
    |ap_CS_fsm                          |    1|   0|    1|          0|
    |ap_done_reg                        |    1|   0|    1|          0|
    |ap_enable_reg_pp0_iter1            |    1|   0|    1|          0|
    |ap_enable_reg_pp0_iter10           |    1|   0|    1|          0|
    |ap_enable_reg_pp0_iter11           |    1|   0|    1|          0|
    |ap_enable_reg_pp0_iter12           |    1|   0|    1|          0|
    |ap_enable_reg_pp0_iter13           |    1|   0|    1|          0|
    |ap_enable_reg_pp0_iter14           |    1|   0|    1|          0|
    |ap_enable_reg_pp0_iter15           |    1|   0|    1|          0|
    |ap_enable_reg_pp0_iter16           |    1|   0|    1|          0|
    |ap_enable_reg_pp0_iter17           |    1|   0|    1|          0|
    |ap_enable_reg_pp0_iter18           |    1|   0|    1|          0|
    |ap_enable_reg_pp0_iter19           |    1|   0|    1|          0|
    |ap_enable_reg_pp0_iter2            |    1|   0|    1|          0|
    |ap_enable_reg_pp0_iter20           |    1|   0|    1|          0|
    |ap_enable_reg_pp0_iter21           |    1|   0|    1|          0|
    |ap_enable_reg_pp0_iter22           |    1|   0|    1|          0|
    |ap_enable_reg_pp0_iter23           |    1|   0|    1|          0|
    |ap_enable_reg_pp0_iter24           |    1|   0|    1|          0|
    |ap_enable_reg_pp0_iter25           |    1|   0|    1|          0|
    |ap_enable_reg_pp0_iter26           |    1|   0|    1|          0|
    |ap_enable_reg_pp0_iter27           |    1|   0|    1|          0|
    |ap_enable_reg_pp0_iter28           |    1|   0|    1|          0|
    |ap_enable_reg_pp0_iter29           |    1|   0|    1|          0|
    |ap_enable_reg_pp0_iter3            |    1|   0|    1|          0|
    |ap_enable_reg_pp0_iter30           |    1|   0|    1|          0|
    |ap_enable_reg_pp0_iter31           |    1|   0|    1|          0|
    |ap_enable_reg_pp0_iter32           |    1|   0|    1|          0|
    |ap_enable_reg_pp0_iter33           |    1|   0|    1|          0|
    |ap_enable_reg_pp0_iter34           |    1|   0|    1|          0|
    |ap_enable_reg_pp0_iter35           |    1|   0|    1|          0|
    |ap_enable_reg_pp0_iter36           |    1|   0|    1|          0|
    |ap_enable_reg_pp0_iter37           |    1|   0|    1|          0|
    |ap_enable_reg_pp0_iter38           |    1|   0|    1|          0|
    |ap_enable_reg_pp0_iter39           |    1|   0|    1|          0|
    |ap_enable_reg_pp0_iter4            |    1|   0|    1|          0|
    |ap_enable_reg_pp0_iter40           |    1|   0|    1|          0|
    |ap_enable_reg_pp0_iter41           |    1|   0|    1|          0|
    |ap_enable_reg_pp0_iter42           |    1|   0|    1|          0|
    |ap_enable_reg_pp0_iter43           |    1|   0|    1|          0|
    |ap_enable_reg_pp0_iter44           |    1|   0|    1|          0|
    |ap_enable_reg_pp0_iter45           |    1|   0|    1|          0|
    |ap_enable_reg_pp0_iter46           |    1|   0|    1|          0|
    |ap_enable_reg_pp0_iter47           |    1|   0|    1|          0|
    |ap_enable_reg_pp0_iter48           |    1|   0|    1|          0|
    |ap_enable_reg_pp0_iter49           |    1|   0|    1|          0|
    |ap_enable_reg_pp0_iter5            |    1|   0|    1|          0|
    |ap_enable_reg_pp0_iter50           |    1|   0|    1|          0|
    |ap_enable_reg_pp0_iter51           |    1|   0|    1|          0|
    |ap_enable_reg_pp0_iter52           |    1|   0|    1|          0|
    |ap_enable_reg_pp0_iter53           |    1|   0|    1|          0|
    |ap_enable_reg_pp0_iter54           |    1|   0|    1|          0|
    |ap_enable_reg_pp0_iter55           |    1|   0|    1|          0|
    |ap_enable_reg_pp0_iter56           |    1|   0|    1|          0|
    |ap_enable_reg_pp0_iter57           |    1|   0|    1|          0|
    |ap_enable_reg_pp0_iter58           |    1|   0|    1|          0|
    |ap_enable_reg_pp0_iter59           |    1|   0|    1|          0|
    |ap_enable_reg_pp0_iter6            |    1|   0|    1|          0|
    |ap_enable_reg_pp0_iter60           |    1|   0|    1|          0|
    |ap_enable_reg_pp0_iter61           |    1|   0|    1|          0|
    |ap_enable_reg_pp0_iter62           |    1|   0|    1|          0|
    |ap_enable_reg_pp0_iter63           |    1|   0|    1|          0|
    |ap_enable_reg_pp0_iter64           |    1|   0|    1|          0|
    |ap_enable_reg_pp0_iter65           |    1|   0|    1|          0|
    |ap_enable_reg_pp0_iter66           |    1|   0|    1|          0|
    |ap_enable_reg_pp0_iter67           |    1|   0|    1|          0|
    |ap_enable_reg_pp0_iter68           |    1|   0|    1|          0|
    |ap_enable_reg_pp0_iter69           |    1|   0|    1|          0|
    |ap_enable_reg_pp0_iter7            |    1|   0|    1|          0|
    |ap_enable_reg_pp0_iter70           |    1|   0|    1|          0|
    |ap_enable_reg_pp0_iter8            |    1|   0|    1|          0|
    |ap_enable_reg_pp0_iter9            |    1|   0|    1|          0|
    |ap_loop_exit_ready_pp0_iter10_reg  |    1|   0|    1|          0|
    |ap_loop_exit_ready_pp0_iter11_reg  |    1|   0|    1|          0|
    |ap_loop_exit_ready_pp0_iter12_reg  |    1|   0|    1|          0|
    |ap_loop_exit_ready_pp0_iter13_reg  |    1|   0|    1|          0|
    |ap_loop_exit_ready_pp0_iter14_reg  |    1|   0|    1|          0|
    |ap_loop_exit_ready_pp0_iter15_reg  |    1|   0|    1|          0|
    |ap_loop_exit_ready_pp0_iter16_reg  |    1|   0|    1|          0|
    |ap_loop_exit_ready_pp0_iter17_reg  |    1|   0|    1|          0|
    |ap_loop_exit_ready_pp0_iter18_reg  |    1|   0|    1|          0|
    |ap_loop_exit_ready_pp0_iter19_reg  |    1|   0|    1|          0|
    |ap_loop_exit_ready_pp0_iter20_reg  |    1|   0|    1|          0|
    |ap_loop_exit_ready_pp0_iter21_reg  |    1|   0|    1|          0|
    |ap_loop_exit_ready_pp0_iter22_reg  |    1|   0|    1|          0|
    |ap_loop_exit_ready_pp0_iter23_reg  |    1|   0|    1|          0|
    |ap_loop_exit_ready_pp0_iter24_reg  |    1|   0|    1|          0|
    |ap_loop_exit_ready_pp0_iter25_reg  |    1|   0|    1|          0|
    |ap_loop_exit_ready_pp0_iter26_reg  |    1|   0|    1|          0|
    |ap_loop_exit_ready_pp0_iter27_reg  |    1|   0|    1|          0|
    |ap_loop_exit_ready_pp0_iter28_reg  |    1|   0|    1|          0|
    |ap_loop_exit_ready_pp0_iter29_reg  |    1|   0|    1|          0|
    |ap_loop_exit_ready_pp0_iter2_reg   |    1|   0|    1|          0|
    |ap_loop_exit_ready_pp0_iter30_reg  |    1|   0|    1|          0|
    |ap_loop_exit_ready_pp0_iter31_reg  |    1|   0|    1|          0|
    |ap_loop_exit_ready_pp0_iter32_reg  |    1|   0|    1|          0|
    |ap_loop_exit_ready_pp0_iter33_reg  |    1|   0|    1|          0|
    |ap_loop_exit_ready_pp0_iter34_reg  |    1|   0|    1|          0|
    |ap_loop_exit_ready_pp0_iter35_reg  |    1|   0|    1|          0|
    |ap_loop_exit_ready_pp0_iter36_reg  |    1|   0|    1|          0|
    |ap_loop_exit_ready_pp0_iter37_reg  |    1|   0|    1|          0|
    |ap_loop_exit_ready_pp0_iter38_reg  |    1|   0|    1|          0|
    |ap_loop_exit_ready_pp0_iter39_reg  |    1|   0|    1|          0|
    |ap_loop_exit_ready_pp0_iter3_reg   |    1|   0|    1|          0|
    |ap_loop_exit_ready_pp0_iter40_reg  |    1|   0|    1|          0|
    |ap_loop_exit_ready_pp0_iter41_reg  |    1|   0|    1|          0|
    |ap_loop_exit_ready_pp0_iter42_reg  |    1|   0|    1|          0|
    |ap_loop_exit_ready_pp0_iter43_reg  |    1|   0|    1|          0|
    |ap_loop_exit_ready_pp0_iter44_reg  |    1|   0|    1|          0|
    |ap_loop_exit_ready_pp0_iter45_reg  |    1|   0|    1|          0|
    |ap_loop_exit_ready_pp0_iter46_reg  |    1|   0|    1|          0|
    |ap_loop_exit_ready_pp0_iter47_reg  |    1|   0|    1|          0|
    |ap_loop_exit_ready_pp0_iter48_reg  |    1|   0|    1|          0|
    |ap_loop_exit_ready_pp0_iter49_reg  |    1|   0|    1|          0|
    |ap_loop_exit_ready_pp0_iter4_reg   |    1|   0|    1|          0|
    |ap_loop_exit_ready_pp0_iter50_reg  |    1|   0|    1|          0|
    |ap_loop_exit_ready_pp0_iter51_reg  |    1|   0|    1|          0|
    |ap_loop_exit_ready_pp0_iter52_reg  |    1|   0|    1|          0|
    |ap_loop_exit_ready_pp0_iter53_reg  |    1|   0|    1|          0|
    |ap_loop_exit_ready_pp0_iter54_reg  |    1|   0|    1|          0|
    |ap_loop_exit_ready_pp0_iter55_reg  |    1|   0|    1|          0|
    |ap_loop_exit_ready_pp0_iter56_reg  |    1|   0|    1|          0|
    |ap_loop_exit_ready_pp0_iter57_reg  |    1|   0|    1|          0|
    |ap_loop_exit_ready_pp0_iter58_reg  |    1|   0|    1|          0|
    |ap_loop_exit_ready_pp0_iter59_reg  |    1|   0|    1|          0|
    |ap_loop_exit_ready_pp0_iter5_reg   |    1|   0|    1|          0|
    |ap_loop_exit_ready_pp0_iter60_reg  |    1|   0|    1|          0|
    |ap_loop_exit_ready_pp0_iter61_reg  |    1|   0|    1|          0|
    |ap_loop_exit_ready_pp0_iter62_reg  |    1|   0|    1|          0|
    |ap_loop_exit_ready_pp0_iter63_reg  |    1|   0|    1|          0|
    |ap_loop_exit_ready_pp0_iter64_reg  |    1|   0|    1|          0|
    |ap_loop_exit_ready_pp0_iter65_reg  |    1|   0|    1|          0|
    |ap_loop_exit_ready_pp0_iter66_reg  |    1|   0|    1|          0|
    |ap_loop_exit_ready_pp0_iter67_reg  |    1|   0|    1|          0|
    |ap_loop_exit_ready_pp0_iter68_reg  |    1|   0|    1|          0|
    |ap_loop_exit_ready_pp0_iter69_reg  |    1|   0|    1|          0|
    |ap_loop_exit_ready_pp0_iter6_reg   |    1|   0|    1|          0|
    |ap_loop_exit_ready_pp0_iter7_reg   |    1|   0|    1|          0|
    |ap_loop_exit_ready_pp0_iter8_reg   |    1|   0|    1|          0|
    |ap_loop_exit_ready_pp0_iter9_reg   |    1|   0|    1|          0|
    |conv3_1_reg_5115                   |   64|   0|   64|          0|
    |div7_reg_5140                      |   32|   0|   32|          0|
    |i_fu_466                           |    7|   0|    7|          0|
    |icmp_ln93_reg_3772                 |    1|   0|    1|          0|
    |indvar_flatten33_fu_462            |   10|   0|   10|          0|
    |indvar_flatten46_fu_470            |   17|   0|   17|          0|
    |inp_image_10_load_reg_4330         |   32|   0|   32|          0|
    |inp_image_11_load_reg_4338         |   32|   0|   32|          0|
    |inp_image_12_load_reg_4346         |   32|   0|   32|          0|
    |inp_image_13_load_reg_4354         |   32|   0|   32|          0|
    |inp_image_14_load_reg_4362         |   32|   0|   32|          0|
    |inp_image_15_load_reg_4370         |   32|   0|   32|          0|
    |inp_image_16_load_reg_4378         |   32|   0|   32|          0|
    |inp_image_17_load_reg_4386         |   32|   0|   32|          0|
    |inp_image_18_load_reg_4394         |   32|   0|   32|          0|
    |inp_image_19_load_reg_4402         |   32|   0|   32|          0|
    |inp_image_1_load_reg_4264          |   32|   0|   32|          0|
    |inp_image_20_load_reg_4410         |   32|   0|   32|          0|
    |inp_image_21_load_reg_4418         |   32|   0|   32|          0|
    |inp_image_22_load_reg_4426         |   32|   0|   32|          0|
    |inp_image_23_load_reg_4434         |   32|   0|   32|          0|
    |inp_image_24_load_reg_4442         |   32|   0|   32|          0|
    |inp_image_25_load_reg_4450         |   32|   0|   32|          0|
    |inp_image_26_load_reg_4458         |   32|   0|   32|          0|
    |inp_image_27_load_reg_4466         |   32|   0|   32|          0|
    |inp_image_28_load_reg_4474         |   32|   0|   32|          0|
    |inp_image_29_load_reg_4482         |   32|   0|   32|          0|
    |inp_image_2_load_reg_4269          |   32|   0|   32|          0|
    |inp_image_30_load_reg_4490         |   32|   0|   32|          0|
    |inp_image_31_load_reg_4498         |   32|   0|   32|          0|
    |inp_image_32_load_reg_4506         |   32|   0|   32|          0|
    |inp_image_33_load_reg_4514         |   32|   0|   32|          0|
    |inp_image_34_load_reg_4522         |   32|   0|   32|          0|
    |inp_image_35_load_reg_4530         |   32|   0|   32|          0|
    |inp_image_36_load_reg_4538         |   32|   0|   32|          0|
    |inp_image_37_load_reg_4546         |   32|   0|   32|          0|
    |inp_image_38_load_reg_4554         |   32|   0|   32|          0|
    |inp_image_39_load_reg_4562         |   32|   0|   32|          0|
    |inp_image_3_load_reg_4275          |   32|   0|   32|          0|
    |inp_image_40_load_reg_4570         |   32|   0|   32|          0|
    |inp_image_41_load_reg_4578         |   32|   0|   32|          0|
    |inp_image_42_load_reg_4586         |   32|   0|   32|          0|
    |inp_image_43_load_reg_4594         |   32|   0|   32|          0|
    |inp_image_44_load_reg_4602         |   32|   0|   32|          0|
    |inp_image_45_load_reg_4610         |   32|   0|   32|          0|
    |inp_image_46_load_reg_4618         |   32|   0|   32|          0|
    |inp_image_47_load_reg_4626         |   32|   0|   32|          0|
    |inp_image_48_load_reg_4634         |   32|   0|   32|          0|
    |inp_image_49_load_reg_4642         |   32|   0|   32|          0|
    |inp_image_4_load_reg_4282          |   32|   0|   32|          0|
    |inp_image_50_load_reg_4650         |   32|   0|   32|          0|
    |inp_image_51_load_reg_4658         |   32|   0|   32|          0|
    |inp_image_52_load_reg_4666         |   32|   0|   32|          0|
    |inp_image_53_load_reg_4674         |   32|   0|   32|          0|
    |inp_image_54_load_reg_4682         |   32|   0|   32|          0|
    |inp_image_55_load_reg_4690         |   32|   0|   32|          0|
    |inp_image_56_load_reg_4698         |   32|   0|   32|          0|
    |inp_image_57_load_reg_4706         |   32|   0|   32|          0|
    |inp_image_58_load_reg_4714         |   32|   0|   32|          0|
    |inp_image_59_load_reg_4722         |   32|   0|   32|          0|
    |inp_image_5_load_reg_4290          |   32|   0|   32|          0|
    |inp_image_60_load_reg_4730         |   32|   0|   32|          0|
    |inp_image_61_load_reg_4738         |   32|   0|   32|          0|
    |inp_image_62_load_reg_4746         |   32|   0|   32|          0|
    |inp_image_63_load_reg_4754         |   32|   0|   32|          0|
    |inp_image_64_load_reg_4762         |   32|   0|   32|          0|
    |inp_image_65_load_reg_4770         |   32|   0|   32|          0|
    |inp_image_66_load_reg_4778         |   32|   0|   32|          0|
    |inp_image_67_load_reg_4786         |   32|   0|   32|          0|
    |inp_image_68_load_reg_4794         |   32|   0|   32|          0|
    |inp_image_69_load_reg_4802         |   32|   0|   32|          0|
    |inp_image_6_load_reg_4298          |   32|   0|   32|          0|
    |inp_image_70_load_reg_4810         |   32|   0|   32|          0|
    |inp_image_71_load_reg_4818         |   32|   0|   32|          0|
    |inp_image_72_load_reg_4826         |   32|   0|   32|          0|
    |inp_image_73_load_reg_4834         |   32|   0|   32|          0|
    |inp_image_74_load_reg_4842         |   32|   0|   32|          0|
    |inp_image_75_load_reg_4850         |   32|   0|   32|          0|
    |inp_image_76_load_reg_4858         |   32|   0|   32|          0|
    |inp_image_77_load_reg_4866         |   32|   0|   32|          0|
    |inp_image_78_load_reg_4874         |   32|   0|   32|          0|
    |inp_image_79_load_reg_4882         |   32|   0|   32|          0|
    |inp_image_7_load_reg_4306          |   32|   0|   32|          0|
    |inp_image_80_load_reg_4890         |   32|   0|   32|          0|
    |inp_image_81_load_reg_4898         |   32|   0|   32|          0|
    |inp_image_82_load_reg_4906         |   32|   0|   32|          0|
    |inp_image_83_load_reg_4914         |   32|   0|   32|          0|
    |inp_image_84_load_reg_4922         |   32|   0|   32|          0|
    |inp_image_85_load_reg_4930         |   32|   0|   32|          0|
    |inp_image_86_load_reg_4938         |   32|   0|   32|          0|
    |inp_image_87_load_reg_4946         |   32|   0|   32|          0|
    |inp_image_88_load_reg_4954         |   32|   0|   32|          0|
    |inp_image_89_load_reg_4962         |   32|   0|   32|          0|
    |inp_image_8_load_reg_4314          |   32|   0|   32|          0|
    |inp_image_90_load_reg_4970         |   32|   0|   32|          0|
    |inp_image_91_load_reg_4978         |   32|   0|   32|          0|
    |inp_image_92_load_reg_4996         |   32|   0|   32|          0|
    |inp_image_93_load_reg_5013         |   32|   0|   32|          0|
    |inp_image_94_load_reg_5035         |   32|   0|   32|          0|
    |inp_image_9_load_reg_4322          |   32|   0|   32|          0|
    |mul7_reg_5120                      |   64|   0|   64|          0|
    |mul_ln101_reg_3782                 |   10|   0|   10|          0|
    |select_ln90_1_reg_4255             |    7|   0|    7|          0|
    |tmp_45_reg_5030                    |   32|   0|   32|          0|
    |tmp_46_reg_5060                    |   32|   0|   32|          0|
    |tmp_47_reg_5085                    |   32|   0|   32|          0|
    |tmp_48_reg_5095                    |   32|   0|   32|          0|
    |tmp_49_reg_5105                    |   32|   0|   32|          0|
    |tmp_50_reg_5135                    |   32|   0|   32|          0|
    |x_assign_2_reg_5019                |   32|   0|   32|          0|
    |x_fu_458                           |    5|   0|    5|          0|
    |y_7_mid2_reg_3777                  |    5|   0|    5|          0|
    |y_fu_454                           |    5|   0|    5|          0|
    |zext_ln101_2_reg_3787              |   10|   0|   64|         54|
    |add_ln102_reg_5075                 |   64|  32|   17|          0|
    |inp_image_10_load_reg_4330         |   64|  32|   32|          0|
    |inp_image_11_load_reg_4338         |   64|  32|   32|          0|
    |inp_image_12_load_reg_4346         |   64|  32|   32|          0|
    |inp_image_13_load_reg_4354         |   64|  32|   32|          0|
    |inp_image_14_load_reg_4362         |   64|  32|   32|          0|
    |inp_image_15_load_reg_4370         |   64|  32|   32|          0|
    |inp_image_16_load_reg_4378         |   64|  32|   32|          0|
    |inp_image_17_load_reg_4386         |   64|  32|   32|          0|
    |inp_image_18_load_reg_4394         |   64|  32|   32|          0|
    |inp_image_19_load_reg_4402         |   64|  32|   32|          0|
    |inp_image_1_load_reg_4264          |   64|  32|   32|          0|
    |inp_image_20_load_reg_4410         |   64|  32|   32|          0|
    |inp_image_21_load_reg_4418         |   64|  32|   32|          0|
    |inp_image_22_load_reg_4426         |   64|  32|   32|          0|
    |inp_image_23_load_reg_4434         |   64|  32|   32|          0|
    |inp_image_24_load_reg_4442         |   64|  32|   32|          0|
    |inp_image_25_load_reg_4450         |   64|  32|   32|          0|
    |inp_image_26_load_reg_4458         |   64|  32|   32|          0|
    |inp_image_27_load_reg_4466         |   64|  32|   32|          0|
    |inp_image_28_load_reg_4474         |   64|  32|   32|          0|
    |inp_image_29_load_reg_4482         |   64|  32|   32|          0|
    |inp_image_2_load_reg_4269          |   64|  32|   32|          0|
    |inp_image_30_load_reg_4490         |   64|  32|   32|          0|
    |inp_image_31_load_reg_4498         |   64|  32|   32|          0|
    |inp_image_32_load_reg_4506         |   64|  32|   32|          0|
    |inp_image_33_load_reg_4514         |   64|  32|   32|          0|
    |inp_image_34_load_reg_4522         |   64|  32|   32|          0|
    |inp_image_35_load_reg_4530         |   64|  32|   32|          0|
    |inp_image_36_load_reg_4538         |   64|  32|   32|          0|
    |inp_image_37_load_reg_4546         |   64|  32|   32|          0|
    |inp_image_38_load_reg_4554         |   64|  32|   32|          0|
    |inp_image_39_load_reg_4562         |   64|  32|   32|          0|
    |inp_image_3_load_reg_4275          |   64|  32|   32|          0|
    |inp_image_40_load_reg_4570         |   64|  32|   32|          0|
    |inp_image_41_load_reg_4578         |   64|  32|   32|          0|
    |inp_image_42_load_reg_4586         |   64|  32|   32|          0|
    |inp_image_43_load_reg_4594         |   64|  32|   32|          0|
    |inp_image_44_load_reg_4602         |   64|  32|   32|          0|
    |inp_image_45_load_reg_4610         |   64|  32|   32|          0|
    |inp_image_46_load_reg_4618         |   64|  32|   32|          0|
    |inp_image_47_load_reg_4626         |   64|  32|   32|          0|
    |inp_image_48_load_reg_4634         |   64|  32|   32|          0|
    |inp_image_49_load_reg_4642         |   64|  32|   32|          0|
    |inp_image_4_load_reg_4282          |   64|  32|   32|          0|
    |inp_image_50_load_reg_4650         |   64|  32|   32|          0|
    |inp_image_51_load_reg_4658         |   64|  32|   32|          0|
    |inp_image_52_load_reg_4666         |   64|  32|   32|          0|
    |inp_image_53_load_reg_4674         |   64|  32|   32|          0|
    |inp_image_54_load_reg_4682         |   64|  32|   32|          0|
    |inp_image_55_load_reg_4690         |   64|  32|   32|          0|
    |inp_image_56_load_reg_4698         |   64|  32|   32|          0|
    |inp_image_57_load_reg_4706         |   64|  32|   32|          0|
    |inp_image_58_load_reg_4714         |   64|  32|   32|          0|
    |inp_image_59_load_reg_4722         |   64|  32|   32|          0|
    |inp_image_5_load_reg_4290          |   64|  32|   32|          0|
    |inp_image_60_load_reg_4730         |   64|  32|   32|          0|
    |inp_image_61_load_reg_4738         |   64|  32|   32|          0|
    |inp_image_62_load_reg_4746         |   64|  32|   32|          0|
    |inp_image_63_load_reg_4754         |   64|  32|   32|          0|
    |inp_image_64_load_reg_4762         |   64|  32|   32|          0|
    |inp_image_65_load_reg_4770         |   64|  32|   32|          0|
    |inp_image_66_load_reg_4778         |   64|  32|   32|          0|
    |inp_image_67_load_reg_4786         |   64|  32|   32|          0|
    |inp_image_68_load_reg_4794         |   64|  32|   32|          0|
    |inp_image_69_load_reg_4802         |   64|  32|   32|          0|
    |inp_image_6_load_reg_4298          |   64|  32|   32|          0|
    |inp_image_70_load_reg_4810         |   64|  32|   32|          0|
    |inp_image_71_load_reg_4818         |   64|  32|   32|          0|
    |inp_image_72_load_reg_4826         |   64|  32|   32|          0|
    |inp_image_73_load_reg_4834         |   64|  32|   32|          0|
    |inp_image_74_load_reg_4842         |   64|  32|   32|          0|
    |inp_image_75_load_reg_4850         |   64|  32|   32|          0|
    |inp_image_76_load_reg_4858         |   64|  32|   32|          0|
    |inp_image_77_load_reg_4866         |   64|  32|   32|          0|
    |inp_image_78_load_reg_4874         |   64|  32|   32|          0|
    |inp_image_79_load_reg_4882         |   64|  32|   32|          0|
    |inp_image_7_load_reg_4306          |   64|  32|   32|          0|
    |inp_image_80_load_reg_4890         |   64|  32|   32|          0|
    |inp_image_81_load_reg_4898         |   64|  32|   32|          0|
    |inp_image_82_load_reg_4906         |   64|  32|   32|          0|
    |inp_image_83_load_reg_4914         |   64|  32|   32|          0|
    |inp_image_84_load_reg_4922         |   64|  32|   32|          0|
    |inp_image_85_load_reg_4930         |   64|  32|   32|          0|
    |inp_image_86_load_reg_4938         |   64|  32|   32|          0|
    |inp_image_87_load_reg_4946         |   64|  32|   32|          0|
    |inp_image_88_load_reg_4954         |   64|  32|   32|          0|
    |inp_image_89_load_reg_4962         |   64|  32|   32|          0|
    |inp_image_8_load_reg_4314          |   64|  32|   32|          0|
    |inp_image_90_load_reg_4970         |   64|  32|   32|          0|
    |inp_image_91_load_reg_4978         |   64|  32|   32|          0|
    |inp_image_92_load_reg_4996         |   64|  32|   32|          0|
    |inp_image_93_load_reg_5013         |   64|  32|   32|          0|
    |inp_image_94_load_reg_5035         |   64|  32|   32|          0|
    |inp_image_9_load_reg_4322          |   64|  32|   32|          0|
    |mul_ln101_reg_3782                 |   64|  32|   10|          0|
    |select_ln90_1_reg_4255             |   64|  32|    7|          0|
    |x_assign_2_reg_5019                |   64|  32|   32|          0|
    |y_7_mid2_reg_3777                  |   64|  32|    5|          0|
    |zext_ln101_2_reg_3787              |   64|  32|   64|         54|
    +-----------------------------------+-----+----+-----+-----------+
    |Total                              |10250|3200| 7047|        108|
    +-----------------------------------+-----+----+-----+-----------+



================================================================
== Interface
================================================================
* Summary: 
+----------------------------------------+-----+-----+------------+--------------------------+--------------+
|                RTL Ports               | Dir | Bits|  Protocol  |       Source Object      |    C Type    |
+----------------------------------------+-----+-----+------------+--------------------------+--------------+
|ap_clk                                  |   in|    1|  ap_ctrl_hs|  norm1_Pipeline_L8_L9_L10|  return value|
|ap_rst                                  |   in|    1|  ap_ctrl_hs|  norm1_Pipeline_L8_L9_L10|  return value|
|ap_start                                |   in|    1|  ap_ctrl_hs|  norm1_Pipeline_L8_L9_L10|  return value|
|ap_done                                 |  out|    1|  ap_ctrl_hs|  norm1_Pipeline_L8_L9_L10|  return value|
|ap_idle                                 |  out|    1|  ap_ctrl_hs|  norm1_Pipeline_L8_L9_L10|  return value|
|ap_ready                                |  out|    1|  ap_ctrl_hs|  norm1_Pipeline_L8_L9_L10|  return value|
|grp_fu_824_p_din0                       |  out|   32|  ap_ctrl_hs|  norm1_Pipeline_L8_L9_L10|  return value|
|grp_fu_824_p_din1                       |  out|   32|  ap_ctrl_hs|  norm1_Pipeline_L8_L9_L10|  return value|
|grp_fu_824_p_opcode                     |  out|    2|  ap_ctrl_hs|  norm1_Pipeline_L8_L9_L10|  return value|
|grp_fu_824_p_dout0                      |   in|   32|  ap_ctrl_hs|  norm1_Pipeline_L8_L9_L10|  return value|
|grp_fu_824_p_ce                         |  out|    1|  ap_ctrl_hs|  norm1_Pipeline_L8_L9_L10|  return value|
|grp_fu_828_p_din0                       |  out|   32|  ap_ctrl_hs|  norm1_Pipeline_L8_L9_L10|  return value|
|grp_fu_828_p_din1                       |  out|   32|  ap_ctrl_hs|  norm1_Pipeline_L8_L9_L10|  return value|
|grp_fu_828_p_opcode                     |  out|    2|  ap_ctrl_hs|  norm1_Pipeline_L8_L9_L10|  return value|
|grp_fu_828_p_dout0                      |   in|   32|  ap_ctrl_hs|  norm1_Pipeline_L8_L9_L10|  return value|
|grp_fu_828_p_ce                         |  out|    1|  ap_ctrl_hs|  norm1_Pipeline_L8_L9_L10|  return value|
|grp_fu_832_p_din0                       |  out|   32|  ap_ctrl_hs|  norm1_Pipeline_L8_L9_L10|  return value|
|grp_fu_832_p_din1                       |  out|   32|  ap_ctrl_hs|  norm1_Pipeline_L8_L9_L10|  return value|
|grp_fu_832_p_opcode                     |  out|    2|  ap_ctrl_hs|  norm1_Pipeline_L8_L9_L10|  return value|
|grp_fu_832_p_dout0                      |   in|   32|  ap_ctrl_hs|  norm1_Pipeline_L8_L9_L10|  return value|
|grp_fu_832_p_ce                         |  out|    1|  ap_ctrl_hs|  norm1_Pipeline_L8_L9_L10|  return value|
|grp_fu_902_p_din0                       |  out|   32|  ap_ctrl_hs|  norm1_Pipeline_L8_L9_L10|  return value|
|grp_fu_902_p_din1                       |  out|   32|  ap_ctrl_hs|  norm1_Pipeline_L8_L9_L10|  return value|
|grp_fu_902_p_opcode                     |  out|    2|  ap_ctrl_hs|  norm1_Pipeline_L8_L9_L10|  return value|
|grp_fu_902_p_dout0                      |   in|   32|  ap_ctrl_hs|  norm1_Pipeline_L8_L9_L10|  return value|
|grp_fu_902_p_ce                         |  out|    1|  ap_ctrl_hs|  norm1_Pipeline_L8_L9_L10|  return value|
|grp_fu_918_p_din0                       |  out|   32|  ap_ctrl_hs|  norm1_Pipeline_L8_L9_L10|  return value|
|grp_fu_918_p_din1                       |  out|   32|  ap_ctrl_hs|  norm1_Pipeline_L8_L9_L10|  return value|
|grp_fu_918_p_opcode                     |  out|    2|  ap_ctrl_hs|  norm1_Pipeline_L8_L9_L10|  return value|
|grp_fu_918_p_dout0                      |   in|   32|  ap_ctrl_hs|  norm1_Pipeline_L8_L9_L10|  return value|
|grp_fu_918_p_ce                         |  out|    1|  ap_ctrl_hs|  norm1_Pipeline_L8_L9_L10|  return value|
|grp_fu_836_p_din0                       |  out|   32|  ap_ctrl_hs|  norm1_Pipeline_L8_L9_L10|  return value|
|grp_fu_836_p_din1                       |  out|   32|  ap_ctrl_hs|  norm1_Pipeline_L8_L9_L10|  return value|
|grp_fu_836_p_dout0                      |   in|   32|  ap_ctrl_hs|  norm1_Pipeline_L8_L9_L10|  return value|
|grp_fu_836_p_ce                         |  out|    1|  ap_ctrl_hs|  norm1_Pipeline_L8_L9_L10|  return value|
|grp_fu_840_p_din0                       |  out|   64|  ap_ctrl_hs|  norm1_Pipeline_L8_L9_L10|  return value|
|grp_fu_840_p_dout0                      |   in|   32|  ap_ctrl_hs|  norm1_Pipeline_L8_L9_L10|  return value|
|grp_fu_840_p_ce                         |  out|    1|  ap_ctrl_hs|  norm1_Pipeline_L8_L9_L10|  return value|
|grp_fu_843_p_din0                       |  out|   32|  ap_ctrl_hs|  norm1_Pipeline_L8_L9_L10|  return value|
|grp_fu_843_p_dout0                      |   in|   64|  ap_ctrl_hs|  norm1_Pipeline_L8_L9_L10|  return value|
|grp_fu_843_p_ce                         |  out|    1|  ap_ctrl_hs|  norm1_Pipeline_L8_L9_L10|  return value|
|grp_fu_846_p_din0                       |  out|   64|  ap_ctrl_hs|  norm1_Pipeline_L8_L9_L10|  return value|
|grp_fu_846_p_din1                       |  out|   64|  ap_ctrl_hs|  norm1_Pipeline_L8_L9_L10|  return value|
|grp_fu_846_p_opcode                     |  out|    2|  ap_ctrl_hs|  norm1_Pipeline_L8_L9_L10|  return value|
|grp_fu_846_p_dout0                      |   in|   64|  ap_ctrl_hs|  norm1_Pipeline_L8_L9_L10|  return value|
|grp_fu_846_p_ce                         |  out|    1|  ap_ctrl_hs|  norm1_Pipeline_L8_L9_L10|  return value|
|grp_fu_850_p_din0                       |  out|   64|  ap_ctrl_hs|  norm1_Pipeline_L8_L9_L10|  return value|
|grp_fu_850_p_din1                       |  out|   64|  ap_ctrl_hs|  norm1_Pipeline_L8_L9_L10|  return value|
|grp_fu_850_p_dout0                      |   in|   64|  ap_ctrl_hs|  norm1_Pipeline_L8_L9_L10|  return value|
|grp_fu_850_p_ce                         |  out|    1|  ap_ctrl_hs|  norm1_Pipeline_L8_L9_L10|  return value|
|grp_pow_generic_float_s_fu_854_p_din1   |  out|   32|  ap_ctrl_hs|  norm1_Pipeline_L8_L9_L10|  return value|
|grp_pow_generic_float_s_fu_854_p_din2   |  out|   32|  ap_ctrl_hs|  norm1_Pipeline_L8_L9_L10|  return value|
|grp_pow_generic_float_s_fu_854_p_dout0  |   in|   32|  ap_ctrl_hs|  norm1_Pipeline_L8_L9_L10|  return value|
|grp_pow_generic_float_s_fu_866_p_din1   |  out|   32|  ap_ctrl_hs|  norm1_Pipeline_L8_L9_L10|  return value|
|grp_pow_generic_float_s_fu_866_p_din2   |  out|   32|  ap_ctrl_hs|  norm1_Pipeline_L8_L9_L10|  return value|
|grp_pow_generic_float_s_fu_866_p_dout0  |   in|   32|  ap_ctrl_hs|  norm1_Pipeline_L8_L9_L10|  return value|
|grp_pow_generic_float_s_fu_878_p_din1   |  out|   32|  ap_ctrl_hs|  norm1_Pipeline_L8_L9_L10|  return value|
|grp_pow_generic_float_s_fu_878_p_din2   |  out|   32|  ap_ctrl_hs|  norm1_Pipeline_L8_L9_L10|  return value|
|grp_pow_generic_float_s_fu_878_p_dout0  |   in|   32|  ap_ctrl_hs|  norm1_Pipeline_L8_L9_L10|  return value|
|grp_pow_generic_float_s_fu_890_p_din1   |  out|   32|  ap_ctrl_hs|  norm1_Pipeline_L8_L9_L10|  return value|
|grp_pow_generic_float_s_fu_890_p_din2   |  out|   32|  ap_ctrl_hs|  norm1_Pipeline_L8_L9_L10|  return value|
|grp_pow_generic_float_s_fu_890_p_dout0  |   in|   32|  ap_ctrl_hs|  norm1_Pipeline_L8_L9_L10|  return value|
|grp_pow_generic_float_s_fu_906_p_din1   |  out|   32|  ap_ctrl_hs|  norm1_Pipeline_L8_L9_L10|  return value|
|grp_pow_generic_float_s_fu_906_p_din2   |  out|   32|  ap_ctrl_hs|  norm1_Pipeline_L8_L9_L10|  return value|
|grp_pow_generic_float_s_fu_906_p_dout0  |   in|   32|  ap_ctrl_hs|  norm1_Pipeline_L8_L9_L10|  return value|
|grp_pow_generic_float_s_fu_922_p_din1   |  out|   32|  ap_ctrl_hs|  norm1_Pipeline_L8_L9_L10|  return value|
|grp_pow_generic_float_s_fu_922_p_din2   |  out|   32|  ap_ctrl_hs|  norm1_Pipeline_L8_L9_L10|  return value|
|grp_pow_generic_float_s_fu_922_p_dout0  |   in|   32|  ap_ctrl_hs|  norm1_Pipeline_L8_L9_L10|  return value|
|inp_image_address0                      |  out|   10|   ap_memory|                 inp_image|         array|
|inp_image_ce0                           |  out|    1|   ap_memory|                 inp_image|         array|
|inp_image_q0                            |   in|   32|   ap_memory|                 inp_image|         array|
|inp_image_1_address0                    |  out|   10|   ap_memory|               inp_image_1|         array|
|inp_image_1_ce0                         |  out|    1|   ap_memory|               inp_image_1|         array|
|inp_image_1_q0                          |   in|   32|   ap_memory|               inp_image_1|         array|
|inp_image_2_address0                    |  out|   10|   ap_memory|               inp_image_2|         array|
|inp_image_2_ce0                         |  out|    1|   ap_memory|               inp_image_2|         array|
|inp_image_2_q0                          |   in|   32|   ap_memory|               inp_image_2|         array|
|inp_image_3_address0                    |  out|   10|   ap_memory|               inp_image_3|         array|
|inp_image_3_ce0                         |  out|    1|   ap_memory|               inp_image_3|         array|
|inp_image_3_q0                          |   in|   32|   ap_memory|               inp_image_3|         array|
|inp_image_4_address0                    |  out|   10|   ap_memory|               inp_image_4|         array|
|inp_image_4_ce0                         |  out|    1|   ap_memory|               inp_image_4|         array|
|inp_image_4_q0                          |   in|   32|   ap_memory|               inp_image_4|         array|
|inp_image_5_address0                    |  out|   10|   ap_memory|               inp_image_5|         array|
|inp_image_5_ce0                         |  out|    1|   ap_memory|               inp_image_5|         array|
|inp_image_5_q0                          |   in|   32|   ap_memory|               inp_image_5|         array|
|inp_image_6_address0                    |  out|   10|   ap_memory|               inp_image_6|         array|
|inp_image_6_ce0                         |  out|    1|   ap_memory|               inp_image_6|         array|
|inp_image_6_q0                          |   in|   32|   ap_memory|               inp_image_6|         array|
|inp_image_7_address0                    |  out|   10|   ap_memory|               inp_image_7|         array|
|inp_image_7_ce0                         |  out|    1|   ap_memory|               inp_image_7|         array|
|inp_image_7_q0                          |   in|   32|   ap_memory|               inp_image_7|         array|
|inp_image_8_address0                    |  out|   10|   ap_memory|               inp_image_8|         array|
|inp_image_8_ce0                         |  out|    1|   ap_memory|               inp_image_8|         array|
|inp_image_8_q0                          |   in|   32|   ap_memory|               inp_image_8|         array|
|inp_image_9_address0                    |  out|   10|   ap_memory|               inp_image_9|         array|
|inp_image_9_ce0                         |  out|    1|   ap_memory|               inp_image_9|         array|
|inp_image_9_q0                          |   in|   32|   ap_memory|               inp_image_9|         array|
|inp_image_10_address0                   |  out|   10|   ap_memory|              inp_image_10|         array|
|inp_image_10_ce0                        |  out|    1|   ap_memory|              inp_image_10|         array|
|inp_image_10_q0                         |   in|   32|   ap_memory|              inp_image_10|         array|
|inp_image_11_address0                   |  out|   10|   ap_memory|              inp_image_11|         array|
|inp_image_11_ce0                        |  out|    1|   ap_memory|              inp_image_11|         array|
|inp_image_11_q0                         |   in|   32|   ap_memory|              inp_image_11|         array|
|inp_image_12_address0                   |  out|   10|   ap_memory|              inp_image_12|         array|
|inp_image_12_ce0                        |  out|    1|   ap_memory|              inp_image_12|         array|
|inp_image_12_q0                         |   in|   32|   ap_memory|              inp_image_12|         array|
|inp_image_13_address0                   |  out|   10|   ap_memory|              inp_image_13|         array|
|inp_image_13_ce0                        |  out|    1|   ap_memory|              inp_image_13|         array|
|inp_image_13_q0                         |   in|   32|   ap_memory|              inp_image_13|         array|
|inp_image_14_address0                   |  out|   10|   ap_memory|              inp_image_14|         array|
|inp_image_14_ce0                        |  out|    1|   ap_memory|              inp_image_14|         array|
|inp_image_14_q0                         |   in|   32|   ap_memory|              inp_image_14|         array|
|inp_image_15_address0                   |  out|   10|   ap_memory|              inp_image_15|         array|
|inp_image_15_ce0                        |  out|    1|   ap_memory|              inp_image_15|         array|
|inp_image_15_q0                         |   in|   32|   ap_memory|              inp_image_15|         array|
|inp_image_16_address0                   |  out|   10|   ap_memory|              inp_image_16|         array|
|inp_image_16_ce0                        |  out|    1|   ap_memory|              inp_image_16|         array|
|inp_image_16_q0                         |   in|   32|   ap_memory|              inp_image_16|         array|
|inp_image_17_address0                   |  out|   10|   ap_memory|              inp_image_17|         array|
|inp_image_17_ce0                        |  out|    1|   ap_memory|              inp_image_17|         array|
|inp_image_17_q0                         |   in|   32|   ap_memory|              inp_image_17|         array|
|inp_image_18_address0                   |  out|   10|   ap_memory|              inp_image_18|         array|
|inp_image_18_ce0                        |  out|    1|   ap_memory|              inp_image_18|         array|
|inp_image_18_q0                         |   in|   32|   ap_memory|              inp_image_18|         array|
|inp_image_19_address0                   |  out|   10|   ap_memory|              inp_image_19|         array|
|inp_image_19_ce0                        |  out|    1|   ap_memory|              inp_image_19|         array|
|inp_image_19_q0                         |   in|   32|   ap_memory|              inp_image_19|         array|
|inp_image_20_address0                   |  out|   10|   ap_memory|              inp_image_20|         array|
|inp_image_20_ce0                        |  out|    1|   ap_memory|              inp_image_20|         array|
|inp_image_20_q0                         |   in|   32|   ap_memory|              inp_image_20|         array|
|inp_image_21_address0                   |  out|   10|   ap_memory|              inp_image_21|         array|
|inp_image_21_ce0                        |  out|    1|   ap_memory|              inp_image_21|         array|
|inp_image_21_q0                         |   in|   32|   ap_memory|              inp_image_21|         array|
|inp_image_22_address0                   |  out|   10|   ap_memory|              inp_image_22|         array|
|inp_image_22_ce0                        |  out|    1|   ap_memory|              inp_image_22|         array|
|inp_image_22_q0                         |   in|   32|   ap_memory|              inp_image_22|         array|
|inp_image_23_address0                   |  out|   10|   ap_memory|              inp_image_23|         array|
|inp_image_23_ce0                        |  out|    1|   ap_memory|              inp_image_23|         array|
|inp_image_23_q0                         |   in|   32|   ap_memory|              inp_image_23|         array|
|inp_image_24_address0                   |  out|   10|   ap_memory|              inp_image_24|         array|
|inp_image_24_ce0                        |  out|    1|   ap_memory|              inp_image_24|         array|
|inp_image_24_q0                         |   in|   32|   ap_memory|              inp_image_24|         array|
|inp_image_25_address0                   |  out|   10|   ap_memory|              inp_image_25|         array|
|inp_image_25_ce0                        |  out|    1|   ap_memory|              inp_image_25|         array|
|inp_image_25_q0                         |   in|   32|   ap_memory|              inp_image_25|         array|
|inp_image_26_address0                   |  out|   10|   ap_memory|              inp_image_26|         array|
|inp_image_26_ce0                        |  out|    1|   ap_memory|              inp_image_26|         array|
|inp_image_26_q0                         |   in|   32|   ap_memory|              inp_image_26|         array|
|inp_image_27_address0                   |  out|   10|   ap_memory|              inp_image_27|         array|
|inp_image_27_ce0                        |  out|    1|   ap_memory|              inp_image_27|         array|
|inp_image_27_q0                         |   in|   32|   ap_memory|              inp_image_27|         array|
|inp_image_28_address0                   |  out|   10|   ap_memory|              inp_image_28|         array|
|inp_image_28_ce0                        |  out|    1|   ap_memory|              inp_image_28|         array|
|inp_image_28_q0                         |   in|   32|   ap_memory|              inp_image_28|         array|
|inp_image_29_address0                   |  out|   10|   ap_memory|              inp_image_29|         array|
|inp_image_29_ce0                        |  out|    1|   ap_memory|              inp_image_29|         array|
|inp_image_29_q0                         |   in|   32|   ap_memory|              inp_image_29|         array|
|inp_image_30_address0                   |  out|   10|   ap_memory|              inp_image_30|         array|
|inp_image_30_ce0                        |  out|    1|   ap_memory|              inp_image_30|         array|
|inp_image_30_q0                         |   in|   32|   ap_memory|              inp_image_30|         array|
|inp_image_31_address0                   |  out|   10|   ap_memory|              inp_image_31|         array|
|inp_image_31_ce0                        |  out|    1|   ap_memory|              inp_image_31|         array|
|inp_image_31_q0                         |   in|   32|   ap_memory|              inp_image_31|         array|
|inp_image_32_address0                   |  out|   10|   ap_memory|              inp_image_32|         array|
|inp_image_32_ce0                        |  out|    1|   ap_memory|              inp_image_32|         array|
|inp_image_32_q0                         |   in|   32|   ap_memory|              inp_image_32|         array|
|inp_image_33_address0                   |  out|   10|   ap_memory|              inp_image_33|         array|
|inp_image_33_ce0                        |  out|    1|   ap_memory|              inp_image_33|         array|
|inp_image_33_q0                         |   in|   32|   ap_memory|              inp_image_33|         array|
|inp_image_34_address0                   |  out|   10|   ap_memory|              inp_image_34|         array|
|inp_image_34_ce0                        |  out|    1|   ap_memory|              inp_image_34|         array|
|inp_image_34_q0                         |   in|   32|   ap_memory|              inp_image_34|         array|
|inp_image_35_address0                   |  out|   10|   ap_memory|              inp_image_35|         array|
|inp_image_35_ce0                        |  out|    1|   ap_memory|              inp_image_35|         array|
|inp_image_35_q0                         |   in|   32|   ap_memory|              inp_image_35|         array|
|inp_image_36_address0                   |  out|   10|   ap_memory|              inp_image_36|         array|
|inp_image_36_ce0                        |  out|    1|   ap_memory|              inp_image_36|         array|
|inp_image_36_q0                         |   in|   32|   ap_memory|              inp_image_36|         array|
|inp_image_37_address0                   |  out|   10|   ap_memory|              inp_image_37|         array|
|inp_image_37_ce0                        |  out|    1|   ap_memory|              inp_image_37|         array|
|inp_image_37_q0                         |   in|   32|   ap_memory|              inp_image_37|         array|
|inp_image_38_address0                   |  out|   10|   ap_memory|              inp_image_38|         array|
|inp_image_38_ce0                        |  out|    1|   ap_memory|              inp_image_38|         array|
|inp_image_38_q0                         |   in|   32|   ap_memory|              inp_image_38|         array|
|inp_image_39_address0                   |  out|   10|   ap_memory|              inp_image_39|         array|
|inp_image_39_ce0                        |  out|    1|   ap_memory|              inp_image_39|         array|
|inp_image_39_q0                         |   in|   32|   ap_memory|              inp_image_39|         array|
|inp_image_40_address0                   |  out|   10|   ap_memory|              inp_image_40|         array|
|inp_image_40_ce0                        |  out|    1|   ap_memory|              inp_image_40|         array|
|inp_image_40_q0                         |   in|   32|   ap_memory|              inp_image_40|         array|
|inp_image_41_address0                   |  out|   10|   ap_memory|              inp_image_41|         array|
|inp_image_41_ce0                        |  out|    1|   ap_memory|              inp_image_41|         array|
|inp_image_41_q0                         |   in|   32|   ap_memory|              inp_image_41|         array|
|inp_image_42_address0                   |  out|   10|   ap_memory|              inp_image_42|         array|
|inp_image_42_ce0                        |  out|    1|   ap_memory|              inp_image_42|         array|
|inp_image_42_q0                         |   in|   32|   ap_memory|              inp_image_42|         array|
|inp_image_43_address0                   |  out|   10|   ap_memory|              inp_image_43|         array|
|inp_image_43_ce0                        |  out|    1|   ap_memory|              inp_image_43|         array|
|inp_image_43_q0                         |   in|   32|   ap_memory|              inp_image_43|         array|
|inp_image_44_address0                   |  out|   10|   ap_memory|              inp_image_44|         array|
|inp_image_44_ce0                        |  out|    1|   ap_memory|              inp_image_44|         array|
|inp_image_44_q0                         |   in|   32|   ap_memory|              inp_image_44|         array|
|inp_image_45_address0                   |  out|   10|   ap_memory|              inp_image_45|         array|
|inp_image_45_ce0                        |  out|    1|   ap_memory|              inp_image_45|         array|
|inp_image_45_q0                         |   in|   32|   ap_memory|              inp_image_45|         array|
|inp_image_46_address0                   |  out|   10|   ap_memory|              inp_image_46|         array|
|inp_image_46_ce0                        |  out|    1|   ap_memory|              inp_image_46|         array|
|inp_image_46_q0                         |   in|   32|   ap_memory|              inp_image_46|         array|
|inp_image_47_address0                   |  out|   10|   ap_memory|              inp_image_47|         array|
|inp_image_47_ce0                        |  out|    1|   ap_memory|              inp_image_47|         array|
|inp_image_47_q0                         |   in|   32|   ap_memory|              inp_image_47|         array|
|inp_image_48_address0                   |  out|   10|   ap_memory|              inp_image_48|         array|
|inp_image_48_ce0                        |  out|    1|   ap_memory|              inp_image_48|         array|
|inp_image_48_q0                         |   in|   32|   ap_memory|              inp_image_48|         array|
|inp_image_49_address0                   |  out|   10|   ap_memory|              inp_image_49|         array|
|inp_image_49_ce0                        |  out|    1|   ap_memory|              inp_image_49|         array|
|inp_image_49_q0                         |   in|   32|   ap_memory|              inp_image_49|         array|
|inp_image_50_address0                   |  out|   10|   ap_memory|              inp_image_50|         array|
|inp_image_50_ce0                        |  out|    1|   ap_memory|              inp_image_50|         array|
|inp_image_50_q0                         |   in|   32|   ap_memory|              inp_image_50|         array|
|inp_image_51_address0                   |  out|   10|   ap_memory|              inp_image_51|         array|
|inp_image_51_ce0                        |  out|    1|   ap_memory|              inp_image_51|         array|
|inp_image_51_q0                         |   in|   32|   ap_memory|              inp_image_51|         array|
|inp_image_52_address0                   |  out|   10|   ap_memory|              inp_image_52|         array|
|inp_image_52_ce0                        |  out|    1|   ap_memory|              inp_image_52|         array|
|inp_image_52_q0                         |   in|   32|   ap_memory|              inp_image_52|         array|
|inp_image_53_address0                   |  out|   10|   ap_memory|              inp_image_53|         array|
|inp_image_53_ce0                        |  out|    1|   ap_memory|              inp_image_53|         array|
|inp_image_53_q0                         |   in|   32|   ap_memory|              inp_image_53|         array|
|inp_image_54_address0                   |  out|   10|   ap_memory|              inp_image_54|         array|
|inp_image_54_ce0                        |  out|    1|   ap_memory|              inp_image_54|         array|
|inp_image_54_q0                         |   in|   32|   ap_memory|              inp_image_54|         array|
|inp_image_55_address0                   |  out|   10|   ap_memory|              inp_image_55|         array|
|inp_image_55_ce0                        |  out|    1|   ap_memory|              inp_image_55|         array|
|inp_image_55_q0                         |   in|   32|   ap_memory|              inp_image_55|         array|
|inp_image_56_address0                   |  out|   10|   ap_memory|              inp_image_56|         array|
|inp_image_56_ce0                        |  out|    1|   ap_memory|              inp_image_56|         array|
|inp_image_56_q0                         |   in|   32|   ap_memory|              inp_image_56|         array|
|inp_image_57_address0                   |  out|   10|   ap_memory|              inp_image_57|         array|
|inp_image_57_ce0                        |  out|    1|   ap_memory|              inp_image_57|         array|
|inp_image_57_q0                         |   in|   32|   ap_memory|              inp_image_57|         array|
|inp_image_58_address0                   |  out|   10|   ap_memory|              inp_image_58|         array|
|inp_image_58_ce0                        |  out|    1|   ap_memory|              inp_image_58|         array|
|inp_image_58_q0                         |   in|   32|   ap_memory|              inp_image_58|         array|
|inp_image_59_address0                   |  out|   10|   ap_memory|              inp_image_59|         array|
|inp_image_59_ce0                        |  out|    1|   ap_memory|              inp_image_59|         array|
|inp_image_59_q0                         |   in|   32|   ap_memory|              inp_image_59|         array|
|inp_image_60_address0                   |  out|   10|   ap_memory|              inp_image_60|         array|
|inp_image_60_ce0                        |  out|    1|   ap_memory|              inp_image_60|         array|
|inp_image_60_q0                         |   in|   32|   ap_memory|              inp_image_60|         array|
|inp_image_61_address0                   |  out|   10|   ap_memory|              inp_image_61|         array|
|inp_image_61_ce0                        |  out|    1|   ap_memory|              inp_image_61|         array|
|inp_image_61_q0                         |   in|   32|   ap_memory|              inp_image_61|         array|
|inp_image_62_address0                   |  out|   10|   ap_memory|              inp_image_62|         array|
|inp_image_62_ce0                        |  out|    1|   ap_memory|              inp_image_62|         array|
|inp_image_62_q0                         |   in|   32|   ap_memory|              inp_image_62|         array|
|inp_image_63_address0                   |  out|   10|   ap_memory|              inp_image_63|         array|
|inp_image_63_ce0                        |  out|    1|   ap_memory|              inp_image_63|         array|
|inp_image_63_q0                         |   in|   32|   ap_memory|              inp_image_63|         array|
|inp_image_64_address0                   |  out|   10|   ap_memory|              inp_image_64|         array|
|inp_image_64_ce0                        |  out|    1|   ap_memory|              inp_image_64|         array|
|inp_image_64_q0                         |   in|   32|   ap_memory|              inp_image_64|         array|
|inp_image_65_address0                   |  out|   10|   ap_memory|              inp_image_65|         array|
|inp_image_65_ce0                        |  out|    1|   ap_memory|              inp_image_65|         array|
|inp_image_65_q0                         |   in|   32|   ap_memory|              inp_image_65|         array|
|inp_image_66_address0                   |  out|   10|   ap_memory|              inp_image_66|         array|
|inp_image_66_ce0                        |  out|    1|   ap_memory|              inp_image_66|         array|
|inp_image_66_q0                         |   in|   32|   ap_memory|              inp_image_66|         array|
|inp_image_67_address0                   |  out|   10|   ap_memory|              inp_image_67|         array|
|inp_image_67_ce0                        |  out|    1|   ap_memory|              inp_image_67|         array|
|inp_image_67_q0                         |   in|   32|   ap_memory|              inp_image_67|         array|
|inp_image_68_address0                   |  out|   10|   ap_memory|              inp_image_68|         array|
|inp_image_68_ce0                        |  out|    1|   ap_memory|              inp_image_68|         array|
|inp_image_68_q0                         |   in|   32|   ap_memory|              inp_image_68|         array|
|inp_image_69_address0                   |  out|   10|   ap_memory|              inp_image_69|         array|
|inp_image_69_ce0                        |  out|    1|   ap_memory|              inp_image_69|         array|
|inp_image_69_q0                         |   in|   32|   ap_memory|              inp_image_69|         array|
|inp_image_70_address0                   |  out|   10|   ap_memory|              inp_image_70|         array|
|inp_image_70_ce0                        |  out|    1|   ap_memory|              inp_image_70|         array|
|inp_image_70_q0                         |   in|   32|   ap_memory|              inp_image_70|         array|
|inp_image_71_address0                   |  out|   10|   ap_memory|              inp_image_71|         array|
|inp_image_71_ce0                        |  out|    1|   ap_memory|              inp_image_71|         array|
|inp_image_71_q0                         |   in|   32|   ap_memory|              inp_image_71|         array|
|inp_image_72_address0                   |  out|   10|   ap_memory|              inp_image_72|         array|
|inp_image_72_ce0                        |  out|    1|   ap_memory|              inp_image_72|         array|
|inp_image_72_q0                         |   in|   32|   ap_memory|              inp_image_72|         array|
|inp_image_73_address0                   |  out|   10|   ap_memory|              inp_image_73|         array|
|inp_image_73_ce0                        |  out|    1|   ap_memory|              inp_image_73|         array|
|inp_image_73_q0                         |   in|   32|   ap_memory|              inp_image_73|         array|
|inp_image_74_address0                   |  out|   10|   ap_memory|              inp_image_74|         array|
|inp_image_74_ce0                        |  out|    1|   ap_memory|              inp_image_74|         array|
|inp_image_74_q0                         |   in|   32|   ap_memory|              inp_image_74|         array|
|inp_image_75_address0                   |  out|   10|   ap_memory|              inp_image_75|         array|
|inp_image_75_ce0                        |  out|    1|   ap_memory|              inp_image_75|         array|
|inp_image_75_q0                         |   in|   32|   ap_memory|              inp_image_75|         array|
|inp_image_76_address0                   |  out|   10|   ap_memory|              inp_image_76|         array|
|inp_image_76_ce0                        |  out|    1|   ap_memory|              inp_image_76|         array|
|inp_image_76_q0                         |   in|   32|   ap_memory|              inp_image_76|         array|
|inp_image_77_address0                   |  out|   10|   ap_memory|              inp_image_77|         array|
|inp_image_77_ce0                        |  out|    1|   ap_memory|              inp_image_77|         array|
|inp_image_77_q0                         |   in|   32|   ap_memory|              inp_image_77|         array|
|inp_image_78_address0                   |  out|   10|   ap_memory|              inp_image_78|         array|
|inp_image_78_ce0                        |  out|    1|   ap_memory|              inp_image_78|         array|
|inp_image_78_q0                         |   in|   32|   ap_memory|              inp_image_78|         array|
|inp_image_79_address0                   |  out|   10|   ap_memory|              inp_image_79|         array|
|inp_image_79_ce0                        |  out|    1|   ap_memory|              inp_image_79|         array|
|inp_image_79_q0                         |   in|   32|   ap_memory|              inp_image_79|         array|
|inp_image_80_address0                   |  out|   10|   ap_memory|              inp_image_80|         array|
|inp_image_80_ce0                        |  out|    1|   ap_memory|              inp_image_80|         array|
|inp_image_80_q0                         |   in|   32|   ap_memory|              inp_image_80|         array|
|inp_image_81_address0                   |  out|   10|   ap_memory|              inp_image_81|         array|
|inp_image_81_ce0                        |  out|    1|   ap_memory|              inp_image_81|         array|
|inp_image_81_q0                         |   in|   32|   ap_memory|              inp_image_81|         array|
|inp_image_82_address0                   |  out|   10|   ap_memory|              inp_image_82|         array|
|inp_image_82_ce0                        |  out|    1|   ap_memory|              inp_image_82|         array|
|inp_image_82_q0                         |   in|   32|   ap_memory|              inp_image_82|         array|
|inp_image_83_address0                   |  out|   10|   ap_memory|              inp_image_83|         array|
|inp_image_83_ce0                        |  out|    1|   ap_memory|              inp_image_83|         array|
|inp_image_83_q0                         |   in|   32|   ap_memory|              inp_image_83|         array|
|inp_image_84_address0                   |  out|   10|   ap_memory|              inp_image_84|         array|
|inp_image_84_ce0                        |  out|    1|   ap_memory|              inp_image_84|         array|
|inp_image_84_q0                         |   in|   32|   ap_memory|              inp_image_84|         array|
|inp_image_85_address0                   |  out|   10|   ap_memory|              inp_image_85|         array|
|inp_image_85_ce0                        |  out|    1|   ap_memory|              inp_image_85|         array|
|inp_image_85_q0                         |   in|   32|   ap_memory|              inp_image_85|         array|
|inp_image_86_address0                   |  out|   10|   ap_memory|              inp_image_86|         array|
|inp_image_86_ce0                        |  out|    1|   ap_memory|              inp_image_86|         array|
|inp_image_86_q0                         |   in|   32|   ap_memory|              inp_image_86|         array|
|inp_image_87_address0                   |  out|   10|   ap_memory|              inp_image_87|         array|
|inp_image_87_ce0                        |  out|    1|   ap_memory|              inp_image_87|         array|
|inp_image_87_q0                         |   in|   32|   ap_memory|              inp_image_87|         array|
|inp_image_88_address0                   |  out|   10|   ap_memory|              inp_image_88|         array|
|inp_image_88_ce0                        |  out|    1|   ap_memory|              inp_image_88|         array|
|inp_image_88_q0                         |   in|   32|   ap_memory|              inp_image_88|         array|
|inp_image_89_address0                   |  out|   10|   ap_memory|              inp_image_89|         array|
|inp_image_89_ce0                        |  out|    1|   ap_memory|              inp_image_89|         array|
|inp_image_89_q0                         |   in|   32|   ap_memory|              inp_image_89|         array|
|inp_image_90_address0                   |  out|   10|   ap_memory|              inp_image_90|         array|
|inp_image_90_ce0                        |  out|    1|   ap_memory|              inp_image_90|         array|
|inp_image_90_q0                         |   in|   32|   ap_memory|              inp_image_90|         array|
|inp_image_91_address0                   |  out|   10|   ap_memory|              inp_image_91|         array|
|inp_image_91_ce0                        |  out|    1|   ap_memory|              inp_image_91|         array|
|inp_image_91_q0                         |   in|   32|   ap_memory|              inp_image_91|         array|
|inp_image_92_address0                   |  out|   10|   ap_memory|              inp_image_92|         array|
|inp_image_92_ce0                        |  out|    1|   ap_memory|              inp_image_92|         array|
|inp_image_92_q0                         |   in|   32|   ap_memory|              inp_image_92|         array|
|inp_image_93_address0                   |  out|   10|   ap_memory|              inp_image_93|         array|
|inp_image_93_ce0                        |  out|    1|   ap_memory|              inp_image_93|         array|
|inp_image_93_q0                         |   in|   32|   ap_memory|              inp_image_93|         array|
|inp_image_94_address0                   |  out|   10|   ap_memory|              inp_image_94|         array|
|inp_image_94_ce0                        |  out|    1|   ap_memory|              inp_image_94|         array|
|inp_image_94_q0                         |   in|   32|   ap_memory|              inp_image_94|         array|
|inp_image_95_address0                   |  out|   10|   ap_memory|              inp_image_95|         array|
|inp_image_95_ce0                        |  out|    1|   ap_memory|              inp_image_95|         array|
|inp_image_95_q0                         |   in|   32|   ap_memory|              inp_image_95|         array|
|out_img_address0                        |  out|   17|   ap_memory|                   out_img|         array|
|out_img_ce0                             |  out|    1|   ap_memory|                   out_img|         array|
|out_img_we0                             |  out|    1|   ap_memory|                   out_img|         array|
|out_img_d0                              |  out|   32|   ap_memory|                   out_img|         array|
+----------------------------------------+-----+-----+------------+--------------------------+--------------+

