

================================================================
== Vitis HLS Report for 'norm2_Pipeline_L12_L13'
================================================================
* Date:           Sun Jan 26 21:44:40 2025

* Version:        2024.2 (Build 5238294 on Nov  8 2024)
* Project:        Alex_Net
* Solution:       NN (Vivado IP Flow Target)
* Product family: zynquplus
* Target device:  xczu7ev-ffvc1156-2-i


================================================================
== Performance Estimates
================================================================
+ Timing: 
    * Summary: 
    +--------+----------+----------+------------+
    |  Clock |  Target  | Estimated| Uncertainty|
    +--------+----------+----------+------------+
    |ap_clk  |  10.00 ns|  7.232 ns|     2.70 ns|
    +--------+----------+----------+------------+

+ Latency: 
    * Summary: 
    +---------+---------+----------+----------+-----+-----+------------------------------------------------+
    |  Latency (cycles) |  Latency (absolute) |  Interval |                    Pipeline                    |
    |   min   |   max   |    min   |    max   | min | max |                      Type                      |
    +---------+---------+----------+----------+-----+-----+------------------------------------------------+
    |      235|      235|  2.350 us|  2.350 us|  170|  170|  loop auto-rewind stp (delay=0 clock cycles(s))|
    +---------+---------+----------+----------+-----+-----+------------------------------------------------+

    + Detail: 
        * Instance: 
        +--------------------------------+---------------------+---------+---------+----------+----------+-----+-----+---------+
        |                                |                     |  Latency (cycles) |  Latency (absolute) |  Interval | Pipeline|
        |            Instance            |        Module       |   min   |   max   |    min   |    max   | min | max |   Type  |
        +--------------------------------+---------------------+---------+---------+----------+----------+-----+-----+---------+
        |grp_pow_generic_float_s_fu_149  |pow_generic_float_s  |       11|       11|  0.110 us|  0.110 us|    1|    1|      yes|
        |grp_pow_generic_float_s_fu_171  |pow_generic_float_s  |       11|       11|  0.110 us|  0.110 us|    1|    1|      yes|
        |grp_pow_generic_float_s_fu_193  |pow_generic_float_s  |       11|       11|  0.110 us|  0.110 us|    1|    1|      yes|
        |grp_pow_generic_float_s_fu_215  |pow_generic_float_s  |       11|       11|  0.110 us|  0.110 us|    1|    1|      yes|
        |grp_pow_generic_float_s_fu_237  |pow_generic_float_s  |       11|       11|  0.110 us|  0.110 us|    1|    1|      yes|
        +--------------------------------+---------------------+---------+---------+----------+----------+-----+-----+---------+

        * Loop: 
        +-----------+---------+---------+----------+-----------+-----------+------+----------+
        |           |  Latency (cycles) | Iteration|  Initiation Interval  | Trip |          |
        | Loop Name |   min   |   max   |  Latency |  achieved |   target  | Count| Pipelined|
        +-----------+---------+---------+----------+-----------+-----------+------+----------+
        |- L12_L13  |      233|      233|        66|          1|          1|   169|       yes|
        +-----------+---------+---------+----------+-----------+-----------+------+----------+



================================================================
== Utilization Estimates
================================================================
* Summary: 
+-----------------+---------+------+--------+--------+-----+
|       Name      | BRAM_18K|  DSP |   FF   |   LUT  | URAM|
+-----------------+---------+------+--------+--------+-----+
|DSP              |        -|     -|       -|       -|    -|
|Expression       |        -|     -|       0|     123|    -|
|FIFO             |        -|     -|       -|       -|    -|
|Instance         |        -|     0|       0|      17|    -|
|Memory           |        -|     -|       -|       -|    -|
|Multiplexer      |        -|     -|       0|      72|    -|
|Register         |        -|     -|     967|     128|    -|
+-----------------+---------+------+--------+--------+-----+
|Total            |        0|     0|     967|     340|    0|
+-----------------+---------+------+--------+--------+-----+
|Available        |      624|  1728|  460800|  230400|   96|
+-----------------+---------+------+--------+--------+-----+
|Utilization (%)  |        0|     0|      ~0|      ~0|    0|
+-----------------+---------+------+--------+--------+-----+

+ Detail: 
    * Instance: 
    +--------------------------+-------------------+---------+----+---+----+-----+
    |         Instance         |       Module      | BRAM_18K| DSP| FF| LUT| URAM|
    +--------------------------+-------------------+---------+----+---+----+-----+
    |mul_4ns_5ns_8_1_1_U11751  |mul_4ns_5ns_8_1_1  |        0|   0|  0|  17|    0|
    +--------------------------+-------------------+---------+----+---+----+-----+
    |Total                     |                   |        0|   0|  0|  17|    0|
    +--------------------------+-------------------+---------+----+---+----+-----+

    * DSP: 
    N/A

    * Memory: 
    N/A

    * FIFO: 
    N/A

    * Expression: 
    +--------------------------+----------+----+---+----+------------+------------+
    |       Variable Name      | Operation| DSP| FF| LUT| Bitwidth P0| Bitwidth P1|
    +--------------------------+----------+----+---+----+------------+------------+
    |add_ln107_1_fu_320_p2     |         +|   0|  0|  15|           8|           1|
    |add_ln107_fu_332_p2       |         +|   0|  0|  12|           4|           1|
    |add_ln110_fu_385_p2       |         +|   0|  0|  12|           4|           1|
    |add_ln115_fu_374_p2       |         +|   0|  0|  15|           8|           8|
    |add_ln116_1_fu_412_p2     |         +|   0|  0|  16|          16|          16|
    |add_ln116_fu_418_p2       |         +|   0|  0|  16|          16|          16|
    |icmp_ln107_fu_314_p2      |      icmp|   0|  0|  15|           8|           8|
    |icmp_ln110_fu_338_p2      |      icmp|   0|  0|  12|           4|           3|
    |select_ln107_1_fu_352_p3  |    select|   0|  0|   4|           1|           4|
    |select_ln107_fu_344_p3    |    select|   0|  0|   4|           1|           1|
    |ap_enable_pp0             |       xor|   0|  0|   2|           1|           2|
    +--------------------------+----------+----+---+----+------------+------------+
    |Total                     |          |   0|  0| 123|          71|          61|
    +--------------------------+----------+----+---+----+------------+------------+

    * Multiplexer: 
    +----------------------------------------+----+-----------+-----+-----------+
    |                  Name                  | LUT| Input Size| Bits| Total Bits|
    +----------------------------------------+----+-----------+-----+-----------+
    |ap_done_int                             |   9|          2|    1|          2|
    |ap_enable_reg_pp0_iter1                 |   9|          2|    1|          2|
    |ap_sig_allocacmp_indvar_flatten53_load  |   9|          2|    8|         16|
    |ap_sig_allocacmp_x_load                 |   9|          2|    4|          8|
    |ap_sig_allocacmp_y_load                 |   9|          2|    4|          8|
    |indvar_flatten53_fu_80                  |   9|          2|    8|         16|
    |x_fu_76                                 |   9|          2|    4|          8|
    |y_fu_72                                 |   9|          2|    4|          8|
    +----------------------------------------+----+-----------+-----+-----------+
    |Total                                   |  72|         16|   34|         68|
    +----------------------------------------+----+-----------+-----+-----------+

    * Register: 
    +-----------------------------------+----+----+-----+-----------+
    |                Name               | FF | LUT| Bits| Const Bits|
    +-----------------------------------+----+----+-----+-----------+
    |add234_1_reg_527                   |  32|   0|   32|          0|
    |add234_2_reg_537                   |  32|   0|   32|          0|
    |add234_3_reg_547                   |  32|   0|   32|          0|
    |add4_reg_517                       |  32|   0|   32|          0|
    |add5_reg_562                       |  64|   0|   64|          0|
    |ap_CS_fsm                          |   1|   0|    1|          0|
    |ap_done_reg                        |   1|   0|    1|          0|
    |ap_enable_reg_pp0_iter1            |   1|   0|    1|          0|
    |ap_enable_reg_pp0_iter10           |   1|   0|    1|          0|
    |ap_enable_reg_pp0_iter11           |   1|   0|    1|          0|
    |ap_enable_reg_pp0_iter12           |   1|   0|    1|          0|
    |ap_enable_reg_pp0_iter13           |   1|   0|    1|          0|
    |ap_enable_reg_pp0_iter14           |   1|   0|    1|          0|
    |ap_enable_reg_pp0_iter15           |   1|   0|    1|          0|
    |ap_enable_reg_pp0_iter16           |   1|   0|    1|          0|
    |ap_enable_reg_pp0_iter17           |   1|   0|    1|          0|
    |ap_enable_reg_pp0_iter18           |   1|   0|    1|          0|
    |ap_enable_reg_pp0_iter19           |   1|   0|    1|          0|
    |ap_enable_reg_pp0_iter2            |   1|   0|    1|          0|
    |ap_enable_reg_pp0_iter20           |   1|   0|    1|          0|
    |ap_enable_reg_pp0_iter21           |   1|   0|    1|          0|
    |ap_enable_reg_pp0_iter22           |   1|   0|    1|          0|
    |ap_enable_reg_pp0_iter23           |   1|   0|    1|          0|
    |ap_enable_reg_pp0_iter24           |   1|   0|    1|          0|
    |ap_enable_reg_pp0_iter25           |   1|   0|    1|          0|
    |ap_enable_reg_pp0_iter26           |   1|   0|    1|          0|
    |ap_enable_reg_pp0_iter27           |   1|   0|    1|          0|
    |ap_enable_reg_pp0_iter28           |   1|   0|    1|          0|
    |ap_enable_reg_pp0_iter29           |   1|   0|    1|          0|
    |ap_enable_reg_pp0_iter3            |   1|   0|    1|          0|
    |ap_enable_reg_pp0_iter30           |   1|   0|    1|          0|
    |ap_enable_reg_pp0_iter31           |   1|   0|    1|          0|
    |ap_enable_reg_pp0_iter32           |   1|   0|    1|          0|
    |ap_enable_reg_pp0_iter33           |   1|   0|    1|          0|
    |ap_enable_reg_pp0_iter34           |   1|   0|    1|          0|
    |ap_enable_reg_pp0_iter35           |   1|   0|    1|          0|
    |ap_enable_reg_pp0_iter36           |   1|   0|    1|          0|
    |ap_enable_reg_pp0_iter37           |   1|   0|    1|          0|
    |ap_enable_reg_pp0_iter38           |   1|   0|    1|          0|
    |ap_enable_reg_pp0_iter39           |   1|   0|    1|          0|
    |ap_enable_reg_pp0_iter4            |   1|   0|    1|          0|
    |ap_enable_reg_pp0_iter40           |   1|   0|    1|          0|
    |ap_enable_reg_pp0_iter41           |   1|   0|    1|          0|
    |ap_enable_reg_pp0_iter42           |   1|   0|    1|          0|
    |ap_enable_reg_pp0_iter43           |   1|   0|    1|          0|
    |ap_enable_reg_pp0_iter44           |   1|   0|    1|          0|
    |ap_enable_reg_pp0_iter45           |   1|   0|    1|          0|
    |ap_enable_reg_pp0_iter46           |   1|   0|    1|          0|
    |ap_enable_reg_pp0_iter47           |   1|   0|    1|          0|
    |ap_enable_reg_pp0_iter48           |   1|   0|    1|          0|
    |ap_enable_reg_pp0_iter49           |   1|   0|    1|          0|
    |ap_enable_reg_pp0_iter5            |   1|   0|    1|          0|
    |ap_enable_reg_pp0_iter50           |   1|   0|    1|          0|
    |ap_enable_reg_pp0_iter51           |   1|   0|    1|          0|
    |ap_enable_reg_pp0_iter52           |   1|   0|    1|          0|
    |ap_enable_reg_pp0_iter53           |   1|   0|    1|          0|
    |ap_enable_reg_pp0_iter54           |   1|   0|    1|          0|
    |ap_enable_reg_pp0_iter55           |   1|   0|    1|          0|
    |ap_enable_reg_pp0_iter56           |   1|   0|    1|          0|
    |ap_enable_reg_pp0_iter57           |   1|   0|    1|          0|
    |ap_enable_reg_pp0_iter58           |   1|   0|    1|          0|
    |ap_enable_reg_pp0_iter59           |   1|   0|    1|          0|
    |ap_enable_reg_pp0_iter6            |   1|   0|    1|          0|
    |ap_enable_reg_pp0_iter60           |   1|   0|    1|          0|
    |ap_enable_reg_pp0_iter61           |   1|   0|    1|          0|
    |ap_enable_reg_pp0_iter62           |   1|   0|    1|          0|
    |ap_enable_reg_pp0_iter63           |   1|   0|    1|          0|
    |ap_enable_reg_pp0_iter64           |   1|   0|    1|          0|
    |ap_enable_reg_pp0_iter65           |   1|   0|    1|          0|
    |ap_enable_reg_pp0_iter7            |   1|   0|    1|          0|
    |ap_enable_reg_pp0_iter8            |   1|   0|    1|          0|
    |ap_enable_reg_pp0_iter9            |   1|   0|    1|          0|
    |ap_loop_exit_ready_pp0_iter10_reg  |   1|   0|    1|          0|
    |ap_loop_exit_ready_pp0_iter11_reg  |   1|   0|    1|          0|
    |ap_loop_exit_ready_pp0_iter12_reg  |   1|   0|    1|          0|
    |ap_loop_exit_ready_pp0_iter13_reg  |   1|   0|    1|          0|
    |ap_loop_exit_ready_pp0_iter14_reg  |   1|   0|    1|          0|
    |ap_loop_exit_ready_pp0_iter15_reg  |   1|   0|    1|          0|
    |ap_loop_exit_ready_pp0_iter16_reg  |   1|   0|    1|          0|
    |ap_loop_exit_ready_pp0_iter17_reg  |   1|   0|    1|          0|
    |ap_loop_exit_ready_pp0_iter18_reg  |   1|   0|    1|          0|
    |ap_loop_exit_ready_pp0_iter19_reg  |   1|   0|    1|          0|
    |ap_loop_exit_ready_pp0_iter1_reg   |   1|   0|    1|          0|
    |ap_loop_exit_ready_pp0_iter20_reg  |   1|   0|    1|          0|
    |ap_loop_exit_ready_pp0_iter21_reg  |   1|   0|    1|          0|
    |ap_loop_exit_ready_pp0_iter22_reg  |   1|   0|    1|          0|
    |ap_loop_exit_ready_pp0_iter23_reg  |   1|   0|    1|          0|
    |ap_loop_exit_ready_pp0_iter24_reg  |   1|   0|    1|          0|
    |ap_loop_exit_ready_pp0_iter25_reg  |   1|   0|    1|          0|
    |ap_loop_exit_ready_pp0_iter26_reg  |   1|   0|    1|          0|
    |ap_loop_exit_ready_pp0_iter27_reg  |   1|   0|    1|          0|
    |ap_loop_exit_ready_pp0_iter28_reg  |   1|   0|    1|          0|
    |ap_loop_exit_ready_pp0_iter29_reg  |   1|   0|    1|          0|
    |ap_loop_exit_ready_pp0_iter2_reg   |   1|   0|    1|          0|
    |ap_loop_exit_ready_pp0_iter30_reg  |   1|   0|    1|          0|
    |ap_loop_exit_ready_pp0_iter31_reg  |   1|   0|    1|          0|
    |ap_loop_exit_ready_pp0_iter32_reg  |   1|   0|    1|          0|
    |ap_loop_exit_ready_pp0_iter33_reg  |   1|   0|    1|          0|
    |ap_loop_exit_ready_pp0_iter34_reg  |   1|   0|    1|          0|
    |ap_loop_exit_ready_pp0_iter35_reg  |   1|   0|    1|          0|
    |ap_loop_exit_ready_pp0_iter36_reg  |   1|   0|    1|          0|
    |ap_loop_exit_ready_pp0_iter37_reg  |   1|   0|    1|          0|
    |ap_loop_exit_ready_pp0_iter38_reg  |   1|   0|    1|          0|
    |ap_loop_exit_ready_pp0_iter39_reg  |   1|   0|    1|          0|
    |ap_loop_exit_ready_pp0_iter3_reg   |   1|   0|    1|          0|
    |ap_loop_exit_ready_pp0_iter40_reg  |   1|   0|    1|          0|
    |ap_loop_exit_ready_pp0_iter41_reg  |   1|   0|    1|          0|
    |ap_loop_exit_ready_pp0_iter42_reg  |   1|   0|    1|          0|
    |ap_loop_exit_ready_pp0_iter43_reg  |   1|   0|    1|          0|
    |ap_loop_exit_ready_pp0_iter44_reg  |   1|   0|    1|          0|
    |ap_loop_exit_ready_pp0_iter45_reg  |   1|   0|    1|          0|
    |ap_loop_exit_ready_pp0_iter46_reg  |   1|   0|    1|          0|
    |ap_loop_exit_ready_pp0_iter47_reg  |   1|   0|    1|          0|
    |ap_loop_exit_ready_pp0_iter48_reg  |   1|   0|    1|          0|
    |ap_loop_exit_ready_pp0_iter49_reg  |   1|   0|    1|          0|
    |ap_loop_exit_ready_pp0_iter4_reg   |   1|   0|    1|          0|
    |ap_loop_exit_ready_pp0_iter50_reg  |   1|   0|    1|          0|
    |ap_loop_exit_ready_pp0_iter51_reg  |   1|   0|    1|          0|
    |ap_loop_exit_ready_pp0_iter52_reg  |   1|   0|    1|          0|
    |ap_loop_exit_ready_pp0_iter53_reg  |   1|   0|    1|          0|
    |ap_loop_exit_ready_pp0_iter54_reg  |   1|   0|    1|          0|
    |ap_loop_exit_ready_pp0_iter55_reg  |   1|   0|    1|          0|
    |ap_loop_exit_ready_pp0_iter56_reg  |   1|   0|    1|          0|
    |ap_loop_exit_ready_pp0_iter57_reg  |   1|   0|    1|          0|
    |ap_loop_exit_ready_pp0_iter58_reg  |   1|   0|    1|          0|
    |ap_loop_exit_ready_pp0_iter59_reg  |   1|   0|    1|          0|
    |ap_loop_exit_ready_pp0_iter5_reg   |   1|   0|    1|          0|
    |ap_loop_exit_ready_pp0_iter60_reg  |   1|   0|    1|          0|
    |ap_loop_exit_ready_pp0_iter61_reg  |   1|   0|    1|          0|
    |ap_loop_exit_ready_pp0_iter62_reg  |   1|   0|    1|          0|
    |ap_loop_exit_ready_pp0_iter63_reg  |   1|   0|    1|          0|
    |ap_loop_exit_ready_pp0_iter64_reg  |   1|   0|    1|          0|
    |ap_loop_exit_ready_pp0_iter6_reg   |   1|   0|    1|          0|
    |ap_loop_exit_ready_pp0_iter7_reg   |   1|   0|    1|          0|
    |ap_loop_exit_ready_pp0_iter8_reg   |   1|   0|    1|          0|
    |ap_loop_exit_ready_pp0_iter9_reg   |   1|   0|    1|          0|
    |conv4_1_reg_552                    |  64|   0|   64|          0|
    |div2_reg_577                       |  32|   0|   32|          0|
    |indvar_flatten53_fu_80             |   8|   0|    8|          0|
    |inp_image_254_load_reg_496         |  32|   0|   32|          0|
    |mul2_reg_557                       |  64|   0|   64|          0|
    |mul_ln115_reg_459                  |   8|   0|    8|          0|
    |select_ln107_reg_454               |   4|   0|    4|          0|
    |tmp_18_reg_507                     |  32|   0|   32|          0|
    |tmp_19_reg_522                     |  32|   0|   32|          0|
    |tmp_20_reg_532                     |  32|   0|   32|          0|
    |tmp_21_reg_542                     |  32|   0|   32|          0|
    |tmp_22_reg_572                     |  32|   0|   32|          0|
    |x_fu_76                            |   4|   0|    4|          0|
    |y_fu_72                            |   4|   0|    4|          0|
    |zext_ln115_2_reg_464               |   8|   0|   64|         56|
    |inp_image_254_load_reg_496         |  64|  32|   32|          0|
    |mul_ln115_reg_459                  |  64|  32|    8|          0|
    |select_ln107_reg_454               |  64|  32|    4|          0|
    |zext_ln115_2_reg_464               |  64|  32|   64|         56|
    +-----------------------------------+----+----+-----+-----------+
    |Total                              | 967| 128|  875|        112|
    +-----------------------------------+----+----+-----+-----------+



================================================================
== Interface
================================================================
* Summary: 
+-----------------------------------------+-----+-----+------------+------------------------+--------------+
|                RTL Ports                | Dir | Bits|  Protocol  |      Source Object     |    C Type    |
+-----------------------------------------+-----+-----+------------+------------------------+--------------+
|ap_clk                                   |   in|    1|  ap_ctrl_hs|  norm2_Pipeline_L12_L13|  return value|
|ap_rst                                   |   in|    1|  ap_ctrl_hs|  norm2_Pipeline_L12_L13|  return value|
|ap_start                                 |   in|    1|  ap_ctrl_hs|  norm2_Pipeline_L12_L13|  return value|
|ap_done                                  |  out|    1|  ap_ctrl_hs|  norm2_Pipeline_L12_L13|  return value|
|ap_idle                                  |  out|    1|  ap_ctrl_hs|  norm2_Pipeline_L12_L13|  return value|
|ap_ready                                 |  out|    1|  ap_ctrl_hs|  norm2_Pipeline_L12_L13|  return value|
|grp_fu_1944_p_din0                       |  out|   32|  ap_ctrl_hs|  norm2_Pipeline_L12_L13|  return value|
|grp_fu_1944_p_din1                       |  out|   32|  ap_ctrl_hs|  norm2_Pipeline_L12_L13|  return value|
|grp_fu_1944_p_opcode                     |  out|    2|  ap_ctrl_hs|  norm2_Pipeline_L12_L13|  return value|
|grp_fu_1944_p_dout0                      |   in|   32|  ap_ctrl_hs|  norm2_Pipeline_L12_L13|  return value|
|grp_fu_1944_p_ce                         |  out|    1|  ap_ctrl_hs|  norm2_Pipeline_L12_L13|  return value|
|grp_fu_1948_p_din0                       |  out|   32|  ap_ctrl_hs|  norm2_Pipeline_L12_L13|  return value|
|grp_fu_1948_p_din1                       |  out|   32|  ap_ctrl_hs|  norm2_Pipeline_L12_L13|  return value|
|grp_fu_1948_p_opcode                     |  out|    2|  ap_ctrl_hs|  norm2_Pipeline_L12_L13|  return value|
|grp_fu_1948_p_dout0                      |   in|   32|  ap_ctrl_hs|  norm2_Pipeline_L12_L13|  return value|
|grp_fu_1948_p_ce                         |  out|    1|  ap_ctrl_hs|  norm2_Pipeline_L12_L13|  return value|
|grp_fu_1952_p_din0                       |  out|   32|  ap_ctrl_hs|  norm2_Pipeline_L12_L13|  return value|
|grp_fu_1952_p_din1                       |  out|   32|  ap_ctrl_hs|  norm2_Pipeline_L12_L13|  return value|
|grp_fu_1952_p_opcode                     |  out|    2|  ap_ctrl_hs|  norm2_Pipeline_L12_L13|  return value|
|grp_fu_1952_p_dout0                      |   in|   32|  ap_ctrl_hs|  norm2_Pipeline_L12_L13|  return value|
|grp_fu_1952_p_ce                         |  out|    1|  ap_ctrl_hs|  norm2_Pipeline_L12_L13|  return value|
|grp_fu_2022_p_din0                       |  out|   32|  ap_ctrl_hs|  norm2_Pipeline_L12_L13|  return value|
|grp_fu_2022_p_din1                       |  out|   32|  ap_ctrl_hs|  norm2_Pipeline_L12_L13|  return value|
|grp_fu_2022_p_opcode                     |  out|    2|  ap_ctrl_hs|  norm2_Pipeline_L12_L13|  return value|
|grp_fu_2022_p_dout0                      |   in|   32|  ap_ctrl_hs|  norm2_Pipeline_L12_L13|  return value|
|grp_fu_2022_p_ce                         |  out|    1|  ap_ctrl_hs|  norm2_Pipeline_L12_L13|  return value|
|grp_fu_1956_p_din0                       |  out|   32|  ap_ctrl_hs|  norm2_Pipeline_L12_L13|  return value|
|grp_fu_1956_p_din1                       |  out|   32|  ap_ctrl_hs|  norm2_Pipeline_L12_L13|  return value|
|grp_fu_1956_p_dout0                      |   in|   32|  ap_ctrl_hs|  norm2_Pipeline_L12_L13|  return value|
|grp_fu_1956_p_ce                         |  out|    1|  ap_ctrl_hs|  norm2_Pipeline_L12_L13|  return value|
|grp_fu_1960_p_din0                       |  out|   64|  ap_ctrl_hs|  norm2_Pipeline_L12_L13|  return value|
|grp_fu_1960_p_dout0                      |   in|   32|  ap_ctrl_hs|  norm2_Pipeline_L12_L13|  return value|
|grp_fu_1960_p_ce                         |  out|    1|  ap_ctrl_hs|  norm2_Pipeline_L12_L13|  return value|
|grp_fu_1963_p_din0                       |  out|   32|  ap_ctrl_hs|  norm2_Pipeline_L12_L13|  return value|
|grp_fu_1963_p_dout0                      |   in|   64|  ap_ctrl_hs|  norm2_Pipeline_L12_L13|  return value|
|grp_fu_1963_p_ce                         |  out|    1|  ap_ctrl_hs|  norm2_Pipeline_L12_L13|  return value|
|grp_fu_1966_p_din0                       |  out|   64|  ap_ctrl_hs|  norm2_Pipeline_L12_L13|  return value|
|grp_fu_1966_p_din1                       |  out|   64|  ap_ctrl_hs|  norm2_Pipeline_L12_L13|  return value|
|grp_fu_1966_p_opcode                     |  out|    2|  ap_ctrl_hs|  norm2_Pipeline_L12_L13|  return value|
|grp_fu_1966_p_dout0                      |   in|   64|  ap_ctrl_hs|  norm2_Pipeline_L12_L13|  return value|
|grp_fu_1966_p_ce                         |  out|    1|  ap_ctrl_hs|  norm2_Pipeline_L12_L13|  return value|
|grp_fu_1970_p_din0                       |  out|   64|  ap_ctrl_hs|  norm2_Pipeline_L12_L13|  return value|
|grp_fu_1970_p_din1                       |  out|   64|  ap_ctrl_hs|  norm2_Pipeline_L12_L13|  return value|
|grp_fu_1970_p_dout0                      |   in|   64|  ap_ctrl_hs|  norm2_Pipeline_L12_L13|  return value|
|grp_fu_1970_p_ce                         |  out|    1|  ap_ctrl_hs|  norm2_Pipeline_L12_L13|  return value|
|grp_pow_generic_float_s_fu_1974_p_din1   |  out|   32|  ap_ctrl_hs|  norm2_Pipeline_L12_L13|  return value|
|grp_pow_generic_float_s_fu_1974_p_din2   |  out|   32|  ap_ctrl_hs|  norm2_Pipeline_L12_L13|  return value|
|grp_pow_generic_float_s_fu_1974_p_dout0  |   in|   32|  ap_ctrl_hs|  norm2_Pipeline_L12_L13|  return value|
|grp_pow_generic_float_s_fu_1986_p_din1   |  out|   32|  ap_ctrl_hs|  norm2_Pipeline_L12_L13|  return value|
|grp_pow_generic_float_s_fu_1986_p_din2   |  out|   32|  ap_ctrl_hs|  norm2_Pipeline_L12_L13|  return value|
|grp_pow_generic_float_s_fu_1986_p_dout0  |   in|   32|  ap_ctrl_hs|  norm2_Pipeline_L12_L13|  return value|
|grp_pow_generic_float_s_fu_1998_p_din1   |  out|   32|  ap_ctrl_hs|  norm2_Pipeline_L12_L13|  return value|
|grp_pow_generic_float_s_fu_1998_p_din2   |  out|   32|  ap_ctrl_hs|  norm2_Pipeline_L12_L13|  return value|
|grp_pow_generic_float_s_fu_1998_p_dout0  |   in|   32|  ap_ctrl_hs|  norm2_Pipeline_L12_L13|  return value|
|grp_pow_generic_float_s_fu_2010_p_din1   |  out|   32|  ap_ctrl_hs|  norm2_Pipeline_L12_L13|  return value|
|grp_pow_generic_float_s_fu_2010_p_din2   |  out|   32|  ap_ctrl_hs|  norm2_Pipeline_L12_L13|  return value|
|grp_pow_generic_float_s_fu_2010_p_dout0  |   in|   32|  ap_ctrl_hs|  norm2_Pipeline_L12_L13|  return value|
|grp_pow_generic_float_s_fu_2026_p_din1   |  out|   32|  ap_ctrl_hs|  norm2_Pipeline_L12_L13|  return value|
|grp_pow_generic_float_s_fu_2026_p_din2   |  out|   32|  ap_ctrl_hs|  norm2_Pipeline_L12_L13|  return value|
|grp_pow_generic_float_s_fu_2026_p_dout0  |   in|   32|  ap_ctrl_hs|  norm2_Pipeline_L12_L13|  return value|
|inp_image_252_address0                   |  out|    8|   ap_memory|           inp_image_252|         array|
|inp_image_252_ce0                        |  out|    1|   ap_memory|           inp_image_252|         array|
|inp_image_252_q0                         |   in|   32|   ap_memory|           inp_image_252|         array|
|inp_image_253_address0                   |  out|    8|   ap_memory|           inp_image_253|         array|
|inp_image_253_ce0                        |  out|    1|   ap_memory|           inp_image_253|         array|
|inp_image_253_q0                         |   in|   32|   ap_memory|           inp_image_253|         array|
|inp_image_254_address0                   |  out|    8|   ap_memory|           inp_image_254|         array|
|inp_image_254_ce0                        |  out|    1|   ap_memory|           inp_image_254|         array|
|inp_image_254_q0                         |   in|   32|   ap_memory|           inp_image_254|         array|
|inp_image_255_address0                   |  out|    8|   ap_memory|           inp_image_255|         array|
|inp_image_255_ce0                        |  out|    1|   ap_memory|           inp_image_255|         array|
|inp_image_255_q0                         |   in|   32|   ap_memory|           inp_image_255|         array|
|out_img_address0                         |  out|   16|   ap_memory|                 out_img|         array|
|out_img_ce0                              |  out|    1|   ap_memory|                 out_img|         array|
|out_img_we0                              |  out|    1|   ap_memory|                 out_img|         array|
|out_img_d0                               |  out|   32|   ap_memory|                 out_img|         array|
+-----------------------------------------+-----+-----+------------+------------------------+--------------+

