

================================================================
== Vitis HLS Report for 'pool2_Pipeline_L4'
================================================================
* Date:           Sun Jan 26 21:44:33 2025

* Version:        2024.2 (Build 5238294 on Nov  8 2024)
* Project:        Alex_Net
* Solution:       NN (Vivado IP Flow Target)
* Product family: zynquplus
* Target device:  xczu7ev-ffvc1156-2-i


================================================================
== Performance Estimates
================================================================
+ Timing: 
    * Summary: 
    +--------+----------+----------+------------+
    |  Clock |  Target  | Estimated| Uncertainty|
    +--------+----------+----------+------------+
    |ap_clk  |  10.00 ns|  1.787 ns|     2.70 ns|
    +--------+----------+----------+------------+

+ Latency: 
    * Summary: 
    +---------+---------+----------+----------+-----+-----+------------------------------------------------+
    |  Latency (cycles) |  Latency (absolute) |  Interval |                    Pipeline                    |
    |   min   |   max   |    min   |    max   | min | max |                      Type                      |
    +---------+---------+----------+----------+-----+-----+------------------------------------------------+
    |       29|       29|  0.290 us|  0.290 us|   28|   28|  loop auto-rewind stp (delay=0 clock cycles(s))|
    +---------+---------+----------+----------+-----+-----+------------------------------------------------+

    + Detail: 
        * Instance: 
        N/A

        * Loop: 
        +----------+---------+---------+----------+-----------+-----------+------+----------+
        |          |  Latency (cycles) | Iteration|  Initiation Interval  | Trip |          |
        | Loop Name|   min   |   max   |  Latency |  achieved |   target  | Count| Pipelined|
        +----------+---------+---------+----------+-----------+-----------+------+----------+
        |- L4      |       27|       27|         1|          1|          1|    27|       yes|
        +----------+---------+---------+----------+-----------+-----------+------+----------+



================================================================
== Utilization Estimates
================================================================
* Summary: 
+-----------------+---------+------+--------+--------+-----+
|       Name      | BRAM_18K|  DSP |   FF   |   LUT  | URAM|
+-----------------+---------+------+--------+--------+-----+
|DSP              |        -|     -|       -|       -|    -|
|Expression       |        -|     -|       0|      26|    -|
|FIFO             |        -|     -|       -|       -|    -|
|Instance         |        -|     -|       0|     135|    -|
|Memory           |        -|     -|       -|       -|    -|
|Multiplexer      |        -|     -|       0|     270|    -|
|Register         |        -|     -|     871|       -|    -|
+-----------------+---------+------+--------+--------+-----+
|Total            |        0|     0|     871|     431|    0|
+-----------------+---------+------+--------+--------+-----+
|Available        |      624|  1728|  460800|  230400|   96|
+-----------------+---------+------+--------+--------+-----+
|Utilization (%)  |        0|     0|      ~0|      ~0|    0|
+-----------------+---------+------+--------+--------+-----+

+ Detail: 
    * Instance: 
    +--------------------------------+-------------------------+---------+----+---+-----+-----+
    |            Instance            |          Module         | BRAM_18K| DSP| FF| LUT | URAM|
    +--------------------------------+-------------------------+---------+----+---+-----+-----+
    |sparsemux_55_5_32_1_1_x_U10949  |sparsemux_55_5_32_1_1_x  |        0|   0|  0|  135|    0|
    +--------------------------------+-------------------------+---------+----+---+-----+-----+
    |Total                           |                         |        0|   0|  0|  135|    0|
    +--------------------------------+-------------------------+---------+----+---+-----+-----+

    * DSP: 
    N/A

    * Memory: 
    N/A

    * FIFO: 
    N/A

    * Expression: 
    +----------------------+----------+----+---+----+------------+------------+
    |     Variable Name    | Operation| DSP| FF| LUT| Bitwidth P0| Bitwidth P1|
    +----------------------+----------+----+---+----+------------+------------+
    |add_ln57_fu_1018_p2   |         +|   0|  0|  12|           5|           1|
    |icmp_ln57_fu_1012_p2  |      icmp|   0|  0|  12|           5|           4|
    |ap_condition_378      |        or|   0|  0|   2|           1|           1|
    +----------------------+----------+----+---+----+------------+------------+
    |Total                 |          |   0|  0|  26|          11|           6|
    +----------------------+----------+----+---+----+------------+------------+

    * Multiplexer: 
    +-----------------------+----+-----------+-----+-----------+
    |          Name         | LUT| Input Size| Bits| Total Bits|
    +-----------------------+----+-----------+-----+-----------+
    |ap_done_int            |   9|          2|    1|          2|
    |ap_sig_allocacmp_j_2   |   9|          2|    5|         10|
    |empty_95_fu_352        |   9|          2|   32|         64|
    |j_fu_244               |   9|          2|    5|         10|
    |mux_case_10133_fu_316  |   9|          2|   32|         64|
    |mux_case_1149_fu_268   |   9|          2|   32|         64|
    |mux_case_114_fu_248    |   9|          2|   32|         64|
    |mux_case_12140_fu_320  |   9|          2|   32|         64|
    |mux_case_1356_fu_272   |   9|          2|   32|         64|
    |mux_case_14147_fu_324  |   9|          2|   32|         64|
    |mux_case_1563_fu_276   |   9|          2|   32|         64|
    |mux_case_16154_fu_328  |   9|          2|   32|         64|
    |mux_case_1770_fu_280   |   9|          2|   32|         64|
    |mux_case_18161_fu_332  |   9|          2|   32|         64|
    |mux_case_1977_fu_284   |   9|          2|   32|         64|
    |mux_case_20168_fu_336  |   9|          2|   32|         64|
    |mux_case_2105_fu_300   |   9|          2|   32|         64|
    |mux_case_2184_fu_288   |   9|          2|   32|         64|
    |mux_case_22175_fu_340  |   9|          2|   32|         64|
    |mux_case_2391_fu_292   |   9|          2|   32|         64|
    |mux_case_24182_fu_344  |   9|          2|   32|         64|
    |mux_case_2598_fu_296   |   9|          2|   32|         64|
    |mux_case_26189_fu_348  |   9|          2|   32|         64|
    |mux_case_321_fu_252    |   9|          2|   32|         64|
    |mux_case_4112_fu_304   |   9|          2|   32|         64|
    |mux_case_528_fu_256    |   9|          2|   32|         64|
    |mux_case_6119_fu_308   |   9|          2|   32|         64|
    |mux_case_735_fu_260    |   9|          2|   32|         64|
    |mux_case_8126_fu_312   |   9|          2|   32|         64|
    |mux_case_942_fu_264    |   9|          2|   32|         64|
    +-----------------------+----+-----------+-----+-----------+
    |Total                  | 270|         60|  875|       1750|
    +-----------------------+----+-----------+-----+-----------+

    * Register: 
    +-----------------------+----+----+-----+-----------+
    |          Name         | FF | LUT| Bits| Const Bits|
    +-----------------------+----+----+-----+-----------+
    |ap_CS_fsm              |   1|   0|    1|          0|
    |ap_done_reg            |   1|   0|    1|          0|
    |empty_95_fu_352        |  32|   0|   32|          0|
    |j_fu_244               |   5|   0|    5|          0|
    |mux_case_10133_fu_316  |  32|   0|   32|          0|
    |mux_case_1149_fu_268   |  32|   0|   32|          0|
    |mux_case_114_fu_248    |  32|   0|   32|          0|
    |mux_case_12140_fu_320  |  32|   0|   32|          0|
    |mux_case_1356_fu_272   |  32|   0|   32|          0|
    |mux_case_14147_fu_324  |  32|   0|   32|          0|
    |mux_case_1563_fu_276   |  32|   0|   32|          0|
    |mux_case_16154_fu_328  |  32|   0|   32|          0|
    |mux_case_1770_fu_280   |  32|   0|   32|          0|
    |mux_case_18161_fu_332  |  32|   0|   32|          0|
    |mux_case_1977_fu_284   |  32|   0|   32|          0|
    |mux_case_20168_fu_336  |  32|   0|   32|          0|
    |mux_case_2105_fu_300   |  32|   0|   32|          0|
    |mux_case_2184_fu_288   |  32|   0|   32|          0|
    |mux_case_22175_fu_340  |  32|   0|   32|          0|
    |mux_case_2391_fu_292   |  32|   0|   32|          0|
    |mux_case_24182_fu_344  |  32|   0|   32|          0|
    |mux_case_2598_fu_296   |  32|   0|   32|          0|
    |mux_case_26189_fu_348  |  32|   0|   32|          0|
    |mux_case_321_fu_252    |  32|   0|   32|          0|
    |mux_case_4112_fu_304   |  32|   0|   32|          0|
    |mux_case_528_fu_256    |  32|   0|   32|          0|
    |mux_case_6119_fu_308   |  32|   0|   32|          0|
    |mux_case_735_fu_260    |  32|   0|   32|          0|
    |mux_case_8126_fu_312   |  32|   0|   32|          0|
    |mux_case_942_fu_264    |  32|   0|   32|          0|
    +-----------------------+----+----+-----+-----------+
    |Total                  | 871|   0|  871|          0|
    +-----------------------+----+----+-----+-----------+



================================================================
== Interface
================================================================
* Summary: 
+---------------------------+-----+-----+------------+--------------------+--------------+
|         RTL Ports         | Dir | Bits|  Protocol  |    Source Object   |    C Type    |
+---------------------------+-----+-----+------------+--------------------+--------------+
|ap_clk                     |   in|    1|  ap_ctrl_hs|   pool2_Pipeline_L4|  return value|
|ap_rst                     |   in|    1|  ap_ctrl_hs|   pool2_Pipeline_L4|  return value|
|ap_start                   |   in|    1|  ap_ctrl_hs|   pool2_Pipeline_L4|  return value|
|ap_done                    |  out|    1|  ap_ctrl_hs|   pool2_Pipeline_L4|  return value|
|ap_idle                    |  out|    1|  ap_ctrl_hs|   pool2_Pipeline_L4|  return value|
|ap_ready                   |  out|    1|  ap_ctrl_hs|   pool2_Pipeline_L4|  return value|
|empty                      |   in|   32|     ap_none|               empty|        scalar|
|mux_case_26190             |   in|   32|     ap_none|      mux_case_26190|        scalar|
|mux_case_24183             |   in|   32|     ap_none|      mux_case_24183|        scalar|
|mux_case_22176             |   in|   32|     ap_none|      mux_case_22176|        scalar|
|mux_case_20169             |   in|   32|     ap_none|      mux_case_20169|        scalar|
|mux_case_18162             |   in|   32|     ap_none|      mux_case_18162|        scalar|
|mux_case_16155             |   in|   32|     ap_none|      mux_case_16155|        scalar|
|mux_case_14148             |   in|   32|     ap_none|      mux_case_14148|        scalar|
|mux_case_12141             |   in|   32|     ap_none|      mux_case_12141|        scalar|
|mux_case_10134             |   in|   32|     ap_none|      mux_case_10134|        scalar|
|mux_case_8127              |   in|   32|     ap_none|       mux_case_8127|        scalar|
|mux_case_6120              |   in|   32|     ap_none|       mux_case_6120|        scalar|
|mux_case_4113              |   in|   32|     ap_none|       mux_case_4113|        scalar|
|mux_case_2106              |   in|   32|     ap_none|       mux_case_2106|        scalar|
|mux_case_2599              |   in|   32|     ap_none|       mux_case_2599|        scalar|
|mux_case_2392              |   in|   32|     ap_none|       mux_case_2392|        scalar|
|mux_case_2185              |   in|   32|     ap_none|       mux_case_2185|        scalar|
|mux_case_1978              |   in|   32|     ap_none|       mux_case_1978|        scalar|
|mux_case_1771              |   in|   32|     ap_none|       mux_case_1771|        scalar|
|mux_case_1564              |   in|   32|     ap_none|       mux_case_1564|        scalar|
|mux_case_1357              |   in|   32|     ap_none|       mux_case_1357|        scalar|
|mux_case_1150              |   in|   32|     ap_none|       mux_case_1150|        scalar|
|mux_case_943               |   in|   32|     ap_none|        mux_case_943|        scalar|
|mux_case_736               |   in|   32|     ap_none|        mux_case_736|        scalar|
|mux_case_529               |   in|   32|     ap_none|        mux_case_529|        scalar|
|mux_case_322               |   in|   32|     ap_none|        mux_case_322|        scalar|
|mux_case_115               |   in|   32|     ap_none|        mux_case_115|        scalar|
|inp_img_0_load             |   in|   32|     ap_none|      inp_img_0_load|        scalar|
|inp_img_1_load             |   in|   32|     ap_none|      inp_img_1_load|        scalar|
|inp_img_2_load             |   in|   32|     ap_none|      inp_img_2_load|        scalar|
|inp_img_3_load             |   in|   32|     ap_none|      inp_img_3_load|        scalar|
|inp_img_4_load             |   in|   32|     ap_none|      inp_img_4_load|        scalar|
|inp_img_5_load             |   in|   32|     ap_none|      inp_img_5_load|        scalar|
|inp_img_6_load             |   in|   32|     ap_none|      inp_img_6_load|        scalar|
|inp_img_7_load             |   in|   32|     ap_none|      inp_img_7_load|        scalar|
|inp_img_8_load             |   in|   32|     ap_none|      inp_img_8_load|        scalar|
|inp_img_9_load             |   in|   32|     ap_none|      inp_img_9_load|        scalar|
|inp_img_10_load            |   in|   32|     ap_none|     inp_img_10_load|        scalar|
|inp_img_11_load            |   in|   32|     ap_none|     inp_img_11_load|        scalar|
|inp_img_12_load            |   in|   32|     ap_none|     inp_img_12_load|        scalar|
|inp_img_13_load            |   in|   32|     ap_none|     inp_img_13_load|        scalar|
|inp_img_14_load            |   in|   32|     ap_none|     inp_img_14_load|        scalar|
|inp_img_15_load            |   in|   32|     ap_none|     inp_img_15_load|        scalar|
|inp_img_16_load            |   in|   32|     ap_none|     inp_img_16_load|        scalar|
|inp_img_17_load            |   in|   32|     ap_none|     inp_img_17_load|        scalar|
|inp_img_18_load            |   in|   32|     ap_none|     inp_img_18_load|        scalar|
|inp_img_19_load            |   in|   32|     ap_none|     inp_img_19_load|        scalar|
|inp_img_20_load            |   in|   32|     ap_none|     inp_img_20_load|        scalar|
|inp_img_21_load            |   in|   32|     ap_none|     inp_img_21_load|        scalar|
|inp_img_22_load            |   in|   32|     ap_none|     inp_img_22_load|        scalar|
|inp_img_23_load            |   in|   32|     ap_none|     inp_img_23_load|        scalar|
|inp_img_24_load            |   in|   32|     ap_none|     inp_img_24_load|        scalar|
|inp_img_25_load            |   in|   32|     ap_none|     inp_img_25_load|        scalar|
|inp_img_26_load            |   in|   32|     ap_none|     inp_img_26_load|        scalar|
|p_out                      |  out|   32|      ap_vld|               p_out|       pointer|
|p_out_ap_vld               |  out|    1|      ap_vld|               p_out|       pointer|
|mux_case_26189_out         |  out|   32|      ap_vld|  mux_case_26189_out|       pointer|
|mux_case_26189_out_ap_vld  |  out|    1|      ap_vld|  mux_case_26189_out|       pointer|
|mux_case_24182_out         |  out|   32|      ap_vld|  mux_case_24182_out|       pointer|
|mux_case_24182_out_ap_vld  |  out|    1|      ap_vld|  mux_case_24182_out|       pointer|
|mux_case_22175_out         |  out|   32|      ap_vld|  mux_case_22175_out|       pointer|
|mux_case_22175_out_ap_vld  |  out|    1|      ap_vld|  mux_case_22175_out|       pointer|
|mux_case_20168_out         |  out|   32|      ap_vld|  mux_case_20168_out|       pointer|
|mux_case_20168_out_ap_vld  |  out|    1|      ap_vld|  mux_case_20168_out|       pointer|
|mux_case_18161_out         |  out|   32|      ap_vld|  mux_case_18161_out|       pointer|
|mux_case_18161_out_ap_vld  |  out|    1|      ap_vld|  mux_case_18161_out|       pointer|
|mux_case_16154_out         |  out|   32|      ap_vld|  mux_case_16154_out|       pointer|
|mux_case_16154_out_ap_vld  |  out|    1|      ap_vld|  mux_case_16154_out|       pointer|
|mux_case_14147_out         |  out|   32|      ap_vld|  mux_case_14147_out|       pointer|
|mux_case_14147_out_ap_vld  |  out|    1|      ap_vld|  mux_case_14147_out|       pointer|
|mux_case_12140_out         |  out|   32|      ap_vld|  mux_case_12140_out|       pointer|
|mux_case_12140_out_ap_vld  |  out|    1|      ap_vld|  mux_case_12140_out|       pointer|
|mux_case_10133_out         |  out|   32|      ap_vld|  mux_case_10133_out|       pointer|
|mux_case_10133_out_ap_vld  |  out|    1|      ap_vld|  mux_case_10133_out|       pointer|
|mux_case_8126_out          |  out|   32|      ap_vld|   mux_case_8126_out|       pointer|
|mux_case_8126_out_ap_vld   |  out|    1|      ap_vld|   mux_case_8126_out|       pointer|
|mux_case_6119_out          |  out|   32|      ap_vld|   mux_case_6119_out|       pointer|
|mux_case_6119_out_ap_vld   |  out|    1|      ap_vld|   mux_case_6119_out|       pointer|
|mux_case_4112_out          |  out|   32|      ap_vld|   mux_case_4112_out|       pointer|
|mux_case_4112_out_ap_vld   |  out|    1|      ap_vld|   mux_case_4112_out|       pointer|
|mux_case_2105_out          |  out|   32|      ap_vld|   mux_case_2105_out|       pointer|
|mux_case_2105_out_ap_vld   |  out|    1|      ap_vld|   mux_case_2105_out|       pointer|
|mux_case_2598_out          |  out|   32|      ap_vld|   mux_case_2598_out|       pointer|
|mux_case_2598_out_ap_vld   |  out|    1|      ap_vld|   mux_case_2598_out|       pointer|
|mux_case_2391_out          |  out|   32|      ap_vld|   mux_case_2391_out|       pointer|
|mux_case_2391_out_ap_vld   |  out|    1|      ap_vld|   mux_case_2391_out|       pointer|
|mux_case_2184_out          |  out|   32|      ap_vld|   mux_case_2184_out|       pointer|
|mux_case_2184_out_ap_vld   |  out|    1|      ap_vld|   mux_case_2184_out|       pointer|
|mux_case_1977_out          |  out|   32|      ap_vld|   mux_case_1977_out|       pointer|
|mux_case_1977_out_ap_vld   |  out|    1|      ap_vld|   mux_case_1977_out|       pointer|
|mux_case_1770_out          |  out|   32|      ap_vld|   mux_case_1770_out|       pointer|
|mux_case_1770_out_ap_vld   |  out|    1|      ap_vld|   mux_case_1770_out|       pointer|
|mux_case_1563_out          |  out|   32|      ap_vld|   mux_case_1563_out|       pointer|
|mux_case_1563_out_ap_vld   |  out|    1|      ap_vld|   mux_case_1563_out|       pointer|
|mux_case_1356_out          |  out|   32|      ap_vld|   mux_case_1356_out|       pointer|
|mux_case_1356_out_ap_vld   |  out|    1|      ap_vld|   mux_case_1356_out|       pointer|
|mux_case_1149_out          |  out|   32|      ap_vld|   mux_case_1149_out|       pointer|
|mux_case_1149_out_ap_vld   |  out|    1|      ap_vld|   mux_case_1149_out|       pointer|
|mux_case_942_out           |  out|   32|      ap_vld|    mux_case_942_out|       pointer|
|mux_case_942_out_ap_vld    |  out|    1|      ap_vld|    mux_case_942_out|       pointer|
|mux_case_735_out           |  out|   32|      ap_vld|    mux_case_735_out|       pointer|
|mux_case_735_out_ap_vld    |  out|    1|      ap_vld|    mux_case_735_out|       pointer|
|mux_case_528_out           |  out|   32|      ap_vld|    mux_case_528_out|       pointer|
|mux_case_528_out_ap_vld    |  out|    1|      ap_vld|    mux_case_528_out|       pointer|
|mux_case_321_out           |  out|   32|      ap_vld|    mux_case_321_out|       pointer|
|mux_case_321_out_ap_vld    |  out|    1|      ap_vld|    mux_case_321_out|       pointer|
|mux_case_114_out           |  out|   32|      ap_vld|    mux_case_114_out|       pointer|
|mux_case_114_out_ap_vld    |  out|    1|      ap_vld|    mux_case_114_out|       pointer|
+---------------------------+-----+-----+------------+--------------------+--------------+

