

================================================================
== Vitis HLS Report for 'pool2'
================================================================
* Date:           Sun Jan 26 21:44:35 2025

* Version:        2024.2 (Build 5238294 on Nov  8 2024)
* Project:        Alex_Net
* Solution:       NN (Vivado IP Flow Target)
* Product family: zynquplus
* Target device:  xczu7ev-ffvc1156-2-i


================================================================
== Performance Estimates
================================================================
+ Timing: 
    * Summary: 
    +--------+----------+----------+------------+
    |  Clock |  Target  | Estimated| Uncertainty|
    +--------+----------+----------+------------+
    |ap_clk  |  10.00 ns|  6.300 ns|     2.70 ns|
    +--------+----------+----------+------------+

+ Latency: 
    * Summary: 
    +---------+---------+----------+----------+-------+-------+---------+
    |  Latency (cycles) |  Latency (absolute) |    Interval   | Pipeline|
    |   min   |   max   |    min   |    max   |  min  |  max  |   Type  |
    +---------+---------+----------+----------+-------+-------+---------+
    |    54785|    54785|  0.548 ms|  0.548 ms|  54785|  54785|       no|
    +---------+---------+----------+----------+-------+-------+---------+

    + Detail: 
        * Instance: 
        +---------------------------------+----------------------+---------+---------+----------+----------+-----+-----+------------------------------------------------+
        |                                 |                      |  Latency (cycles) |  Latency (absolute) |  Interval |                    Pipeline                    |
        |             Instance            |        Module        |   min   |   max   |    min   |    max   | min | max |                      Type                      |
        +---------------------------------+----------------------+---------+---------+----------+----------+-----+-----+------------------------------------------------+
        |grp_pool2_Pipeline_L4_fu_683     |pool2_Pipeline_L4     |       29|       29|  0.290 us|  0.290 us|   28|   28|  loop auto-rewind stp (delay=0 clock cycles(s))|
        |grp_pool2_Pipeline_L5_L6_fu_795  |pool2_Pipeline_L5_L6  |      180|      180|  1.800 us|  1.800 us|  170|  170|  loop auto-rewind stp (delay=0 clock cycles(s))|
        +---------------------------------+----------------------+---------+---------+----------+----------+-----+-----+------------------------------------------------+

        * Loop: 
        +-------------------+---------+---------+----------+-----------+-----------+------+----------+
        |                   |  Latency (cycles) | Iteration|  Initiation Interval  | Trip |          |
        |     Loop Name     |   min   |   max   |  Latency |  achieved |   target  | Count| Pipelined|
        +-------------------+---------+---------+----------+-----------+-----------+------+----------+
        |- VITIS_LOOP_51_1  |    54784|    54784|       214|          -|          -|   256|        no|
        +-------------------+---------+---------+----------+-----------+-----------+------+----------+



================================================================
== Utilization Estimates
================================================================
* Summary: 
+-----------------+---------+------+--------+--------+-----+
|       Name      | BRAM_18K|  DSP |   FF   |   LUT  | URAM|
+-----------------+---------+------+--------+--------+-----+
|DSP              |        -|     -|       -|       -|    -|
|Expression       |        -|     -|       0|      96|    -|
|FIFO             |        -|     -|       -|       -|    -|
|Instance         |        -|     0|    3416|    3275|    -|
|Memory           |        -|     -|       -|       -|    -|
|Multiplexer      |        -|     -|       0|     883|    -|
|Register         |        -|     -|    2008|       -|    -|
+-----------------+---------+------+--------+--------+-----+
|Total            |        0|     0|    5424|    4254|    0|
+-----------------+---------+------+--------+--------+-----+
|Available        |      624|  1728|  460800|  230400|   96|
+-----------------+---------+------+--------+--------+-----+
|Utilization (%)  |        0|     0|       1|       1|    0|
+-----------------+---------+------+--------+--------+-----+

+ Detail: 
    * Instance: 
    +---------------------------------+----------------------+---------+----+------+------+-----+
    |             Instance            |        Module        | BRAM_18K| DSP|  FF  |  LUT | URAM|
    +---------------------------------+----------------------+---------+----+------+------+-----+
    |grp_pool2_Pipeline_L4_fu_683     |pool2_Pipeline_L4     |        0|   0|   871|   431|    0|
    |grp_pool2_Pipeline_L5_L6_fu_795  |pool2_Pipeline_L5_L6  |        0|   0|  2545|  2844|    0|
    +---------------------------------+----------------------+---------+----+------+------+-----+
    |Total                            |                      |        0|   0|  3416|  3275|    0|
    +---------------------------------+----------------------+---------+----+------+------+-----+

    * DSP: 
    N/A

    * Memory: 
    N/A

    * FIFO: 
    N/A

    * Expression: 
    +-----------------------+----------+----+---+----+------------+------------+
    |     Variable Name     | Operation| DSP| FF| LUT| Bitwidth P0| Bitwidth P1|
    +-----------------------+----------+----+---+----+------------+------------+
    |add_ln51_2_fu_1245_p2  |         +|   0|  0|  20|          13|           5|
    |add_ln51_3_fu_946_p2   |         +|   0|  0|  20|          13|           5|
    |add_ln51_4_fu_952_p2   |         +|   0|  0|  23|          16|           8|
    |add_ln51_fu_964_p2     |         +|   0|  0|  16|           9|           1|
    |icmp_ln51_fu_958_p2    |      icmp|   0|  0|  17|           9|          10|
    +-----------------------+----------+----+---+----+------------+------------+
    |Total                  |          |   0|  0|  96|          60|          29|
    +-----------------------+----------+----+---+----+------------+------------+

    * Multiplexer: 
    +---------------------+----+-----------+-----+-----------+
    |         Name        | LUT| Input Size| Bits| Total Bits|
    +---------------------+----+-----------+-----+-----------+
    |ap_NS_fsm            |  37|          7|    1|          7|
    |c_fu_108             |   9|          2|    9|         18|
    |grp_fu_2086_ce       |   9|          2|    1|          2|
    |grp_fu_2090_ce       |   9|          2|    1|          2|
    |grp_fu_2094_ce       |   9|          2|    1|          2|
    |grp_fu_2098_ce       |   9|          2|    1|          2|
    |grp_fu_2102_ce       |   9|          2|    1|          2|
    |grp_fu_2106_ce       |   9|          2|    1|          2|
    |grp_fu_2110_ce       |   9|          2|    1|          2|
    |grp_fu_2114_ce       |   9|          2|    1|          2|
    |grp_fu_2118_ce       |   9|          2|    1|          2|
    |indvars_iv59_fu_220  |   9|          2|   13|         26|
    |inp_img_0_address0   |   9|          2|   13|         26|
    |inp_img_0_ce0        |   9|          2|    1|          2|
    |inp_img_0_ce1        |   9|          2|    1|          2|
    |inp_img_10_address0  |   9|          2|   13|         26|
    |inp_img_10_ce0       |   9|          2|    1|          2|
    |inp_img_10_ce1       |   9|          2|    1|          2|
    |inp_img_11_address0  |   9|          2|   13|         26|
    |inp_img_11_ce0       |   9|          2|    1|          2|
    |inp_img_11_ce1       |   9|          2|    1|          2|
    |inp_img_12_address0  |   9|          2|   13|         26|
    |inp_img_12_ce0       |   9|          2|    1|          2|
    |inp_img_12_ce1       |   9|          2|    1|          2|
    |inp_img_13_address0  |   9|          2|   13|         26|
    |inp_img_13_ce0       |   9|          2|    1|          2|
    |inp_img_13_ce1       |   9|          2|    1|          2|
    |inp_img_14_address0  |   9|          2|   13|         26|
    |inp_img_14_ce0       |   9|          2|    1|          2|
    |inp_img_14_ce1       |   9|          2|    1|          2|
    |inp_img_15_address0  |   9|          2|   13|         26|
    |inp_img_15_ce0       |   9|          2|    1|          2|
    |inp_img_15_ce1       |   9|          2|    1|          2|
    |inp_img_16_address0  |   9|          2|   13|         26|
    |inp_img_16_ce0       |   9|          2|    1|          2|
    |inp_img_16_ce1       |   9|          2|    1|          2|
    |inp_img_17_address0  |   9|          2|   13|         26|
    |inp_img_17_ce0       |   9|          2|    1|          2|
    |inp_img_17_ce1       |   9|          2|    1|          2|
    |inp_img_18_address0  |   9|          2|   13|         26|
    |inp_img_18_ce0       |   9|          2|    1|          2|
    |inp_img_18_ce1       |   9|          2|    1|          2|
    |inp_img_19_address0  |   9|          2|   13|         26|
    |inp_img_19_ce0       |   9|          2|    1|          2|
    |inp_img_19_ce1       |   9|          2|    1|          2|
    |inp_img_1_address0   |   9|          2|   13|         26|
    |inp_img_1_ce0        |   9|          2|    1|          2|
    |inp_img_1_ce1        |   9|          2|    1|          2|
    |inp_img_20_address0  |   9|          2|   13|         26|
    |inp_img_20_ce0       |   9|          2|    1|          2|
    |inp_img_20_ce1       |   9|          2|    1|          2|
    |inp_img_21_address0  |   9|          2|   13|         26|
    |inp_img_21_ce0       |   9|          2|    1|          2|
    |inp_img_21_ce1       |   9|          2|    1|          2|
    |inp_img_22_address0  |   9|          2|   13|         26|
    |inp_img_22_ce0       |   9|          2|    1|          2|
    |inp_img_22_ce1       |   9|          2|    1|          2|
    |inp_img_23_address0  |   9|          2|   13|         26|
    |inp_img_23_ce0       |   9|          2|    1|          2|
    |inp_img_23_ce1       |   9|          2|    1|          2|
    |inp_img_24_address0  |   9|          2|   13|         26|
    |inp_img_24_ce0       |   9|          2|    1|          2|
    |inp_img_24_ce1       |   9|          2|    1|          2|
    |inp_img_25_address0  |   9|          2|   13|         26|
    |inp_img_25_ce0       |   9|          2|    1|          2|
    |inp_img_25_ce1       |   9|          2|    1|          2|
    |inp_img_26_address0  |   9|          2|   13|         26|
    |inp_img_26_ce0       |   9|          2|    1|          2|
    |inp_img_26_ce1       |   9|          2|    1|          2|
    |inp_img_2_address0   |   9|          2|   13|         26|
    |inp_img_2_ce0        |   9|          2|    1|          2|
    |inp_img_2_ce1        |   9|          2|    1|          2|
    |inp_img_3_address0   |   9|          2|   13|         26|
    |inp_img_3_ce0        |   9|          2|    1|          2|
    |inp_img_3_ce1        |   9|          2|    1|          2|
    |inp_img_4_address0   |   9|          2|   13|         26|
    |inp_img_4_ce0        |   9|          2|    1|          2|
    |inp_img_4_ce1        |   9|          2|    1|          2|
    |inp_img_5_address0   |   9|          2|   13|         26|
    |inp_img_5_ce0        |   9|          2|    1|          2|
    |inp_img_5_ce1        |   9|          2|    1|          2|
    |inp_img_6_address0   |   9|          2|   13|         26|
    |inp_img_6_ce0        |   9|          2|    1|          2|
    |inp_img_6_ce1        |   9|          2|    1|          2|
    |inp_img_7_address0   |   9|          2|   13|         26|
    |inp_img_7_ce0        |   9|          2|    1|          2|
    |inp_img_7_ce1        |   9|          2|    1|          2|
    |inp_img_8_address0   |   9|          2|   13|         26|
    |inp_img_8_ce0        |   9|          2|    1|          2|
    |inp_img_8_ce1        |   9|          2|    1|          2|
    |inp_img_9_address0   |   9|          2|   13|         26|
    |inp_img_9_ce0        |   9|          2|    1|          2|
    |inp_img_9_ce1        |   9|          2|    1|          2|
    |phi_mul13_fu_88      |   9|          2|   13|         26|
    |phi_mul_fu_92        |   9|          2|   16|         32|
    +---------------------+----+-----------+-----+-----------+
    |Total                | 883|        195|  466|        937|
    +---------------------+----+-----------+-----+-----------+

    * Register: 
    +----------------------------------------------+----+----+-----+-----------+
    |                     Name                     | FF | LUT| Bits| Const Bits|
    +----------------------------------------------+----+----+-----+-----------+
    |ap_CS_fsm                                     |   6|   0|    6|          0|
    |c_fu_108                                      |   9|   0|    9|          0|
    |empty_96_fu_100                               |  32|   0|   32|          0|
    |empty_97_fu_104                               |  32|   0|   32|          0|
    |empty_98_fu_216                               |  32|   0|   32|          0|
    |empty_fu_96                                   |  32|   0|   32|          0|
    |grp_pool2_Pipeline_L4_fu_683_ap_start_reg     |   1|   0|    1|          0|
    |grp_pool2_Pipeline_L5_L6_fu_795_ap_start_reg  |   1|   0|    1|          0|
    |indvars_iv59_fu_220                           |  13|   0|   13|          0|
    |indvars_iv59_load_reg_2000                    |  13|   0|   13|          0|
    |inp_img_0_load_reg_1850                       |  32|   0|   32|          0|
    |inp_img_10_load_reg_1900                      |  32|   0|   32|          0|
    |inp_img_11_load_reg_1905                      |  32|   0|   32|          0|
    |inp_img_12_load_reg_1910                      |  32|   0|   32|          0|
    |inp_img_13_load_reg_1915                      |  32|   0|   32|          0|
    |inp_img_14_load_reg_1920                      |  32|   0|   32|          0|
    |inp_img_15_load_reg_1925                      |  32|   0|   32|          0|
    |inp_img_16_load_reg_1930                      |  32|   0|   32|          0|
    |inp_img_17_load_reg_1935                      |  32|   0|   32|          0|
    |inp_img_18_load_reg_1940                      |  32|   0|   32|          0|
    |inp_img_19_load_reg_1945                      |  32|   0|   32|          0|
    |inp_img_1_load_reg_1855                       |  32|   0|   32|          0|
    |inp_img_20_load_reg_1950                      |  32|   0|   32|          0|
    |inp_img_21_load_reg_1955                      |  32|   0|   32|          0|
    |inp_img_22_load_reg_1960                      |  32|   0|   32|          0|
    |inp_img_23_load_reg_1965                      |  32|   0|   32|          0|
    |inp_img_24_load_reg_1970                      |  32|   0|   32|          0|
    |inp_img_25_load_reg_1975                      |  32|   0|   32|          0|
    |inp_img_26_load_reg_1980                      |  32|   0|   32|          0|
    |inp_img_2_load_reg_1860                       |  32|   0|   32|          0|
    |inp_img_3_load_reg_1865                       |  32|   0|   32|          0|
    |inp_img_4_load_reg_1870                       |  32|   0|   32|          0|
    |inp_img_5_load_reg_1875                       |  32|   0|   32|          0|
    |inp_img_6_load_reg_1880                       |  32|   0|   32|          0|
    |inp_img_7_load_reg_1885                       |  32|   0|   32|          0|
    |inp_img_8_load_reg_1890                       |  32|   0|   32|          0|
    |inp_img_9_load_reg_1895                       |  32|   0|   32|          0|
    |mux_case_10134_fu_180                         |  32|   0|   32|          0|
    |mux_case_1150_fu_132                          |  32|   0|   32|          0|
    |mux_case_115_fu_112                           |  32|   0|   32|          0|
    |mux_case_12141_fu_184                         |  32|   0|   32|          0|
    |mux_case_1357_fu_136                          |  32|   0|   32|          0|
    |mux_case_14148_fu_188                         |  32|   0|   32|          0|
    |mux_case_1564_fu_140                          |  32|   0|   32|          0|
    |mux_case_16155_fu_192                         |  32|   0|   32|          0|
    |mux_case_1771_fu_144                          |  32|   0|   32|          0|
    |mux_case_18162_fu_196                         |  32|   0|   32|          0|
    |mux_case_1978_fu_148                          |  32|   0|   32|          0|
    |mux_case_20169_fu_200                         |  32|   0|   32|          0|
    |mux_case_2106_fu_164                          |  32|   0|   32|          0|
    |mux_case_2185_fu_152                          |  32|   0|   32|          0|
    |mux_case_22176_fu_204                         |  32|   0|   32|          0|
    |mux_case_2392_fu_156                          |  32|   0|   32|          0|
    |mux_case_24183_fu_208                         |  32|   0|   32|          0|
    |mux_case_2599_fu_160                          |  32|   0|   32|          0|
    |mux_case_26190_fu_212                         |  32|   0|   32|          0|
    |mux_case_322_fu_116                           |  32|   0|   32|          0|
    |mux_case_4113_fu_168                          |  32|   0|   32|          0|
    |mux_case_529_fu_120                           |  32|   0|   32|          0|
    |mux_case_6120_fu_172                          |  32|   0|   32|          0|
    |mux_case_736_fu_124                           |  32|   0|   32|          0|
    |mux_case_8127_fu_176                          |  32|   0|   32|          0|
    |mux_case_943_fu_128                           |  32|   0|   32|          0|
    |p_load22_reg_1995                             |  32|   0|   32|          0|
    |p_load23_reg_1990                             |  32|   0|   32|          0|
    |p_load24_reg_1985                             |  32|   0|   32|          0|
    |phi_mul13_fu_88                               |  13|   0|   13|          0|
    |phi_mul_fu_92                                 |  16|   0|   16|          0|
    |phi_mul_load_reg_1626                         |  16|   0|   16|          0|
    +----------------------------------------------+----+----+-----+-----------+
    |Total                                         |2008|   0| 2008|          0|
    +----------------------------------------------+----+----+-----+-----------+



================================================================
== Interface
================================================================
* Summary: 
+----------------------+-----+-----+------------+--------------+--------------+
|       RTL Ports      | Dir | Bits|  Protocol  | Source Object|    C Type    |
+----------------------+-----+-----+------------+--------------+--------------+
|ap_clk                |   in|    1|  ap_ctrl_hs|         pool2|  return value|
|ap_rst                |   in|    1|  ap_ctrl_hs|         pool2|  return value|
|ap_start              |   in|    1|  ap_ctrl_hs|         pool2|  return value|
|ap_done               |  out|    1|  ap_ctrl_hs|         pool2|  return value|
|ap_idle               |  out|    1|  ap_ctrl_hs|         pool2|  return value|
|ap_ready              |  out|    1|  ap_ctrl_hs|         pool2|  return value|
|grp_fu_999_p_din0     |  out|   32|  ap_ctrl_hs|         pool2|  return value|
|grp_fu_999_p_din1     |  out|   32|  ap_ctrl_hs|         pool2|  return value|
|grp_fu_999_p_opcode   |  out|    5|  ap_ctrl_hs|         pool2|  return value|
|grp_fu_999_p_dout0    |   in|    1|  ap_ctrl_hs|         pool2|  return value|
|grp_fu_999_p_ce       |  out|    1|  ap_ctrl_hs|         pool2|  return value|
|grp_fu_3615_p_din0    |  out|   32|  ap_ctrl_hs|         pool2|  return value|
|grp_fu_3615_p_din1    |  out|   32|  ap_ctrl_hs|         pool2|  return value|
|grp_fu_3615_p_opcode  |  out|    5|  ap_ctrl_hs|         pool2|  return value|
|grp_fu_3615_p_dout0   |   in|    1|  ap_ctrl_hs|         pool2|  return value|
|grp_fu_3615_p_ce      |  out|    1|  ap_ctrl_hs|         pool2|  return value|
|grp_fu_3619_p_din0    |  out|   32|  ap_ctrl_hs|         pool2|  return value|
|grp_fu_3619_p_din1    |  out|   32|  ap_ctrl_hs|         pool2|  return value|
|grp_fu_3619_p_opcode  |  out|    5|  ap_ctrl_hs|         pool2|  return value|
|grp_fu_3619_p_dout0   |   in|    1|  ap_ctrl_hs|         pool2|  return value|
|grp_fu_3619_p_ce      |  out|    1|  ap_ctrl_hs|         pool2|  return value|
|grp_fu_3623_p_din0    |  out|   32|  ap_ctrl_hs|         pool2|  return value|
|grp_fu_3623_p_din1    |  out|   32|  ap_ctrl_hs|         pool2|  return value|
|grp_fu_3623_p_opcode  |  out|    5|  ap_ctrl_hs|         pool2|  return value|
|grp_fu_3623_p_dout0   |   in|    1|  ap_ctrl_hs|         pool2|  return value|
|grp_fu_3623_p_ce      |  out|    1|  ap_ctrl_hs|         pool2|  return value|
|grp_fu_3627_p_din0    |  out|   32|  ap_ctrl_hs|         pool2|  return value|
|grp_fu_3627_p_din1    |  out|   32|  ap_ctrl_hs|         pool2|  return value|
|grp_fu_3627_p_opcode  |  out|    5|  ap_ctrl_hs|         pool2|  return value|
|grp_fu_3627_p_dout0   |   in|    1|  ap_ctrl_hs|         pool2|  return value|
|grp_fu_3627_p_ce      |  out|    1|  ap_ctrl_hs|         pool2|  return value|
|grp_fu_3631_p_din0    |  out|   32|  ap_ctrl_hs|         pool2|  return value|
|grp_fu_3631_p_din1    |  out|   32|  ap_ctrl_hs|         pool2|  return value|
|grp_fu_3631_p_opcode  |  out|    5|  ap_ctrl_hs|         pool2|  return value|
|grp_fu_3631_p_dout0   |   in|    1|  ap_ctrl_hs|         pool2|  return value|
|grp_fu_3631_p_ce      |  out|    1|  ap_ctrl_hs|         pool2|  return value|
|grp_fu_3635_p_din0    |  out|   32|  ap_ctrl_hs|         pool2|  return value|
|grp_fu_3635_p_din1    |  out|   32|  ap_ctrl_hs|         pool2|  return value|
|grp_fu_3635_p_opcode  |  out|    5|  ap_ctrl_hs|         pool2|  return value|
|grp_fu_3635_p_dout0   |   in|    1|  ap_ctrl_hs|         pool2|  return value|
|grp_fu_3635_p_ce      |  out|    1|  ap_ctrl_hs|         pool2|  return value|
|grp_fu_3639_p_din0    |  out|   32|  ap_ctrl_hs|         pool2|  return value|
|grp_fu_3639_p_din1    |  out|   32|  ap_ctrl_hs|         pool2|  return value|
|grp_fu_3639_p_opcode  |  out|    5|  ap_ctrl_hs|         pool2|  return value|
|grp_fu_3639_p_dout0   |   in|    1|  ap_ctrl_hs|         pool2|  return value|
|grp_fu_3639_p_ce      |  out|    1|  ap_ctrl_hs|         pool2|  return value|
|grp_fu_3643_p_din0    |  out|   32|  ap_ctrl_hs|         pool2|  return value|
|grp_fu_3643_p_din1    |  out|   32|  ap_ctrl_hs|         pool2|  return value|
|grp_fu_3643_p_opcode  |  out|    5|  ap_ctrl_hs|         pool2|  return value|
|grp_fu_3643_p_dout0   |   in|    1|  ap_ctrl_hs|         pool2|  return value|
|grp_fu_3643_p_ce      |  out|    1|  ap_ctrl_hs|         pool2|  return value|
|inp_img_0_address0    |  out|   13|   ap_memory|     inp_img_0|         array|
|inp_img_0_ce0         |  out|    1|   ap_memory|     inp_img_0|         array|
|inp_img_0_q0          |   in|   32|   ap_memory|     inp_img_0|         array|
|inp_img_0_address1    |  out|   13|   ap_memory|     inp_img_0|         array|
|inp_img_0_ce1         |  out|    1|   ap_memory|     inp_img_0|         array|
|inp_img_0_q1          |   in|   32|   ap_memory|     inp_img_0|         array|
|inp_img_1_address0    |  out|   13|   ap_memory|     inp_img_1|         array|
|inp_img_1_ce0         |  out|    1|   ap_memory|     inp_img_1|         array|
|inp_img_1_q0          |   in|   32|   ap_memory|     inp_img_1|         array|
|inp_img_1_address1    |  out|   13|   ap_memory|     inp_img_1|         array|
|inp_img_1_ce1         |  out|    1|   ap_memory|     inp_img_1|         array|
|inp_img_1_q1          |   in|   32|   ap_memory|     inp_img_1|         array|
|inp_img_2_address0    |  out|   13|   ap_memory|     inp_img_2|         array|
|inp_img_2_ce0         |  out|    1|   ap_memory|     inp_img_2|         array|
|inp_img_2_q0          |   in|   32|   ap_memory|     inp_img_2|         array|
|inp_img_2_address1    |  out|   13|   ap_memory|     inp_img_2|         array|
|inp_img_2_ce1         |  out|    1|   ap_memory|     inp_img_2|         array|
|inp_img_2_q1          |   in|   32|   ap_memory|     inp_img_2|         array|
|inp_img_3_address0    |  out|   13|   ap_memory|     inp_img_3|         array|
|inp_img_3_ce0         |  out|    1|   ap_memory|     inp_img_3|         array|
|inp_img_3_q0          |   in|   32|   ap_memory|     inp_img_3|         array|
|inp_img_3_address1    |  out|   13|   ap_memory|     inp_img_3|         array|
|inp_img_3_ce1         |  out|    1|   ap_memory|     inp_img_3|         array|
|inp_img_3_q1          |   in|   32|   ap_memory|     inp_img_3|         array|
|inp_img_4_address0    |  out|   13|   ap_memory|     inp_img_4|         array|
|inp_img_4_ce0         |  out|    1|   ap_memory|     inp_img_4|         array|
|inp_img_4_q0          |   in|   32|   ap_memory|     inp_img_4|         array|
|inp_img_4_address1    |  out|   13|   ap_memory|     inp_img_4|         array|
|inp_img_4_ce1         |  out|    1|   ap_memory|     inp_img_4|         array|
|inp_img_4_q1          |   in|   32|   ap_memory|     inp_img_4|         array|
|inp_img_5_address0    |  out|   13|   ap_memory|     inp_img_5|         array|
|inp_img_5_ce0         |  out|    1|   ap_memory|     inp_img_5|         array|
|inp_img_5_q0          |   in|   32|   ap_memory|     inp_img_5|         array|
|inp_img_5_address1    |  out|   13|   ap_memory|     inp_img_5|         array|
|inp_img_5_ce1         |  out|    1|   ap_memory|     inp_img_5|         array|
|inp_img_5_q1          |   in|   32|   ap_memory|     inp_img_5|         array|
|inp_img_6_address0    |  out|   13|   ap_memory|     inp_img_6|         array|
|inp_img_6_ce0         |  out|    1|   ap_memory|     inp_img_6|         array|
|inp_img_6_q0          |   in|   32|   ap_memory|     inp_img_6|         array|
|inp_img_6_address1    |  out|   13|   ap_memory|     inp_img_6|         array|
|inp_img_6_ce1         |  out|    1|   ap_memory|     inp_img_6|         array|
|inp_img_6_q1          |   in|   32|   ap_memory|     inp_img_6|         array|
|inp_img_7_address0    |  out|   13|   ap_memory|     inp_img_7|         array|
|inp_img_7_ce0         |  out|    1|   ap_memory|     inp_img_7|         array|
|inp_img_7_q0          |   in|   32|   ap_memory|     inp_img_7|         array|
|inp_img_7_address1    |  out|   13|   ap_memory|     inp_img_7|         array|
|inp_img_7_ce1         |  out|    1|   ap_memory|     inp_img_7|         array|
|inp_img_7_q1          |   in|   32|   ap_memory|     inp_img_7|         array|
|inp_img_8_address0    |  out|   13|   ap_memory|     inp_img_8|         array|
|inp_img_8_ce0         |  out|    1|   ap_memory|     inp_img_8|         array|
|inp_img_8_q0          |   in|   32|   ap_memory|     inp_img_8|         array|
|inp_img_8_address1    |  out|   13|   ap_memory|     inp_img_8|         array|
|inp_img_8_ce1         |  out|    1|   ap_memory|     inp_img_8|         array|
|inp_img_8_q1          |   in|   32|   ap_memory|     inp_img_8|         array|
|inp_img_9_address0    |  out|   13|   ap_memory|     inp_img_9|         array|
|inp_img_9_ce0         |  out|    1|   ap_memory|     inp_img_9|         array|
|inp_img_9_q0          |   in|   32|   ap_memory|     inp_img_9|         array|
|inp_img_9_address1    |  out|   13|   ap_memory|     inp_img_9|         array|
|inp_img_9_ce1         |  out|    1|   ap_memory|     inp_img_9|         array|
|inp_img_9_q1          |   in|   32|   ap_memory|     inp_img_9|         array|
|inp_img_10_address0   |  out|   13|   ap_memory|    inp_img_10|         array|
|inp_img_10_ce0        |  out|    1|   ap_memory|    inp_img_10|         array|
|inp_img_10_q0         |   in|   32|   ap_memory|    inp_img_10|         array|
|inp_img_10_address1   |  out|   13|   ap_memory|    inp_img_10|         array|
|inp_img_10_ce1        |  out|    1|   ap_memory|    inp_img_10|         array|
|inp_img_10_q1         |   in|   32|   ap_memory|    inp_img_10|         array|
|inp_img_11_address0   |  out|   13|   ap_memory|    inp_img_11|         array|
|inp_img_11_ce0        |  out|    1|   ap_memory|    inp_img_11|         array|
|inp_img_11_q0         |   in|   32|   ap_memory|    inp_img_11|         array|
|inp_img_11_address1   |  out|   13|   ap_memory|    inp_img_11|         array|
|inp_img_11_ce1        |  out|    1|   ap_memory|    inp_img_11|         array|
|inp_img_11_q1         |   in|   32|   ap_memory|    inp_img_11|         array|
|inp_img_12_address0   |  out|   13|   ap_memory|    inp_img_12|         array|
|inp_img_12_ce0        |  out|    1|   ap_memory|    inp_img_12|         array|
|inp_img_12_q0         |   in|   32|   ap_memory|    inp_img_12|         array|
|inp_img_12_address1   |  out|   13|   ap_memory|    inp_img_12|         array|
|inp_img_12_ce1        |  out|    1|   ap_memory|    inp_img_12|         array|
|inp_img_12_q1         |   in|   32|   ap_memory|    inp_img_12|         array|
|inp_img_13_address0   |  out|   13|   ap_memory|    inp_img_13|         array|
|inp_img_13_ce0        |  out|    1|   ap_memory|    inp_img_13|         array|
|inp_img_13_q0         |   in|   32|   ap_memory|    inp_img_13|         array|
|inp_img_13_address1   |  out|   13|   ap_memory|    inp_img_13|         array|
|inp_img_13_ce1        |  out|    1|   ap_memory|    inp_img_13|         array|
|inp_img_13_q1         |   in|   32|   ap_memory|    inp_img_13|         array|
|inp_img_14_address0   |  out|   13|   ap_memory|    inp_img_14|         array|
|inp_img_14_ce0        |  out|    1|   ap_memory|    inp_img_14|         array|
|inp_img_14_q0         |   in|   32|   ap_memory|    inp_img_14|         array|
|inp_img_14_address1   |  out|   13|   ap_memory|    inp_img_14|         array|
|inp_img_14_ce1        |  out|    1|   ap_memory|    inp_img_14|         array|
|inp_img_14_q1         |   in|   32|   ap_memory|    inp_img_14|         array|
|inp_img_15_address0   |  out|   13|   ap_memory|    inp_img_15|         array|
|inp_img_15_ce0        |  out|    1|   ap_memory|    inp_img_15|         array|
|inp_img_15_q0         |   in|   32|   ap_memory|    inp_img_15|         array|
|inp_img_15_address1   |  out|   13|   ap_memory|    inp_img_15|         array|
|inp_img_15_ce1        |  out|    1|   ap_memory|    inp_img_15|         array|
|inp_img_15_q1         |   in|   32|   ap_memory|    inp_img_15|         array|
|inp_img_16_address0   |  out|   13|   ap_memory|    inp_img_16|         array|
|inp_img_16_ce0        |  out|    1|   ap_memory|    inp_img_16|         array|
|inp_img_16_q0         |   in|   32|   ap_memory|    inp_img_16|         array|
|inp_img_16_address1   |  out|   13|   ap_memory|    inp_img_16|         array|
|inp_img_16_ce1        |  out|    1|   ap_memory|    inp_img_16|         array|
|inp_img_16_q1         |   in|   32|   ap_memory|    inp_img_16|         array|
|inp_img_17_address0   |  out|   13|   ap_memory|    inp_img_17|         array|
|inp_img_17_ce0        |  out|    1|   ap_memory|    inp_img_17|         array|
|inp_img_17_q0         |   in|   32|   ap_memory|    inp_img_17|         array|
|inp_img_17_address1   |  out|   13|   ap_memory|    inp_img_17|         array|
|inp_img_17_ce1        |  out|    1|   ap_memory|    inp_img_17|         array|
|inp_img_17_q1         |   in|   32|   ap_memory|    inp_img_17|         array|
|inp_img_18_address0   |  out|   13|   ap_memory|    inp_img_18|         array|
|inp_img_18_ce0        |  out|    1|   ap_memory|    inp_img_18|         array|
|inp_img_18_q0         |   in|   32|   ap_memory|    inp_img_18|         array|
|inp_img_18_address1   |  out|   13|   ap_memory|    inp_img_18|         array|
|inp_img_18_ce1        |  out|    1|   ap_memory|    inp_img_18|         array|
|inp_img_18_q1         |   in|   32|   ap_memory|    inp_img_18|         array|
|inp_img_19_address0   |  out|   13|   ap_memory|    inp_img_19|         array|
|inp_img_19_ce0        |  out|    1|   ap_memory|    inp_img_19|         array|
|inp_img_19_q0         |   in|   32|   ap_memory|    inp_img_19|         array|
|inp_img_19_address1   |  out|   13|   ap_memory|    inp_img_19|         array|
|inp_img_19_ce1        |  out|    1|   ap_memory|    inp_img_19|         array|
|inp_img_19_q1         |   in|   32|   ap_memory|    inp_img_19|         array|
|inp_img_20_address0   |  out|   13|   ap_memory|    inp_img_20|         array|
|inp_img_20_ce0        |  out|    1|   ap_memory|    inp_img_20|         array|
|inp_img_20_q0         |   in|   32|   ap_memory|    inp_img_20|         array|
|inp_img_20_address1   |  out|   13|   ap_memory|    inp_img_20|         array|
|inp_img_20_ce1        |  out|    1|   ap_memory|    inp_img_20|         array|
|inp_img_20_q1         |   in|   32|   ap_memory|    inp_img_20|         array|
|inp_img_21_address0   |  out|   13|   ap_memory|    inp_img_21|         array|
|inp_img_21_ce0        |  out|    1|   ap_memory|    inp_img_21|         array|
|inp_img_21_q0         |   in|   32|   ap_memory|    inp_img_21|         array|
|inp_img_21_address1   |  out|   13|   ap_memory|    inp_img_21|         array|
|inp_img_21_ce1        |  out|    1|   ap_memory|    inp_img_21|         array|
|inp_img_21_q1         |   in|   32|   ap_memory|    inp_img_21|         array|
|inp_img_22_address0   |  out|   13|   ap_memory|    inp_img_22|         array|
|inp_img_22_ce0        |  out|    1|   ap_memory|    inp_img_22|         array|
|inp_img_22_q0         |   in|   32|   ap_memory|    inp_img_22|         array|
|inp_img_22_address1   |  out|   13|   ap_memory|    inp_img_22|         array|
|inp_img_22_ce1        |  out|    1|   ap_memory|    inp_img_22|         array|
|inp_img_22_q1         |   in|   32|   ap_memory|    inp_img_22|         array|
|inp_img_23_address0   |  out|   13|   ap_memory|    inp_img_23|         array|
|inp_img_23_ce0        |  out|    1|   ap_memory|    inp_img_23|         array|
|inp_img_23_q0         |   in|   32|   ap_memory|    inp_img_23|         array|
|inp_img_23_address1   |  out|   13|   ap_memory|    inp_img_23|         array|
|inp_img_23_ce1        |  out|    1|   ap_memory|    inp_img_23|         array|
|inp_img_23_q1         |   in|   32|   ap_memory|    inp_img_23|         array|
|inp_img_24_address0   |  out|   13|   ap_memory|    inp_img_24|         array|
|inp_img_24_ce0        |  out|    1|   ap_memory|    inp_img_24|         array|
|inp_img_24_q0         |   in|   32|   ap_memory|    inp_img_24|         array|
|inp_img_24_address1   |  out|   13|   ap_memory|    inp_img_24|         array|
|inp_img_24_ce1        |  out|    1|   ap_memory|    inp_img_24|         array|
|inp_img_24_q1         |   in|   32|   ap_memory|    inp_img_24|         array|
|inp_img_25_address0   |  out|   13|   ap_memory|    inp_img_25|         array|
|inp_img_25_ce0        |  out|    1|   ap_memory|    inp_img_25|         array|
|inp_img_25_q0         |   in|   32|   ap_memory|    inp_img_25|         array|
|inp_img_25_address1   |  out|   13|   ap_memory|    inp_img_25|         array|
|inp_img_25_ce1        |  out|    1|   ap_memory|    inp_img_25|         array|
|inp_img_25_q1         |   in|   32|   ap_memory|    inp_img_25|         array|
|inp_img_26_address0   |  out|   13|   ap_memory|    inp_img_26|         array|
|inp_img_26_ce0        |  out|    1|   ap_memory|    inp_img_26|         array|
|inp_img_26_q0         |   in|   32|   ap_memory|    inp_img_26|         array|
|inp_img_26_address1   |  out|   13|   ap_memory|    inp_img_26|         array|
|inp_img_26_ce1        |  out|    1|   ap_memory|    inp_img_26|         array|
|inp_img_26_q1         |   in|   32|   ap_memory|    inp_img_26|         array|
|out_img_address0      |  out|   16|   ap_memory|       out_img|         array|
|out_img_ce0           |  out|    1|   ap_memory|       out_img|         array|
|out_img_we0           |  out|    1|   ap_memory|       out_img|         array|
|out_img_d0            |  out|   32|   ap_memory|       out_img|         array|
+----------------------+-----+-----+------------+--------------+--------------+

