==============================================================
Vitis HLS - High-Level Synthesis from C, C++ and OpenCL v2024.2 (64-bit)
Tool Version Limit: 2024.11
Copyright 1986-2022 Xilinx, Inc. All Rights Reserved.
Copyright 2022-2024 Advanced Micro Devices, Inc. All Rights Reserved.

==============================================================
INFO: [HLS 200-1505] Using default flow_target 'vivado'
INFO: [HLS 200-1510] Running: set_part xczu7ev-ffvc1156-2-i 
INFO: [HLS 200-1510] Running: csim_design 
INFO: [SIM 211-2] *************** CSIM start ***************
INFO: [SIM 211-4] CSIM will launch CLANG as the compiler.
INFO: [HLS 200-2036] Building debug C Simulation binaries
INFO: [SIM 211-1] CSim done with 0 errors.
INFO: [SIM 211-3] *************** CSIM finish ***************
INFO: [HLS 200-2161] Finished Command csim_design Elapsed time: 00:00:08; Allocated memory: 0.000 MB.
INFO: [HLS 200-1510] Running: csynth_design 
INFO: [HLS 200-111] Finished File checks and directory preparation: CPU user time: 0.15 seconds. CPU system time: 0.02 seconds. Elapsed time: 0.17 seconds; current allocated memory: 1.001 GB.
INFO: [HLS 200-10] Analyzing design file 'AlexNet-FPGA-implementation/Pad4/src/pad4.cpp' ... 
INFO: [HLS 200-111] Finished Source Code Analysis and Preprocessing: CPU user time: 8.96 seconds. CPU system time: 2.02 seconds. Elapsed time: 11.01 seconds; current allocated memory: 1.001 GB.
INFO: [HLS 200-777] Using interface defaults for 'Vivado' flow target.
INFO: [HLS 200-1995] There were 64 instructions in the design after the 'Compile/Link' phase of compilation. See the Design Size Report for more details: /primary/HLS/Alex_Net/Pad4/syn/report/csynth_design_size.rpt
INFO: [HLS 200-1995] There were 54 instructions in the design after the 'Unroll/Inline (step 1)' phase of compilation. See the Design Size Report for more details: /primary/HLS/Alex_Net/Pad4/syn/report/csynth_design_size.rpt
INFO: [HLS 200-1995] There were 48 instructions in the design after the 'Unroll/Inline (step 2)' phase of compilation. See the Design Size Report for more details: /primary/HLS/Alex_Net/Pad4/syn/report/csynth_design_size.rpt
INFO: [HLS 200-1995] There were 45 instructions in the design after the 'Unroll/Inline (step 3)' phase of compilation. See the Design Size Report for more details: /primary/HLS/Alex_Net/Pad4/syn/report/csynth_design_size.rpt
INFO: [HLS 200-1995] There were 42 instructions in the design after the 'Unroll/Inline (step 4)' phase of compilation. See the Design Size Report for more details: /primary/HLS/Alex_Net/Pad4/syn/report/csynth_design_size.rpt
INFO: [HLS 200-1995] There were 42 instructions in the design after the 'Array/Struct (step 1)' phase of compilation. See the Design Size Report for more details: /primary/HLS/Alex_Net/Pad4/syn/report/csynth_design_size.rpt
INFO: [HLS 200-1995] There were 42 instructions in the design after the 'Array/Struct (step 2)' phase of compilation. See the Design Size Report for more details: /primary/HLS/Alex_Net/Pad4/syn/report/csynth_design_size.rpt
INFO: [HLS 200-1995] There were 42 instructions in the design after the 'Array/Struct (step 3)' phase of compilation. See the Design Size Report for more details: /primary/HLS/Alex_Net/Pad4/syn/report/csynth_design_size.rpt
INFO: [HLS 200-1995] There were 42 instructions in the design after the 'Array/Struct (step 4)' phase of compilation. See the Design Size Report for more details: /primary/HLS/Alex_Net/Pad4/syn/report/csynth_design_size.rpt
INFO: [HLS 200-1995] There were 42 instructions in the design after the 'Array/Struct (step 5)' phase of compilation. See the Design Size Report for more details: /primary/HLS/Alex_Net/Pad4/syn/report/csynth_design_size.rpt
INFO: [HLS 200-1995] There were 42 instructions in the design after the 'Performance (step 1)' phase of compilation. See the Design Size Report for more details: /primary/HLS/Alex_Net/Pad4/syn/report/csynth_design_size.rpt
INFO: [HLS 200-1995] There were 42 instructions in the design after the 'Performance (step 2)' phase of compilation. See the Design Size Report for more details: /primary/HLS/Alex_Net/Pad4/syn/report/csynth_design_size.rpt
INFO: [HLS 200-1995] There were 42 instructions in the design after the 'Performance (step 3)' phase of compilation. See the Design Size Report for more details: /primary/HLS/Alex_Net/Pad4/syn/report/csynth_design_size.rpt
INFO: [HLS 200-1995] There were 42 instructions in the design after the 'Performance (step 4)' phase of compilation. See the Design Size Report for more details: /primary/HLS/Alex_Net/Pad4/syn/report/csynth_design_size.rpt
INFO: [HLS 200-1995] There were 48 instructions in the design after the 'HW Transforms (step 1)' phase of compilation. See the Design Size Report for more details: /primary/HLS/Alex_Net/Pad4/syn/report/csynth_design_size.rpt
INFO: [HLS 200-1995] There were 59 instructions in the design after the 'HW Transforms (step 2)' phase of compilation. See the Design Size Report for more details: /primary/HLS/Alex_Net/Pad4/syn/report/csynth_design_size.rpt
INFO: [HLS 200-111] Finished Compiling Optimization and Transform: CPU user time: 4.38 seconds. CPU system time: 1.35 seconds. Elapsed time: 10.12 seconds; current allocated memory: 1.001 GB.
INFO: [HLS 200-111] Finished Checking Pragmas: CPU user time: 0 seconds. CPU system time: 0 seconds. Elapsed time: 0 seconds; current allocated memory: 1.001 GB.
INFO: [HLS 200-10] Starting code transformations ...
INFO: [HLS 200-111] Finished Standard Transforms: CPU user time: 0.02 seconds. CPU system time: 0 seconds. Elapsed time: 0.02 seconds; current allocated memory: 1.001 GB.
INFO: [HLS 200-10] Checking synthesizability ...
INFO: [HLS 200-111] Finished Checking Synthesizability: CPU user time: 0.04 seconds. CPU system time: 0.01 seconds. Elapsed time: 0.05 seconds; current allocated memory: 1.001 GB.
INFO: [XFORM 203-401] Performing if-conversion on hyperblock from (AlexNet-FPGA-implementation/Pad4/src/pad4.cpp:37:9) to (AlexNet-FPGA-implementation/Pad4/src/pad4.cpp:36:30) in function 'pad4'... converting 3 basic blocks.
INFO: [XFORM 203-11] Balancing expressions in function 'pad4' (AlexNet-FPGA-implementation/Pad4/src/pad4.cpp:30:30)...6 expression(s) balanced.
INFO: [HLS 200-111] Finished Loop, function and other optimizations: CPU user time: 0.08 seconds. CPU system time: 0.03 seconds. Elapsed time: 0.1 seconds; current allocated memory: 1.023 GB.
INFO: [HLS 200-2061] Successfully converted nested loops 'VITIS_LOOP_35_2'(AlexNet-FPGA-implementation/Pad4/src/pad4.cpp:35:21) and 'VITIS_LOOP_36_3'(AlexNet-FPGA-implementation/Pad4/src/pad4.cpp:36:30) in function 'pad4' into perfectly nested loops.
INFO: [HLS 200-2061] Successfully converted nested loops 'VITIS_LOOP_34_1'(AlexNet-FPGA-implementation/Pad4/src/pad4.cpp:34:19) and 'VITIS_LOOP_35_2'(AlexNet-FPGA-implementation/Pad4/src/pad4.cpp:35:21) in function 'pad4' into perfectly nested loops.
INFO: [XFORM 203-541] Flattening a loop nest 'VITIS_LOOP_35_2' (AlexNet-FPGA-implementation/Pad4/src/pad4.cpp:35:21) in function 'pad4'.
INFO: [XFORM 203-541] Flattening a loop nest 'VITIS_LOOP_34_1' (AlexNet-FPGA-implementation/Pad4/src/pad4.cpp:34:19) in function 'pad4'.
INFO: [HLS 200-111] Finished Architecture Synthesis: CPU user time: 0.06 seconds. CPU system time: 0.01 seconds. Elapsed time: 0.09 seconds; current allocated memory: 1.015 GB.
INFO: [HLS 200-10] Starting hardware synthesis ...
INFO: [HLS 200-10] Synthesizing 'pad4' ...
INFO: [SYN 201-201] Setting up clock 'default' with a period of 10ns.
INFO: [HLS 200-10] ----------------------------------------------------------------
INFO: [HLS 200-42] -- Implementing module 'pad4' 
INFO: [HLS 200-10] ----------------------------------------------------------------
INFO: [SCHED 204-11] Starting scheduling ...
INFO: [HLS 200-486] Changing DSP latency (root=add_ln45_3) to 3 in order to utilize available DSP registers.
INFO: [HLS 200-486] Changing DSP latency (root=add_ln45_2) to 3 in order to utilize available DSP registers.
INFO: [SCHED 204-61] Pipelining loop 'VITIS_LOOP_34_1_VITIS_LOOP_35_2_VITIS_LOOP_36_3'.
INFO: [HLS 200-1470] Pipelining result : Target II = NA, Final II = 1, Depth = 5, loop 'VITIS_LOOP_34_1_VITIS_LOOP_35_2_VITIS_LOOP_36_3'
INFO: [SCHED 204-11] Finished scheduling.
INFO: [HLS 200-111] Finished Scheduling: CPU user time: 0.15 seconds. CPU system time: 0.11 seconds. Elapsed time: 0.24 seconds; current allocated memory: 1.016 GB.
INFO: [BIND 205-100] Starting micro-architecture generation ...
INFO: [BIND 205-101] Performing variable lifetime analysis.
INFO: [BIND 205-101] Exploring resource sharing.
INFO: [BIND 205-101] Binding ...
INFO: [BIND 205-100] Finished micro-architecture generation.
INFO: [HLS 200-111] Finished Binding: CPU user time: 0.04 seconds. CPU system time: 0 seconds. Elapsed time: 0.05 seconds; current allocated memory: 1.016 GB.
INFO: [HLS 200-10] ----------------------------------------------------------------
INFO: [HLS 200-10] -- Generating RTL for module 'pad4' 
INFO: [HLS 200-10] ----------------------------------------------------------------
INFO: [RTGEN 206-500] Setting interface mode on port 'pad4/inp_img' to 'ap_memory'.
INFO: [RTGEN 206-500] Setting interface mode on port 'pad4/out_img' to 'ap_memory'.
INFO: [RTGEN 206-500] Setting interface mode on function 'pad4' to 'ap_ctrl_hs'.
INFO: [HLS 200-1030] Apply Unified Pipeline Control on module 'pad4' pipeline 'VITIS_LOOP_34_1_VITIS_LOOP_35_2_VITIS_LOOP_36_3' pipeline type 'loop pipeline'
INFO: [RTGEN 206-100] Generating core module 'mac_muladd_4ns_4ns_16ns_16_4_1': 1 instance(s).
INFO: [RTGEN 206-100] Generating core module 'mac_muladd_9ns_8ns_4ns_17_4_1': 1 instance(s).
INFO: [RTGEN 206-100] Generating core module 'mul_9ns_9ns_16_1_1': 1 instance(s).
INFO: [RTGEN 206-100] Finished creating RTL model for 'pad4'.
INFO: [HLS 200-111] Finished Creating RTL model: CPU user time: 0.08 seconds. CPU system time: 0.01 seconds. Elapsed time: 0.1 seconds; current allocated memory: 1.016 GB.
INFO: [HLS 200-111] Finished Generating all RTL models: CPU user time: 0.83 seconds. CPU system time: 0.03 seconds. Elapsed time: 0.87 seconds; current allocated memory: 1.017 GB.
INFO: [HLS 200-111] Finished Updating report files: CPU user time: 0.47 seconds. CPU system time: 0.04 seconds. Elapsed time: 0.5 seconds; current allocated memory: 1.019 GB.
INFO: [VHDL 208-304] Generating VHDL RTL for pad4.
INFO: [VLOG 209-307] Generating Verilog RTL for pad4.
INFO: [HLS 200-790] **** Loop Constraint Status: All loop constraints were satisfied.
INFO: [HLS 200-789] **** Estimated Fmax: 323.62 MHz
INFO: [HLS 200-2161] Finished Command csynth_design Elapsed time: 00:00:23; Allocated memory: 18.082 MB.
INFO: [HLS 200-1510] Running: export_design 
INFO: [IMPL 213-8] Exporting RTL as a Vivado IP.
INFO: [HLS 200-802] Generated output file Alex_Net/Pad4/impl/export.zip
INFO: [HLS 200-2161] Finished Command export_design Elapsed time: 00:00:24; Allocated memory: 1.984 MB.
INFO: [HLS 200-1510] Running: remove_files AlexNet-FPGA-implementation/Pad4/src/pad4.h AlexNet-FPGA-implementation/Pad4/src/pad4.cpp 
INFO: [HLS 200-1510] Running: remove_files /primary/HLS/AlexNet-FPGA-implementation/Pad4/src/testbench.cpp 
INFO: [HLS 200-1510] Running: add_files /primary/HLS/AlexNet-FPGA-implementation/Pool1/src/pool1.h 
INFO: [HLS 200-10] Adding design file '/primary/HLS/AlexNet-FPGA-implementation/Pool1/src/pool1.h' to the project
INFO: [HLS 200-1510] Running: add_files /primary/HLS/AlexNet-FPGA-implementation/Pool1/src/pool1.cpp 
INFO: [HLS 200-10] Adding design file '/primary/HLS/AlexNet-FPGA-implementation/Pool1/src/pool1.cpp' to the project
INFO: [HLS 200-1510] Running: add_files -tb /primary/HLS/AlexNet-FPGA-implementation/Pool1/src/testbench.cpp 
INFO: [HLS 200-10] Adding test bench file '/primary/HLS/AlexNet-FPGA-implementation/Pool1/src/testbench.cpp' to the project
INFO: [HLS 200-1510] Running: set_top pool1 
INFO: [HLS 200-1510] Running: open_solution -reset Pool1 
