/primary/HLS/Alex_Net/Alex_Net/hls/.autopilot/db/conv4.pp.0.cpp:47528:5: warning: Added loop label VITIS_LOOP_676_1:   [xilinx-label-all-loops]
    for (unsigned i = low; i != high+1; ++i) {
    ^~~
    VITIS_LOOP_676_1: 
/primary/HLS/Alex_Net/Alex_Net/hls/.autopilot/db/conv4.pp.0.cpp:47528:5: note: FIX-IT applied suggested code changes
/primary/HLS/Alex_Net/Alex_Net/hls/.autopilot/db/conv4.pp.0.cpp:47542:5: warning: Added loop label VITIS_LOOP_690_1:   [xilinx-label-all-loops]
    for (unsigned i = low; i != high+1; ++i) {
    ^~~
    VITIS_LOOP_690_1: 
/primary/HLS/Alex_Net/Alex_Net/hls/.autopilot/db/conv4.pp.0.cpp:47542:5: note: FIX-IT applied suggested code changes
/primary/HLS/Alex_Net/Alex_Net/hls/.autopilot/db/conv4.pp.0.cpp:47556:5: warning: Added loop label VITIS_LOOP_704_1:   [xilinx-label-all-loops]
    for (unsigned i = low; i != high+1; ++i) {
    ^~~
    VITIS_LOOP_704_1: 
/primary/HLS/Alex_Net/Alex_Net/hls/.autopilot/db/conv4.pp.0.cpp:47556:5: note: FIX-IT applied suggested code changes
/primary/HLS/Alex_Net/Alex_Net/hls/.autopilot/db/conv4.pp.0.cpp:49178:7: warning: Added loop label VITIS_LOOP_1248_1:   [xilinx-label-all-loops]
      for (i = 0; i < __N - 1; ++i) {
      ^~~
      VITIS_LOOP_1248_1: 
/primary/HLS/Alex_Net/Alex_Net/hls/.autopilot/db/conv4.pp.0.cpp:49178:7: note: FIX-IT applied suggested code changes
/primary/HLS/Alex_Net/Alex_Net/hls/.autopilot/db/conv4.pp.0.cpp:51022:3: warning: Added loop label VITIS_LOOP_87_1:   [xilinx-label-all-loops]
  for(int i=0; i<13*13; i++)
  ^~~
  VITIS_LOOP_87_1: 
/primary/HLS/Alex_Net/Alex_Net/hls/.autopilot/db/conv4.pp.0.cpp:51022:3: note: FIX-IT applied suggested code changes
/primary/HLS/Alex_Net/Alex_Net/hls/.autopilot/db/conv4.pp.0.cpp:51053:6: warning: Added loop label VITIS_LOOP_118_2:   [xilinx-label-all-loops]
     for (int ii = 0; ii < 3; ii++){
     ^~~
     VITIS_LOOP_118_2: 
/primary/HLS/Alex_Net/Alex_Net/hls/.autopilot/db/conv4.pp.0.cpp:51053:6: note: FIX-IT applied suggested code changes
/primary/HLS/Alex_Net/Alex_Net/hls/.autopilot/db/conv4.pp.0.cpp:51054:7: warning: Added loop label VITIS_LOOP_119_3:   [xilinx-label-all-loops]
      for (int jj = 0; jj < 3; jj++){
      ^~~
      VITIS_LOOP_119_3: 
/primary/HLS/Alex_Net/Alex_Net/hls/.autopilot/db/conv4.pp.0.cpp:51054:7: note: FIX-IT applied suggested code changes
/primary/HLS/Alex_Net/Alex_Net/hls/.autopilot/db/conv4.pp.0.cpp:51060:6: warning: Added loop label VITIS_LOOP_125_4:   [xilinx-label-all-loops]
     for (int i=0; i<3; i++){
     ^~~
     VITIS_LOOP_125_4: 
/primary/HLS/Alex_Net/Alex_Net/hls/.autopilot/db/conv4.pp.0.cpp:51060:6: note: FIX-IT applied suggested code changes
/primary/HLS/Alex_Net/Alex_Net/hls/.autopilot/db/conv4.pp.0.cpp:51061:7: warning: Added loop label VITIS_LOOP_126_5:   [xilinx-label-all-loops]
      for (int j=0; j<3; j++){
      ^~~
      VITIS_LOOP_126_5: 
/primary/HLS/Alex_Net/Alex_Net/hls/.autopilot/db/conv4.pp.0.cpp:51061:7: note: FIX-IT applied suggested code changes
/primary/HLS/Alex_Net/Alex_Net/hls/.autopilot/db/conv4.pp.0.cpp:51073:2: warning: Added loop label VITIS_LOOP_138_6:   [xilinx-label-all-loops]
 for (int j=0; j<13; j++){
 ^~~
 VITIS_LOOP_138_6: 
/primary/HLS/Alex_Net/Alex_Net/hls/.autopilot/db/conv4.pp.0.cpp:51073:2: note: FIX-IT applied suggested code changes
/primary/HLS/Alex_Net/Alex_Net/hls/.autopilot/db/conv4.pp.0.cpp:51109:3: warning: Added loop label VITIS_LOOP_174_7:   [xilinx-label-all-loops]
  for(int i=0; i<13*13; i++)
  ^~~
  VITIS_LOOP_174_7: 
/primary/HLS/Alex_Net/Alex_Net/hls/.autopilot/db/conv4.pp.0.cpp:51109:3: note: FIX-IT applied suggested code changes
/primary/HLS/Alex_Net/Alex_Net/hls/.autopilot/db/conv4.pp.0.cpp:51146:6: warning: Added loop label VITIS_LOOP_211_8:   [xilinx-label-all-loops]
     for (int ii = 0; ii < 3; ii++){
     ^~~
     VITIS_LOOP_211_8: 
/primary/HLS/Alex_Net/Alex_Net/hls/.autopilot/db/conv4.pp.0.cpp:51146:6: note: FIX-IT applied suggested code changes
/primary/HLS/Alex_Net/Alex_Net/hls/.autopilot/db/conv4.pp.0.cpp:51147:7: warning: Added loop label VITIS_LOOP_212_9:   [xilinx-label-all-loops]
      for (int jj = 0; jj < 3; jj++){
      ^~~
      VITIS_LOOP_212_9: 
/primary/HLS/Alex_Net/Alex_Net/hls/.autopilot/db/conv4.pp.0.cpp:51147:7: note: FIX-IT applied suggested code changes
/primary/HLS/Alex_Net/Alex_Net/hls/.autopilot/db/conv4.pp.0.cpp:51154:9: warning: Added loop label VITIS_LOOP_219_10:   [xilinx-label-all-loops]
        for (int i=0; i<3; i++){
        ^~~
        VITIS_LOOP_219_10: 
/primary/HLS/Alex_Net/Alex_Net/hls/.autopilot/db/conv4.pp.0.cpp:51154:9: note: FIX-IT applied suggested code changes
/primary/HLS/Alex_Net/Alex_Net/hls/.autopilot/db/conv4.pp.0.cpp:51155:10: warning: Added loop label VITIS_LOOP_220_11:   [xilinx-label-all-loops]
         for (int j=0; j<3; j++){
         ^~~
         VITIS_LOOP_220_11: 
/primary/HLS/Alex_Net/Alex_Net/hls/.autopilot/db/conv4.pp.0.cpp:51155:10: note: FIX-IT applied suggested code changes
/primary/HLS/Alex_Net/Alex_Net/hls/.autopilot/db/conv4.pp.0.cpp:51166:2: warning: Added loop label VITIS_LOOP_231_12:   [xilinx-label-all-loops]
 for (int j=0; j<13; j++){
 ^~~
 VITIS_LOOP_231_12: 
/primary/HLS/Alex_Net/Alex_Net/hls/.autopilot/db/conv4.pp.0.cpp:51166:2: note: FIX-IT applied suggested code changes
