/primary/HLS/Alex_Net/Alex_Net/hls/.autopilot/db/norm1.pp.0.cpp:47529:5: warning: Added loop label VITIS_LOOP_676_1:   [xilinx-label-all-loops]
    for (unsigned i = low; i != high+1; ++i) {
    ^~~
    VITIS_LOOP_676_1: 
/primary/HLS/Alex_Net/Alex_Net/hls/.autopilot/db/norm1.pp.0.cpp:47529:5: note: FIX-IT applied suggested code changes
/primary/HLS/Alex_Net/Alex_Net/hls/.autopilot/db/norm1.pp.0.cpp:47543:5: warning: Added loop label VITIS_LOOP_690_1:   [xilinx-label-all-loops]
    for (unsigned i = low; i != high+1; ++i) {
    ^~~
    VITIS_LOOP_690_1: 
/primary/HLS/Alex_Net/Alex_Net/hls/.autopilot/db/norm1.pp.0.cpp:47543:5: note: FIX-IT applied suggested code changes
/primary/HLS/Alex_Net/Alex_Net/hls/.autopilot/db/norm1.pp.0.cpp:47557:5: warning: Added loop label VITIS_LOOP_704_1:   [xilinx-label-all-loops]
    for (unsigned i = low; i != high+1; ++i) {
    ^~~
    VITIS_LOOP_704_1: 
/primary/HLS/Alex_Net/Alex_Net/hls/.autopilot/db/norm1.pp.0.cpp:47557:5: note: FIX-IT applied suggested code changes
/primary/HLS/Alex_Net/Alex_Net/hls/.autopilot/db/norm1.pp.0.cpp:49179:7: warning: Added loop label VITIS_LOOP_1248_1:   [xilinx-label-all-loops]
      for (i = 0; i < __N - 1; ++i) {
      ^~~
      VITIS_LOOP_1248_1: 
/primary/HLS/Alex_Net/Alex_Net/hls/.autopilot/db/norm1.pp.0.cpp:49179:7: note: FIX-IT applied suggested code changes
/primary/HLS/Alex_Net/Alex_Net/hls/.autopilot/db/norm1.pp.0.cpp:50985:3: warning: Added loop label VITIS_LOOP_50_1:   [xilinx-label-all-loops]
  for(int j=0; j<27; j++){
  ^~~
  VITIS_LOOP_50_1: 
/primary/HLS/Alex_Net/Alex_Net/hls/.autopilot/db/norm1.pp.0.cpp:50985:3: note: FIX-IT applied suggested code changes
/primary/HLS/Alex_Net/Alex_Net/hls/.autopilot/db/norm1.pp.0.cpp:50986:4: warning: Added loop label VITIS_LOOP_51_2:   [xilinx-label-all-loops]
   for(int m=0; m<27; m++){
   ^~~
   VITIS_LOOP_51_2: 
/primary/HLS/Alex_Net/Alex_Net/hls/.autopilot/db/norm1.pp.0.cpp:50986:4: note: FIX-IT applied suggested code changes
